[1.094s] DEBUG:colcon:Command line arguments: ['/usr/bin/colcon', 'build', '--packages-select', 'myrobot_interfaces']
[1.094s] DEBUG:colcon:Parsed command line arguments: Namespace(log_base=None, log_level=None, verb_name='build', build_base='build', install_base='install', merge_install=False, symlink_install=False, test_result_base=None, continue_on_error=False, executor='parallel', parallel_workers=4, event_handlers=None, ignore_user_meta=False, metas=['./colcon.meta'], base_paths=['.'], packages_ignore=None, packages_ignore_regex=None, paths=None, packages_up_to=None, packages_up_to_regex=None, packages_above=None, packages_above_and_dependencies=None, packages_above_depth=None, packages_select_by_dep=None, packages_skip_by_dep=None, packages_skip_up_to=None, packages_select_build_failed=False, packages_skip_build_finished=False, packages_select_test_failures=False, packages_skip_test_passed=False, packages_select=['myrobot_interfaces'], packages_skip=None, packages_select_regex=None, packages_skip_regex=None, packages_start=None, packages_end=None, allow_overriding=[], cmake_args=None, cmake_target=None, cmake_target_skip_unavailable=False, cmake_clean_cache=False, cmake_clean_first=False, cmake_force_configure=False, ament_cmake_args=None, catkin_cmake_args=None, catkin_skip_building_tests=False, verb_parser=<colcon_defaults.argument_parser.defaults.DefaultArgumentsDecorator object at 0x7f77ab209210>, verb_extension=<colcon_core.verb.build.BuildVerb object at 0x7f77ab6db400>, main=<bound method BuildVerb.main of <colcon_core.verb.build.BuildVerb object at 0x7f77ab6db400>>)
[1.143s] Level 1:colcon.colcon_core.package_discovery:discover_packages(colcon_meta) check parameters
[1.143s] Level 1:colcon.colcon_core.package_discovery:discover_packages(recursive) check parameters
[1.144s] Level 1:colcon.colcon_core.package_discovery:discover_packages(ignore) check parameters
[1.144s] Level 1:colcon.colcon_core.package_discovery:discover_packages(path) check parameters
[1.144s] Level 1:colcon.colcon_core.package_discovery:discover_packages(colcon_meta) discover
[1.144s] Level 1:colcon.colcon_core.package_discovery:discover_packages(recursive) discover
[1.144s] INFO:colcon.colcon_core.package_discovery:Crawling recursively for packages in '/home/supakorn/ros2_ws'
[1.144s] Level 1:colcon.colcon_core.package_identification:_identify(.) by extensions ['ignore', 'ignore_ament_install']
[1.144s] Level 1:colcon.colcon_core.package_identification:_identify(.) by extension 'ignore'
[1.144s] Level 1:colcon.colcon_core.package_identification:_identify(.) by extension 'ignore_ament_install'
[1.144s] Level 1:colcon.colcon_core.package_identification:_identify(.) by extensions ['colcon_pkg']
[1.144s] Level 1:colcon.colcon_core.package_identification:_identify(.) by extension 'colcon_pkg'
[1.144s] Level 1:colcon.colcon_core.package_identification:_identify(.) by extensions ['colcon_meta']
[1.144s] Level 1:colcon.colcon_core.package_identification:_identify(.) by extension 'colcon_meta'
[1.144s] Level 1:colcon.colcon_core.package_identification:_identify(.) by extensions ['ros']
[1.144s] Level 1:colcon.colcon_core.package_identification:_identify(.) by extension 'ros'
[1.157s] Level 1:colcon.colcon_core.package_identification:_identify(.) by extensions ['cmake', 'python']
[1.157s] Level 1:colcon.colcon_core.package_identification:_identify(.) by extension 'cmake'
[1.157s] Level 1:colcon.colcon_core.package_identification:_identify(.) by extension 'python'
[1.157s] Level 1:colcon.colcon_core.package_identification:_identify(.) by extensions ['python_setup_py']
[1.157s] Level 1:colcon.colcon_core.package_identification:_identify(.) by extension 'python_setup_py'
[1.157s] Level 1:colcon.colcon_core.package_identification:_identify(build) by extensions ['ignore', 'ignore_ament_install']
[1.157s] Level 1:colcon.colcon_core.package_identification:_identify(build) by extension 'ignore'
[1.157s] Level 1:colcon.colcon_core.package_identification:_identify(build) ignored
[1.158s] Level 1:colcon.colcon_core.package_identification:_identify(install) by extensions ['ignore', 'ignore_ament_install']
[1.158s] Level 1:colcon.colcon_core.package_identification:_identify(install) by extension 'ignore'
[1.158s] Level 1:colcon.colcon_core.package_identification:_identify(install) ignored
[1.158s] Level 1:colcon.colcon_core.package_identification:_identify(log) by extensions ['ignore', 'ignore_ament_install']
[1.158s] Level 1:colcon.colcon_core.package_identification:_identify(log) by extension 'ignore'
[1.158s] Level 1:colcon.colcon_core.package_identification:_identify(log) ignored
[1.158s] Level 1:colcon.colcon_core.package_identification:_identify(src) by extensions ['ignore', 'ignore_ament_install']
[1.159s] Level 1:colcon.colcon_core.package_identification:_identify(src) by extension 'ignore'
[1.159s] Level 1:colcon.colcon_core.package_identification:_identify(src) by extension 'ignore_ament_install'
[1.159s] Level 1:colcon.colcon_core.package_identification:_identify(src) by extensions ['colcon_pkg']
[1.159s] Level 1:colcon.colcon_core.package_identification:_identify(src) by extension 'colcon_pkg'
[1.159s] Level 1:colcon.colcon_core.package_identification:_identify(src) by extensions ['colcon_meta']
[1.159s] Level 1:colcon.colcon_core.package_identification:_identify(src) by extension 'colcon_meta'
[1.159s] Level 1:colcon.colcon_core.package_identification:_identify(src) by extensions ['ros']
[1.159s] Level 1:colcon.colcon_core.package_identification:_identify(src) by extension 'ros'
[1.159s] Level 1:colcon.colcon_core.package_identification:_identify(src) by extensions ['cmake', 'python']
[1.159s] Level 1:colcon.colcon_core.package_identification:_identify(src) by extension 'cmake'
[1.159s] Level 1:colcon.colcon_core.package_identification:_identify(src) by extension 'python'
[1.159s] Level 1:colcon.colcon_core.package_identification:_identify(src) by extensions ['python_setup_py']
[1.159s] Level 1:colcon.colcon_core.package_identification:_identify(src) by extension 'python_setup_py'
[1.159s] Level 1:colcon.colcon_core.package_identification:_identify(src/my_robot) by extensions ['ignore', 'ignore_ament_install']
[1.159s] Level 1:colcon.colcon_core.package_identification:_identify(src/my_robot) by extension 'ignore'
[1.159s] Level 1:colcon.colcon_core.package_identification:_identify(src/my_robot) by extension 'ignore_ament_install'
[1.160s] Level 1:colcon.colcon_core.package_identification:_identify(src/my_robot) by extensions ['colcon_pkg']
[1.160s] Level 1:colcon.colcon_core.package_identification:_identify(src/my_robot) by extension 'colcon_pkg'
[1.160s] Level 1:colcon.colcon_core.package_identification:_identify(src/my_robot) by extensions ['colcon_meta']
[1.160s] Level 1:colcon.colcon_core.package_identification:_identify(src/my_robot) by extension 'colcon_meta'
[1.160s] Level 1:colcon.colcon_core.package_identification:_identify(src/my_robot) by extensions ['ros']
[1.160s] Level 1:colcon.colcon_core.package_identification:_identify(src/my_robot) by extension 'ros'
[1.162s] DEBUG:colcon.colcon_core.package_identification:Package 'src/my_robot' with type 'ros.ament_python' and name 'my_robot'
[1.162s] Level 1:colcon.colcon_core.package_identification:_identify(src/myrobot_interfaces) by extensions ['ignore', 'ignore_ament_install']
[1.163s] Level 1:colcon.colcon_core.package_identification:_identify(src/myrobot_interfaces) by extension 'ignore'
[1.163s] Level 1:colcon.colcon_core.package_identification:_identify(src/myrobot_interfaces) by extension 'ignore_ament_install'
[1.163s] Level 1:colcon.colcon_core.package_identification:_identify(src/myrobot_interfaces) by extensions ['colcon_pkg']
[1.163s] Level 1:colcon.colcon_core.package_identification:_identify(src/myrobot_interfaces) by extension 'colcon_pkg'
[1.163s] Level 1:colcon.colcon_core.package_identification:_identify(src/myrobot_interfaces) by extensions ['colcon_meta']
[1.163s] Level 1:colcon.colcon_core.package_identification:_identify(src/myrobot_interfaces) by extension 'colcon_meta'
[1.163s] Level 1:colcon.colcon_core.package_identification:_identify(src/myrobot_interfaces) by extensions ['ros']
[1.163s] Level 1:colcon.colcon_core.package_identification:_identify(src/myrobot_interfaces) by extension 'ros'
[1.163s] DEBUG:colcon.colcon_core.package_identification:Package 'src/myrobot_interfaces' with type 'ros.ament_cmake' and name 'myrobot_interfaces'
[1.164s] Level 1:colcon.colcon_core.package_identification:_identify(src/robot_1) by extensions ['ignore', 'ignore_ament_install']
[1.164s] Level 1:colcon.colcon_core.package_identification:_identify(src/robot_1) by extension 'ignore'
[1.164s] Level 1:colcon.colcon_core.package_identification:_identify(src/robot_1) by extension 'ignore_ament_install'
[1.164s] Level 1:colcon.colcon_core.package_identification:_identify(src/robot_1) by extensions ['colcon_pkg']
[1.164s] Level 1:colcon.colcon_core.package_identification:_identify(src/robot_1) by extension 'colcon_pkg'
[1.164s] Level 1:colcon.colcon_core.package_identification:_identify(src/robot_1) by extensions ['colcon_meta']
[1.164s] Level 1:colcon.colcon_core.package_identification:_identify(src/robot_1) by extension 'colcon_meta'
[1.164s] Level 1:colcon.colcon_core.package_identification:_identify(src/robot_1) by extensions ['ros']
[1.164s] Level 1:colcon.colcon_core.package_identification:_identify(src/robot_1) by extension 'ros'
[1.165s] DEBUG:colcon.colcon_core.package_identification:Package 'src/robot_1' with type 'ros.ament_python' and name 'robot_1'
[1.165s] Level 1:colcon.colcon_core.package_discovery:discover_packages(recursive) using defaults
[1.165s] Level 1:colcon.colcon_core.package_discovery:discover_packages(ignore) discover
[1.165s] Level 1:colcon.colcon_core.package_discovery:discover_packages(ignore) using defaults
[1.165s] Level 1:colcon.colcon_core.package_discovery:discover_packages(path) discover
[1.165s] Level 1:colcon.colcon_core.package_discovery:discover_packages(path) using defaults
[1.234s] INFO:colcon.colcon_core.package_selection:Skipping not selected package 'my_robot' in 'src/my_robot'
[1.234s] INFO:colcon.colcon_core.package_selection:Skipping not selected package 'robot_1' in 'src/robot_1'
[1.266s] Level 1:colcon.colcon_core.package_discovery:discover_packages(prefix_path) check parameters
[1.266s] Level 1:colcon.colcon_core.package_discovery:discover_packages(prefix_path) discover
[1.303s] DEBUG:colcon.colcon_installed_package_information.package_discovery:Found 3 installed packages in /home/supakorn/ros2_ws/install
[1.321s] DEBUG:colcon.colcon_installed_package_information.package_discovery:Found 281 installed packages in /opt/ros/iron
[1.322s] Level 1:colcon.colcon_core.package_discovery:discover_packages(prefix_path) using defaults
[1.419s] Level 5:colcon.colcon_core.verb:set package 'myrobot_interfaces' build argument 'cmake_args' from command line to 'None'
[1.419s] Level 5:colcon.colcon_core.verb:set package 'myrobot_interfaces' build argument 'cmake_target' from command line to 'None'
[1.419s] Level 5:colcon.colcon_core.verb:set package 'myrobot_interfaces' build argument 'cmake_target_skip_unavailable' from command line to 'False'
[1.420s] Level 5:colcon.colcon_core.verb:set package 'myrobot_interfaces' build argument 'cmake_clean_cache' from command line to 'False'
[1.420s] Level 5:colcon.colcon_core.verb:set package 'myrobot_interfaces' build argument 'cmake_clean_first' from command line to 'False'
[1.420s] Level 5:colcon.colcon_core.verb:set package 'myrobot_interfaces' build argument 'cmake_force_configure' from command line to 'False'
[1.420s] Level 5:colcon.colcon_core.verb:set package 'myrobot_interfaces' build argument 'ament_cmake_args' from command line to 'None'
[1.420s] Level 5:colcon.colcon_core.verb:set package 'myrobot_interfaces' build argument 'catkin_cmake_args' from command line to 'None'
[1.420s] Level 5:colcon.colcon_core.verb:set package 'myrobot_interfaces' build argument 'catkin_skip_building_tests' from command line to 'False'
[1.420s] DEBUG:colcon.colcon_core.verb:Building package 'myrobot_interfaces' with the following arguments: {'ament_cmake_args': None, 'build_base': '/home/supakorn/ros2_ws/build/myrobot_interfaces', 'catkin_cmake_args': None, 'catkin_skip_building_tests': False, 'cmake_args': None, 'cmake_clean_cache': False, 'cmake_clean_first': False, 'cmake_force_configure': False, 'cmake_target': None, 'cmake_target_skip_unavailable': False, 'install_base': '/home/supakorn/ros2_ws/install/myrobot_interfaces', 'merge_install': False, 'path': '/home/supakorn/ros2_ws/src/myrobot_interfaces', 'symlink_install': False, 'test_result_base': None}
[1.436s] INFO:colcon.colcon_core.executor:Executing jobs using 'parallel' executor
[1.454s] DEBUG:colcon.colcon_parallel_executor.executor.parallel:run_until_complete
[1.455s] INFO:colcon.colcon_ros.task.ament_cmake.build:Building ROS package in '/home/supakorn/ros2_ws/src/myrobot_interfaces' with build type 'ament_cmake'
[1.455s] INFO:colcon.colcon_cmake.task.cmake.build:Building CMake package in '/home/supakorn/ros2_ws/src/myrobot_interfaces'
[1.475s] INFO:colcon.colcon_core.plugin_system:Skipping extension 'colcon_core.shell.bat': Not used on non-Windows systems
[1.475s] INFO:colcon.colcon_core.shell:Skip shell extension 'powershell' for command environment: Not usable outside of PowerShell
[1.475s] DEBUG:colcon.colcon_core.shell:Skip shell extension 'dsv' for command environment
[1.539s] DEBUG:colcon.colcon_core.event_handler.log_command:Invoking command in '/home/supakorn/ros2_ws/build/myrobot_interfaces': CMAKE_PREFIX_PATH=/home/supakorn/ros2_ws/install/robot_1:/home/supakorn/ros2_ws/install/my_robot:/opt/ros/iron /usr/bin/cmake /home/supakorn/ros2_ws/src/myrobot_interfaces -DCMAKE_INSTALL_PREFIX=/home/supakorn/ros2_ws/install/myrobot_interfaces
[3.531s] DEBUG:colcon.colcon_core.event_handler.log_command:Invoked command in '/home/supakorn/ros2_ws/build/myrobot_interfaces' returned '0': CMAKE_PREFIX_PATH=/home/supakorn/ros2_ws/install/robot_1:/home/supakorn/ros2_ws/install/my_robot:/opt/ros/iron /usr/bin/cmake /home/supakorn/ros2_ws/src/myrobot_interfaces -DCMAKE_INSTALL_PREFIX=/home/supakorn/ros2_ws/install/myrobot_interfaces
[3.536s] DEBUG:colcon.colcon_core.event_handler.log_command:Invoking command in '/home/supakorn/ros2_ws/build/myrobot_interfaces': CMAKE_PREFIX_PATH=/home/supakorn/ros2_ws/install/robot_1:/home/supakorn/ros2_ws/install/my_robot:/opt/ros/iron /usr/bin/cmake --build /home/supakorn/ros2_ws/build/myrobot_interfaces -- -j4 -l4
[13.177s] DEBUG:colcon.colcon_core.event_handler.log_command:Invoked command in '/home/supakorn/ros2_ws/build/myrobot_interfaces' returned '0': CMAKE_PREFIX_PATH=/home/supakorn/ros2_ws/install/robot_1:/home/supakorn/ros2_ws/install/my_robot:/opt/ros/iron /usr/bin/cmake --build /home/supakorn/ros2_ws/build/myrobot_interfaces -- -j4 -l4
[13.319s] DEBUG:colcon.colcon_core.event_handler.log_command:Invoking command in '/home/supakorn/ros2_ws/build/myrobot_interfaces': CMAKE_PREFIX_PATH=/home/supakorn/ros2_ws/install/robot_1:/home/supakorn/ros2_ws/install/my_robot:/opt/ros/iron /usr/bin/cmake --install /home/supakorn/ros2_ws/build/myrobot_interfaces
[13.622s] Level 1:colcon.colcon_core.environment:create_environment_scripts_only(myrobot_interfaces)
[13.623s] DEBUG:colcon.colcon_core.event_handler.log_command:Invoked command in '/home/supakorn/ros2_ws/build/myrobot_interfaces' returned '0': CMAKE_PREFIX_PATH=/home/supakorn/ros2_ws/install/robot_1:/home/supakorn/ros2_ws/install/my_robot:/opt/ros/iron /usr/bin/cmake --install /home/supakorn/ros2_ws/build/myrobot_interfaces
[14.716s] Level 1:colcon.colcon_core.environment:checking '/home/supakorn/ros2_ws/install/myrobot_interfaces' for CMake module files
[14.722s] Level 1:colcon.colcon_core.environment:checking '/home/supakorn/ros2_ws/install/myrobot_interfaces' for CMake config files
[14.730s] Level 1:colcon.colcon_core.shell:create_environment_hook('myrobot_interfaces', 'cmake_prefix_path')
[14.750s] INFO:colcon.colcon_core.shell:Creating environment hook '/home/supakorn/ros2_ws/install/myrobot_interfaces/share/myrobot_interfaces/hook/cmake_prefix_path.ps1'
[14.760s] INFO:colcon.colcon_core.shell:Creating environment descriptor '/home/supakorn/ros2_ws/install/myrobot_interfaces/share/myrobot_interfaces/hook/cmake_prefix_path.dsv'
[14.765s] INFO:colcon.colcon_core.shell:Creating environment hook '/home/supakorn/ros2_ws/install/myrobot_interfaces/share/myrobot_interfaces/hook/cmake_prefix_path.sh'
[14.770s] Level 1:colcon.colcon_core.environment:checking '/home/supakorn/ros2_ws/install/myrobot_interfaces/lib'
[14.771s] Level 1:colcon.colcon_core.shell:create_environment_hook('myrobot_interfaces', 'ld_library_path_lib')
[14.789s] INFO:colcon.colcon_core.shell:Creating environment hook '/home/supakorn/ros2_ws/install/myrobot_interfaces/share/myrobot_interfaces/hook/ld_library_path_lib.ps1'
[14.790s] INFO:colcon.colcon_core.shell:Creating environment descriptor '/home/supakorn/ros2_ws/install/myrobot_interfaces/share/myrobot_interfaces/hook/ld_library_path_lib.dsv'
[14.790s] INFO:colcon.colcon_core.shell:Creating environment hook '/home/supakorn/ros2_ws/install/myrobot_interfaces/share/myrobot_interfaces/hook/ld_library_path_lib.sh'
[14.791s] Level 1:colcon.colcon_core.environment:checking '/home/supakorn/ros2_ws/install/myrobot_interfaces/bin'
[14.791s] Level 1:colcon.colcon_core.environment:checking '/home/supakorn/ros2_ws/install/myrobot_interfaces/lib/pkgconfig/myrobot_interfaces.pc'
[14.792s] Level 1:colcon.colcon_core.environment:checking '/home/supakorn/ros2_ws/install/myrobot_interfaces/lib/python3.10/site-packages'
[14.792s] Level 1:colcon.colcon_core.shell:create_environment_hook('myrobot_interfaces', 'pythonpath')
[14.809s] INFO:colcon.colcon_core.shell:Creating environment hook '/home/supakorn/ros2_ws/install/myrobot_interfaces/share/myrobot_interfaces/hook/pythonpath.ps1'
[14.809s] INFO:colcon.colcon_core.shell:Creating environment descriptor '/home/supakorn/ros2_ws/install/myrobot_interfaces/share/myrobot_interfaces/hook/pythonpath.dsv'
[14.810s] INFO:colcon.colcon_core.shell:Creating environment hook '/home/supakorn/ros2_ws/install/myrobot_interfaces/share/myrobot_interfaces/hook/pythonpath.sh'
[14.810s] Level 1:colcon.colcon_core.environment:checking '/home/supakorn/ros2_ws/install/myrobot_interfaces/bin'
[14.827s] INFO:colcon.colcon_core.shell:Creating package script '/home/supakorn/ros2_ws/install/myrobot_interfaces/share/myrobot_interfaces/package.ps1'
[14.828s] INFO:colcon.colcon_core.shell:Creating package descriptor '/home/supakorn/ros2_ws/install/myrobot_interfaces/share/myrobot_interfaces/package.dsv'
[14.830s] INFO:colcon.colcon_core.shell:Creating package script '/home/supakorn/ros2_ws/install/myrobot_interfaces/share/myrobot_interfaces/package.sh'
[14.831s] INFO:colcon.colcon_core.shell:Creating package script '/home/supakorn/ros2_ws/install/myrobot_interfaces/share/myrobot_interfaces/package.bash'
[14.841s] INFO:colcon.colcon_core.shell:Creating package script '/home/supakorn/ros2_ws/install/myrobot_interfaces/share/myrobot_interfaces/package.zsh'
[14.843s] Level 1:colcon.colcon_core.environment:create_file_with_runtime_dependencies(/home/supakorn/ros2_ws/install/myrobot_interfaces/share/colcon-core/packages/myrobot_interfaces)
[14.971s] Level 1:colcon.colcon_core.environment:create_environment_scripts_only(myrobot_interfaces)
[14.991s] Level 1:colcon.colcon_core.environment:checking '/home/supakorn/ros2_ws/install/myrobot_interfaces' for CMake module files
[14.992s] Level 1:colcon.colcon_core.environment:checking '/home/supakorn/ros2_ws/install/myrobot_interfaces' for CMake config files
[14.993s] Level 1:colcon.colcon_core.shell:create_environment_hook('myrobot_interfaces', 'cmake_prefix_path')
[15.012s] INFO:colcon.colcon_core.shell:Creating environment hook '/home/supakorn/ros2_ws/install/myrobot_interfaces/share/myrobot_interfaces/hook/cmake_prefix_path.ps1'
[15.013s] INFO:colcon.colcon_core.shell:Creating environment descriptor '/home/supakorn/ros2_ws/install/myrobot_interfaces/share/myrobot_interfaces/hook/cmake_prefix_path.dsv'
[15.014s] INFO:colcon.colcon_core.shell:Creating environment hook '/home/supakorn/ros2_ws/install/myrobot_interfaces/share/myrobot_interfaces/hook/cmake_prefix_path.sh'
[15.015s] Level 1:colcon.colcon_core.environment:checking '/home/supakorn/ros2_ws/install/myrobot_interfaces/lib'
[15.015s] Level 1:colcon.colcon_core.shell:create_environment_hook('myrobot_interfaces', 'ld_library_path_lib')
[15.031s] INFO:colcon.colcon_core.shell:Creating environment hook '/home/supakorn/ros2_ws/install/myrobot_interfaces/share/myrobot_interfaces/hook/ld_library_path_lib.ps1'
[15.033s] INFO:colcon.colcon_core.shell:Creating environment descriptor '/home/supakorn/ros2_ws/install/myrobot_interfaces/share/myrobot_interfaces/hook/ld_library_path_lib.dsv'
[15.034s] INFO:colcon.colcon_core.shell:Creating environment hook '/home/supakorn/ros2_ws/install/myrobot_interfaces/share/myrobot_interfaces/hook/ld_library_path_lib.sh'
[15.035s] Level 1:colcon.colcon_core.environment:checking '/home/supakorn/ros2_ws/install/myrobot_interfaces/bin'
[15.035s] Level 1:colcon.colcon_core.environment:checking '/home/supakorn/ros2_ws/install/myrobot_interfaces/lib/pkgconfig/myrobot_interfaces.pc'
[15.035s] Level 1:colcon.colcon_core.environment:checking '/home/supakorn/ros2_ws/install/myrobot_interfaces/lib/python3.10/site-packages'
[15.035s] Level 1:colcon.colcon_core.shell:create_environment_hook('myrobot_interfaces', 'pythonpath')
[15.053s] INFO:colcon.colcon_core.shell:Creating environment hook '/home/supakorn/ros2_ws/install/myrobot_interfaces/share/myrobot_interfaces/hook/pythonpath.ps1'
[15.054s] INFO:colcon.colcon_core.shell:Creating environment descriptor '/home/supakorn/ros2_ws/install/myrobot_interfaces/share/myrobot_interfaces/hook/pythonpath.dsv'
[15.055s] INFO:colcon.colcon_core.shell:Creating environment hook '/home/supakorn/ros2_ws/install/myrobot_interfaces/share/myrobot_interfaces/hook/pythonpath.sh'
[15.056s] Level 1:colcon.colcon_core.environment:checking '/home/supakorn/ros2_ws/install/myrobot_interfaces/bin'
[15.073s] INFO:colcon.colcon_core.shell:Creating package script '/home/supakorn/ros2_ws/install/myrobot_interfaces/share/myrobot_interfaces/package.ps1'
[15.074s] INFO:colcon.colcon_core.shell:Creating package descriptor '/home/supakorn/ros2_ws/install/myrobot_interfaces/share/myrobot_interfaces/package.dsv'
[15.075s] INFO:colcon.colcon_core.shell:Creating package script '/home/supakorn/ros2_ws/install/myrobot_interfaces/share/myrobot_interfaces/package.sh'
[15.076s] INFO:colcon.colcon_core.shell:Creating package script '/home/supakorn/ros2_ws/install/myrobot_interfaces/share/myrobot_interfaces/package.bash'
[15.077s] INFO:colcon.colcon_core.shell:Creating package script '/home/supakorn/ros2_ws/install/myrobot_interfaces/share/myrobot_interfaces/package.zsh'
[15.078s] Level 1:colcon.colcon_core.environment:create_file_with_runtime_dependencies(/home/supakorn/ros2_ws/install/myrobot_interfaces/share/colcon-core/packages/myrobot_interfaces)
[15.078s] DEBUG:colcon.colcon_parallel_executor.executor.parallel:closing loop
[15.079s] DEBUG:colcon.colcon_parallel_executor.executor.parallel:loop closed
[15.079s] DEBUG:colcon.colcon_parallel_executor.executor.parallel:run_until_complete finished with '0'
[15.079s] DEBUG:colcon.colcon_core.event_reactor:joining thread
[15.332s] INFO:colcon.colcon_core.plugin_system:Skipping extension 'colcon_notification.desktop_notification.terminal_notifier': Not used on non-Darwin systems
[15.333s] INFO:colcon.colcon_core.plugin_system:Skipping extension 'colcon_notification.desktop_notification.win32': Not used on non-Windows systems
[15.333s] INFO:colcon.colcon_notification.desktop_notification:Sending desktop notification using 'notify2'
[15.351s] DEBUG:colcon.colcon_core.event_reactor:joined thread
[15.369s] INFO:colcon.colcon_core.shell:Creating prefix script '/home/supakorn/ros2_ws/install/local_setup.ps1'
[15.377s] INFO:colcon.colcon_core.shell:Creating prefix util module '/home/supakorn/ros2_ws/install/_local_setup_util_ps1.py'
[15.392s] INFO:colcon.colcon_core.shell:Creating prefix chain script '/home/supakorn/ros2_ws/install/setup.ps1'
[15.450s] INFO:colcon.colcon_core.shell:Creating prefix script '/home/supakorn/ros2_ws/install/local_setup.sh'
[15.489s] INFO:colcon.colcon_core.shell:Creating prefix util module '/home/supakorn/ros2_ws/install/_local_setup_util_sh.py'
[15.489s] INFO:colcon.colcon_core.shell:Creating prefix chain script '/home/supakorn/ros2_ws/install/setup.sh'
[15.518s] INFO:colcon.colcon_core.shell:Creating prefix script '/home/supakorn/ros2_ws/install/local_setup.bash'
[15.523s] INFO:colcon.colcon_core.shell:Creating prefix chain script '/home/supakorn/ros2_ws/install/setup.bash'
[15.553s] INFO:colcon.colcon_core.shell:Creating prefix script '/home/supakorn/ros2_ws/install/local_setup.zsh'
[15.570s] INFO:colcon.colcon_core.shell:Creating prefix chain script '/home/supakorn/ros2_ws/install/setup.zsh'
