[1.186s] DEBUG:colcon:Command line arguments: ['/usr/bin/colcon', 'build']
[1.186s] DEBUG:colcon:Parsed command line arguments: Namespace(log_base=None, log_level=None, verb_name='build', build_base='build', install_base='install', merge_install=False, symlink_install=False, test_result_base=None, continue_on_error=False, executor='parallel', parallel_workers=4, event_handlers=None, ignore_user_meta=False, metas=['./colcon.meta'], base_paths=['.'], packages_ignore=None, packages_ignore_regex=None, paths=None, packages_up_to=None, packages_up_to_regex=None, packages_above=None, packages_above_and_dependencies=None, packages_above_depth=None, packages_select_by_dep=None, packages_skip_by_dep=None, packages_skip_up_to=None, packages_select_build_failed=False, packages_skip_build_finished=False, packages_select_test_failures=False, packages_skip_test_passed=False, packages_select=None, packages_skip=None, packages_select_regex=None, packages_skip_regex=None, packages_start=None, packages_end=None, allow_overriding=[], cmake_args=None, cmake_target=None, cmake_target_skip_unavailable=False, cmake_clean_cache=False, cmake_clean_first=False, cmake_force_configure=False, ament_cmake_args=None, catkin_cmake_args=None, catkin_skip_building_tests=False, verb_parser=<colcon_defaults.argument_parser.defaults.DefaultArgumentsDecorator object at 0x7011fb2bf4f0>, verb_extension=<colcon_core.verb.build.BuildVerb object at 0x7011fb2bfca0>, main=<bound method BuildVerb.main of <colcon_core.verb.build.BuildVerb object at 0x7011fb2bfca0>>)
[1.252s] Level 1:colcon.colcon_core.package_discovery:discover_packages(colcon_meta) check parameters
[1.252s] Level 1:colcon.colcon_core.package_discovery:discover_packages(recursive) check parameters
[1.252s] Level 1:colcon.colcon_core.package_discovery:discover_packages(ignore) check parameters
[1.252s] Level 1:colcon.colcon_core.package_discovery:discover_packages(path) check parameters
[1.252s] Level 1:colcon.colcon_core.package_discovery:discover_packages(colcon_meta) discover
[1.252s] Level 1:colcon.colcon_core.package_discovery:discover_packages(recursive) discover
[1.252s] INFO:colcon.colcon_core.package_discovery:Crawling recursively for packages in '/home/whitetiger/ros2_ws'
[1.252s] Level 1:colcon.colcon_core.package_identification:_identify(.) by extensions ['ignore', 'ignore_ament_install']
[1.252s] Level 1:colcon.colcon_core.package_identification:_identify(.) by extension 'ignore'
[1.253s] Level 1:colcon.colcon_core.package_identification:_identify(.) by extension 'ignore_ament_install'
[1.253s] Level 1:colcon.colcon_core.package_identification:_identify(.) by extensions ['colcon_pkg']
[1.253s] Level 1:colcon.colcon_core.package_identification:_identify(.) by extension 'colcon_pkg'
[1.253s] Level 1:colcon.colcon_core.package_identification:_identify(.) by extensions ['colcon_meta']
[1.253s] Level 1:colcon.colcon_core.package_identification:_identify(.) by extension 'colcon_meta'
[1.253s] Level 1:colcon.colcon_core.package_identification:_identify(.) by extensions ['ros']
[1.253s] Level 1:colcon.colcon_core.package_identification:_identify(.) by extension 'ros'
[1.278s] Level 1:colcon.colcon_core.package_identification:_identify(.) by extensions ['cmake', 'python']
[1.278s] Level 1:colcon.colcon_core.package_identification:_identify(.) by extension 'cmake'
[1.278s] Level 1:colcon.colcon_core.package_identification:_identify(.) by extension 'python'
[1.279s] Level 1:colcon.colcon_core.package_identification:_identify(.) by extensions ['python_setup_py']
[1.279s] Level 1:colcon.colcon_core.package_identification:_identify(.) by extension 'python_setup_py'
[1.279s] Level 1:colcon.colcon_core.package_identification:_identify(build) by extensions ['ignore', 'ignore_ament_install']
[1.279s] Level 1:colcon.colcon_core.package_identification:_identify(build) by extension 'ignore'
[1.279s] Level 1:colcon.colcon_core.package_identification:_identify(build) ignored
[1.279s] Level 1:colcon.colcon_core.package_identification:_identify(install) by extensions ['ignore', 'ignore_ament_install']
[1.279s] Level 1:colcon.colcon_core.package_identification:_identify(install) by extension 'ignore'
[1.279s] Level 1:colcon.colcon_core.package_identification:_identify(install) ignored
[1.280s] Level 1:colcon.colcon_core.package_identification:_identify(log) by extensions ['ignore', 'ignore_ament_install']
[1.280s] Level 1:colcon.colcon_core.package_identification:_identify(log) by extension 'ignore'
[1.280s] Level 1:colcon.colcon_core.package_identification:_identify(log) ignored
[1.280s] Level 1:colcon.colcon_core.package_identification:_identify(src) by extensions ['ignore', 'ignore_ament_install']
[1.280s] Level 1:colcon.colcon_core.package_identification:_identify(src) by extension 'ignore'
[1.280s] Level 1:colcon.colcon_core.package_identification:_identify(src) by extension 'ignore_ament_install'
[1.280s] Level 1:colcon.colcon_core.package_identification:_identify(src) by extensions ['colcon_pkg']
[1.280s] Level 1:colcon.colcon_core.package_identification:_identify(src) by extension 'colcon_pkg'
[1.280s] Level 1:colcon.colcon_core.package_identification:_identify(src) by extensions ['colcon_meta']
[1.280s] Level 1:colcon.colcon_core.package_identification:_identify(src) by extension 'colcon_meta'
[1.280s] Level 1:colcon.colcon_core.package_identification:_identify(src) by extensions ['ros']
[1.280s] Level 1:colcon.colcon_core.package_identification:_identify(src) by extension 'ros'
[1.280s] Level 1:colcon.colcon_core.package_identification:_identify(src) by extensions ['cmake', 'python']
[1.281s] Level 1:colcon.colcon_core.package_identification:_identify(src) by extension 'cmake'
[1.281s] Level 1:colcon.colcon_core.package_identification:_identify(src) by extension 'python'
[1.281s] Level 1:colcon.colcon_core.package_identification:_identify(src) by extensions ['python_setup_py']
[1.281s] Level 1:colcon.colcon_core.package_identification:_identify(src) by extension 'python_setup_py'
[1.281s] Level 1:colcon.colcon_core.package_identification:_identify(src/build) by extensions ['ignore', 'ignore_ament_install']
[1.281s] Level 1:colcon.colcon_core.package_identification:_identify(src/build) by extension 'ignore'
[1.281s] Level 1:colcon.colcon_core.package_identification:_identify(src/build) ignored
[1.281s] Level 1:colcon.colcon_core.package_identification:_identify(src/ce_robot) by extensions ['ignore', 'ignore_ament_install']
[1.281s] Level 1:colcon.colcon_core.package_identification:_identify(src/ce_robot) by extension 'ignore'
[1.281s] Level 1:colcon.colcon_core.package_identification:_identify(src/ce_robot) by extension 'ignore_ament_install'
[1.281s] Level 1:colcon.colcon_core.package_identification:_identify(src/ce_robot) by extensions ['colcon_pkg']
[1.281s] Level 1:colcon.colcon_core.package_identification:_identify(src/ce_robot) by extension 'colcon_pkg'
[1.281s] Level 1:colcon.colcon_core.package_identification:_identify(src/ce_robot) by extensions ['colcon_meta']
[1.281s] Level 1:colcon.colcon_core.package_identification:_identify(src/ce_robot) by extension 'colcon_meta'
[1.281s] Level 1:colcon.colcon_core.package_identification:_identify(src/ce_robot) by extensions ['ros']
[1.281s] Level 1:colcon.colcon_core.package_identification:_identify(src/ce_robot) by extension 'ros'
[1.282s] Level 1:colcon.colcon_core.package_identification:_identify(src/ce_robot) by extensions ['cmake', 'python']
[1.282s] Level 1:colcon.colcon_core.package_identification:_identify(src/ce_robot) by extension 'cmake'
[1.282s] Level 1:colcon.colcon_core.package_identification:_identify(src/ce_robot) by extension 'python'
[1.282s] Level 1:colcon.colcon_core.package_identification:_identify(src/ce_robot) by extensions ['python_setup_py']
[1.282s] Level 1:colcon.colcon_core.package_identification:_identify(src/ce_robot) by extension 'python_setup_py'
[1.282s] Level 1:colcon.colcon_core.package_identification:_identify(src/ce_robot/ce_robot) by extensions ['ignore', 'ignore_ament_install']
[1.282s] Level 1:colcon.colcon_core.package_identification:_identify(src/ce_robot/ce_robot) by extension 'ignore'
[1.282s] Level 1:colcon.colcon_core.package_identification:_identify(src/ce_robot/ce_robot) by extension 'ignore_ament_install'
[1.282s] Level 1:colcon.colcon_core.package_identification:_identify(src/ce_robot/ce_robot) by extensions ['colcon_pkg']
[1.282s] Level 1:colcon.colcon_core.package_identification:_identify(src/ce_robot/ce_robot) by extension 'colcon_pkg'
[1.282s] Level 1:colcon.colcon_core.package_identification:_identify(src/ce_robot/ce_robot) by extensions ['colcon_meta']
[1.282s] Level 1:colcon.colcon_core.package_identification:_identify(src/ce_robot/ce_robot) by extension 'colcon_meta'
[1.282s] Level 1:colcon.colcon_core.package_identification:_identify(src/ce_robot/ce_robot) by extensions ['ros']
[1.282s] Level 1:colcon.colcon_core.package_identification:_identify(src/ce_robot/ce_robot) by extension 'ros'
[1.282s] Level 1:colcon.colcon_core.package_identification:_identify(src/ce_robot/ce_robot) by extensions ['cmake', 'python']
[1.282s] Level 1:colcon.colcon_core.package_identification:_identify(src/ce_robot/ce_robot) by extension 'cmake'
[1.282s] Level 1:colcon.colcon_core.package_identification:_identify(src/ce_robot/ce_robot) by extension 'python'
[1.282s] Level 1:colcon.colcon_core.package_identification:_identify(src/ce_robot/ce_robot) by extensions ['python_setup_py']
[1.283s] Level 1:colcon.colcon_core.package_identification:_identify(src/ce_robot/ce_robot) by extension 'python_setup_py'
[1.283s] Level 1:colcon.colcon_core.package_identification:_identify(src/ce_robot_bootup) by extensions ['ignore', 'ignore_ament_install']
[1.283s] Level 1:colcon.colcon_core.package_identification:_identify(src/ce_robot_bootup) by extension 'ignore'
[1.283s] Level 1:colcon.colcon_core.package_identification:_identify(src/ce_robot_bootup) by extension 'ignore_ament_install'
[1.283s] Level 1:colcon.colcon_core.package_identification:_identify(src/ce_robot_bootup) by extensions ['colcon_pkg']
[1.283s] Level 1:colcon.colcon_core.package_identification:_identify(src/ce_robot_bootup) by extension 'colcon_pkg'
[1.283s] Level 1:colcon.colcon_core.package_identification:_identify(src/ce_robot_bootup) by extensions ['colcon_meta']
[1.283s] Level 1:colcon.colcon_core.package_identification:_identify(src/ce_robot_bootup) by extension 'colcon_meta'
[1.283s] Level 1:colcon.colcon_core.package_identification:_identify(src/ce_robot_bootup) by extensions ['ros']
[1.283s] Level 1:colcon.colcon_core.package_identification:_identify(src/ce_robot_bootup) by extension 'ros'
[1.288s] DEBUG:colcon.colcon_core.package_identification:Package 'src/ce_robot_bootup' with type 'ros.ament_cmake' and name 'ce_robot_bootup'
[1.288s] Level 1:colcon.colcon_core.package_identification:_identify(src/install) by extensions ['ignore', 'ignore_ament_install']
[1.288s] Level 1:colcon.colcon_core.package_identification:_identify(src/install) by extension 'ignore'
[1.288s] Level 1:colcon.colcon_core.package_identification:_identify(src/install) ignored
[1.289s] Level 1:colcon.colcon_core.package_identification:_identify(src/log) by extensions ['ignore', 'ignore_ament_install']
[1.289s] Level 1:colcon.colcon_core.package_identification:_identify(src/log) by extension 'ignore'
[1.289s] Level 1:colcon.colcon_core.package_identification:_identify(src/log) ignored
[1.289s] Level 1:colcon.colcon_core.package_identification:_identify(src/my_robot) by extensions ['ignore', 'ignore_ament_install']
[1.289s] Level 1:colcon.colcon_core.package_identification:_identify(src/my_robot) by extension 'ignore'
[1.289s] Level 1:colcon.colcon_core.package_identification:_identify(src/my_robot) by extension 'ignore_ament_install'
[1.289s] Level 1:colcon.colcon_core.package_identification:_identify(src/my_robot) by extensions ['colcon_pkg']
[1.289s] Level 1:colcon.colcon_core.package_identification:_identify(src/my_robot) by extension 'colcon_pkg'
[1.290s] Level 1:colcon.colcon_core.package_identification:_identify(src/my_robot) by extensions ['colcon_meta']
[1.290s] Level 1:colcon.colcon_core.package_identification:_identify(src/my_robot) by extension 'colcon_meta'
[1.290s] Level 1:colcon.colcon_core.package_identification:_identify(src/my_robot) by extensions ['ros']
[1.290s] Level 1:colcon.colcon_core.package_identification:_identify(src/my_robot) by extension 'ros'
[1.291s] DEBUG:colcon.colcon_core.package_identification:Package 'src/my_robot' with type 'ros.ament_python' and name 'my_robot'
[1.291s] Level 1:colcon.colcon_core.package_identification:_identify(src/myrobot_interfaces) by extensions ['ignore', 'ignore_ament_install']
[1.292s] Level 1:colcon.colcon_core.package_identification:_identify(src/myrobot_interfaces) by extension 'ignore'
[1.292s] Level 1:colcon.colcon_core.package_identification:_identify(src/myrobot_interfaces) by extension 'ignore_ament_install'
[1.292s] Level 1:colcon.colcon_core.package_identification:_identify(src/myrobot_interfaces) by extensions ['colcon_pkg']
[1.292s] Level 1:colcon.colcon_core.package_identification:_identify(src/myrobot_interfaces) by extension 'colcon_pkg'
[1.292s] Level 1:colcon.colcon_core.package_identification:_identify(src/myrobot_interfaces) by extensions ['colcon_meta']
[1.292s] Level 1:colcon.colcon_core.package_identification:_identify(src/myrobot_interfaces) by extension 'colcon_meta'
[1.292s] Level 1:colcon.colcon_core.package_identification:_identify(src/myrobot_interfaces) by extensions ['ros']
[1.292s] Level 1:colcon.colcon_core.package_identification:_identify(src/myrobot_interfaces) by extension 'ros'
[1.293s] DEBUG:colcon.colcon_core.package_identification:Package 'src/myrobot_interfaces' with type 'ros.ament_cmake' and name 'myrobot_interfaces'
[1.293s] Level 1:colcon.colcon_core.package_identification:_identify(src/robot_1) by extensions ['ignore', 'ignore_ament_install']
[1.293s] Level 1:colcon.colcon_core.package_identification:_identify(src/robot_1) by extension 'ignore'
[1.293s] Level 1:colcon.colcon_core.package_identification:_identify(src/robot_1) by extension 'ignore_ament_install'
[1.293s] Level 1:colcon.colcon_core.package_identification:_identify(src/robot_1) by extensions ['colcon_pkg']
[1.293s] Level 1:colcon.colcon_core.package_identification:_identify(src/robot_1) by extension 'colcon_pkg'
[1.293s] Level 1:colcon.colcon_core.package_identification:_identify(src/robot_1) by extensions ['colcon_meta']
[1.293s] Level 1:colcon.colcon_core.package_identification:_identify(src/robot_1) by extension 'colcon_meta'
[1.293s] Level 1:colcon.colcon_core.package_identification:_identify(src/robot_1) by extensions ['ros']
[1.293s] Level 1:colcon.colcon_core.package_identification:_identify(src/robot_1) by extension 'ros'
[1.294s] DEBUG:colcon.colcon_core.package_identification:Package 'src/robot_1' with type 'ros.ament_python' and name 'robot_1'
[1.294s] Level 1:colcon.colcon_core.package_discovery:discover_packages(recursive) using defaults
[1.295s] Level 1:colcon.colcon_core.package_discovery:discover_packages(ignore) discover
[1.295s] Level 1:colcon.colcon_core.package_discovery:discover_packages(ignore) using defaults
[1.295s] Level 1:colcon.colcon_core.package_discovery:discover_packages(path) discover
[1.295s] Level 1:colcon.colcon_core.package_discovery:discover_packages(path) using defaults
[1.408s] Level 1:colcon.colcon_core.package_discovery:discover_packages(prefix_path) check parameters
[1.408s] Level 1:colcon.colcon_core.package_discovery:discover_packages(prefix_path) discover
[1.447s] DEBUG:colcon.colcon_installed_package_information.package_discovery:Found 4 installed packages in /home/whitetiger/ros2_ws/install
[1.464s] DEBUG:colcon.colcon_installed_package_information.package_discovery:Found 281 installed packages in /opt/ros/iron
[1.465s] Level 1:colcon.colcon_core.package_discovery:discover_packages(prefix_path) using defaults
[1.576s] Level 5:colcon.colcon_core.verb:set package 'my_robot' build argument 'cmake_args' from command line to 'None'
[1.576s] Level 5:colcon.colcon_core.verb:set package 'my_robot' build argument 'cmake_target' from command line to 'None'
[1.576s] Level 5:colcon.colcon_core.verb:set package 'my_robot' build argument 'cmake_target_skip_unavailable' from command line to 'False'
[1.576s] Level 5:colcon.colcon_core.verb:set package 'my_robot' build argument 'cmake_clean_cache' from command line to 'False'
[1.576s] Level 5:colcon.colcon_core.verb:set package 'my_robot' build argument 'cmake_clean_first' from command line to 'False'
[1.576s] Level 5:colcon.colcon_core.verb:set package 'my_robot' build argument 'cmake_force_configure' from command line to 'False'
[1.576s] Level 5:colcon.colcon_core.verb:set package 'my_robot' build argument 'ament_cmake_args' from command line to 'None'
[1.576s] Level 5:colcon.colcon_core.verb:set package 'my_robot' build argument 'catkin_cmake_args' from command line to 'None'
[1.576s] Level 5:colcon.colcon_core.verb:set package 'my_robot' build argument 'catkin_skip_building_tests' from command line to 'False'
[1.576s] DEBUG:colcon.colcon_core.verb:Building package 'my_robot' with the following arguments: {'ament_cmake_args': None, 'build_base': '/home/whitetiger/ros2_ws/build/my_robot', 'catkin_cmake_args': None, 'catkin_skip_building_tests': False, 'cmake_args': None, 'cmake_clean_cache': False, 'cmake_clean_first': False, 'cmake_force_configure': False, 'cmake_target': None, 'cmake_target_skip_unavailable': False, 'install_base': '/home/whitetiger/ros2_ws/install/my_robot', 'merge_install': False, 'path': '/home/whitetiger/ros2_ws/src/my_robot', 'symlink_install': False, 'test_result_base': None}
[1.594s] Level 5:colcon.colcon_core.verb:set package 'myrobot_interfaces' build argument 'cmake_args' from command line to 'None'
[1.594s] Level 5:colcon.colcon_core.verb:set package 'myrobot_interfaces' build argument 'cmake_target' from command line to 'None'
[1.594s] Level 5:colcon.colcon_core.verb:set package 'myrobot_interfaces' build argument 'cmake_target_skip_unavailable' from command line to 'False'
[1.594s] Level 5:colcon.colcon_core.verb:set package 'myrobot_interfaces' build argument 'cmake_clean_cache' from command line to 'False'
[1.594s] Level 5:colcon.colcon_core.verb:set package 'myrobot_interfaces' build argument 'cmake_clean_first' from command line to 'False'
[1.594s] Level 5:colcon.colcon_core.verb:set package 'myrobot_interfaces' build argument 'cmake_force_configure' from command line to 'False'
[1.594s] Level 5:colcon.colcon_core.verb:set package 'myrobot_interfaces' build argument 'ament_cmake_args' from command line to 'None'
[1.594s] Level 5:colcon.colcon_core.verb:set package 'myrobot_interfaces' build argument 'catkin_cmake_args' from command line to 'None'
[1.594s] Level 5:colcon.colcon_core.verb:set package 'myrobot_interfaces' build argument 'catkin_skip_building_tests' from command line to 'False'
[1.594s] DEBUG:colcon.colcon_core.verb:Building package 'myrobot_interfaces' with the following arguments: {'ament_cmake_args': None, 'build_base': '/home/whitetiger/ros2_ws/build/myrobot_interfaces', 'catkin_cmake_args': None, 'catkin_skip_building_tests': False, 'cmake_args': None, 'cmake_clean_cache': False, 'cmake_clean_first': False, 'cmake_force_configure': False, 'cmake_target': None, 'cmake_target_skip_unavailable': False, 'install_base': '/home/whitetiger/ros2_ws/install/myrobot_interfaces', 'merge_install': False, 'path': '/home/whitetiger/ros2_ws/src/myrobot_interfaces', 'symlink_install': False, 'test_result_base': None}
[1.612s] Level 5:colcon.colcon_core.verb:set package 'ce_robot_bootup' build argument 'cmake_args' from command line to 'None'
[1.612s] Level 5:colcon.colcon_core.verb:set package 'ce_robot_bootup' build argument 'cmake_target' from command line to 'None'
[1.612s] Level 5:colcon.colcon_core.verb:set package 'ce_robot_bootup' build argument 'cmake_target_skip_unavailable' from command line to 'False'
[1.612s] Level 5:colcon.colcon_core.verb:set package 'ce_robot_bootup' build argument 'cmake_clean_cache' from command line to 'False'
[1.612s] Level 5:colcon.colcon_core.verb:set package 'ce_robot_bootup' build argument 'cmake_clean_first' from command line to 'False'
[1.612s] Level 5:colcon.colcon_core.verb:set package 'ce_robot_bootup' build argument 'cmake_force_configure' from command line to 'False'
[1.612s] Level 5:colcon.colcon_core.verb:set package 'ce_robot_bootup' build argument 'ament_cmake_args' from command line to 'None'
[1.612s] Level 5:colcon.colcon_core.verb:set package 'ce_robot_bootup' build argument 'catkin_cmake_args' from command line to 'None'
[1.612s] Level 5:colcon.colcon_core.verb:set package 'ce_robot_bootup' build argument 'catkin_skip_building_tests' from command line to 'False'
[1.612s] DEBUG:colcon.colcon_core.verb:Building package 'ce_robot_bootup' with the following arguments: {'ament_cmake_args': None, 'build_base': '/home/whitetiger/ros2_ws/build/ce_robot_bootup', 'catkin_cmake_args': None, 'catkin_skip_building_tests': False, 'cmake_args': None, 'cmake_clean_cache': False, 'cmake_clean_first': False, 'cmake_force_configure': False, 'cmake_target': None, 'cmake_target_skip_unavailable': False, 'install_base': '/home/whitetiger/ros2_ws/install/ce_robot_bootup', 'merge_install': False, 'path': '/home/whitetiger/ros2_ws/src/ce_robot_bootup', 'symlink_install': False, 'test_result_base': None}
[1.630s] Level 5:colcon.colcon_core.verb:set package 'robot_1' build argument 'cmake_args' from command line to 'None'
[1.630s] Level 5:colcon.colcon_core.verb:set package 'robot_1' build argument 'cmake_target' from command line to 'None'
[1.630s] Level 5:colcon.colcon_core.verb:set package 'robot_1' build argument 'cmake_target_skip_unavailable' from command line to 'False'
[1.631s] Level 5:colcon.colcon_core.verb:set package 'robot_1' build argument 'cmake_clean_cache' from command line to 'False'
[1.631s] Level 5:colcon.colcon_core.verb:set package 'robot_1' build argument 'cmake_clean_first' from command line to 'False'
[1.631s] Level 5:colcon.colcon_core.verb:set package 'robot_1' build argument 'cmake_force_configure' from command line to 'False'
[1.631s] Level 5:colcon.colcon_core.verb:set package 'robot_1' build argument 'ament_cmake_args' from command line to 'None'
[1.631s] Level 5:colcon.colcon_core.verb:set package 'robot_1' build argument 'catkin_cmake_args' from command line to 'None'
[1.631s] Level 5:colcon.colcon_core.verb:set package 'robot_1' build argument 'catkin_skip_building_tests' from command line to 'False'
[1.631s] DEBUG:colcon.colcon_core.verb:Building package 'robot_1' with the following arguments: {'ament_cmake_args': None, 'build_base': '/home/whitetiger/ros2_ws/build/robot_1', 'catkin_cmake_args': None, 'catkin_skip_building_tests': False, 'cmake_args': None, 'cmake_clean_cache': False, 'cmake_clean_first': False, 'cmake_force_configure': False, 'cmake_target': None, 'cmake_target_skip_unavailable': False, 'install_base': '/home/whitetiger/ros2_ws/install/robot_1', 'merge_install': False, 'path': '/home/whitetiger/ros2_ws/src/robot_1', 'symlink_install': False, 'test_result_base': None}
[1.649s] INFO:colcon.colcon_core.executor:Executing jobs using 'parallel' executor
[1.667s] DEBUG:colcon.colcon_parallel_executor.executor.parallel:run_until_complete
[1.667s] INFO:colcon.colcon_ros.task.ament_python.build:Building ROS package in '/home/whitetiger/ros2_ws/src/my_robot' with build type 'ament_python'
[1.668s] Level 1:colcon.colcon_core.shell:create_environment_hook('my_robot', 'ament_prefix_path')
[1.700s] INFO:colcon.colcon_core.plugin_system:Skipping extension 'colcon_core.shell.bat': Not used on non-Windows systems
[1.700s] INFO:colcon.colcon_core.shell:Creating environment hook '/home/whitetiger/ros2_ws/install/my_robot/share/my_robot/hook/ament_prefix_path.ps1'
[1.701s] INFO:colcon.colcon_core.shell:Creating environment descriptor '/home/whitetiger/ros2_ws/install/my_robot/share/my_robot/hook/ament_prefix_path.dsv'
[1.702s] INFO:colcon.colcon_core.shell:Creating environment hook '/home/whitetiger/ros2_ws/install/my_robot/share/my_robot/hook/ament_prefix_path.sh'
[1.724s] INFO:colcon.colcon_core.shell:Skip shell extension 'powershell' for command environment: Not usable outside of PowerShell
[1.724s] DEBUG:colcon.colcon_core.shell:Skip shell extension 'dsv' for command environment
[1.788s] INFO:colcon.colcon_ros.task.ament_cmake.build:Building ROS package in '/home/whitetiger/ros2_ws/src/myrobot_interfaces' with build type 'ament_cmake'
[1.788s] INFO:colcon.colcon_cmake.task.cmake.build:Building CMake package in '/home/whitetiger/ros2_ws/src/myrobot_interfaces'
[1.812s] INFO:colcon.colcon_core.shell:Skip shell extension 'powershell' for command environment: Not usable outside of PowerShell
[1.812s] DEBUG:colcon.colcon_core.shell:Skip shell extension 'dsv' for command environment
[2.241s] INFO:colcon.colcon_core.task.python.build:Building Python package in '/home/whitetiger/ros2_ws/src/my_robot'
[2.260s] INFO:colcon.colcon_core.shell:Skip shell extension 'powershell' for command environment: Not usable outside of PowerShell
[2.260s] DEBUG:colcon.colcon_core.shell:Skip shell extension 'dsv' for command environment
[2.331s] DEBUG:colcon.colcon_core.event_handler.log_command:Invoking command in '/home/whitetiger/ros2_ws/build/myrobot_interfaces': CMAKE_PREFIX_PATH=${CMAKE_PREFIX_PATH}:/home/whitetiger/ros2_ws/install/robot_1:/home/whitetiger/ros2_ws/install/my_robot:/opt/ros/iron /usr/bin/cmake /home/whitetiger/ros2_ws/src/myrobot_interfaces -DCMAKE_INSTALL_PREFIX=/home/whitetiger/ros2_ws/install/myrobot_interfaces
[2.899s] DEBUG:colcon.colcon_core.event_handler.log_command:Invoking command in '/home/whitetiger/ros2_ws/src/my_robot': PYTHONPATH=/home/whitetiger/ros2_ws/build/my_robot/prefix_override:/home/whitetiger/ros2_ws/install/my_robot/lib/python3.10/site-packages:${PYTHONPATH} /usr/bin/python3 setup.py egg_info --egg-base ../../build/my_robot build --build-base /home/whitetiger/ros2_ws/build/my_robot/build install --record /home/whitetiger/ros2_ws/build/my_robot/install.log --single-version-externally-managed
[3.337s] DEBUG:colcon.colcon_core.event_handler.log_command:Invoked command in '/home/whitetiger/ros2_ws/src/my_robot' returned '0': PYTHONPATH=/home/whitetiger/ros2_ws/build/my_robot/prefix_override:/home/whitetiger/ros2_ws/install/my_robot/lib/python3.10/site-packages:${PYTHONPATH} /usr/bin/python3 setup.py egg_info --egg-base ../../build/my_robot build --build-base /home/whitetiger/ros2_ws/build/my_robot/build install --record /home/whitetiger/ros2_ws/build/my_robot/install.log --single-version-externally-managed
[3.362s] Level 1:colcon.colcon_core.environment:checking '/home/whitetiger/ros2_ws/install/my_robot' for CMake module files
[3.363s] Level 1:colcon.colcon_core.environment:checking '/home/whitetiger/ros2_ws/install/my_robot' for CMake config files
[3.364s] Level 1:colcon.colcon_core.environment:checking '/home/whitetiger/ros2_ws/install/my_robot/lib'
[3.364s] Level 1:colcon.colcon_core.environment:checking '/home/whitetiger/ros2_ws/install/my_robot/bin'
[3.364s] Level 1:colcon.colcon_core.environment:checking '/home/whitetiger/ros2_ws/install/my_robot/lib/pkgconfig/my_robot.pc'
[3.365s] Level 1:colcon.colcon_core.environment:checking '/home/whitetiger/ros2_ws/install/my_robot/lib/python3.10/site-packages'
[3.365s] Level 1:colcon.colcon_core.shell:create_environment_hook('my_robot', 'pythonpath')
[3.381s] INFO:colcon.colcon_core.shell:Creating environment hook '/home/whitetiger/ros2_ws/install/my_robot/share/my_robot/hook/pythonpath.ps1'
[3.381s] INFO:colcon.colcon_core.shell:Creating environment descriptor '/home/whitetiger/ros2_ws/install/my_robot/share/my_robot/hook/pythonpath.dsv'
[3.382s] INFO:colcon.colcon_core.shell:Creating environment hook '/home/whitetiger/ros2_ws/install/my_robot/share/my_robot/hook/pythonpath.sh'
[3.382s] Level 1:colcon.colcon_core.environment:checking '/home/whitetiger/ros2_ws/install/my_robot/bin'
[3.382s] Level 1:colcon.colcon_core.environment:create_environment_scripts_only(my_robot)
[3.412s] INFO:colcon.colcon_core.shell:Creating package script '/home/whitetiger/ros2_ws/install/my_robot/share/my_robot/package.ps1'
[3.415s] INFO:colcon.colcon_core.shell:Creating package descriptor '/home/whitetiger/ros2_ws/install/my_robot/share/my_robot/package.dsv'
[3.417s] INFO:colcon.colcon_core.shell:Creating package script '/home/whitetiger/ros2_ws/install/my_robot/share/my_robot/package.sh'
[3.419s] INFO:colcon.colcon_core.shell:Creating package script '/home/whitetiger/ros2_ws/install/my_robot/share/my_robot/package.bash'
[3.420s] INFO:colcon.colcon_core.shell:Creating package script '/home/whitetiger/ros2_ws/install/my_robot/share/my_robot/package.zsh'
[3.422s] Level 1:colcon.colcon_core.environment:create_file_with_runtime_dependencies(/home/whitetiger/ros2_ws/install/my_robot/share/colcon-core/packages/my_robot)
[3.424s] INFO:colcon.colcon_ros.task.ament_cmake.build:Building ROS package in '/home/whitetiger/ros2_ws/src/ce_robot_bootup' with build type 'ament_cmake'
[3.425s] INFO:colcon.colcon_cmake.task.cmake.build:Building CMake package in '/home/whitetiger/ros2_ws/src/ce_robot_bootup'
[3.452s] INFO:colcon.colcon_core.shell:Skip shell extension 'powershell' for command environment: Not usable outside of PowerShell
[3.452s] DEBUG:colcon.colcon_core.shell:Skip shell extension 'dsv' for command environment
[3.535s] DEBUG:colcon.colcon_core.event_handler.log_command:Invoking command in '/home/whitetiger/ros2_ws/build/ce_robot_bootup': AMENT_PREFIX_PATH=/home/whitetiger/ros2_ws/install/my_robot:/home/whitetiger/ros2_ws/install/robot_1:/home/whitetiger/ros2_ws/install/myrobot_interfaces:/opt/ros/iron CMAKE_PREFIX_PATH=${CMAKE_PREFIX_PATH}:/home/whitetiger/ros2_ws/install/robot_1:/home/whitetiger/ros2_ws/install/my_robot:/opt/ros/iron PYTHONPATH=/home/whitetiger/ros2_ws/install/my_robot/lib/python3.10/site-packages:/home/whitetiger/ros2_ws/install/robot_1/lib/python3.10/site-packages:/home/whitetiger/ros2_ws/install/myrobot_interfaces/lib/python3.10/site-packages:/opt/ros/iron/lib/python3.10/site-packages /usr/bin/cmake /home/whitetiger/ros2_ws/src/ce_robot_bootup -DCMAKE_INSTALL_PREFIX=/home/whitetiger/ros2_ws/install/ce_robot_bootup
[4.725s] DEBUG:colcon.colcon_core.event_handler.log_command:Invoked command in '/home/whitetiger/ros2_ws/build/ce_robot_bootup' returned '0': AMENT_PREFIX_PATH=/home/whitetiger/ros2_ws/install/my_robot:/home/whitetiger/ros2_ws/install/robot_1:/home/whitetiger/ros2_ws/install/myrobot_interfaces:/opt/ros/iron CMAKE_PREFIX_PATH=${CMAKE_PREFIX_PATH}:/home/whitetiger/ros2_ws/install/robot_1:/home/whitetiger/ros2_ws/install/my_robot:/opt/ros/iron PYTHONPATH=/home/whitetiger/ros2_ws/install/my_robot/lib/python3.10/site-packages:/home/whitetiger/ros2_ws/install/robot_1/lib/python3.10/site-packages:/home/whitetiger/ros2_ws/install/myrobot_interfaces/lib/python3.10/site-packages:/opt/ros/iron/lib/python3.10/site-packages /usr/bin/cmake /home/whitetiger/ros2_ws/src/ce_robot_bootup -DCMAKE_INSTALL_PREFIX=/home/whitetiger/ros2_ws/install/ce_robot_bootup
[4.729s] DEBUG:colcon.colcon_core.event_handler.log_command:Invoking command in '/home/whitetiger/ros2_ws/build/ce_robot_bootup': AMENT_PREFIX_PATH=/home/whitetiger/ros2_ws/install/my_robot:/home/whitetiger/ros2_ws/install/robot_1:/home/whitetiger/ros2_ws/install/myrobot_interfaces:/opt/ros/iron CMAKE_PREFIX_PATH=${CMAKE_PREFIX_PATH}:/home/whitetiger/ros2_ws/install/robot_1:/home/whitetiger/ros2_ws/install/my_robot:/opt/ros/iron PYTHONPATH=/home/whitetiger/ros2_ws/install/my_robot/lib/python3.10/site-packages:/home/whitetiger/ros2_ws/install/robot_1/lib/python3.10/site-packages:/home/whitetiger/ros2_ws/install/myrobot_interfaces/lib/python3.10/site-packages:/opt/ros/iron/lib/python3.10/site-packages /usr/bin/cmake --build /home/whitetiger/ros2_ws/build/ce_robot_bootup -- -j4 -l4
[4.785s] DEBUG:colcon.colcon_core.event_handler.log_command:Invoked command in '/home/whitetiger/ros2_ws/build/ce_robot_bootup' returned '0': AMENT_PREFIX_PATH=/home/whitetiger/ros2_ws/install/my_robot:/home/whitetiger/ros2_ws/install/robot_1:/home/whitetiger/ros2_ws/install/myrobot_interfaces:/opt/ros/iron CMAKE_PREFIX_PATH=${CMAKE_PREFIX_PATH}:/home/whitetiger/ros2_ws/install/robot_1:/home/whitetiger/ros2_ws/install/my_robot:/opt/ros/iron PYTHONPATH=/home/whitetiger/ros2_ws/install/my_robot/lib/python3.10/site-packages:/home/whitetiger/ros2_ws/install/robot_1/lib/python3.10/site-packages:/home/whitetiger/ros2_ws/install/myrobot_interfaces/lib/python3.10/site-packages:/opt/ros/iron/lib/python3.10/site-packages /usr/bin/cmake --build /home/whitetiger/ros2_ws/build/ce_robot_bootup -- -j4 -l4
[4.860s] DEBUG:colcon.colcon_core.event_handler.log_command:Invoking command in '/home/whitetiger/ros2_ws/build/ce_robot_bootup': AMENT_PREFIX_PATH=/home/whitetiger/ros2_ws/install/my_robot:/home/whitetiger/ros2_ws/install/robot_1:/home/whitetiger/ros2_ws/install/myrobot_interfaces:/opt/ros/iron CMAKE_PREFIX_PATH=${CMAKE_PREFIX_PATH}:/home/whitetiger/ros2_ws/install/robot_1:/home/whitetiger/ros2_ws/install/my_robot:/opt/ros/iron PYTHONPATH=/home/whitetiger/ros2_ws/install/my_robot/lib/python3.10/site-packages:/home/whitetiger/ros2_ws/install/robot_1/lib/python3.10/site-packages:/home/whitetiger/ros2_ws/install/myrobot_interfaces/lib/python3.10/site-packages:/opt/ros/iron/lib/python3.10/site-packages /usr/bin/cmake --install /home/whitetiger/ros2_ws/build/ce_robot_bootup
[4.882s] Level 1:colcon.colcon_core.environment:create_environment_scripts_only(ce_robot_bootup)
[4.887s] DEBUG:colcon.colcon_core.event_handler.log_command:Invoked command in '/home/whitetiger/ros2_ws/build/ce_robot_bootup' returned '0': AMENT_PREFIX_PATH=/home/whitetiger/ros2_ws/install/my_robot:/home/whitetiger/ros2_ws/install/robot_1:/home/whitetiger/ros2_ws/install/myrobot_interfaces:/opt/ros/iron CMAKE_PREFIX_PATH=${CMAKE_PREFIX_PATH}:/home/whitetiger/ros2_ws/install/robot_1:/home/whitetiger/ros2_ws/install/my_robot:/opt/ros/iron PYTHONPATH=/home/whitetiger/ros2_ws/install/my_robot/lib/python3.10/site-packages:/home/whitetiger/ros2_ws/install/robot_1/lib/python3.10/site-packages:/home/whitetiger/ros2_ws/install/myrobot_interfaces/lib/python3.10/site-packages:/opt/ros/iron/lib/python3.10/site-packages /usr/bin/cmake --install /home/whitetiger/ros2_ws/build/ce_robot_bootup
[4.906s] Level 1:colcon.colcon_core.environment:checking '/home/whitetiger/ros2_ws/install/ce_robot_bootup' for CMake module files
[4.906s] Level 1:colcon.colcon_core.environment:checking '/home/whitetiger/ros2_ws/install/ce_robot_bootup' for CMake config files
[4.906s] Level 1:colcon.colcon_core.shell:create_environment_hook('ce_robot_bootup', 'cmake_prefix_path')
[4.930s] INFO:colcon.colcon_core.shell:Creating environment hook '/home/whitetiger/ros2_ws/install/ce_robot_bootup/share/ce_robot_bootup/hook/cmake_prefix_path.ps1'
[4.931s] INFO:colcon.colcon_core.shell:Creating environment descriptor '/home/whitetiger/ros2_ws/install/ce_robot_bootup/share/ce_robot_bootup/hook/cmake_prefix_path.dsv'
[4.932s] INFO:colcon.colcon_core.shell:Creating environment hook '/home/whitetiger/ros2_ws/install/ce_robot_bootup/share/ce_robot_bootup/hook/cmake_prefix_path.sh'
[4.933s] Level 1:colcon.colcon_core.environment:checking '/home/whitetiger/ros2_ws/install/ce_robot_bootup/bin'
[4.933s] Level 1:colcon.colcon_core.environment:checking '/home/whitetiger/ros2_ws/install/ce_robot_bootup/lib/pkgconfig/ce_robot_bootup.pc'
[4.934s] Level 1:colcon.colcon_core.environment:checking '/home/whitetiger/ros2_ws/install/ce_robot_bootup/lib/python3.10/site-packages'
[4.934s] Level 1:colcon.colcon_core.environment:checking '/home/whitetiger/ros2_ws/install/ce_robot_bootup/bin'
[4.955s] INFO:colcon.colcon_core.shell:Creating package script '/home/whitetiger/ros2_ws/install/ce_robot_bootup/share/ce_robot_bootup/package.ps1'
[4.956s] INFO:colcon.colcon_core.shell:Creating package descriptor '/home/whitetiger/ros2_ws/install/ce_robot_bootup/share/ce_robot_bootup/package.dsv'
[4.957s] INFO:colcon.colcon_core.shell:Creating package script '/home/whitetiger/ros2_ws/install/ce_robot_bootup/share/ce_robot_bootup/package.sh'
[4.957s] INFO:colcon.colcon_core.shell:Creating package script '/home/whitetiger/ros2_ws/install/ce_robot_bootup/share/ce_robot_bootup/package.bash'
[4.958s] INFO:colcon.colcon_core.shell:Creating package script '/home/whitetiger/ros2_ws/install/ce_robot_bootup/share/ce_robot_bootup/package.zsh'
[4.959s] Level 1:colcon.colcon_core.environment:create_file_with_runtime_dependencies(/home/whitetiger/ros2_ws/install/ce_robot_bootup/share/colcon-core/packages/ce_robot_bootup)
[5.040s] Level 1:colcon.colcon_core.environment:create_environment_scripts_only(ce_robot_bootup)
[5.060s] Level 1:colcon.colcon_core.environment:checking '/home/whitetiger/ros2_ws/install/ce_robot_bootup' for CMake module files
[5.060s] Level 1:colcon.colcon_core.environment:checking '/home/whitetiger/ros2_ws/install/ce_robot_bootup' for CMake config files
[5.061s] Level 1:colcon.colcon_core.shell:create_environment_hook('ce_robot_bootup', 'cmake_prefix_path')
[5.080s] INFO:colcon.colcon_core.shell:Creating environment hook '/home/whitetiger/ros2_ws/install/ce_robot_bootup/share/ce_robot_bootup/hook/cmake_prefix_path.ps1'
[5.081s] INFO:colcon.colcon_core.shell:Creating environment descriptor '/home/whitetiger/ros2_ws/install/ce_robot_bootup/share/ce_robot_bootup/hook/cmake_prefix_path.dsv'
[5.082s] INFO:colcon.colcon_core.shell:Creating environment hook '/home/whitetiger/ros2_ws/install/ce_robot_bootup/share/ce_robot_bootup/hook/cmake_prefix_path.sh'
[5.082s] Level 1:colcon.colcon_core.environment:checking '/home/whitetiger/ros2_ws/install/ce_robot_bootup/bin'
[5.082s] Level 1:colcon.colcon_core.environment:checking '/home/whitetiger/ros2_ws/install/ce_robot_bootup/lib/pkgconfig/ce_robot_bootup.pc'
[5.083s] Level 1:colcon.colcon_core.environment:checking '/home/whitetiger/ros2_ws/install/ce_robot_bootup/lib/python3.10/site-packages'
[5.083s] Level 1:colcon.colcon_core.environment:checking '/home/whitetiger/ros2_ws/install/ce_robot_bootup/bin'
[5.105s] INFO:colcon.colcon_core.shell:Creating package script '/home/whitetiger/ros2_ws/install/ce_robot_bootup/share/ce_robot_bootup/package.ps1'
[5.107s] INFO:colcon.colcon_core.shell:Creating package descriptor '/home/whitetiger/ros2_ws/install/ce_robot_bootup/share/ce_robot_bootup/package.dsv'
[5.108s] INFO:colcon.colcon_core.shell:Creating package script '/home/whitetiger/ros2_ws/install/ce_robot_bootup/share/ce_robot_bootup/package.sh'
[5.108s] INFO:colcon.colcon_core.shell:Creating package script '/home/whitetiger/ros2_ws/install/ce_robot_bootup/share/ce_robot_bootup/package.bash'
[5.109s] INFO:colcon.colcon_core.shell:Creating package script '/home/whitetiger/ros2_ws/install/ce_robot_bootup/share/ce_robot_bootup/package.zsh'
[5.109s] Level 1:colcon.colcon_core.environment:create_file_with_runtime_dependencies(/home/whitetiger/ros2_ws/install/ce_robot_bootup/share/colcon-core/packages/ce_robot_bootup)
[5.553s] DEBUG:colcon.colcon_core.event_handler.log_command:Invoked command in '/home/whitetiger/ros2_ws/build/myrobot_interfaces' returned '0': CMAKE_PREFIX_PATH=${CMAKE_PREFIX_PATH}:/home/whitetiger/ros2_ws/install/robot_1:/home/whitetiger/ros2_ws/install/my_robot:/opt/ros/iron /usr/bin/cmake /home/whitetiger/ros2_ws/src/myrobot_interfaces -DCMAKE_INSTALL_PREFIX=/home/whitetiger/ros2_ws/install/myrobot_interfaces
[5.555s] DEBUG:colcon.colcon_core.event_handler.log_command:Invoking command in '/home/whitetiger/ros2_ws/build/myrobot_interfaces': CMAKE_PREFIX_PATH=${CMAKE_PREFIX_PATH}:/home/whitetiger/ros2_ws/install/robot_1:/home/whitetiger/ros2_ws/install/my_robot:/opt/ros/iron /usr/bin/cmake --build /home/whitetiger/ros2_ws/build/myrobot_interfaces -- -j4 -l4
[12.317s] DEBUG:colcon.colcon_core.event_handler.log_command:Invoked command in '/home/whitetiger/ros2_ws/build/myrobot_interfaces' returned '0': CMAKE_PREFIX_PATH=${CMAKE_PREFIX_PATH}:/home/whitetiger/ros2_ws/install/robot_1:/home/whitetiger/ros2_ws/install/my_robot:/opt/ros/iron /usr/bin/cmake --build /home/whitetiger/ros2_ws/build/myrobot_interfaces -- -j4 -l4
[12.567s] DEBUG:colcon.colcon_core.event_handler.log_command:Invoking command in '/home/whitetiger/ros2_ws/build/myrobot_interfaces': CMAKE_PREFIX_PATH=${CMAKE_PREFIX_PATH}:/home/whitetiger/ros2_ws/install/robot_1:/home/whitetiger/ros2_ws/install/my_robot:/opt/ros/iron /usr/bin/cmake --install /home/whitetiger/ros2_ws/build/myrobot_interfaces
[12.679s] Level 1:colcon.colcon_core.environment:create_environment_scripts_only(myrobot_interfaces)
[12.683s] DEBUG:colcon.colcon_core.event_handler.log_command:Invoked command in '/home/whitetiger/ros2_ws/build/myrobot_interfaces' returned '0': CMAKE_PREFIX_PATH=${CMAKE_PREFIX_PATH}:/home/whitetiger/ros2_ws/install/robot_1:/home/whitetiger/ros2_ws/install/my_robot:/opt/ros/iron /usr/bin/cmake --install /home/whitetiger/ros2_ws/build/myrobot_interfaces
[12.710s] Level 1:colcon.colcon_core.environment:checking '/home/whitetiger/ros2_ws/install/myrobot_interfaces' for CMake module files
[12.711s] Level 1:colcon.colcon_core.environment:checking '/home/whitetiger/ros2_ws/install/myrobot_interfaces' for CMake config files
[12.712s] Level 1:colcon.colcon_core.shell:create_environment_hook('myrobot_interfaces', 'cmake_prefix_path')
[12.743s] INFO:colcon.colcon_core.shell:Creating environment hook '/home/whitetiger/ros2_ws/install/myrobot_interfaces/share/myrobot_interfaces/hook/cmake_prefix_path.ps1'
[12.744s] INFO:colcon.colcon_core.shell:Creating environment descriptor '/home/whitetiger/ros2_ws/install/myrobot_interfaces/share/myrobot_interfaces/hook/cmake_prefix_path.dsv'
[12.744s] INFO:colcon.colcon_core.shell:Creating environment hook '/home/whitetiger/ros2_ws/install/myrobot_interfaces/share/myrobot_interfaces/hook/cmake_prefix_path.sh'
[12.745s] Level 1:colcon.colcon_core.environment:checking '/home/whitetiger/ros2_ws/install/myrobot_interfaces/lib'
[12.745s] Level 1:colcon.colcon_core.shell:create_environment_hook('myrobot_interfaces', 'ld_library_path_lib')
[12.767s] INFO:colcon.colcon_core.shell:Creating environment hook '/home/whitetiger/ros2_ws/install/myrobot_interfaces/share/myrobot_interfaces/hook/ld_library_path_lib.ps1'
[12.767s] INFO:colcon.colcon_core.shell:Creating environment descriptor '/home/whitetiger/ros2_ws/install/myrobot_interfaces/share/myrobot_interfaces/hook/ld_library_path_lib.dsv'
[12.768s] INFO:colcon.colcon_core.shell:Creating environment hook '/home/whitetiger/ros2_ws/install/myrobot_interfaces/share/myrobot_interfaces/hook/ld_library_path_lib.sh'
[12.768s] Level 1:colcon.colcon_core.environment:checking '/home/whitetiger/ros2_ws/install/myrobot_interfaces/bin'
[12.768s] Level 1:colcon.colcon_core.environment:checking '/home/whitetiger/ros2_ws/install/myrobot_interfaces/lib/pkgconfig/myrobot_interfaces.pc'
[12.768s] Level 1:colcon.colcon_core.environment:checking '/home/whitetiger/ros2_ws/install/myrobot_interfaces/lib/python3.10/site-packages'
[12.768s] Level 1:colcon.colcon_core.shell:create_environment_hook('myrobot_interfaces', 'pythonpath')
[12.785s] INFO:colcon.colcon_core.shell:Creating environment hook '/home/whitetiger/ros2_ws/install/myrobot_interfaces/share/myrobot_interfaces/hook/pythonpath.ps1'
[12.786s] INFO:colcon.colcon_core.shell:Creating environment descriptor '/home/whitetiger/ros2_ws/install/myrobot_interfaces/share/myrobot_interfaces/hook/pythonpath.dsv'
[12.786s] INFO:colcon.colcon_core.shell:Creating environment hook '/home/whitetiger/ros2_ws/install/myrobot_interfaces/share/myrobot_interfaces/hook/pythonpath.sh'
[12.787s] Level 1:colcon.colcon_core.environment:checking '/home/whitetiger/ros2_ws/install/myrobot_interfaces/bin'
[12.808s] INFO:colcon.colcon_core.shell:Creating package script '/home/whitetiger/ros2_ws/install/myrobot_interfaces/share/myrobot_interfaces/package.ps1'
[12.809s] INFO:colcon.colcon_core.shell:Creating package descriptor '/home/whitetiger/ros2_ws/install/myrobot_interfaces/share/myrobot_interfaces/package.dsv'
[12.810s] INFO:colcon.colcon_core.shell:Creating package script '/home/whitetiger/ros2_ws/install/myrobot_interfaces/share/myrobot_interfaces/package.sh'
[12.811s] INFO:colcon.colcon_core.shell:Creating package script '/home/whitetiger/ros2_ws/install/myrobot_interfaces/share/myrobot_interfaces/package.bash'
[12.811s] INFO:colcon.colcon_core.shell:Creating package script '/home/whitetiger/ros2_ws/install/myrobot_interfaces/share/myrobot_interfaces/package.zsh'
[12.811s] Level 1:colcon.colcon_core.environment:create_file_with_runtime_dependencies(/home/whitetiger/ros2_ws/install/myrobot_interfaces/share/colcon-core/packages/myrobot_interfaces)
[13.095s] Level 1:colcon.colcon_core.environment:create_environment_scripts_only(myrobot_interfaces)
[13.111s] Level 1:colcon.colcon_core.environment:checking '/home/whitetiger/ros2_ws/install/myrobot_interfaces' for CMake module files
[13.112s] Level 1:colcon.colcon_core.environment:checking '/home/whitetiger/ros2_ws/install/myrobot_interfaces' for CMake config files
[13.113s] Level 1:colcon.colcon_core.shell:create_environment_hook('myrobot_interfaces', 'cmake_prefix_path')
[13.135s] INFO:colcon.colcon_core.shell:Creating environment hook '/home/whitetiger/ros2_ws/install/myrobot_interfaces/share/myrobot_interfaces/hook/cmake_prefix_path.ps1'
[13.136s] INFO:colcon.colcon_core.shell:Creating environment descriptor '/home/whitetiger/ros2_ws/install/myrobot_interfaces/share/myrobot_interfaces/hook/cmake_prefix_path.dsv'
[13.136s] INFO:colcon.colcon_core.shell:Creating environment hook '/home/whitetiger/ros2_ws/install/myrobot_interfaces/share/myrobot_interfaces/hook/cmake_prefix_path.sh'
[13.137s] Level 1:colcon.colcon_core.environment:checking '/home/whitetiger/ros2_ws/install/myrobot_interfaces/lib'
[13.138s] Level 1:colcon.colcon_core.shell:create_environment_hook('myrobot_interfaces', 'ld_library_path_lib')
[13.158s] INFO:colcon.colcon_core.shell:Creating environment hook '/home/whitetiger/ros2_ws/install/myrobot_interfaces/share/myrobot_interfaces/hook/ld_library_path_lib.ps1'
[13.159s] INFO:colcon.colcon_core.shell:Creating environment descriptor '/home/whitetiger/ros2_ws/install/myrobot_interfaces/share/myrobot_interfaces/hook/ld_library_path_lib.dsv'
[13.160s] INFO:colcon.colcon_core.shell:Creating environment hook '/home/whitetiger/ros2_ws/install/myrobot_interfaces/share/myrobot_interfaces/hook/ld_library_path_lib.sh'
[13.161s] Level 1:colcon.colcon_core.environment:checking '/home/whitetiger/ros2_ws/install/myrobot_interfaces/bin'
[13.161s] Level 1:colcon.colcon_core.environment:checking '/home/whitetiger/ros2_ws/install/myrobot_interfaces/lib/pkgconfig/myrobot_interfaces.pc'
[13.161s] Level 1:colcon.colcon_core.environment:checking '/home/whitetiger/ros2_ws/install/myrobot_interfaces/lib/python3.10/site-packages'
[13.162s] Level 1:colcon.colcon_core.shell:create_environment_hook('myrobot_interfaces', 'pythonpath')
[13.179s] INFO:colcon.colcon_core.shell:Creating environment hook '/home/whitetiger/ros2_ws/install/myrobot_interfaces/share/myrobot_interfaces/hook/pythonpath.ps1'
[13.180s] INFO:colcon.colcon_core.shell:Creating environment descriptor '/home/whitetiger/ros2_ws/install/myrobot_interfaces/share/myrobot_interfaces/hook/pythonpath.dsv'
[13.180s] INFO:colcon.colcon_core.shell:Creating environment hook '/home/whitetiger/ros2_ws/install/myrobot_interfaces/share/myrobot_interfaces/hook/pythonpath.sh'
[13.181s] Level 1:colcon.colcon_core.environment:checking '/home/whitetiger/ros2_ws/install/myrobot_interfaces/bin'
[13.204s] INFO:colcon.colcon_core.shell:Creating package script '/home/whitetiger/ros2_ws/install/myrobot_interfaces/share/myrobot_interfaces/package.ps1'
[13.205s] INFO:colcon.colcon_core.shell:Creating package descriptor '/home/whitetiger/ros2_ws/install/myrobot_interfaces/share/myrobot_interfaces/package.dsv'
[13.207s] INFO:colcon.colcon_core.shell:Creating package script '/home/whitetiger/ros2_ws/install/myrobot_interfaces/share/myrobot_interfaces/package.sh'
[13.207s] INFO:colcon.colcon_core.shell:Creating package script '/home/whitetiger/ros2_ws/install/myrobot_interfaces/share/myrobot_interfaces/package.bash'
[13.208s] INFO:colcon.colcon_core.shell:Creating package script '/home/whitetiger/ros2_ws/install/myrobot_interfaces/share/myrobot_interfaces/package.zsh'
[13.208s] Level 1:colcon.colcon_core.environment:create_file_with_runtime_dependencies(/home/whitetiger/ros2_ws/install/myrobot_interfaces/share/colcon-core/packages/myrobot_interfaces)
[13.209s] INFO:colcon.colcon_ros.task.ament_python.build:Building ROS package in '/home/whitetiger/ros2_ws/src/robot_1' with build type 'ament_python'
[13.209s] Level 1:colcon.colcon_core.shell:create_environment_hook('robot_1', 'ament_prefix_path')
[13.228s] INFO:colcon.colcon_core.shell:Creating environment hook '/home/whitetiger/ros2_ws/install/robot_1/share/robot_1/hook/ament_prefix_path.ps1'
[13.229s] INFO:colcon.colcon_core.shell:Creating environment descriptor '/home/whitetiger/ros2_ws/install/robot_1/share/robot_1/hook/ament_prefix_path.dsv'
[13.230s] INFO:colcon.colcon_core.shell:Creating environment hook '/home/whitetiger/ros2_ws/install/robot_1/share/robot_1/hook/ament_prefix_path.sh'
[13.259s] INFO:colcon.colcon_core.shell:Skip shell extension 'powershell' for command environment: Not usable outside of PowerShell
[13.259s] DEBUG:colcon.colcon_core.shell:Skip shell extension 'dsv' for command environment
[13.692s] INFO:colcon.colcon_core.task.python.build:Building Python package in '/home/whitetiger/ros2_ws/src/robot_1'
[13.715s] INFO:colcon.colcon_core.shell:Skip shell extension 'powershell' for command environment: Not usable outside of PowerShell
[13.715s] DEBUG:colcon.colcon_core.shell:Skip shell extension 'dsv' for command environment
[14.305s] DEBUG:colcon.colcon_core.event_handler.log_command:Invoking command in '/home/whitetiger/ros2_ws/src/robot_1': PYTHONPATH=/home/whitetiger/ros2_ws/build/robot_1/prefix_override:/home/whitetiger/ros2_ws/install/robot_1/lib/python3.10/site-packages:/home/whitetiger/ros2_ws/install/myrobot_interfaces/lib/python3.10/site-packages:/home/whitetiger/ros2_ws/install/robot_1/lib/python3.10/site-packages:/home/whitetiger/ros2_ws/install/my_robot/lib/python3.10/site-packages:/opt/ros/iron/lib/python3.10/site-packages /usr/bin/python3 setup.py egg_info --egg-base ../../build/robot_1 build --build-base /home/whitetiger/ros2_ws/build/robot_1/build install --record /home/whitetiger/ros2_ws/build/robot_1/install.log --single-version-externally-managed
[14.778s] DEBUG:colcon.colcon_core.event_handler.log_command:Invoked command in '/home/whitetiger/ros2_ws/src/robot_1' returned '0': PYTHONPATH=/home/whitetiger/ros2_ws/build/robot_1/prefix_override:/home/whitetiger/ros2_ws/install/robot_1/lib/python3.10/site-packages:/home/whitetiger/ros2_ws/install/myrobot_interfaces/lib/python3.10/site-packages:/home/whitetiger/ros2_ws/install/robot_1/lib/python3.10/site-packages:/home/whitetiger/ros2_ws/install/my_robot/lib/python3.10/site-packages:/opt/ros/iron/lib/python3.10/site-packages /usr/bin/python3 setup.py egg_info --egg-base ../../build/robot_1 build --build-base /home/whitetiger/ros2_ws/build/robot_1/build install --record /home/whitetiger/ros2_ws/build/robot_1/install.log --single-version-externally-managed
[14.792s] Level 1:colcon.colcon_core.environment:checking '/home/whitetiger/ros2_ws/install/robot_1' for CMake module files
[14.792s] Level 1:colcon.colcon_core.environment:checking '/home/whitetiger/ros2_ws/install/robot_1' for CMake config files
[14.794s] Level 1:colcon.colcon_core.environment:checking '/home/whitetiger/ros2_ws/install/robot_1/lib'
[14.794s] Level 1:colcon.colcon_core.environment:checking '/home/whitetiger/ros2_ws/install/robot_1/bin'
[14.794s] Level 1:colcon.colcon_core.environment:checking '/home/whitetiger/ros2_ws/install/robot_1/lib/pkgconfig/robot_1.pc'
[14.794s] Level 1:colcon.colcon_core.environment:checking '/home/whitetiger/ros2_ws/install/robot_1/lib/python3.10/site-packages'
[14.795s] Level 1:colcon.colcon_core.shell:create_environment_hook('robot_1', 'pythonpath')
[14.818s] INFO:colcon.colcon_core.shell:Creating environment hook '/home/whitetiger/ros2_ws/install/robot_1/share/robot_1/hook/pythonpath.ps1'
[14.819s] INFO:colcon.colcon_core.shell:Creating environment descriptor '/home/whitetiger/ros2_ws/install/robot_1/share/robot_1/hook/pythonpath.dsv'
[14.819s] INFO:colcon.colcon_core.shell:Creating environment hook '/home/whitetiger/ros2_ws/install/robot_1/share/robot_1/hook/pythonpath.sh'
[14.820s] Level 1:colcon.colcon_core.environment:checking '/home/whitetiger/ros2_ws/install/robot_1/bin'
[14.820s] Level 1:colcon.colcon_core.environment:create_environment_scripts_only(robot_1)
[14.841s] INFO:colcon.colcon_core.shell:Creating package script '/home/whitetiger/ros2_ws/install/robot_1/share/robot_1/package.ps1'
[14.842s] INFO:colcon.colcon_core.shell:Creating package descriptor '/home/whitetiger/ros2_ws/install/robot_1/share/robot_1/package.dsv'
[14.843s] INFO:colcon.colcon_core.shell:Creating package script '/home/whitetiger/ros2_ws/install/robot_1/share/robot_1/package.sh'
[14.844s] INFO:colcon.colcon_core.shell:Creating package script '/home/whitetiger/ros2_ws/install/robot_1/share/robot_1/package.bash'
[14.846s] INFO:colcon.colcon_core.shell:Creating package script '/home/whitetiger/ros2_ws/install/robot_1/share/robot_1/package.zsh'
[14.847s] Level 1:colcon.colcon_core.environment:create_file_with_runtime_dependencies(/home/whitetiger/ros2_ws/install/robot_1/share/colcon-core/packages/robot_1)
[14.848s] DEBUG:colcon.colcon_parallel_executor.executor.parallel:closing loop
[14.848s] DEBUG:colcon.colcon_parallel_executor.executor.parallel:loop closed
[14.849s] DEBUG:colcon.colcon_parallel_executor.executor.parallel:run_until_complete finished with '0'
[14.849s] DEBUG:colcon.colcon_core.event_reactor:joining thread
[14.900s] INFO:colcon.colcon_core.plugin_system:Skipping extension 'colcon_notification.desktop_notification.terminal_notifier': Not used on non-Darwin systems
[14.900s] INFO:colcon.colcon_core.plugin_system:Skipping extension 'colcon_notification.desktop_notification.win32': Not used on non-Windows systems
[14.900s] INFO:colcon.colcon_notification.desktop_notification:Sending desktop notification using 'notify2'
[14.933s] DEBUG:colcon.colcon_core.event_reactor:joined thread
[14.958s] INFO:colcon.colcon_core.shell:Creating prefix script '/home/whitetiger/ros2_ws/install/local_setup.ps1'
[14.966s] INFO:colcon.colcon_core.shell:Creating prefix util module '/home/whitetiger/ros2_ws/install/_local_setup_util_ps1.py'
[14.970s] INFO:colcon.colcon_core.shell:Creating prefix chain script '/home/whitetiger/ros2_ws/install/setup.ps1'
[14.991s] INFO:colcon.colcon_core.shell:Creating prefix script '/home/whitetiger/ros2_ws/install/local_setup.sh'
[14.997s] INFO:colcon.colcon_core.shell:Creating prefix util module '/home/whitetiger/ros2_ws/install/_local_setup_util_sh.py'
[14.997s] INFO:colcon.colcon_core.shell:Creating prefix chain script '/home/whitetiger/ros2_ws/install/setup.sh'
[15.026s] INFO:colcon.colcon_core.shell:Creating prefix script '/home/whitetiger/ros2_ws/install/local_setup.bash'
[15.028s] INFO:colcon.colcon_core.shell:Creating prefix chain script '/home/whitetiger/ros2_ws/install/setup.bash'
[15.051s] INFO:colcon.colcon_core.shell:Creating prefix script '/home/whitetiger/ros2_ws/install/local_setup.zsh'
[15.057s] INFO:colcon.colcon_core.shell:Creating prefix chain script '/home/whitetiger/ros2_ws/install/setup.zsh'
