[0.774s] Invoking command in '/home/supakorn/ros2_ws/src/my_robot': PYTHONPATH=/home/supakorn/ros2_ws/build/my_robot/prefix_override:/home/supakorn/ros2_ws/install/my_robot/lib/python3.10/site-packages:${PYTHONPATH} /usr/bin/python3 setup.py egg_info --egg-base ../../build/my_robot build --build-base /home/supakorn/ros2_ws/build/my_robot/build install --record /home/supakorn/ros2_ws/build/my_robot/install.log --single-version-externally-managed
[1.028s] running egg_info
[1.029s] writing ../../build/my_robot/my_robot.egg-info/PKG-INFO
[1.029s] writing dependency_links to ../../build/my_robot/my_robot.egg-info/dependency_links.txt
[1.030s] writing entry points to ../../build/my_robot/my_robot.egg-info/entry_points.txt
[1.030s] writing requirements to ../../build/my_robot/my_robot.egg-info/requires.txt
[1.030s] writing top-level names to ../../build/my_robot/my_robot.egg-info/top_level.txt
[1.032s] reading manifest file '../../build/my_robot/my_robot.egg-info/SOURCES.txt'
[1.034s] writing manifest file '../../build/my_robot/my_robot.egg-info/SOURCES.txt'
[1.034s] running build
[1.034s] running build_py
[1.034s] running install
[1.034s] /usr/lib/python3/dist-packages/setuptools/command/install.py:34: SetuptoolsDeprecationWarning: setup.py install is deprecated. Use build and pip and other standards-based tools.
[1.034s]   warnings.warn(
[1.034s] running install_lib
[1.036s] running install_data
[1.038s] running install_egg_info
[1.039s] removing '/home/supakorn/ros2_ws/install/my_robot/lib/python3.10/site-packages/my_robot-0.0.0-py3.10.egg-info' (and everything under it)
[1.039s] Copying ../../build/my_robot/my_robot.egg-info to /home/supakorn/ros2_ws/install/my_robot/lib/python3.10/site-packages/my_robot-0.0.0-py3.10.egg-info
[1.041s] running install_scripts
[1.063s] Installing first_node script to /home/supakorn/ros2_ws/install/my_robot/lib/my_robot
[1.063s] writing list of installed files to '/home/supakorn/ros2_ws/build/my_robot/install.log'
[1.086s] Invoked command in '/home/supakorn/ros2_ws/src/my_robot' returned '0': PYTHONPATH=/home/supakorn/ros2_ws/build/my_robot/prefix_override:/home/supakorn/ros2_ws/install/my_robot/lib/python3.10/site-packages:${PYTHONPATH} /usr/bin/python3 setup.py egg_info --egg-base ../../build/my_robot build --build-base /home/supakorn/ros2_ws/build/my_robot/build install --record /home/supakorn/ros2_ws/build/my_robot/install.log --single-version-externally-managed
