[1.441s] Invoking command in '/home/supakorn/ros2_ws/build/robot_1': PYTHONPATH=/home/supakorn/ros2_ws/build/robot_1/prefix_override:/home/supakorn/ros2_ws/install/robot_1/lib/python3.10/site-packages:${PYTHONPATH} /usr/bin/python3 setup.py develop --editable --build-directory /home/supakorn/ros2_ws/build/robot_1/build --no-deps install_data
[1.725s] running develop
[1.734s] /usr/lib/python3/dist-packages/setuptools/command/easy_install.py:158: EasyInstallDeprecationWarning: easy_install command is deprecated. Use build and pip and other standards-based tools.
[1.735s]   warnings.warn(
[1.748s] /usr/lib/python3/dist-packages/setuptools/command/install.py:34: SetuptoolsDeprecationWarning: setup.py install is deprecated. Use build and pip and other standards-based tools.
[1.748s]   warnings.warn(
[1.936s] running egg_info
[1.936s] writing robot_1.egg-info/PKG-INFO
[1.936s] writing dependency_links to robot_1.egg-info/dependency_links.txt
[1.937s] writing entry points to robot_1.egg-info/entry_points.txt
[1.937s] writing requirements to robot_1.egg-info/requires.txt
[1.937s] writing top-level names to robot_1.egg-info/top_level.txt
[1.941s] reading manifest file 'robot_1.egg-info/SOURCES.txt'
[1.943s] writing manifest file 'robot_1.egg-info/SOURCES.txt'
[1.945s] running build_ext
[1.946s] Creating /home/supakorn/ros2_ws/install/robot_1/lib/python3.10/site-packages/robot-1.egg-link (link to .)
[1.947s] Installing first_pub script to /home/supakorn/ros2_ws/install/robot_1/lib/robot_1
[1.947s] Installing first_sup script to /home/supakorn/ros2_ws/install/robot_1/lib/robot_1
[1.947s] Installing second_sup script to /home/supakorn/ros2_ws/install/robot_1/lib/robot_1
[1.948s] Installing third_sup script to /home/supakorn/ros2_ws/install/robot_1/lib/robot_1
[1.948s] 
[1.948s] Installed /home/supakorn/ros2_ws/build/robot_1
[1.948s] running install_data
[1.981s] Invoked command in '/home/supakorn/ros2_ws/build/robot_1' returned '0': PYTHONPATH=/home/supakorn/ros2_ws/build/robot_1/prefix_override:/home/supakorn/ros2_ws/install/robot_1/lib/python3.10/site-packages:${PYTHONPATH} /usr/bin/python3 setup.py develop --editable --build-directory /home/supakorn/ros2_ws/build/robot_1/build --no-deps install_data
