[1.175s] Invoking command in '/home/supakorn/ros2_ws/build/robot_1': PYTHONPATH=/home/supakorn/ros2_ws/build/robot_1/prefix_override:/home/supakorn/ros2_ws/install/robot_1/lib/python3.10/site-packages:${PYTHONPATH} /usr/bin/python3 setup.py develop --editable --build-directory /home/supakorn/ros2_ws/build/robot_1/build --no-deps install_data
[1.447s] running develop
[1.467s] /usr/lib/python3/dist-packages/setuptools/command/easy_install.py:158: EasyInstallDeprecationWarning: easy_install command is deprecated. Use build and pip and other standards-based tools.
[1.467s]   warnings.warn(
[1.476s] /usr/lib/python3/dist-packages/setuptools/command/install.py:34: SetuptoolsDeprecationWarning: setup.py install is deprecated. Use build and pip and other standards-based tools.
[1.476s]   warnings.warn(
[1.655s] running egg_info
[1.656s] creating robot_1.egg-info
[1.656s] writing robot_1.egg-info/PKG-INFO
[1.656s] writing dependency_links to robot_1.egg-info/dependency_links.txt
[1.656s] writing entry points to robot_1.egg-info/entry_points.txt
[1.656s] writing requirements to robot_1.egg-info/requires.txt
[1.656s] writing top-level names to robot_1.egg-info/top_level.txt
[1.657s] writing manifest file 'robot_1.egg-info/SOURCES.txt'
[1.659s] reading manifest file 'robot_1.egg-info/SOURCES.txt'
[1.660s] writing manifest file 'robot_1.egg-info/SOURCES.txt'
[1.662s] running build_ext
[1.662s] Creating /home/supakorn/ros2_ws/install/robot_1/lib/python3.10/site-packages/robot-1.egg-link (link to .)
[1.664s] Installing first_pub script to /home/supakorn/ros2_ws/install/robot_1/lib/robot_1
[1.664s] 
[1.664s] Installed /home/supakorn/ros2_ws/build/robot_1
[1.664s] running install_data
[1.664s] creating /home/supakorn/ros2_ws/install/robot_1/share/ament_index
[1.665s] creating /home/supakorn/ros2_ws/install/robot_1/share/ament_index/resource_index
[1.665s] creating /home/supakorn/ros2_ws/install/robot_1/share/ament_index/resource_index/packages
[1.665s] copying resource/robot_1 -> /home/supakorn/ros2_ws/install/robot_1/share/ament_index/resource_index/packages
[1.665s] copying package.xml -> /home/supakorn/ros2_ws/install/robot_1/share/robot_1
[1.701s] Invoked command in '/home/supakorn/ros2_ws/build/robot_1' returned '0': PYTHONPATH=/home/supakorn/ros2_ws/build/robot_1/prefix_override:/home/supakorn/ros2_ws/install/robot_1/lib/python3.10/site-packages:${PYTHONPATH} /usr/bin/python3 setup.py develop --editable --build-directory /home/supakorn/ros2_ws/build/robot_1/build --no-deps install_data
