[0.957s] DEBUG:colcon:Command line arguments: ['/usr/bin/colcon', 'list', '-p', '--base-paths', '/home/predator/ros2_ws']
[0.958s] DEBUG:colcon:Parsed command line arguments: Namespace(log_base=None, log_level=None, verb_name='list', build_base='build', ignore_user_meta=False, metas=['./colcon.meta'], base_paths=['/home/predator/ros2_ws'], packages_ignore=None, packages_ignore_regex=None, paths=None, packages_up_to=None, packages_up_to_regex=None, packages_above=None, packages_above_and_dependencies=None, packages_above_depth=None, packages_select_by_dep=None, packages_skip_by_dep=None, packages_skip_up_to=None, packages_select_build_failed=False, packages_skip_build_finished=False, packages_select_test_failures=False, packages_skip_test_passed=False, packages_select=None, packages_skip=None, packages_select_regex=None, packages_skip_regex=None, packages_start=None, packages_end=None, allow_overriding=[], topological_order=False, names_only=False, paths_only=True, topological_graph=False, topological_graph_dot=False, topological_graph_density=False, topological_graph_legend=False, topological_graph_dot_cluster=False, topological_graph_dot_include_skipped=False, verb_parser=<colcon_defaults.argument_parser.defaults.DefaultArgumentsDecorator object at 0x7f4c3b47fa30>, verb_extension=<colcon_package_information.verb.list.ListVerb object at 0x7f4c3b4613c0>, main=<bound method ListVerb.main of <colcon_package_information.verb.list.ListVerb object at 0x7f4c3b4613c0>>)
[1.003s] Level 1:colcon.colcon_core.package_discovery:discover_packages(colcon_meta) check parameters
[1.003s] Level 1:colcon.colcon_core.package_discovery:discover_packages(recursive) check parameters
[1.003s] Level 1:colcon.colcon_core.package_discovery:discover_packages(ignore) check parameters
[1.003s] Level 1:colcon.colcon_core.package_discovery:discover_packages(path) check parameters
[1.003s] Level 1:colcon.colcon_core.package_discovery:discover_packages(recursive) discover
[1.004s] INFO:colcon.colcon_core.package_discovery:Crawling recursively for packages in '/home/predator/ros2_ws'
[1.004s] Level 1:colcon.colcon_core.package_identification:_identify(/home/predator/ros2_ws) by extensions ['ignore', 'ignore_ament_install']
[1.004s] Level 1:colcon.colcon_core.package_identification:_identify(/home/predator/ros2_ws) by extension 'ignore'
[1.004s] Level 1:colcon.colcon_core.package_identification:_identify(/home/predator/ros2_ws) by extension 'ignore_ament_install'
[1.004s] Level 1:colcon.colcon_core.package_identification:_identify(/home/predator/ros2_ws) by extensions ['colcon_pkg']
[1.004s] Level 1:colcon.colcon_core.package_identification:_identify(/home/predator/ros2_ws) by extension 'colcon_pkg'
[1.004s] Level 1:colcon.colcon_core.package_identification:_identify(/home/predator/ros2_ws) by extensions ['colcon_meta']
[1.004s] Level 1:colcon.colcon_core.package_identification:_identify(/home/predator/ros2_ws) by extension 'colcon_meta'
[1.004s] Level 1:colcon.colcon_core.package_identification:_identify(/home/predator/ros2_ws) by extensions ['ros']
[1.004s] Level 1:colcon.colcon_core.package_identification:_identify(/home/predator/ros2_ws) by extension 'ros'
[1.015s] Level 1:colcon.colcon_core.package_identification:_identify(/home/predator/ros2_ws) by extensions ['cmake', 'python']
[1.015s] Level 1:colcon.colcon_core.package_identification:_identify(/home/predator/ros2_ws) by extension 'cmake'
[1.015s] Level 1:colcon.colcon_core.package_identification:_identify(/home/predator/ros2_ws) by extension 'python'
[1.015s] Level 1:colcon.colcon_core.package_identification:_identify(/home/predator/ros2_ws) by extensions ['python_setup_py']
[1.015s] Level 1:colcon.colcon_core.package_identification:_identify(/home/predator/ros2_ws) by extension 'python_setup_py'
[1.015s] Level 1:colcon.colcon_core.package_identification:_identify(/home/predator/ros2_ws/build) by extensions ['ignore', 'ignore_ament_install']
[1.015s] Level 1:colcon.colcon_core.package_identification:_identify(/home/predator/ros2_ws/build) by extension 'ignore'
[1.015s] Level 1:colcon.colcon_core.package_identification:_identify(/home/predator/ros2_ws/build) ignored
[1.015s] Level 1:colcon.colcon_core.package_identification:_identify(/home/predator/ros2_ws/install) by extensions ['ignore', 'ignore_ament_install']
[1.015s] Level 1:colcon.colcon_core.package_identification:_identify(/home/predator/ros2_ws/install) by extension 'ignore'
[1.015s] Level 1:colcon.colcon_core.package_identification:_identify(/home/predator/ros2_ws/install) ignored
[1.015s] Level 1:colcon.colcon_core.package_identification:_identify(/home/predator/ros2_ws/log) by extensions ['ignore', 'ignore_ament_install']
[1.015s] Level 1:colcon.colcon_core.package_identification:_identify(/home/predator/ros2_ws/log) by extension 'ignore'
[1.015s] Level 1:colcon.colcon_core.package_identification:_identify(/home/predator/ros2_ws/log) ignored
[1.016s] Level 1:colcon.colcon_core.package_identification:_identify(/home/predator/ros2_ws/src) by extensions ['ignore', 'ignore_ament_install']
[1.016s] Level 1:colcon.colcon_core.package_identification:_identify(/home/predator/ros2_ws/src) by extension 'ignore'
[1.016s] Level 1:colcon.colcon_core.package_identification:_identify(/home/predator/ros2_ws/src) by extension 'ignore_ament_install'
[1.016s] Level 1:colcon.colcon_core.package_identification:_identify(/home/predator/ros2_ws/src) by extensions ['colcon_pkg']
[1.016s] Level 1:colcon.colcon_core.package_identification:_identify(/home/predator/ros2_ws/src) by extension 'colcon_pkg'
[1.016s] Level 1:colcon.colcon_core.package_identification:_identify(/home/predator/ros2_ws/src) by extensions ['colcon_meta']
[1.016s] Level 1:colcon.colcon_core.package_identification:_identify(/home/predator/ros2_ws/src) by extension 'colcon_meta'
[1.016s] Level 1:colcon.colcon_core.package_identification:_identify(/home/predator/ros2_ws/src) by extensions ['ros']
[1.016s] Level 1:colcon.colcon_core.package_identification:_identify(/home/predator/ros2_ws/src) by extension 'ros'
[1.016s] Level 1:colcon.colcon_core.package_identification:_identify(/home/predator/ros2_ws/src) by extensions ['cmake', 'python']
[1.016s] Level 1:colcon.colcon_core.package_identification:_identify(/home/predator/ros2_ws/src) by extension 'cmake'
[1.016s] Level 1:colcon.colcon_core.package_identification:_identify(/home/predator/ros2_ws/src) by extension 'python'
[1.016s] Level 1:colcon.colcon_core.package_identification:_identify(/home/predator/ros2_ws/src) by extensions ['python_setup_py']
[1.016s] Level 1:colcon.colcon_core.package_identification:_identify(/home/predator/ros2_ws/src) by extension 'python_setup_py'
[1.016s] Level 1:colcon.colcon_core.package_identification:_identify(/home/predator/ros2_ws/src/build) by extensions ['ignore', 'ignore_ament_install']
[1.016s] Level 1:colcon.colcon_core.package_identification:_identify(/home/predator/ros2_ws/src/build) by extension 'ignore'
[1.016s] Level 1:colcon.colcon_core.package_identification:_identify(/home/predator/ros2_ws/src/build) ignored
[1.016s] Level 1:colcon.colcon_core.package_identification:_identify(/home/predator/ros2_ws/src/install) by extensions ['ignore', 'ignore_ament_install']
[1.016s] Level 1:colcon.colcon_core.package_identification:_identify(/home/predator/ros2_ws/src/install) by extension 'ignore'
[1.016s] Level 1:colcon.colcon_core.package_identification:_identify(/home/predator/ros2_ws/src/install) ignored
[1.017s] Level 1:colcon.colcon_core.package_identification:_identify(/home/predator/ros2_ws/src/log) by extensions ['ignore', 'ignore_ament_install']
[1.017s] Level 1:colcon.colcon_core.package_identification:_identify(/home/predator/ros2_ws/src/log) by extension 'ignore'
[1.017s] Level 1:colcon.colcon_core.package_identification:_identify(/home/predator/ros2_ws/src/log) ignored
[1.017s] Level 1:colcon.colcon_core.package_identification:_identify(/home/predator/ros2_ws/src/my_robot) by extensions ['ignore', 'ignore_ament_install']
[1.017s] Level 1:colcon.colcon_core.package_identification:_identify(/home/predator/ros2_ws/src/my_robot) by extension 'ignore'
[1.017s] Level 1:colcon.colcon_core.package_identification:_identify(/home/predator/ros2_ws/src/my_robot) by extension 'ignore_ament_install'
[1.017s] Level 1:colcon.colcon_core.package_identification:_identify(/home/predator/ros2_ws/src/my_robot) by extensions ['colcon_pkg']
[1.017s] Level 1:colcon.colcon_core.package_identification:_identify(/home/predator/ros2_ws/src/my_robot) by extension 'colcon_pkg'
[1.017s] Level 1:colcon.colcon_core.package_identification:_identify(/home/predator/ros2_ws/src/my_robot) by extensions ['colcon_meta']
[1.017s] Level 1:colcon.colcon_core.package_identification:_identify(/home/predator/ros2_ws/src/my_robot) by extension 'colcon_meta'
[1.017s] Level 1:colcon.colcon_core.package_identification:_identify(/home/predator/ros2_ws/src/my_robot) by extensions ['ros']
[1.017s] Level 1:colcon.colcon_core.package_identification:_identify(/home/predator/ros2_ws/src/my_robot) by extension 'ros'
[1.019s] DEBUG:colcon.colcon_core.package_identification:Package '/home/predator/ros2_ws/src/my_robot' with type 'ros.ament_python' and name 'my_robot'
[1.019s] Level 1:colcon.colcon_core.package_identification:_identify(/home/predator/ros2_ws/src/myrobot_interfaces) by extensions ['ignore', 'ignore_ament_install']
[1.019s] Level 1:colcon.colcon_core.package_identification:_identify(/home/predator/ros2_ws/src/myrobot_interfaces) by extension 'ignore'
[1.020s] Level 1:colcon.colcon_core.package_identification:_identify(/home/predator/ros2_ws/src/myrobot_interfaces) by extension 'ignore_ament_install'
[1.020s] Level 1:colcon.colcon_core.package_identification:_identify(/home/predator/ros2_ws/src/myrobot_interfaces) by extensions ['colcon_pkg']
[1.020s] Level 1:colcon.colcon_core.package_identification:_identify(/home/predator/ros2_ws/src/myrobot_interfaces) by extension 'colcon_pkg'
[1.020s] Level 1:colcon.colcon_core.package_identification:_identify(/home/predator/ros2_ws/src/myrobot_interfaces) by extensions ['colcon_meta']
[1.020s] Level 1:colcon.colcon_core.package_identification:_identify(/home/predator/ros2_ws/src/myrobot_interfaces) by extension 'colcon_meta'
[1.020s] Level 1:colcon.colcon_core.package_identification:_identify(/home/predator/ros2_ws/src/myrobot_interfaces) by extensions ['ros']
[1.020s] Level 1:colcon.colcon_core.package_identification:_identify(/home/predator/ros2_ws/src/myrobot_interfaces) by extension 'ros'
[1.020s] DEBUG:colcon.colcon_core.package_identification:Package '/home/predator/ros2_ws/src/myrobot_interfaces' with type 'ros.ament_cmake' and name 'myrobot_interfaces'
[1.020s] Level 1:colcon.colcon_core.package_identification:_identify(/home/predator/ros2_ws/src/robot_1) by extensions ['ignore', 'ignore_ament_install']
[1.020s] Level 1:colcon.colcon_core.package_identification:_identify(/home/predator/ros2_ws/src/robot_1) by extension 'ignore'
[1.020s] Level 1:colcon.colcon_core.package_identification:_identify(/home/predator/ros2_ws/src/robot_1) by extension 'ignore_ament_install'
[1.020s] Level 1:colcon.colcon_core.package_identification:_identify(/home/predator/ros2_ws/src/robot_1) by extensions ['colcon_pkg']
[1.021s] Level 1:colcon.colcon_core.package_identification:_identify(/home/predator/ros2_ws/src/robot_1) by extension 'colcon_pkg'
[1.021s] Level 1:colcon.colcon_core.package_identification:_identify(/home/predator/ros2_ws/src/robot_1) by extensions ['colcon_meta']
[1.021s] Level 1:colcon.colcon_core.package_identification:_identify(/home/predator/ros2_ws/src/robot_1) by extension 'colcon_meta'
[1.021s] Level 1:colcon.colcon_core.package_identification:_identify(/home/predator/ros2_ws/src/robot_1) by extensions ['ros']
[1.021s] Level 1:colcon.colcon_core.package_identification:_identify(/home/predator/ros2_ws/src/robot_1) by extension 'ros'
[1.021s] DEBUG:colcon.colcon_core.package_identification:Package '/home/predator/ros2_ws/src/robot_1' with type 'ros.ament_python' and name 'robot_1'
[1.021s] Level 1:colcon.colcon_core.package_discovery:discover_packages(recursive) using defaults
