[0.081s] Invoking command in '/home/supakorn/ros2_ws/build/myrobot_interfaces': CMAKE_PREFIX_PATH=${CMAKE_PREFIX_PATH}:/home/supakorn/ros2_ws/install/robot_1:/home/supakorn/ros2_ws/install/my_robot:/opt/ros/iron /usr/bin/cmake --build /home/supakorn/ros2_ws/build/myrobot_interfaces -- -j4 -l4
[0.132s] -- Found ament_lint_auto: 0.14.2 (/opt/ros/iron/share/ament_lint_auto/cmake)
[0.364s] -- Found ament_cmake: 2.0.3 (/opt/ros/iron/share/ament_cmake/cmake)
[0.371s] -- Found rosidl_default_generators: 1.5.0 (/opt/ros/iron/share/rosidl_default_generators/cmake)
[0.373s] -- Using all available rosidl_typesupport_c: rosidl_typesupport_fastrtps_c;rosidl_typesupport_introspection_c
[0.515s] -- Using all available rosidl_typesupport_cpp: rosidl_typesupport_fastrtps_cpp;rosidl_typesupport_introspection_cpp
[0.546s] -- Found rosidl_adapter: 4.0.1 (/opt/ros/iron/share/rosidl_adapter/cmake)
[0.805s] -- Found ament_cmake_ros: 0.11.2 (/opt/ros/iron/share/ament_cmake_ros/cmake)
[1.003s] -- Using all available rosidl_typesupport_c: rosidl_typesupport_fastrtps_c;rosidl_typesupport_introspection_c
[1.261s] -- Using all available rosidl_typesupport_cpp: rosidl_typesupport_fastrtps_cpp;rosidl_typesupport_introspection_cpp
[1.286s] -- Found python_cmake_module: 0.10.2 (/opt/ros/iron/share/python_cmake_module/cmake)
[1.310s] -- Using PYTHON_EXECUTABLE: /usr/bin/python3
[1.310s] -- Using PYTHON_INCLUDE_DIRS: /usr/include/python3.10
[1.310s] -- Using PYTHON_LIBRARIES: /usr/lib/x86_64-linux-gnu/libpython3.10.so
[1.325s] -- Added test 'lint_cmake' to check CMake code style
[1.327s] -- Added test 'xmllint' to check XML markup files
[1.330s] -- Configuring done
[1.375s] -- Generating done
[1.382s] -- Build files have been written to: /home/supakorn/ros2_ws/build/myrobot_interfaces
[1.426s] [  2%] [34m[1mGenerating type hashes for ROS interfaces[0m
[1.437s] [  2%] Built target ament_cmake_python_copy_myrobot_interfaces
[1.638s] [  2%] Built target myrobot_interfaces__rosidl_generator_type_description
[1.652s] [  5%] [34m[1mGenerating C code for ROS interfaces[0m
[1.669s] [  8%] [34m[1mGenerating C++ code for ROS interfaces[0m
[1.711s] running egg_info
[1.712s] writing myrobot_interfaces.egg-info/PKG-INFO
[1.713s] writing dependency_links to myrobot_interfaces.egg-info/dependency_links.txt
[1.713s] writing top-level names to myrobot_interfaces.egg-info/top_level.txt
[1.716s] reading manifest file 'myrobot_interfaces.egg-info/SOURCES.txt'
[1.717s] writing manifest file 'myrobot_interfaces.egg-info/SOURCES.txt'
[1.761s] [  8%] Built target ament_cmake_python_build_myrobot_interfaces_egg
[1.962s] [  8%] Built target myrobot_interfaces__cpp
[1.983s] [35m[1mConsolidate compiler generated dependencies of target myrobot_interfaces__rosidl_generator_c[0m
[1.999s] [ 14%] [32mBuilding C object CMakeFiles/myrobot_interfaces__rosidl_generator_c.dir/rosidl_generator_c/myrobot_interfaces/msg/detail/h_wstatus__functions.c.o[0m
[1.999s] [ 17%] [32mBuilding C object CMakeFiles/myrobot_interfaces__rosidl_generator_c.dir/rosidl_generator_c/myrobot_interfaces/msg/detail/h_wstatus__type_support.c.o[0m
[2.000s] [ 17%] [32mBuilding C object CMakeFiles/myrobot_interfaces__rosidl_generator_c.dir/rosidl_generator_c/myrobot_interfaces/msg/detail/h_wstatus__description.c.o[0m
[2.130s] [ 20%] [32m[1mLinking C shared library libmyrobot_interfaces__rosidl_generator_c.so[0m
[2.179s] [ 20%] Built target myrobot_interfaces__rosidl_generator_c
[2.193s] [ 26%] [34m[1mGenerating C introspection for ROS interfaces[0m
[2.195s] [ 29%] [34m[1mGenerating C++ type support for eProsima Fast-RTPS[0m
[2.196s] [ 29%] [34m[1mGenerating C type support for eProsima Fast-RTPS[0m
[2.202s] [ 32%] [34m[1mGenerating C type support dispatch for ROS interfaces[0m
[2.453s] [35m[1mConsolidate compiler generated dependencies of target myrobot_interfaces__rosidl_typesupport_introspection_c[0m
[2.477s] [ 35%] [32mBuilding C object CMakeFiles/myrobot_interfaces__rosidl_typesupport_introspection_c.dir/rosidl_typesupport_introspection_c/myrobot_interfaces/msg/detail/h_wstatus__type_support.c.o[0m
[2.531s] [ 38%] [32m[1mLinking C shared library libmyrobot_interfaces__rosidl_typesupport_introspection_c.so[0m
[2.554s] [35m[1mConsolidate compiler generated dependencies of target myrobot_interfaces__rosidl_typesupport_fastrtps_c[0m
[2.561s] [35m[1mConsolidate compiler generated dependencies of target myrobot_interfaces__rosidl_typesupport_c[0m
[2.578s] [ 41%] [32mBuilding CXX object CMakeFiles/myrobot_interfaces__rosidl_typesupport_fastrtps_c.dir/rosidl_typesupport_fastrtps_c/myrobot_interfaces/msg/detail/h_wstatus__type_support_c.cpp.o[0m
[2.580s] [ 44%] [32mBuilding CXX object CMakeFiles/myrobot_interfaces__rosidl_typesupport_c.dir/rosidl_typesupport_c/myrobot_interfaces/msg/h_wstatus__type_support.cpp.o[0m
[2.585s] [35m[1mConsolidate compiler generated dependencies of target myrobot_interfaces__rosidl_typesupport_fastrtps_cpp[0m
[2.597s] [ 44%] Built target myrobot_interfaces__rosidl_typesupport_introspection_c
[2.611s] [ 47%] [34m[1mGenerating C++ introspection for ROS interfaces[0m
[2.618s] [ 50%] [32mBuilding CXX object CMakeFiles/myrobot_interfaces__rosidl_typesupport_fastrtps_cpp.dir/rosidl_typesupport_fastrtps_cpp/myrobot_interfaces/msg/detail/dds_fastrtps/h_wstatus__type_support.cpp.o[0m
[2.676s] [ 52%] [32m[1mLinking CXX shared library libmyrobot_interfaces__rosidl_typesupport_c.so[0m
[2.871s] [ 52%] Built target myrobot_interfaces__rosidl_typesupport_c
[2.874s] [35m[1mConsolidate compiler generated dependencies of target myrobot_interfaces__rosidl_typesupport_introspection_cpp[0m
[2.898s] [ 55%] [32mBuilding CXX object CMakeFiles/myrobot_interfaces__rosidl_typesupport_introspection_cpp.dir/rosidl_typesupport_introspection_cpp/myrobot_interfaces/msg/detail/h_wstatus__type_support.cpp.o[0m
[2.917s] [ 58%] [34m[1mGenerating C++ type support dispatch for ROS interfaces[0m
[3.082s] [ 61%] [32m[1mLinking CXX shared library libmyrobot_interfaces__rosidl_typesupport_fastrtps_c.so[0m
[3.265s] [35m[1mConsolidate compiler generated dependencies of target myrobot_interfaces__rosidl_typesupport_cpp[0m
[3.305s] [ 64%] [32mBuilding CXX object CMakeFiles/myrobot_interfaces__rosidl_typesupport_cpp.dir/rosidl_typesupport_cpp/myrobot_interfaces/msg/h_wstatus__type_support.cpp.o[0m
[3.331s] [ 64%] Built target myrobot_interfaces__rosidl_typesupport_fastrtps_c
[3.366s] [ 67%] [32m[1mLinking CXX shared library libmyrobot_interfaces__rosidl_typesupport_introspection_cpp.so[0m
[3.367s] [ 70%] [32m[1mLinking CXX shared library libmyrobot_interfaces__rosidl_typesupport_fastrtps_cpp.so[0m
[3.470s] [ 70%] Built target myrobot_interfaces__rosidl_typesupport_introspection_cpp
[3.489s] [ 70%] Built target myrobot_interfaces__rosidl_typesupport_fastrtps_cpp
[3.702s] [ 73%] [32m[1mLinking CXX shared library libmyrobot_interfaces__rosidl_typesupport_cpp.so[0m
[3.752s] [ 73%] Built target myrobot_interfaces__rosidl_typesupport_cpp
[3.778s] [ 73%] Built target myrobot_interfaces
[3.805s] [ 76%] [34m[1mGenerating Python code for ROS interfaces[0m
[4.102s] [ 76%] Built target myrobot_interfaces__py
[4.119s] [35m[1mConsolidate compiler generated dependencies of target myrobot_interfaces__rosidl_generator_py[0m
[4.137s] [ 79%] [32mBuilding C object CMakeFiles/myrobot_interfaces__rosidl_generator_py.dir/rosidl_generator_py/myrobot_interfaces/msg/_h_wstatus_s.c.o[0m
[4.249s] [ 82%] [32m[1mLinking C shared library rosidl_generator_py/myrobot_interfaces/libmyrobot_interfaces__rosidl_generator_py.so[0m
[4.296s] [ 82%] Built target myrobot_interfaces__rosidl_generator_py
[4.309s] [35m[1mConsolidate compiler generated dependencies of target myrobot_interfaces__rosidl_typesupport_introspection_c__pyext[0m
[4.311s] [35m[1mConsolidate compiler generated dependencies of target myrobot_interfaces__rosidl_typesupport_fastrtps_c__pyext[0m
[4.311s] [35m[1mConsolidate compiler generated dependencies of target myrobot_interfaces__rosidl_typesupport_c__pyext[0m
[4.333s] [ 88%] [32mBuilding C object CMakeFiles/myrobot_interfaces__rosidl_typesupport_fastrtps_c__pyext.dir/rosidl_generator_py/myrobot_interfaces/_myrobot_interfaces_s.ep.rosidl_typesupport_fastrtps_c.c.o[0m
[4.334s] [ 91%] [32mBuilding C object CMakeFiles/myrobot_interfaces__rosidl_typesupport_c__pyext.dir/rosidl_generator_py/myrobot_interfaces/_myrobot_interfaces_s.ep.rosidl_typesupport_c.c.o[0m
[4.334s] [ 91%] [32mBuilding C object CMakeFiles/myrobot_interfaces__rosidl_typesupport_introspection_c__pyext.dir/rosidl_generator_py/myrobot_interfaces/_myrobot_interfaces_s.ep.rosidl_typesupport_introspection_c.c.o[0m
[4.447s] [ 94%] [32m[1mLinking C shared library rosidl_generator_py/myrobot_interfaces/myrobot_interfaces_s__rosidl_typesupport_c.cpython-310-x86_64-linux-gnu.so[0m
[4.450s] [ 97%] [32m[1mLinking C shared library rosidl_generator_py/myrobot_interfaces/myrobot_interfaces_s__rosidl_typesupport_introspection_c.cpython-310-x86_64-linux-gnu.so[0m
[4.453s] [100%] [32m[1mLinking C shared library rosidl_generator_py/myrobot_interfaces/myrobot_interfaces_s__rosidl_typesupport_fastrtps_c.cpython-310-x86_64-linux-gnu.so[0m
[4.488s] [100%] Built target myrobot_interfaces__rosidl_typesupport_c__pyext
[4.502s] [100%] Built target myrobot_interfaces__rosidl_typesupport_introspection_c__pyext
[4.504s] [100%] Built target myrobot_interfaces__rosidl_typesupport_fastrtps_c__pyext
[4.519s] Invoked command in '/home/supakorn/ros2_ws/build/myrobot_interfaces' returned '0': CMAKE_PREFIX_PATH=${CMAKE_PREFIX_PATH}:/home/supakorn/ros2_ws/install/robot_1:/home/supakorn/ros2_ws/install/my_robot:/opt/ros/iron /usr/bin/cmake --build /home/supakorn/ros2_ws/build/myrobot_interfaces -- -j4 -l4
[4.629s] Invoking command in '/home/supakorn/ros2_ws/build/myrobot_interfaces': CMAKE_PREFIX_PATH=${CMAKE_PREFIX_PATH}:/home/supakorn/ros2_ws/install/robot_1:/home/supakorn/ros2_ws/install/my_robot:/opt/ros/iron /usr/bin/cmake --install /home/supakorn/ros2_ws/build/myrobot_interfaces
[4.640s] -- Install configuration: ""
[4.640s] -- Up-to-date: /home/supakorn/ros2_ws/install/myrobot_interfaces/share/ament_index/resource_index/rosidl_interfaces/myrobot_interfaces
[4.640s] -- Installing: /home/supakorn/ros2_ws/install/myrobot_interfaces/share/myrobot_interfaces/msg/HWstatus.json
[4.640s] -- Up-to-date: /home/supakorn/ros2_ws/install/myrobot_interfaces/include/myrobot_interfaces/myrobot_interfaces
[4.640s] -- Up-to-date: /home/supakorn/ros2_ws/install/myrobot_interfaces/include/myrobot_interfaces/myrobot_interfaces/msg
[4.640s] -- Up-to-date: /home/supakorn/ros2_ws/install/myrobot_interfaces/include/myrobot_interfaces/myrobot_interfaces/msg/detail
[4.640s] -- Installing: /home/supakorn/ros2_ws/install/myrobot_interfaces/include/myrobot_interfaces/myrobot_interfaces/msg/detail/h_wstatus__functions.h
[4.641s] -- Installing: /home/supakorn/ros2_ws/install/myrobot_interfaces/include/myrobot_interfaces/myrobot_interfaces/msg/detail/h_wstatus__struct.h
[4.641s] -- Installing: /home/supakorn/ros2_ws/install/myrobot_interfaces/include/myrobot_interfaces/myrobot_interfaces/msg/detail/h_wstatus__type_support.h
[4.641s] -- Installing: /home/supakorn/ros2_ws/install/myrobot_interfaces/include/myrobot_interfaces/myrobot_interfaces/msg/detail/h_wstatus__functions.c
[4.641s] -- Installing: /home/supakorn/ros2_ws/install/myrobot_interfaces/include/myrobot_interfaces/myrobot_interfaces/msg/detail/h_wstatus__type_support.c
[4.641s] -- Installing: /home/supakorn/ros2_ws/install/myrobot_interfaces/include/myrobot_interfaces/myrobot_interfaces/msg/detail/h_wstatus__description.c
[4.641s] -- Up-to-date: /home/supakorn/ros2_ws/install/myrobot_interfaces/include/myrobot_interfaces/myrobot_interfaces/msg/rosidl_generator_c__visibility_control.h
[4.641s] -- Installing: /home/supakorn/ros2_ws/install/myrobot_interfaces/include/myrobot_interfaces/myrobot_interfaces/msg/h_wstatus.h
[4.642s] -- Up-to-date: /home/supakorn/ros2_ws/install/myrobot_interfaces/share/myrobot_interfaces/environment/library_path.sh
[4.642s] -- Up-to-date: /home/supakorn/ros2_ws/install/myrobot_interfaces/share/myrobot_interfaces/environment/library_path.dsv
[4.642s] -- Installing: /home/supakorn/ros2_ws/install/myrobot_interfaces/lib/libmyrobot_interfaces__rosidl_generator_c.so
[4.643s] -- Set runtime path of "/home/supakorn/ros2_ws/install/myrobot_interfaces/lib/libmyrobot_interfaces__rosidl_generator_c.so" to ""
[4.643s] -- Up-to-date: /home/supakorn/ros2_ws/install/myrobot_interfaces/include/myrobot_interfaces/myrobot_interfaces
[4.643s] -- Up-to-date: /home/supakorn/ros2_ws/install/myrobot_interfaces/include/myrobot_interfaces/myrobot_interfaces/msg
[4.643s] -- Up-to-date: /home/supakorn/ros2_ws/install/myrobot_interfaces/include/myrobot_interfaces/myrobot_interfaces/msg/detail
[4.643s] -- Installing: /home/supakorn/ros2_ws/install/myrobot_interfaces/include/myrobot_interfaces/myrobot_interfaces/msg/detail/h_wstatus__rosidl_typesupport_fastrtps_c.h
[4.643s] -- Up-to-date: /home/supakorn/ros2_ws/install/myrobot_interfaces/include/myrobot_interfaces/myrobot_interfaces/msg/rosidl_typesupport_fastrtps_c__visibility_control.h
[4.643s] -- Installing: /home/supakorn/ros2_ws/install/myrobot_interfaces/lib/libmyrobot_interfaces__rosidl_typesupport_fastrtps_c.so
[4.645s] -- Set runtime path of "/home/supakorn/ros2_ws/install/myrobot_interfaces/lib/libmyrobot_interfaces__rosidl_typesupport_fastrtps_c.so" to ""
[4.645s] -- Up-to-date: /home/supakorn/ros2_ws/install/myrobot_interfaces/include/myrobot_interfaces/myrobot_interfaces
[4.645s] -- Up-to-date: /home/supakorn/ros2_ws/install/myrobot_interfaces/include/myrobot_interfaces/myrobot_interfaces/msg
[4.645s] -- Up-to-date: /home/supakorn/ros2_ws/install/myrobot_interfaces/include/myrobot_interfaces/myrobot_interfaces/msg/detail
[4.645s] -- Installing: /home/supakorn/ros2_ws/install/myrobot_interfaces/include/myrobot_interfaces/myrobot_interfaces/msg/detail/h_wstatus__rosidl_typesupport_introspection_c.h
[4.645s] -- Installing: /home/supakorn/ros2_ws/install/myrobot_interfaces/include/myrobot_interfaces/myrobot_interfaces/msg/detail/h_wstatus__type_support.c
[4.645s] -- Up-to-date: /home/supakorn/ros2_ws/install/myrobot_interfaces/include/myrobot_interfaces/myrobot_interfaces/msg/rosidl_typesupport_introspection_c__visibility_control.h
[4.646s] -- Installing: /home/supakorn/ros2_ws/install/myrobot_interfaces/lib/libmyrobot_interfaces__rosidl_typesupport_introspection_c.so
[4.646s] -- Set runtime path of "/home/supakorn/ros2_ws/install/myrobot_interfaces/lib/libmyrobot_interfaces__rosidl_typesupport_introspection_c.so" to ""
[4.652s] -- Installing: /home/supakorn/ros2_ws/install/myrobot_interfaces/lib/libmyrobot_interfaces__rosidl_typesupport_c.so
[4.652s] -- Set runtime path of "/home/supakorn/ros2_ws/install/myrobot_interfaces/lib/libmyrobot_interfaces__rosidl_typesupport_c.so" to ""
[4.652s] -- Up-to-date: /home/supakorn/ros2_ws/install/myrobot_interfaces/include/myrobot_interfaces/myrobot_interfaces
[4.653s] -- Up-to-date: /home/supakorn/ros2_ws/install/myrobot_interfaces/include/myrobot_interfaces/myrobot_interfaces/msg
[4.653s] -- Up-to-date: /home/supakorn/ros2_ws/install/myrobot_interfaces/include/myrobot_interfaces/myrobot_interfaces/msg/detail
[4.653s] -- Installing: /home/supakorn/ros2_ws/install/myrobot_interfaces/include/myrobot_interfaces/myrobot_interfaces/msg/detail/h_wstatus__builder.hpp
[4.653s] -- Installing: /home/supakorn/ros2_ws/install/myrobot_interfaces/include/myrobot_interfaces/myrobot_interfaces/msg/detail/h_wstatus__struct.hpp
[4.653s] -- Installing: /home/supakorn/ros2_ws/install/myrobot_interfaces/include/myrobot_interfaces/myrobot_interfaces/msg/detail/h_wstatus__traits.hpp
[4.653s] -- Installing: /home/supakorn/ros2_ws/install/myrobot_interfaces/include/myrobot_interfaces/myrobot_interfaces/msg/h_wstatus.hpp
[4.654s] -- Up-to-date: /home/supakorn/ros2_ws/install/myrobot_interfaces/include/myrobot_interfaces/myrobot_interfaces
[4.654s] -- Up-to-date: /home/supakorn/ros2_ws/install/myrobot_interfaces/include/myrobot_interfaces/myrobot_interfaces/msg
[4.654s] -- Up-to-date: /home/supakorn/ros2_ws/install/myrobot_interfaces/include/myrobot_interfaces/myrobot_interfaces/msg/detail
[4.654s] -- Up-to-date: /home/supakorn/ros2_ws/install/myrobot_interfaces/include/myrobot_interfaces/myrobot_interfaces/msg/detail/dds_fastrtps
[4.655s] -- Installing: /home/supakorn/ros2_ws/install/myrobot_interfaces/include/myrobot_interfaces/myrobot_interfaces/msg/detail/h_wstatus__rosidl_typesupport_fastrtps_cpp.hpp
[4.655s] -- Up-to-date: /home/supakorn/ros2_ws/install/myrobot_interfaces/include/myrobot_interfaces/myrobot_interfaces/msg/rosidl_typesupport_fastrtps_cpp__visibility_control.h
[4.655s] -- Installing: /home/supakorn/ros2_ws/install/myrobot_interfaces/lib/libmyrobot_interfaces__rosidl_typesupport_fastrtps_cpp.so
[4.655s] -- Set runtime path of "/home/supakorn/ros2_ws/install/myrobot_interfaces/lib/libmyrobot_interfaces__rosidl_typesupport_fastrtps_cpp.so" to ""
[4.655s] -- Up-to-date: /home/supakorn/ros2_ws/install/myrobot_interfaces/include/myrobot_interfaces/myrobot_interfaces
[4.655s] -- Up-to-date: /home/supakorn/ros2_ws/install/myrobot_interfaces/include/myrobot_interfaces/myrobot_interfaces/msg
[4.655s] -- Up-to-date: /home/supakorn/ros2_ws/install/myrobot_interfaces/include/myrobot_interfaces/myrobot_interfaces/msg/detail
[4.655s] -- Installing: /home/supakorn/ros2_ws/install/myrobot_interfaces/include/myrobot_interfaces/myrobot_interfaces/msg/detail/h_wstatus__type_support.cpp
[4.656s] -- Installing: /home/supakorn/ros2_ws/install/myrobot_interfaces/include/myrobot_interfaces/myrobot_interfaces/msg/detail/h_wstatus__rosidl_typesupport_introspection_cpp.hpp
[4.656s] -- Installing: /home/supakorn/ros2_ws/install/myrobot_interfaces/lib/libmyrobot_interfaces__rosidl_typesupport_introspection_cpp.so
[4.656s] -- Set runtime path of "/home/supakorn/ros2_ws/install/myrobot_interfaces/lib/libmyrobot_interfaces__rosidl_typesupport_introspection_cpp.so" to ""
[4.656s] -- Installing: /home/supakorn/ros2_ws/install/myrobot_interfaces/lib/libmyrobot_interfaces__rosidl_typesupport_cpp.so
[4.656s] -- Set runtime path of "/home/supakorn/ros2_ws/install/myrobot_interfaces/lib/libmyrobot_interfaces__rosidl_typesupport_cpp.so" to ""
[4.656s] -- Up-to-date: /home/supakorn/ros2_ws/install/myrobot_interfaces/share/myrobot_interfaces/environment/pythonpath.sh
[4.656s] -- Up-to-date: /home/supakorn/ros2_ws/install/myrobot_interfaces/share/myrobot_interfaces/environment/pythonpath.dsv
[4.656s] -- Up-to-date: /home/supakorn/ros2_ws/install/myrobot_interfaces/lib/python3.10/site-packages/myrobot_interfaces-0.0.0-py3.10.egg-info
[4.656s] -- Installing: /home/supakorn/ros2_ws/install/myrobot_interfaces/lib/python3.10/site-packages/myrobot_interfaces-0.0.0-py3.10.egg-info/top_level.txt
[4.656s] -- Installing: /home/supakorn/ros2_ws/install/myrobot_interfaces/lib/python3.10/site-packages/myrobot_interfaces-0.0.0-py3.10.egg-info/dependency_links.txt
[4.656s] -- Installing: /home/supakorn/ros2_ws/install/myrobot_interfaces/lib/python3.10/site-packages/myrobot_interfaces-0.0.0-py3.10.egg-info/SOURCES.txt
[4.656s] -- Installing: /home/supakorn/ros2_ws/install/myrobot_interfaces/lib/python3.10/site-packages/myrobot_interfaces-0.0.0-py3.10.egg-info/PKG-INFO
[4.656s] -- Up-to-date: /home/supakorn/ros2_ws/install/myrobot_interfaces/lib/python3.10/site-packages/myrobot_interfaces
[4.656s] -- Installing: /home/supakorn/ros2_ws/install/myrobot_interfaces/lib/python3.10/site-packages/myrobot_interfaces/libmyrobot_interfaces__rosidl_generator_py.so
[4.657s] -- Installing: /home/supakorn/ros2_ws/install/myrobot_interfaces/lib/python3.10/site-packages/myrobot_interfaces/myrobot_interfaces_s__rosidl_typesupport_c.cpython-310-x86_64-linux-gnu.so
[4.657s] -- Installing: /home/supakorn/ros2_ws/install/myrobot_interfaces/lib/python3.10/site-packages/myrobot_interfaces/_myrobot_interfaces_s.ep.rosidl_typesupport_fastrtps_c.c
[4.657s] -- Installing: /home/supakorn/ros2_ws/install/myrobot_interfaces/lib/python3.10/site-packages/myrobot_interfaces/_myrobot_interfaces_s.ep.rosidl_typesupport_introspection_c.c
[4.657s] -- Installing: /home/supakorn/ros2_ws/install/myrobot_interfaces/lib/python3.10/site-packages/myrobot_interfaces/_myrobot_interfaces_s.ep.rosidl_typesupport_c.c
[4.657s] -- Up-to-date: /home/supakorn/ros2_ws/install/myrobot_interfaces/lib/python3.10/site-packages/myrobot_interfaces/msg
[4.657s] -- Installing: /home/supakorn/ros2_ws/install/myrobot_interfaces/lib/python3.10/site-packages/myrobot_interfaces/msg/_h_wstatus_s.c
[4.657s] -- Installing: /home/supakorn/ros2_ws/install/myrobot_interfaces/lib/python3.10/site-packages/myrobot_interfaces/msg/__init__.py
[4.657s] -- Installing: /home/supakorn/ros2_ws/install/myrobot_interfaces/lib/python3.10/site-packages/myrobot_interfaces/msg/_h_wstatus.py
[4.657s] -- Installing: /home/supakorn/ros2_ws/install/myrobot_interfaces/lib/python3.10/site-packages/myrobot_interfaces/myrobot_interfaces_s__rosidl_typesupport_introspection_c.cpython-310-x86_64-linux-gnu.so
[4.657s] -- Installing: /home/supakorn/ros2_ws/install/myrobot_interfaces/lib/python3.10/site-packages/myrobot_interfaces/myrobot_interfaces_s__rosidl_typesupport_fastrtps_c.cpython-310-x86_64-linux-gnu.so
[4.657s] -- Installing: /home/supakorn/ros2_ws/install/myrobot_interfaces/lib/python3.10/site-packages/myrobot_interfaces/__init__.py
[4.693s] Listing '/home/supakorn/ros2_ws/install/myrobot_interfaces/lib/python3.10/site-packages/myrobot_interfaces'...
[4.693s] Compiling '/home/supakorn/ros2_ws/install/myrobot_interfaces/lib/python3.10/site-packages/myrobot_interfaces/__init__.py'...
[4.693s] Listing '/home/supakorn/ros2_ws/install/myrobot_interfaces/lib/python3.10/site-packages/myrobot_interfaces/msg'...
[4.693s] Compiling '/home/supakorn/ros2_ws/install/myrobot_interfaces/lib/python3.10/site-packages/myrobot_interfaces/msg/__init__.py'...
[4.693s] Compiling '/home/supakorn/ros2_ws/install/myrobot_interfaces/lib/python3.10/site-packages/myrobot_interfaces/msg/_h_wstatus.py'...
[4.696s] -- Installing: /home/supakorn/ros2_ws/install/myrobot_interfaces/lib/python3.10/site-packages/myrobot_interfaces/myrobot_interfaces_s__rosidl_typesupport_fastrtps_c.cpython-310-x86_64-linux-gnu.so
[4.697s] -- Set runtime path of "/home/supakorn/ros2_ws/install/myrobot_interfaces/lib/python3.10/site-packages/myrobot_interfaces/myrobot_interfaces_s__rosidl_typesupport_fastrtps_c.cpython-310-x86_64-linux-gnu.so" to ""
[4.697s] -- Installing: /home/supakorn/ros2_ws/install/myrobot_interfaces/lib/python3.10/site-packages/myrobot_interfaces/myrobot_interfaces_s__rosidl_typesupport_introspection_c.cpython-310-x86_64-linux-gnu.so
[4.698s] -- Set runtime path of "/home/supakorn/ros2_ws/install/myrobot_interfaces/lib/python3.10/site-packages/myrobot_interfaces/myrobot_interfaces_s__rosidl_typesupport_introspection_c.cpython-310-x86_64-linux-gnu.so" to ""
[4.698s] -- Installing: /home/supakorn/ros2_ws/install/myrobot_interfaces/lib/python3.10/site-packages/myrobot_interfaces/myrobot_interfaces_s__rosidl_typesupport_c.cpython-310-x86_64-linux-gnu.so
[4.699s] -- Set runtime path of "/home/supakorn/ros2_ws/install/myrobot_interfaces/lib/python3.10/site-packages/myrobot_interfaces/myrobot_interfaces_s__rosidl_typesupport_c.cpython-310-x86_64-linux-gnu.so" to ""
[4.700s] -- Installing: /home/supakorn/ros2_ws/install/myrobot_interfaces/lib/libmyrobot_interfaces__rosidl_generator_py.so
[4.700s] -- Set runtime path of "/home/supakorn/ros2_ws/install/myrobot_interfaces/lib/libmyrobot_interfaces__rosidl_generator_py.so" to ""
[4.701s] -- Installing: /home/supakorn/ros2_ws/install/myrobot_interfaces/share/myrobot_interfaces/msg/HWstatus.idl
[4.701s] -- Installing: /home/supakorn/ros2_ws/install/myrobot_interfaces/share/myrobot_interfaces/msg/HWstatus.msg
[4.701s] -- Up-to-date: /home/supakorn/ros2_ws/install/myrobot_interfaces/share/ament_index/resource_index/package_run_dependencies/myrobot_interfaces
[4.702s] -- Up-to-date: /home/supakorn/ros2_ws/install/myrobot_interfaces/share/ament_index/resource_index/parent_prefix_path/myrobot_interfaces
[4.702s] -- Up-to-date: /home/supakorn/ros2_ws/install/myrobot_interfaces/share/myrobot_interfaces/environment/ament_prefix_path.sh
[4.702s] -- Up-to-date: /home/supakorn/ros2_ws/install/myrobot_interfaces/share/myrobot_interfaces/environment/ament_prefix_path.dsv
[4.702s] -- Up-to-date: /home/supakorn/ros2_ws/install/myrobot_interfaces/share/myrobot_interfaces/environment/path.sh
[4.702s] -- Up-to-date: /home/supakorn/ros2_ws/install/myrobot_interfaces/share/myrobot_interfaces/environment/path.dsv
[4.703s] -- Up-to-date: /home/supakorn/ros2_ws/install/myrobot_interfaces/share/myrobot_interfaces/local_setup.bash
[4.703s] -- Up-to-date: /home/supakorn/ros2_ws/install/myrobot_interfaces/share/myrobot_interfaces/local_setup.sh
[4.703s] -- Up-to-date: /home/supakorn/ros2_ws/install/myrobot_interfaces/share/myrobot_interfaces/local_setup.zsh
[4.703s] -- Up-to-date: /home/supakorn/ros2_ws/install/myrobot_interfaces/share/myrobot_interfaces/local_setup.dsv
[4.703s] -- Installing: /home/supakorn/ros2_ws/install/myrobot_interfaces/share/myrobot_interfaces/package.dsv
[4.704s] -- Up-to-date: /home/supakorn/ros2_ws/install/myrobot_interfaces/share/ament_index/resource_index/packages/myrobot_interfaces
[4.704s] -- Up-to-date: /home/supakorn/ros2_ws/install/myrobot_interfaces/share/myrobot_interfaces/cmake/export_myrobot_interfaces__rosidl_generator_cExport.cmake
[4.704s] -- Up-to-date: /home/supakorn/ros2_ws/install/myrobot_interfaces/share/myrobot_interfaces/cmake/export_myrobot_interfaces__rosidl_generator_cExport-noconfig.cmake
[4.705s] -- Up-to-date: /home/supakorn/ros2_ws/install/myrobot_interfaces/share/myrobot_interfaces/cmake/export_myrobot_interfaces__rosidl_typesupport_fastrtps_cExport.cmake
[4.705s] -- Up-to-date: /home/supakorn/ros2_ws/install/myrobot_interfaces/share/myrobot_interfaces/cmake/export_myrobot_interfaces__rosidl_typesupport_fastrtps_cExport-noconfig.cmake
[4.705s] -- Up-to-date: /home/supakorn/ros2_ws/install/myrobot_interfaces/share/myrobot_interfaces/cmake/myrobot_interfaces__rosidl_typesupport_introspection_cExport.cmake
[4.705s] -- Up-to-date: /home/supakorn/ros2_ws/install/myrobot_interfaces/share/myrobot_interfaces/cmake/myrobot_interfaces__rosidl_typesupport_introspection_cExport-noconfig.cmake
[4.705s] -- Up-to-date: /home/supakorn/ros2_ws/install/myrobot_interfaces/share/myrobot_interfaces/cmake/myrobot_interfaces__rosidl_typesupport_cExport.cmake
[4.706s] -- Up-to-date: /home/supakorn/ros2_ws/install/myrobot_interfaces/share/myrobot_interfaces/cmake/myrobot_interfaces__rosidl_typesupport_cExport-noconfig.cmake
[4.706s] -- Up-to-date: /home/supakorn/ros2_ws/install/myrobot_interfaces/share/myrobot_interfaces/cmake/export_myrobot_interfaces__rosidl_generator_cppExport.cmake
[4.706s] -- Up-to-date: /home/supakorn/ros2_ws/install/myrobot_interfaces/share/myrobot_interfaces/cmake/export_myrobot_interfaces__rosidl_typesupport_fastrtps_cppExport.cmake
[4.706s] -- Up-to-date: /home/supakorn/ros2_ws/install/myrobot_interfaces/share/myrobot_interfaces/cmake/export_myrobot_interfaces__rosidl_typesupport_fastrtps_cppExport-noconfig.cmake
[4.707s] -- Up-to-date: /home/supakorn/ros2_ws/install/myrobot_interfaces/share/myrobot_interfaces/cmake/myrobot_interfaces__rosidl_typesupport_introspection_cppExport.cmake
[4.707s] -- Up-to-date: /home/supakorn/ros2_ws/install/myrobot_interfaces/share/myrobot_interfaces/cmake/myrobot_interfaces__rosidl_typesupport_introspection_cppExport-noconfig.cmake
[4.707s] -- Up-to-date: /home/supakorn/ros2_ws/install/myrobot_interfaces/share/myrobot_interfaces/cmake/myrobot_interfaces__rosidl_typesupport_cppExport.cmake
[4.707s] -- Up-to-date: /home/supakorn/ros2_ws/install/myrobot_interfaces/share/myrobot_interfaces/cmake/myrobot_interfaces__rosidl_typesupport_cppExport-noconfig.cmake
[4.708s] -- Up-to-date: /home/supakorn/ros2_ws/install/myrobot_interfaces/share/myrobot_interfaces/cmake/export_myrobot_interfaces__rosidl_generator_pyExport.cmake
[4.708s] -- Up-to-date: /home/supakorn/ros2_ws/install/myrobot_interfaces/share/myrobot_interfaces/cmake/export_myrobot_interfaces__rosidl_generator_pyExport-noconfig.cmake
[4.708s] -- Up-to-date: /home/supakorn/ros2_ws/install/myrobot_interfaces/share/myrobot_interfaces/cmake/rosidl_cmake-extras.cmake
[4.708s] -- Up-to-date: /home/supakorn/ros2_ws/install/myrobot_interfaces/share/myrobot_interfaces/cmake/ament_cmake_export_include_directories-extras.cmake
[4.708s] -- Up-to-date: /home/supakorn/ros2_ws/install/myrobot_interfaces/share/myrobot_interfaces/cmake/ament_cmake_export_libraries-extras.cmake
[4.709s] -- Up-to-date: /home/supakorn/ros2_ws/install/myrobot_interfaces/share/myrobot_interfaces/cmake/ament_cmake_export_targets-extras.cmake
[4.709s] -- Up-to-date: /home/supakorn/ros2_ws/install/myrobot_interfaces/share/myrobot_interfaces/cmake/rosidl_cmake_export_typesupport_targets-extras.cmake
[4.709s] -- Up-to-date: /home/supakorn/ros2_ws/install/myrobot_interfaces/share/myrobot_interfaces/cmake/ament_cmake_export_dependencies-extras.cmake
[4.709s] -- Up-to-date: /home/supakorn/ros2_ws/install/myrobot_interfaces/share/myrobot_interfaces/cmake/rosidl_cmake_export_typesupport_libraries-extras.cmake
[4.709s] -- Up-to-date: /home/supakorn/ros2_ws/install/myrobot_interfaces/share/myrobot_interfaces/cmake/myrobot_interfacesConfig.cmake
[4.710s] -- Up-to-date: /home/supakorn/ros2_ws/install/myrobot_interfaces/share/myrobot_interfaces/cmake/myrobot_interfacesConfig-version.cmake
[4.710s] -- Up-to-date: /home/supakorn/ros2_ws/install/myrobot_interfaces/share/myrobot_interfaces/package.xml
[4.715s] Invoked command in '/home/supakorn/ros2_ws/build/myrobot_interfaces' returned '0': CMAKE_PREFIX_PATH=${CMAKE_PREFIX_PATH}:/home/supakorn/ros2_ws/install/robot_1:/home/supakorn/ros2_ws/install/my_robot:/opt/ros/iron /usr/bin/cmake --install /home/supakorn/ros2_ws/build/myrobot_interfaces
