running develop
Removing /home/predator/ros2_ws/install/my_robot/lib/python3.10/site-packages/my-robot.egg-link (link to .)
running egg_info
writing ../../build/my_robot/my_robot.egg-info/PKG-INFO
writing dependency_links to ../../build/my_robot/my_robot.egg-info/dependency_links.txt
writing entry points to ../../build/my_robot/my_robot.egg-info/entry_points.txt
writing requirements to ../../build/my_robot/my_robot.egg-info/requires.txt
writing top-level names to ../../build/my_robot/my_robot.egg-info/top_level.txt
reading manifest file '../../build/my_robot/my_robot.egg-info/SOURCES.txt'
writing manifest file '../../build/my_robot/my_robot.egg-info/SOURCES.txt'
running build
running build_py
copying my_robot/CalRect_client.py -> /home/predator/ros2_ws/build/my_robot/build/lib/my_robot
copying my_robot/HwStatus_para_publish.py -> /home/predator/ros2_ws/build/my_robot/build/lib/my_robot
running install
running install_lib
creating /home/predator/ros2_ws/install/my_robot/lib/python3.10/site-packages/my_robot
copying /home/predator/ros2_ws/build/my_robot/build/lib/my_robot/CalRect_server.py -> /home/predator/ros2_ws/install/my_robot/lib/python3.10/site-packages/my_robot
copying /home/predator/ros2_ws/build/my_robot/build/lib/my_robot/CalRect_client.py -> /home/predator/ros2_ws/install/my_robot/lib/python3.10/site-packages/my_robot
copying /home/predator/ros2_ws/build/my_robot/build/lib/my_robot/my_first_node.py -> /home/predator/ros2_ws/install/my_robot/lib/python3.10/site-packages/my_robot
copying /home/predator/ros2_ws/build/my_robot/build/lib/my_robot/__init__.py -> /home/predator/ros2_ws/install/my_robot/lib/python3.10/site-packages/my_robot
copying /home/predator/ros2_ws/build/my_robot/build/lib/my_robot/HwStatus_para_publish.py -> /home/predator/ros2_ws/install/my_robot/lib/python3.10/site-packages/my_robot
byte-compiling /home/predator/ros2_ws/install/my_robot/lib/python3.10/site-packages/my_robot/CalRect_server.py to CalRect_server.cpython-310.pyc
byte-compiling /home/predator/ros2_ws/install/my_robot/lib/python3.10/site-packages/my_robot/CalRect_client.py to CalRect_client.cpython-310.pyc
byte-compiling /home/predator/ros2_ws/install/my_robot/lib/python3.10/site-packages/my_robot/my_first_node.py to my_first_node.cpython-310.pyc
byte-compiling /home/predator/ros2_ws/install/my_robot/lib/python3.10/site-packages/my_robot/__init__.py to __init__.cpython-310.pyc
byte-compiling /home/predator/ros2_ws/install/my_robot/lib/python3.10/site-packages/my_robot/HwStatus_para_publish.py to HwStatus_para_publish.cpython-310.pyc
running install_data
copying package.xml -> /home/predator/ros2_ws/install/my_robot/share/my_robot
running install_egg_info
Copying ../../build/my_robot/my_robot.egg-info to /home/predator/ros2_ws/install/my_robot/lib/python3.10/site-packages/my_robot-0.0.0-py3.10.egg-info
running install_scripts
Installing cal_rect script to /home/predator/ros2_ws/install/my_robot/lib/my_robot
Installing cal_rect_c script to /home/predator/ros2_ws/install/my_robot/lib/my_robot
Installing first_node script to /home/predator/ros2_ws/install/my_robot/lib/my_robot
Installing hw_para script to /home/predator/ros2_ws/install/my_robot/lib/my_robot
writing list of installed files to '/home/predator/ros2_ws/build/my_robot/install.log'
