[1.893s] DEBUG:colcon:Command line arguments: ['/usr/bin/colcon', 'list', '-p', '--base-paths', '/home/supakorn/ros2_ws']
[1.893s] DEBUG:colcon:Parsed command line arguments: Namespace(log_base=None, log_level=None, verb_name='list', build_base='build', ignore_user_meta=False, metas=['./colcon.meta'], base_paths=['/home/supakorn/ros2_ws'], packages_ignore=None, packages_ignore_regex=None, paths=None, packages_up_to=None, packages_up_to_regex=None, packages_above=None, packages_above_and_dependencies=None, packages_above_depth=None, packages_select_by_dep=None, packages_skip_by_dep=None, packages_skip_up_to=None, packages_select_build_failed=False, packages_skip_build_finished=False, packages_select_test_failures=False, packages_skip_test_passed=False, packages_select=None, packages_skip=None, packages_select_regex=None, packages_skip_regex=None, packages_start=None, packages_end=None, allow_overriding=[], topological_order=False, names_only=False, paths_only=True, topological_graph=False, topological_graph_dot=False, topological_graph_density=False, topological_graph_legend=False, topological_graph_dot_cluster=False, topological_graph_dot_include_skipped=False, verb_parser=<colcon_defaults.argument_parser.defaults.DefaultArgumentsDecorator object at 0x7f6013666500>, verb_extension=<colcon_package_information.verb.list.ListVerb object at 0x7f6013644070>, main=<bound method ListVerb.main of <colcon_package_information.verb.list.ListVerb object at 0x7f6013644070>>)
[2.048s] Level 1:colcon.colcon_core.package_discovery:discover_packages(colcon_meta) check parameters
[2.048s] Level 1:colcon.colcon_core.package_discovery:discover_packages(recursive) check parameters
[2.048s] Level 1:colcon.colcon_core.package_discovery:discover_packages(ignore) check parameters
[2.048s] Level 1:colcon.colcon_core.package_discovery:discover_packages(path) check parameters
[2.048s] Level 1:colcon.colcon_core.package_discovery:discover_packages(recursive) discover
[2.048s] INFO:colcon.colcon_core.package_discovery:Crawling recursively for packages in '/home/supakorn/ros2_ws'
[2.049s] Level 1:colcon.colcon_core.package_identification:_identify(/home/supakorn/ros2_ws) by extensions ['ignore', 'ignore_ament_install']
[2.049s] Level 1:colcon.colcon_core.package_identification:_identify(/home/supakorn/ros2_ws) by extension 'ignore'
[2.049s] Level 1:colcon.colcon_core.package_identification:_identify(/home/supakorn/ros2_ws) by extension 'ignore_ament_install'
[2.052s] Level 1:colcon.colcon_core.package_identification:_identify(/home/supakorn/ros2_ws) by extensions ['colcon_pkg']
[2.052s] Level 1:colcon.colcon_core.package_identification:_identify(/home/supakorn/ros2_ws) by extension 'colcon_pkg'
[2.053s] Level 1:colcon.colcon_core.package_identification:_identify(/home/supakorn/ros2_ws) by extensions ['colcon_meta']
[2.053s] Level 1:colcon.colcon_core.package_identification:_identify(/home/supakorn/ros2_ws) by extension 'colcon_meta'
[2.053s] Level 1:colcon.colcon_core.package_identification:_identify(/home/supakorn/ros2_ws) by extensions ['ros']
[2.053s] Level 1:colcon.colcon_core.package_identification:_identify(/home/supakorn/ros2_ws) by extension 'ros'
[2.095s] Level 1:colcon.colcon_core.package_identification:_identify(/home/supakorn/ros2_ws) by extensions ['cmake', 'python']
[2.096s] Level 1:colcon.colcon_core.package_identification:_identify(/home/supakorn/ros2_ws) by extension 'cmake'
[2.096s] Level 1:colcon.colcon_core.package_identification:_identify(/home/supakorn/ros2_ws) by extension 'python'
[2.096s] Level 1:colcon.colcon_core.package_identification:_identify(/home/supakorn/ros2_ws) by extensions ['python_setup_py']
[2.096s] Level 1:colcon.colcon_core.package_identification:_identify(/home/supakorn/ros2_ws) by extension 'python_setup_py'
[2.101s] Level 1:colcon.colcon_core.package_identification:_identify(/home/supakorn/ros2_ws/build) by extensions ['ignore', 'ignore_ament_install']
[2.102s] Level 1:colcon.colcon_core.package_identification:_identify(/home/supakorn/ros2_ws/build) by extension 'ignore'
[2.102s] Level 1:colcon.colcon_core.package_identification:_identify(/home/supakorn/ros2_ws/build) ignored
[2.102s] Level 1:colcon.colcon_core.package_identification:_identify(/home/supakorn/ros2_ws/install) by extensions ['ignore', 'ignore_ament_install']
[2.102s] Level 1:colcon.colcon_core.package_identification:_identify(/home/supakorn/ros2_ws/install) by extension 'ignore'
[2.102s] Level 1:colcon.colcon_core.package_identification:_identify(/home/supakorn/ros2_ws/install) ignored
[2.102s] Level 1:colcon.colcon_core.package_identification:_identify(/home/supakorn/ros2_ws/log) by extensions ['ignore', 'ignore_ament_install']
[2.102s] Level 1:colcon.colcon_core.package_identification:_identify(/home/supakorn/ros2_ws/log) by extension 'ignore'
[2.103s] Level 1:colcon.colcon_core.package_identification:_identify(/home/supakorn/ros2_ws/log) ignored
[2.103s] Level 1:colcon.colcon_core.package_identification:_identify(/home/supakorn/ros2_ws/src) by extensions ['ignore', 'ignore_ament_install']
[2.103s] Level 1:colcon.colcon_core.package_identification:_identify(/home/supakorn/ros2_ws/src) by extension 'ignore'
[2.103s] Level 1:colcon.colcon_core.package_identification:_identify(/home/supakorn/ros2_ws/src) by extension 'ignore_ament_install'
[2.103s] Level 1:colcon.colcon_core.package_identification:_identify(/home/supakorn/ros2_ws/src) by extensions ['colcon_pkg']
[2.103s] Level 1:colcon.colcon_core.package_identification:_identify(/home/supakorn/ros2_ws/src) by extension 'colcon_pkg'
[2.103s] Level 1:colcon.colcon_core.package_identification:_identify(/home/supakorn/ros2_ws/src) by extensions ['colcon_meta']
[2.103s] Level 1:colcon.colcon_core.package_identification:_identify(/home/supakorn/ros2_ws/src) by extension 'colcon_meta'
[2.103s] Level 1:colcon.colcon_core.package_identification:_identify(/home/supakorn/ros2_ws/src) by extensions ['ros']
[2.103s] Level 1:colcon.colcon_core.package_identification:_identify(/home/supakorn/ros2_ws/src) by extension 'ros'
[2.103s] Level 1:colcon.colcon_core.package_identification:_identify(/home/supakorn/ros2_ws/src) by extensions ['cmake', 'python']
[2.103s] Level 1:colcon.colcon_core.package_identification:_identify(/home/supakorn/ros2_ws/src) by extension 'cmake'
[2.104s] Level 1:colcon.colcon_core.package_identification:_identify(/home/supakorn/ros2_ws/src) by extension 'python'
[2.104s] Level 1:colcon.colcon_core.package_identification:_identify(/home/supakorn/ros2_ws/src) by extensions ['python_setup_py']
[2.104s] Level 1:colcon.colcon_core.package_identification:_identify(/home/supakorn/ros2_ws/src) by extension 'python_setup_py'
[2.104s] Level 1:colcon.colcon_core.package_identification:_identify(/home/supakorn/ros2_ws/src/my_robot) by extensions ['ignore', 'ignore_ament_install']
[2.104s] Level 1:colcon.colcon_core.package_identification:_identify(/home/supakorn/ros2_ws/src/my_robot) by extension 'ignore'
[2.104s] Level 1:colcon.colcon_core.package_identification:_identify(/home/supakorn/ros2_ws/src/my_robot) by extension 'ignore_ament_install'
[2.104s] Level 1:colcon.colcon_core.package_identification:_identify(/home/supakorn/ros2_ws/src/my_robot) by extensions ['colcon_pkg']
[2.104s] Level 1:colcon.colcon_core.package_identification:_identify(/home/supakorn/ros2_ws/src/my_robot) by extension 'colcon_pkg'
[2.104s] Level 1:colcon.colcon_core.package_identification:_identify(/home/supakorn/ros2_ws/src/my_robot) by extensions ['colcon_meta']
[2.104s] Level 1:colcon.colcon_core.package_identification:_identify(/home/supakorn/ros2_ws/src/my_robot) by extension 'colcon_meta'
[2.104s] Level 1:colcon.colcon_core.package_identification:_identify(/home/supakorn/ros2_ws/src/my_robot) by extensions ['ros']
[2.104s] Level 1:colcon.colcon_core.package_identification:_identify(/home/supakorn/ros2_ws/src/my_robot) by extension 'ros'
[2.149s] DEBUG:colcon.colcon_core.package_identification:Package '/home/supakorn/ros2_ws/src/my_robot' with type 'ros.ament_python' and name 'my_robot'
[2.149s] Level 1:colcon.colcon_core.package_identification:_identify(/home/supakorn/ros2_ws/src/myrobot_interfaces) by extensions ['ignore', 'ignore_ament_install']
[2.149s] Level 1:colcon.colcon_core.package_identification:_identify(/home/supakorn/ros2_ws/src/myrobot_interfaces) by extension 'ignore'
[2.149s] Level 1:colcon.colcon_core.package_identification:_identify(/home/supakorn/ros2_ws/src/myrobot_interfaces) by extension 'ignore_ament_install'
[2.149s] Level 1:colcon.colcon_core.package_identification:_identify(/home/supakorn/ros2_ws/src/myrobot_interfaces) by extensions ['colcon_pkg']
[2.149s] Level 1:colcon.colcon_core.package_identification:_identify(/home/supakorn/ros2_ws/src/myrobot_interfaces) by extension 'colcon_pkg'
[2.150s] Level 1:colcon.colcon_core.package_identification:_identify(/home/supakorn/ros2_ws/src/myrobot_interfaces) by extensions ['colcon_meta']
[2.150s] Level 1:colcon.colcon_core.package_identification:_identify(/home/supakorn/ros2_ws/src/myrobot_interfaces) by extension 'colcon_meta'
[2.150s] Level 1:colcon.colcon_core.package_identification:_identify(/home/supakorn/ros2_ws/src/myrobot_interfaces) by extensions ['ros']
[2.150s] Level 1:colcon.colcon_core.package_identification:_identify(/home/supakorn/ros2_ws/src/myrobot_interfaces) by extension 'ros'
[2.150s] DEBUG:colcon.colcon_core.package_identification:Package '/home/supakorn/ros2_ws/src/myrobot_interfaces' with type 'ros.ament_cmake' and name 'myrobot_interfaces'
[2.150s] Level 1:colcon.colcon_core.package_identification:_identify(/home/supakorn/ros2_ws/src/robot_1) by extensions ['ignore', 'ignore_ament_install']
[2.151s] Level 1:colcon.colcon_core.package_identification:_identify(/home/supakorn/ros2_ws/src/robot_1) by extension 'ignore'
[2.151s] Level 1:colcon.colcon_core.package_identification:_identify(/home/supakorn/ros2_ws/src/robot_1) by extension 'ignore_ament_install'
[2.151s] Level 1:colcon.colcon_core.package_identification:_identify(/home/supakorn/ros2_ws/src/robot_1) by extensions ['colcon_pkg']
[2.151s] Level 1:colcon.colcon_core.package_identification:_identify(/home/supakorn/ros2_ws/src/robot_1) by extension 'colcon_pkg'
[2.151s] Level 1:colcon.colcon_core.package_identification:_identify(/home/supakorn/ros2_ws/src/robot_1) by extensions ['colcon_meta']
[2.151s] Level 1:colcon.colcon_core.package_identification:_identify(/home/supakorn/ros2_ws/src/robot_1) by extension 'colcon_meta'
[2.151s] Level 1:colcon.colcon_core.package_identification:_identify(/home/supakorn/ros2_ws/src/robot_1) by extensions ['ros']
[2.151s] Level 1:colcon.colcon_core.package_identification:_identify(/home/supakorn/ros2_ws/src/robot_1) by extension 'ros'
[2.157s] DEBUG:colcon.colcon_core.package_identification:Package '/home/supakorn/ros2_ws/src/robot_1' with type 'ros.ament_python' and name 'robot_1'
[2.157s] Level 1:colcon.colcon_core.package_discovery:discover_packages(recursive) using defaults
