[0.122s] Invoking command in '/home/supakorn/ros2_ws/build/myrobot_interfaces': CMAKE_PREFIX_PATH=${CMAKE_PREFIX_PATH}:/home/supakorn/ros2_ws/install/robot_1:/home/supakorn/ros2_ws/install/my_robot:/opt/ros/iron /usr/bin/cmake --build /home/supakorn/ros2_ws/build/myrobot_interfaces -- -j4 -l4
[0.535s] -- Found ament_lint_auto: 0.14.2 (/opt/ros/iron/share/ament_lint_auto/cmake)
[0.942s] -- Found ament_cmake: 2.0.3 (/opt/ros/iron/share/ament_cmake/cmake)
[1.029s] -- Found rosidl_default_generators: 1.5.0 (/opt/ros/iron/share/rosidl_default_generators/cmake)
[1.078s] -- Using all available rosidl_typesupport_c: rosidl_typesupport_fastrtps_c;rosidl_typesupport_introspection_c
[1.311s] -- Using all available rosidl_typesupport_cpp: rosidl_typesupport_fastrtps_cpp;rosidl_typesupport_introspection_cpp
[1.406s] -- Found rosidl_adapter: 4.0.1 (/opt/ros/iron/share/rosidl_adapter/cmake)
[1.960s] -- Found ament_cmake_ros: 0.11.2 (/opt/ros/iron/share/ament_cmake_ros/cmake)
[2.238s] -- Using all available rosidl_typesupport_c: rosidl_typesupport_fastrtps_c;rosidl_typesupport_introspection_c
[2.529s] -- Using all available rosidl_typesupport_cpp: rosidl_typesupport_fastrtps_cpp;rosidl_typesupport_introspection_cpp
[2.572s] -- Found python_cmake_module: 0.10.2 (/opt/ros/iron/share/python_cmake_module/cmake)
[2.610s] -- Using PYTHON_EXECUTABLE: /usr/bin/python3
[2.610s] -- Using PYTHON_INCLUDE_DIRS: /usr/include/python3.10
[2.610s] -- Using PYTHON_LIBRARIES: /usr/lib/x86_64-linux-gnu/libpython3.10.so
[2.687s] -- Added test 'lint_cmake' to check CMake code style
[2.692s] -- Added test 'xmllint' to check XML markup files
[2.752s] -- Configuring done
[2.914s] -- Generating done
[2.921s] -- Build files have been written to: /home/supakorn/ros2_ws/build/myrobot_interfaces
[2.983s] [  2%] [34m[1mGenerating type hashes for ROS interfaces[0m
[3.016s] [  2%] Built target ament_cmake_python_copy_myrobot_interfaces
[3.227s] [  2%] Built target myrobot_interfaces__rosidl_generator_type_description
[3.251s] [  4%] [34m[1mGenerating C code for ROS interfaces[0m
[3.253s] [  6%] [34m[1mGenerating C++ code for ROS interfaces[0m
[3.342s] running egg_info
[3.343s] writing myrobot_interfaces.egg-info/PKG-INFO
[3.344s] writing dependency_links to myrobot_interfaces.egg-info/dependency_links.txt
[3.344s] writing top-level names to myrobot_interfaces.egg-info/top_level.txt
[3.364s] reading manifest file 'myrobot_interfaces.egg-info/SOURCES.txt'
[3.366s] writing manifest file 'myrobot_interfaces.egg-info/SOURCES.txt'
[3.401s] [  6%] Built target ament_cmake_python_build_myrobot_interfaces_egg
[3.650s] [  6%] Built target myrobot_interfaces__cpp
[3.712s] [35m[1mConsolidate compiler generated dependencies of target myrobot_interfaces__rosidl_generator_c[0m
[3.727s] [ 13%] [32mBuilding C object CMakeFiles/myrobot_interfaces__rosidl_generator_c.dir/rosidl_generator_c/myrobot_interfaces/msg/detail/h_wstatus__functions.c.o[0m
[3.728s] [ 13%] [32mBuilding C object CMakeFiles/myrobot_interfaces__rosidl_generator_c.dir/rosidl_generator_c/myrobot_interfaces/msg/detail/h_wstatus__description.c.o[0m
[3.728s] [ 15%] [32mBuilding C object CMakeFiles/myrobot_interfaces__rosidl_generator_c.dir/rosidl_generator_c/myrobot_interfaces/srv/detail/cal_rectangle__description.c.o[0m
[3.728s] [ 13%] [32mBuilding C object CMakeFiles/myrobot_interfaces__rosidl_generator_c.dir/rosidl_generator_c/myrobot_interfaces/msg/detail/h_wstatus__type_support.c.o[0m
[4.050s] [ 18%] [32mBuilding C object CMakeFiles/myrobot_interfaces__rosidl_generator_c.dir/rosidl_generator_c/myrobot_interfaces/srv/detail/cal_rectangle__functions.c.o[0m
[4.122s] [ 20%] [32mBuilding C object CMakeFiles/myrobot_interfaces__rosidl_generator_c.dir/rosidl_generator_c/myrobot_interfaces/srv/detail/cal_rectangle__type_support.c.o[0m
[4.169s] [ 22%] [32m[1mLinking C shared library libmyrobot_interfaces__rosidl_generator_c.so[0m
[4.435s] [ 22%] Built target myrobot_interfaces__rosidl_generator_c
[4.448s] [ 29%] [34m[1mGenerating C type support for eProsima Fast-RTPS[0m
[4.448s] [ 29%] [34m[1mGenerating C introspection for ROS interfaces[0m
[4.448s] [ 29%] [34m[1mGenerating C++ type support dispatch for ROS interfaces[0m
[4.449s] [ 31%] [34m[1mGenerating C type support dispatch for ROS interfaces[0m
[4.748s] [35m[1mConsolidate compiler generated dependencies of target myrobot_interfaces__rosidl_typesupport_c[0m
[4.763s] [ 34%] [32mBuilding CXX object CMakeFiles/myrobot_interfaces__rosidl_typesupport_c.dir/rosidl_typesupport_c/myrobot_interfaces/msg/h_wstatus__type_support.cpp.o[0m
[4.813s] [35m[1mConsolidate compiler generated dependencies of target myrobot_interfaces__rosidl_typesupport_cpp[0m
[4.831s] [ 36%] [32mBuilding CXX object CMakeFiles/myrobot_interfaces__rosidl_typesupport_cpp.dir/rosidl_typesupport_cpp/myrobot_interfaces/msg/h_wstatus__type_support.cpp.o[0m
[4.880s] [35m[1mConsolidate compiler generated dependencies of target myrobot_interfaces__rosidl_typesupport_introspection_c[0m
[4.893s] [35m[1mConsolidate compiler generated dependencies of target myrobot_interfaces__rosidl_typesupport_fastrtps_c[0m
[4.897s] [ 38%] [32mBuilding C object CMakeFiles/myrobot_interfaces__rosidl_typesupport_introspection_c.dir/rosidl_typesupport_introspection_c/myrobot_interfaces/msg/detail/h_wstatus__type_support.c.o[0m
[4.913s] [ 40%] [32mBuilding CXX object CMakeFiles/myrobot_interfaces__rosidl_typesupport_fastrtps_c.dir/rosidl_typesupport_fastrtps_c/myrobot_interfaces/msg/detail/h_wstatus__type_support_c.cpp.o[0m
[4.948s] [ 43%] [32mBuilding C object CMakeFiles/myrobot_interfaces__rosidl_typesupport_introspection_c.dir/rosidl_typesupport_introspection_c/myrobot_interfaces/srv/detail/cal_rectangle__type_support.c.o[0m
[5.019s] [ 45%] [32m[1mLinking C shared library libmyrobot_interfaces__rosidl_typesupport_introspection_c.so[0m
[5.085s] [ 45%] Built target myrobot_interfaces__rosidl_typesupport_introspection_c
[5.099s] [ 47%] [34m[1mGenerating C++ type support for eProsima Fast-RTPS[0m
[5.455s] [ 50%] [32mBuilding CXX object CMakeFiles/myrobot_interfaces__rosidl_typesupport_c.dir/rosidl_typesupport_c/myrobot_interfaces/srv/cal_rectangle__type_support.cpp.o[0m
[5.516s] [35m[1mConsolidate compiler generated dependencies of target myrobot_interfaces__rosidl_typesupport_fastrtps_cpp[0m
[5.535s] [ 52%] [32mBuilding CXX object CMakeFiles/myrobot_interfaces__rosidl_typesupport_fastrtps_cpp.dir/rosidl_typesupport_fastrtps_cpp/myrobot_interfaces/msg/detail/dds_fastrtps/h_wstatus__type_support.cpp.o[0m
[5.541s] [ 54%] [32m[1mLinking CXX shared library libmyrobot_interfaces__rosidl_typesupport_c.so[0m
[5.640s] [ 54%] Built target myrobot_interfaces__rosidl_typesupport_c
[5.654s] [ 56%] [34m[1mGenerating C++ introspection for ROS interfaces[0m
[5.741s] [ 59%] [32mBuilding CXX object CMakeFiles/myrobot_interfaces__rosidl_typesupport_cpp.dir/rosidl_typesupport_cpp/myrobot_interfaces/srv/cal_rectangle__type_support.cpp.o[0m
[5.758s] [ 61%] [32mBuilding CXX object CMakeFiles/myrobot_interfaces__rosidl_typesupport_fastrtps_c.dir/rosidl_typesupport_fastrtps_c/myrobot_interfaces/srv/detail/cal_rectangle__type_support_c.cpp.o[0m
[6.041s] [35m[1mConsolidate compiler generated dependencies of target myrobot_interfaces__rosidl_typesupport_introspection_cpp[0m
[6.059s] [ 63%] [32mBuilding CXX object CMakeFiles/myrobot_interfaces__rosidl_typesupport_introspection_cpp.dir/rosidl_typesupport_introspection_cpp/myrobot_interfaces/msg/detail/h_wstatus__type_support.cpp.o[0m
[6.167s] [ 65%] [32mBuilding CXX object CMakeFiles/myrobot_interfaces__rosidl_typesupport_fastrtps_cpp.dir/rosidl_typesupport_fastrtps_cpp/myrobot_interfaces/srv/detail/dds_fastrtps/cal_rectangle__type_support.cpp.o[0m
[6.210s] [ 68%] [32m[1mLinking CXX shared library libmyrobot_interfaces__rosidl_typesupport_fastrtps_c.so[0m
[6.325s] [ 70%] [32m[1mLinking CXX shared library libmyrobot_interfaces__rosidl_typesupport_cpp.so[0m
[6.349s] [ 70%] Built target myrobot_interfaces__rosidl_typesupport_fastrtps_c
[6.361s] [ 72%] [32mBuilding CXX object CMakeFiles/myrobot_interfaces__rosidl_typesupport_introspection_cpp.dir/rosidl_typesupport_introspection_cpp/myrobot_interfaces/srv/detail/cal_rectangle__type_support.cpp.o[0m
[6.441s] [ 72%] Built target myrobot_interfaces__rosidl_typesupport_cpp
[6.886s] [ 75%] [32m[1mLinking CXX shared library libmyrobot_interfaces__rosidl_typesupport_fastrtps_cpp.so[0m
[6.897s] [ 77%] [32m[1mLinking CXX shared library libmyrobot_interfaces__rosidl_typesupport_introspection_cpp.so[0m
[7.010s] [ 77%] Built target myrobot_interfaces__rosidl_typesupport_fastrtps_cpp
[7.019s] [ 77%] Built target myrobot_interfaces__rosidl_typesupport_introspection_cpp
[7.049s] [ 77%] Built target myrobot_interfaces
[7.078s] [ 79%] [34m[1mGenerating Python code for ROS interfaces[0m
[7.603s] [ 79%] Built target myrobot_interfaces__py
[7.639s] [35m[1mConsolidate compiler generated dependencies of target myrobot_interfaces__rosidl_generator_py[0m
[7.657s] [ 84%] [32mBuilding C object CMakeFiles/myrobot_interfaces__rosidl_generator_py.dir/rosidl_generator_py/myrobot_interfaces/srv/_cal_rectangle_s.c.o[0m
[7.657s] [ 84%] [32mBuilding C object CMakeFiles/myrobot_interfaces__rosidl_generator_py.dir/rosidl_generator_py/myrobot_interfaces/msg/_h_wstatus_s.c.o[0m
[7.996s] [ 86%] [32m[1mLinking C shared library rosidl_generator_py/myrobot_interfaces/libmyrobot_interfaces__rosidl_generator_py.so[0m
[8.068s] [ 86%] Built target myrobot_interfaces__rosidl_generator_py
[8.084s] [35m[1mConsolidate compiler generated dependencies of target myrobot_interfaces__rosidl_typesupport_c__pyext[0m
[8.090s] [35m[1mConsolidate compiler generated dependencies of target myrobot_interfaces__rosidl_typesupport_fastrtps_c__pyext[0m
[8.100s] [35m[1mConsolidate compiler generated dependencies of target myrobot_interfaces__rosidl_typesupport_introspection_c__pyext[0m
[8.101s] [ 88%] [32mBuilding C object CMakeFiles/myrobot_interfaces__rosidl_typesupport_c__pyext.dir/rosidl_generator_py/myrobot_interfaces/_myrobot_interfaces_s.ep.rosidl_typesupport_c.c.o[0m
[8.109s] [ 90%] [32mBuilding C object CMakeFiles/myrobot_interfaces__rosidl_typesupport_fastrtps_c__pyext.dir/rosidl_generator_py/myrobot_interfaces/_myrobot_interfaces_s.ep.rosidl_typesupport_fastrtps_c.c.o[0m
[8.120s] [ 93%] [32mBuilding C object CMakeFiles/myrobot_interfaces__rosidl_typesupport_introspection_c__pyext.dir/rosidl_generator_py/myrobot_interfaces/_myrobot_interfaces_s.ep.rosidl_typesupport_introspection_c.c.o[0m
[8.235s] [ 95%] [32m[1mLinking C shared library rosidl_generator_py/myrobot_interfaces/myrobot_interfaces_s__rosidl_typesupport_c.cpython-310-x86_64-linux-gnu.so[0m
[8.253s] [ 97%] [32m[1mLinking C shared library rosidl_generator_py/myrobot_interfaces/myrobot_interfaces_s__rosidl_typesupport_fastrtps_c.cpython-310-x86_64-linux-gnu.so[0m
[8.256s] [100%] [32m[1mLinking C shared library rosidl_generator_py/myrobot_interfaces/myrobot_interfaces_s__rosidl_typesupport_introspection_c.cpython-310-x86_64-linux-gnu.so[0m
[8.292s] [100%] Built target myrobot_interfaces__rosidl_typesupport_c__pyext
[8.306s] [100%] Built target myrobot_interfaces__rosidl_typesupport_fastrtps_c__pyext
[8.311s] [100%] Built target myrobot_interfaces__rosidl_typesupport_introspection_c__pyext
[8.325s] Invoked command in '/home/supakorn/ros2_ws/build/myrobot_interfaces' returned '0': CMAKE_PREFIX_PATH=${CMAKE_PREFIX_PATH}:/home/supakorn/ros2_ws/install/robot_1:/home/supakorn/ros2_ws/install/my_robot:/opt/ros/iron /usr/bin/cmake --build /home/supakorn/ros2_ws/build/myrobot_interfaces -- -j4 -l4
[8.472s] Invoking command in '/home/supakorn/ros2_ws/build/myrobot_interfaces': CMAKE_PREFIX_PATH=${CMAKE_PREFIX_PATH}:/home/supakorn/ros2_ws/install/robot_1:/home/supakorn/ros2_ws/install/my_robot:/opt/ros/iron /usr/bin/cmake --install /home/supakorn/ros2_ws/build/myrobot_interfaces
[8.483s] -- Install configuration: ""
[8.483s] -- Installing: /home/supakorn/ros2_ws/install/myrobot_interfaces/share/ament_index/resource_index/rosidl_interfaces/myrobot_interfaces
[8.483s] -- Installing: /home/supakorn/ros2_ws/install/myrobot_interfaces/share/myrobot_interfaces/msg/HWstatus.json
[8.483s] -- Installing: /home/supakorn/ros2_ws/install/myrobot_interfaces/share/myrobot_interfaces/srv/CalRectangle.json
[8.484s] -- Up-to-date: /home/supakorn/ros2_ws/install/myrobot_interfaces/include/myrobot_interfaces/myrobot_interfaces
[8.484s] -- Installing: /home/supakorn/ros2_ws/install/myrobot_interfaces/include/myrobot_interfaces/myrobot_interfaces/srv
[8.484s] -- Installing: /home/supakorn/ros2_ws/install/myrobot_interfaces/include/myrobot_interfaces/myrobot_interfaces/srv/detail
[8.486s] -- Installing: /home/supakorn/ros2_ws/install/myrobot_interfaces/include/myrobot_interfaces/myrobot_interfaces/srv/detail/cal_rectangle__description.c
[8.486s] -- Installing: /home/supakorn/ros2_ws/install/myrobot_interfaces/include/myrobot_interfaces/myrobot_interfaces/srv/detail/cal_rectangle__functions.c
[8.487s] -- Installing: /home/supakorn/ros2_ws/install/myrobot_interfaces/include/myrobot_interfaces/myrobot_interfaces/srv/detail/cal_rectangle__type_support.c
[8.488s] -- Installing: /home/supakorn/ros2_ws/install/myrobot_interfaces/include/myrobot_interfaces/myrobot_interfaces/srv/detail/cal_rectangle__functions.h
[8.488s] -- Installing: /home/supakorn/ros2_ws/install/myrobot_interfaces/include/myrobot_interfaces/myrobot_interfaces/srv/detail/cal_rectangle__struct.h
[8.488s] -- Installing: /home/supakorn/ros2_ws/install/myrobot_interfaces/include/myrobot_interfaces/myrobot_interfaces/srv/detail/cal_rectangle__type_support.h
[8.488s] -- Installing: /home/supakorn/ros2_ws/install/myrobot_interfaces/include/myrobot_interfaces/myrobot_interfaces/srv/cal_rectangle.h
[8.488s] -- Up-to-date: /home/supakorn/ros2_ws/install/myrobot_interfaces/include/myrobot_interfaces/myrobot_interfaces/msg
[8.488s] -- Up-to-date: /home/supakorn/ros2_ws/install/myrobot_interfaces/include/myrobot_interfaces/myrobot_interfaces/msg/detail
[8.489s] -- Installing: /home/supakorn/ros2_ws/install/myrobot_interfaces/include/myrobot_interfaces/myrobot_interfaces/msg/detail/h_wstatus__functions.h
[8.489s] -- Installing: /home/supakorn/ros2_ws/install/myrobot_interfaces/include/myrobot_interfaces/myrobot_interfaces/msg/detail/h_wstatus__struct.h
[8.489s] -- Installing: /home/supakorn/ros2_ws/install/myrobot_interfaces/include/myrobot_interfaces/myrobot_interfaces/msg/detail/h_wstatus__type_support.h
[8.489s] -- Installing: /home/supakorn/ros2_ws/install/myrobot_interfaces/include/myrobot_interfaces/myrobot_interfaces/msg/detail/h_wstatus__functions.c
[8.489s] -- Installing: /home/supakorn/ros2_ws/install/myrobot_interfaces/include/myrobot_interfaces/myrobot_interfaces/msg/detail/h_wstatus__type_support.c
[8.489s] -- Installing: /home/supakorn/ros2_ws/install/myrobot_interfaces/include/myrobot_interfaces/myrobot_interfaces/msg/detail/h_wstatus__description.c
[8.489s] -- Up-to-date: /home/supakorn/ros2_ws/install/myrobot_interfaces/include/myrobot_interfaces/myrobot_interfaces/msg/rosidl_generator_c__visibility_control.h
[8.489s] -- Installing: /home/supakorn/ros2_ws/install/myrobot_interfaces/include/myrobot_interfaces/myrobot_interfaces/msg/h_wstatus.h
[8.489s] -- Up-to-date: /home/supakorn/ros2_ws/install/myrobot_interfaces/share/myrobot_interfaces/environment/library_path.sh
[8.489s] -- Up-to-date: /home/supakorn/ros2_ws/install/myrobot_interfaces/share/myrobot_interfaces/environment/library_path.dsv
[8.496s] -- Installing: /home/supakorn/ros2_ws/install/myrobot_interfaces/lib/libmyrobot_interfaces__rosidl_generator_c.so
[8.497s] -- Set runtime path of "/home/supakorn/ros2_ws/install/myrobot_interfaces/lib/libmyrobot_interfaces__rosidl_generator_c.so" to ""
[8.497s] -- Up-to-date: /home/supakorn/ros2_ws/install/myrobot_interfaces/include/myrobot_interfaces/myrobot_interfaces
[8.497s] -- Up-to-date: /home/supakorn/ros2_ws/install/myrobot_interfaces/include/myrobot_interfaces/myrobot_interfaces/srv
[8.497s] -- Up-to-date: /home/supakorn/ros2_ws/install/myrobot_interfaces/include/myrobot_interfaces/myrobot_interfaces/srv/detail
[8.497s] -- Installing: /home/supakorn/ros2_ws/install/myrobot_interfaces/include/myrobot_interfaces/myrobot_interfaces/srv/detail/cal_rectangle__rosidl_typesupport_fastrtps_c.h
[8.498s] -- Up-to-date: /home/supakorn/ros2_ws/install/myrobot_interfaces/include/myrobot_interfaces/myrobot_interfaces/msg
[8.498s] -- Up-to-date: /home/supakorn/ros2_ws/install/myrobot_interfaces/include/myrobot_interfaces/myrobot_interfaces/msg/detail
[8.498s] -- Installing: /home/supakorn/ros2_ws/install/myrobot_interfaces/include/myrobot_interfaces/myrobot_interfaces/msg/detail/h_wstatus__rosidl_typesupport_fastrtps_c.h
[8.498s] -- Up-to-date: /home/supakorn/ros2_ws/install/myrobot_interfaces/include/myrobot_interfaces/myrobot_interfaces/msg/rosidl_typesupport_fastrtps_c__visibility_control.h
[8.499s] -- Installing: /home/supakorn/ros2_ws/install/myrobot_interfaces/lib/libmyrobot_interfaces__rosidl_typesupport_fastrtps_c.so
[8.500s] -- Set runtime path of "/home/supakorn/ros2_ws/install/myrobot_interfaces/lib/libmyrobot_interfaces__rosidl_typesupport_fastrtps_c.so" to ""
[8.500s] -- Up-to-date: /home/supakorn/ros2_ws/install/myrobot_interfaces/include/myrobot_interfaces/myrobot_interfaces
[8.500s] -- Up-to-date: /home/supakorn/ros2_ws/install/myrobot_interfaces/include/myrobot_interfaces/myrobot_interfaces/srv
[8.500s] -- Up-to-date: /home/supakorn/ros2_ws/install/myrobot_interfaces/include/myrobot_interfaces/myrobot_interfaces/srv/detail
[8.501s] -- Installing: /home/supakorn/ros2_ws/install/myrobot_interfaces/include/myrobot_interfaces/myrobot_interfaces/srv/detail/cal_rectangle__type_support.c
[8.501s] -- Installing: /home/supakorn/ros2_ws/install/myrobot_interfaces/include/myrobot_interfaces/myrobot_interfaces/srv/detail/cal_rectangle__rosidl_typesupport_introspection_c.h
[8.501s] -- Up-to-date: /home/supakorn/ros2_ws/install/myrobot_interfaces/include/myrobot_interfaces/myrobot_interfaces/msg
[8.501s] -- Up-to-date: /home/supakorn/ros2_ws/install/myrobot_interfaces/include/myrobot_interfaces/myrobot_interfaces/msg/detail
[8.501s] -- Installing: /home/supakorn/ros2_ws/install/myrobot_interfaces/include/myrobot_interfaces/myrobot_interfaces/msg/detail/h_wstatus__rosidl_typesupport_introspection_c.h
[8.501s] -- Installing: /home/supakorn/ros2_ws/install/myrobot_interfaces/include/myrobot_interfaces/myrobot_interfaces/msg/detail/h_wstatus__type_support.c
[8.501s] -- Up-to-date: /home/supakorn/ros2_ws/install/myrobot_interfaces/include/myrobot_interfaces/myrobot_interfaces/msg/rosidl_typesupport_introspection_c__visibility_control.h
[8.503s] -- Installing: /home/supakorn/ros2_ws/install/myrobot_interfaces/lib/libmyrobot_interfaces__rosidl_typesupport_introspection_c.so
[8.503s] -- Set runtime path of "/home/supakorn/ros2_ws/install/myrobot_interfaces/lib/libmyrobot_interfaces__rosidl_typesupport_introspection_c.so" to ""
[8.505s] -- Installing: /home/supakorn/ros2_ws/install/myrobot_interfaces/lib/libmyrobot_interfaces__rosidl_typesupport_c.so
[8.505s] -- Set runtime path of "/home/supakorn/ros2_ws/install/myrobot_interfaces/lib/libmyrobot_interfaces__rosidl_typesupport_c.so" to ""
[8.505s] -- Up-to-date: /home/supakorn/ros2_ws/install/myrobot_interfaces/include/myrobot_interfaces/myrobot_interfaces
[8.506s] -- Up-to-date: /home/supakorn/ros2_ws/install/myrobot_interfaces/include/myrobot_interfaces/myrobot_interfaces/srv
[8.506s] -- Up-to-date: /home/supakorn/ros2_ws/install/myrobot_interfaces/include/myrobot_interfaces/myrobot_interfaces/srv/detail
[8.506s] -- Installing: /home/supakorn/ros2_ws/install/myrobot_interfaces/include/myrobot_interfaces/myrobot_interfaces/srv/detail/cal_rectangle__builder.hpp
[8.506s] -- Installing: /home/supakorn/ros2_ws/install/myrobot_interfaces/include/myrobot_interfaces/myrobot_interfaces/srv/detail/cal_rectangle__traits.hpp
[8.506s] -- Installing: /home/supakorn/ros2_ws/install/myrobot_interfaces/include/myrobot_interfaces/myrobot_interfaces/srv/detail/cal_rectangle__struct.hpp
[8.506s] -- Installing: /home/supakorn/ros2_ws/install/myrobot_interfaces/include/myrobot_interfaces/myrobot_interfaces/srv/cal_rectangle.hpp
[8.507s] -- Up-to-date: /home/supakorn/ros2_ws/install/myrobot_interfaces/include/myrobot_interfaces/myrobot_interfaces/msg
[8.507s] -- Up-to-date: /home/supakorn/ros2_ws/install/myrobot_interfaces/include/myrobot_interfaces/myrobot_interfaces/msg/detail
[8.507s] -- Installing: /home/supakorn/ros2_ws/install/myrobot_interfaces/include/myrobot_interfaces/myrobot_interfaces/msg/detail/h_wstatus__builder.hpp
[8.507s] -- Installing: /home/supakorn/ros2_ws/install/myrobot_interfaces/include/myrobot_interfaces/myrobot_interfaces/msg/detail/h_wstatus__struct.hpp
[8.507s] -- Installing: /home/supakorn/ros2_ws/install/myrobot_interfaces/include/myrobot_interfaces/myrobot_interfaces/msg/detail/h_wstatus__traits.hpp
[8.508s] -- Installing: /home/supakorn/ros2_ws/install/myrobot_interfaces/include/myrobot_interfaces/myrobot_interfaces/msg/h_wstatus.hpp
[8.508s] -- Up-to-date: /home/supakorn/ros2_ws/install/myrobot_interfaces/include/myrobot_interfaces/myrobot_interfaces
[8.508s] -- Up-to-date: /home/supakorn/ros2_ws/install/myrobot_interfaces/include/myrobot_interfaces/myrobot_interfaces/srv
[8.508s] -- Up-to-date: /home/supakorn/ros2_ws/install/myrobot_interfaces/include/myrobot_interfaces/myrobot_interfaces/srv/detail
[8.508s] -- Installing: /home/supakorn/ros2_ws/install/myrobot_interfaces/include/myrobot_interfaces/myrobot_interfaces/srv/detail/dds_fastrtps
[8.508s] -- Installing: /home/supakorn/ros2_ws/install/myrobot_interfaces/include/myrobot_interfaces/myrobot_interfaces/srv/detail/cal_rectangle__rosidl_typesupport_fastrtps_cpp.hpp
[8.508s] -- Up-to-date: /home/supakorn/ros2_ws/install/myrobot_interfaces/include/myrobot_interfaces/myrobot_interfaces/msg
[8.508s] -- Up-to-date: /home/supakorn/ros2_ws/install/myrobot_interfaces/include/myrobot_interfaces/myrobot_interfaces/msg/detail
[8.509s] -- Up-to-date: /home/supakorn/ros2_ws/install/myrobot_interfaces/include/myrobot_interfaces/myrobot_interfaces/msg/detail/dds_fastrtps
[8.509s] -- Installing: /home/supakorn/ros2_ws/install/myrobot_interfaces/include/myrobot_interfaces/myrobot_interfaces/msg/detail/h_wstatus__rosidl_typesupport_fastrtps_cpp.hpp
[8.509s] -- Up-to-date: /home/supakorn/ros2_ws/install/myrobot_interfaces/include/myrobot_interfaces/myrobot_interfaces/msg/rosidl_typesupport_fastrtps_cpp__visibility_control.h
[8.510s] -- Installing: /home/supakorn/ros2_ws/install/myrobot_interfaces/lib/libmyrobot_interfaces__rosidl_typesupport_fastrtps_cpp.so
[8.511s] -- Set runtime path of "/home/supakorn/ros2_ws/install/myrobot_interfaces/lib/libmyrobot_interfaces__rosidl_typesupport_fastrtps_cpp.so" to ""
[8.511s] -- Up-to-date: /home/supakorn/ros2_ws/install/myrobot_interfaces/include/myrobot_interfaces/myrobot_interfaces
[8.511s] -- Up-to-date: /home/supakorn/ros2_ws/install/myrobot_interfaces/include/myrobot_interfaces/myrobot_interfaces/srv
[8.511s] -- Up-to-date: /home/supakorn/ros2_ws/install/myrobot_interfaces/include/myrobot_interfaces/myrobot_interfaces/srv/detail
[8.511s] -- Installing: /home/supakorn/ros2_ws/install/myrobot_interfaces/include/myrobot_interfaces/myrobot_interfaces/srv/detail/cal_rectangle__type_support.cpp
[8.512s] -- Installing: /home/supakorn/ros2_ws/install/myrobot_interfaces/include/myrobot_interfaces/myrobot_interfaces/srv/detail/cal_rectangle__rosidl_typesupport_introspection_cpp.hpp
[8.512s] -- Up-to-date: /home/supakorn/ros2_ws/install/myrobot_interfaces/include/myrobot_interfaces/myrobot_interfaces/msg
[8.512s] -- Up-to-date: /home/supakorn/ros2_ws/install/myrobot_interfaces/include/myrobot_interfaces/myrobot_interfaces/msg/detail
[8.512s] -- Installing: /home/supakorn/ros2_ws/install/myrobot_interfaces/include/myrobot_interfaces/myrobot_interfaces/msg/detail/h_wstatus__type_support.cpp
[8.512s] -- Installing: /home/supakorn/ros2_ws/install/myrobot_interfaces/include/myrobot_interfaces/myrobot_interfaces/msg/detail/h_wstatus__rosidl_typesupport_introspection_cpp.hpp
[8.513s] -- Installing: /home/supakorn/ros2_ws/install/myrobot_interfaces/lib/libmyrobot_interfaces__rosidl_typesupport_introspection_cpp.so
[8.514s] -- Set runtime path of "/home/supakorn/ros2_ws/install/myrobot_interfaces/lib/libmyrobot_interfaces__rosidl_typesupport_introspection_cpp.so" to ""
[8.515s] -- Installing: /home/supakorn/ros2_ws/install/myrobot_interfaces/lib/libmyrobot_interfaces__rosidl_typesupport_cpp.so
[8.516s] -- Set runtime path of "/home/supakorn/ros2_ws/install/myrobot_interfaces/lib/libmyrobot_interfaces__rosidl_typesupport_cpp.so" to ""
[8.516s] -- Up-to-date: /home/supakorn/ros2_ws/install/myrobot_interfaces/share/myrobot_interfaces/environment/pythonpath.sh
[8.516s] -- Up-to-date: /home/supakorn/ros2_ws/install/myrobot_interfaces/share/myrobot_interfaces/environment/pythonpath.dsv
[8.516s] -- Up-to-date: /home/supakorn/ros2_ws/install/myrobot_interfaces/lib/python3.10/site-packages/myrobot_interfaces-0.0.0-py3.10.egg-info
[8.520s] -- Installing: /home/supakorn/ros2_ws/install/myrobot_interfaces/lib/python3.10/site-packages/myrobot_interfaces-0.0.0-py3.10.egg-info/top_level.txt
[8.520s] -- Installing: /home/supakorn/ros2_ws/install/myrobot_interfaces/lib/python3.10/site-packages/myrobot_interfaces-0.0.0-py3.10.egg-info/dependency_links.txt
[8.520s] -- Installing: /home/supakorn/ros2_ws/install/myrobot_interfaces/lib/python3.10/site-packages/myrobot_interfaces-0.0.0-py3.10.egg-info/SOURCES.txt
[8.520s] -- Installing: /home/supakorn/ros2_ws/install/myrobot_interfaces/lib/python3.10/site-packages/myrobot_interfaces-0.0.0-py3.10.egg-info/PKG-INFO
[8.520s] -- Up-to-date: /home/supakorn/ros2_ws/install/myrobot_interfaces/lib/python3.10/site-packages/myrobot_interfaces
[8.520s] -- Installing: /home/supakorn/ros2_ws/install/myrobot_interfaces/lib/python3.10/site-packages/myrobot_interfaces/libmyrobot_interfaces__rosidl_generator_py.so
[8.520s] -- Installing: /home/supakorn/ros2_ws/install/myrobot_interfaces/lib/python3.10/site-packages/myrobot_interfaces/myrobot_interfaces_s__rosidl_typesupport_c.cpython-310-x86_64-linux-gnu.so
[8.520s] -- Installing: /home/supakorn/ros2_ws/install/myrobot_interfaces/lib/python3.10/site-packages/myrobot_interfaces/srv
[8.520s] -- Installing: /home/supakorn/ros2_ws/install/myrobot_interfaces/lib/python3.10/site-packages/myrobot_interfaces/srv/_cal_rectangle.py
[8.520s] -- Installing: /home/supakorn/ros2_ws/install/myrobot_interfaces/lib/python3.10/site-packages/myrobot_interfaces/srv/__init__.py
[8.520s] -- Installing: /home/supakorn/ros2_ws/install/myrobot_interfaces/lib/python3.10/site-packages/myrobot_interfaces/srv/_cal_rectangle_s.c
[8.521s] -- Installing: /home/supakorn/ros2_ws/install/myrobot_interfaces/lib/python3.10/site-packages/myrobot_interfaces/_myrobot_interfaces_s.ep.rosidl_typesupport_fastrtps_c.c
[8.521s] -- Installing: /home/supakorn/ros2_ws/install/myrobot_interfaces/lib/python3.10/site-packages/myrobot_interfaces/_myrobot_interfaces_s.ep.rosidl_typesupport_introspection_c.c
[8.521s] -- Installing: /home/supakorn/ros2_ws/install/myrobot_interfaces/lib/python3.10/site-packages/myrobot_interfaces/_myrobot_interfaces_s.ep.rosidl_typesupport_c.c
[8.521s] -- Up-to-date: /home/supakorn/ros2_ws/install/myrobot_interfaces/lib/python3.10/site-packages/myrobot_interfaces/msg
[8.521s] -- Installing: /home/supakorn/ros2_ws/install/myrobot_interfaces/lib/python3.10/site-packages/myrobot_interfaces/msg/_h_wstatus_s.c
[8.521s] -- Installing: /home/supakorn/ros2_ws/install/myrobot_interfaces/lib/python3.10/site-packages/myrobot_interfaces/msg/__init__.py
[8.521s] -- Installing: /home/supakorn/ros2_ws/install/myrobot_interfaces/lib/python3.10/site-packages/myrobot_interfaces/msg/_h_wstatus.py
[8.521s] -- Installing: /home/supakorn/ros2_ws/install/myrobot_interfaces/lib/python3.10/site-packages/myrobot_interfaces/myrobot_interfaces_s__rosidl_typesupport_introspection_c.cpython-310-x86_64-linux-gnu.so
[8.521s] -- Installing: /home/supakorn/ros2_ws/install/myrobot_interfaces/lib/python3.10/site-packages/myrobot_interfaces/myrobot_interfaces_s__rosidl_typesupport_fastrtps_c.cpython-310-x86_64-linux-gnu.so
[8.521s] -- Installing: /home/supakorn/ros2_ws/install/myrobot_interfaces/lib/python3.10/site-packages/myrobot_interfaces/__init__.py
[8.569s] Listing '/home/supakorn/ros2_ws/install/myrobot_interfaces/lib/python3.10/site-packages/myrobot_interfaces'...
[8.569s] Compiling '/home/supakorn/ros2_ws/install/myrobot_interfaces/lib/python3.10/site-packages/myrobot_interfaces/__init__.py'...
[8.569s] Listing '/home/supakorn/ros2_ws/install/myrobot_interfaces/lib/python3.10/site-packages/myrobot_interfaces/msg'...
[8.569s] Compiling '/home/supakorn/ros2_ws/install/myrobot_interfaces/lib/python3.10/site-packages/myrobot_interfaces/msg/__init__.py'...
[8.569s] Compiling '/home/supakorn/ros2_ws/install/myrobot_interfaces/lib/python3.10/site-packages/myrobot_interfaces/msg/_h_wstatus.py'...
[8.569s] Listing '/home/supakorn/ros2_ws/install/myrobot_interfaces/lib/python3.10/site-packages/myrobot_interfaces/srv'...
[8.569s] Compiling '/home/supakorn/ros2_ws/install/myrobot_interfaces/lib/python3.10/site-packages/myrobot_interfaces/srv/__init__.py'...
[8.569s] Compiling '/home/supakorn/ros2_ws/install/myrobot_interfaces/lib/python3.10/site-packages/myrobot_interfaces/srv/_cal_rectangle.py'...
[8.575s] -- Installing: /home/supakorn/ros2_ws/install/myrobot_interfaces/lib/python3.10/site-packages/myrobot_interfaces/myrobot_interfaces_s__rosidl_typesupport_fastrtps_c.cpython-310-x86_64-linux-gnu.so
[8.575s] -- Set runtime path of "/home/supakorn/ros2_ws/install/myrobot_interfaces/lib/python3.10/site-packages/myrobot_interfaces/myrobot_interfaces_s__rosidl_typesupport_fastrtps_c.cpython-310-x86_64-linux-gnu.so" to ""
[8.576s] -- Installing: /home/supakorn/ros2_ws/install/myrobot_interfaces/lib/python3.10/site-packages/myrobot_interfaces/myrobot_interfaces_s__rosidl_typesupport_introspection_c.cpython-310-x86_64-linux-gnu.so
[8.577s] -- Set runtime path of "/home/supakorn/ros2_ws/install/myrobot_interfaces/lib/python3.10/site-packages/myrobot_interfaces/myrobot_interfaces_s__rosidl_typesupport_introspection_c.cpython-310-x86_64-linux-gnu.so" to ""
[8.577s] -- Installing: /home/supakorn/ros2_ws/install/myrobot_interfaces/lib/python3.10/site-packages/myrobot_interfaces/myrobot_interfaces_s__rosidl_typesupport_c.cpython-310-x86_64-linux-gnu.so
[8.578s] -- Set runtime path of "/home/supakorn/ros2_ws/install/myrobot_interfaces/lib/python3.10/site-packages/myrobot_interfaces/myrobot_interfaces_s__rosidl_typesupport_c.cpython-310-x86_64-linux-gnu.so" to ""
[8.580s] -- Installing: /home/supakorn/ros2_ws/install/myrobot_interfaces/lib/libmyrobot_interfaces__rosidl_generator_py.so
[8.581s] -- Set runtime path of "/home/supakorn/ros2_ws/install/myrobot_interfaces/lib/libmyrobot_interfaces__rosidl_generator_py.so" to ""
[8.581s] -- Up-to-date: /home/supakorn/ros2_ws/install/myrobot_interfaces/share/myrobot_interfaces/msg/HWstatus.idl
[8.581s] -- Installing: /home/supakorn/ros2_ws/install/myrobot_interfaces/share/myrobot_interfaces/srv/CalRectangle.idl
[8.581s] -- Up-to-date: /home/supakorn/ros2_ws/install/myrobot_interfaces/share/myrobot_interfaces/msg/HWstatus.msg
[8.581s] -- Installing: /home/supakorn/ros2_ws/install/myrobot_interfaces/share/myrobot_interfaces/srv/CalRectangle.srv
[8.581s] -- Installing: /home/supakorn/ros2_ws/install/myrobot_interfaces/share/myrobot_interfaces/srv/CalRectangle_Request.msg
[8.581s] -- Installing: /home/supakorn/ros2_ws/install/myrobot_interfaces/share/myrobot_interfaces/srv/CalRectangle_Response.msg
[8.582s] -- Up-to-date: /home/supakorn/ros2_ws/install/myrobot_interfaces/share/ament_index/resource_index/package_run_dependencies/myrobot_interfaces
[8.582s] -- Up-to-date: /home/supakorn/ros2_ws/install/myrobot_interfaces/share/ament_index/resource_index/parent_prefix_path/myrobot_interfaces
[8.582s] -- Up-to-date: /home/supakorn/ros2_ws/install/myrobot_interfaces/share/myrobot_interfaces/environment/ament_prefix_path.sh
[8.582s] -- Up-to-date: /home/supakorn/ros2_ws/install/myrobot_interfaces/share/myrobot_interfaces/environment/ament_prefix_path.dsv
[8.582s] -- Up-to-date: /home/supakorn/ros2_ws/install/myrobot_interfaces/share/myrobot_interfaces/environment/path.sh
[8.583s] -- Up-to-date: /home/supakorn/ros2_ws/install/myrobot_interfaces/share/myrobot_interfaces/environment/path.dsv
[8.583s] -- Up-to-date: /home/supakorn/ros2_ws/install/myrobot_interfaces/share/myrobot_interfaces/local_setup.bash
[8.583s] -- Up-to-date: /home/supakorn/ros2_ws/install/myrobot_interfaces/share/myrobot_interfaces/local_setup.sh
[8.583s] -- Up-to-date: /home/supakorn/ros2_ws/install/myrobot_interfaces/share/myrobot_interfaces/local_setup.zsh
[8.583s] -- Up-to-date: /home/supakorn/ros2_ws/install/myrobot_interfaces/share/myrobot_interfaces/local_setup.dsv
[8.583s] -- Installing: /home/supakorn/ros2_ws/install/myrobot_interfaces/share/myrobot_interfaces/package.dsv
[8.583s] -- Up-to-date: /home/supakorn/ros2_ws/install/myrobot_interfaces/share/ament_index/resource_index/packages/myrobot_interfaces
[8.583s] -- Old export file "/home/supakorn/ros2_ws/install/myrobot_interfaces/share/myrobot_interfaces/cmake/export_myrobot_interfaces__rosidl_generator_cExport.cmake" will be replaced.  Removing files [/home/supakorn/ros2_ws/install/myrobot_interfaces/share/myrobot_interfaces/cmake/export_myrobot_interfaces__rosidl_generator_cExport-noconfig.cmake].
[8.584s] -- Installing: /home/supakorn/ros2_ws/install/myrobot_interfaces/share/myrobot_interfaces/cmake/export_myrobot_interfaces__rosidl_generator_cExport.cmake
[8.584s] -- Installing: /home/supakorn/ros2_ws/install/myrobot_interfaces/share/myrobot_interfaces/cmake/export_myrobot_interfaces__rosidl_generator_cExport-noconfig.cmake
[8.584s] -- Old export file "/home/supakorn/ros2_ws/install/myrobot_interfaces/share/myrobot_interfaces/cmake/export_myrobot_interfaces__rosidl_typesupport_fastrtps_cExport.cmake" will be replaced.  Removing files [/home/supakorn/ros2_ws/install/myrobot_interfaces/share/myrobot_interfaces/cmake/export_myrobot_interfaces__rosidl_typesupport_fastrtps_cExport-noconfig.cmake].
[8.584s] -- Installing: /home/supakorn/ros2_ws/install/myrobot_interfaces/share/myrobot_interfaces/cmake/export_myrobot_interfaces__rosidl_typesupport_fastrtps_cExport.cmake
[8.584s] -- Installing: /home/supakorn/ros2_ws/install/myrobot_interfaces/share/myrobot_interfaces/cmake/export_myrobot_interfaces__rosidl_typesupport_fastrtps_cExport-noconfig.cmake
[8.584s] -- Old export file "/home/supakorn/ros2_ws/install/myrobot_interfaces/share/myrobot_interfaces/cmake/myrobot_interfaces__rosidl_typesupport_introspection_cExport.cmake" will be replaced.  Removing files [/home/supakorn/ros2_ws/install/myrobot_interfaces/share/myrobot_interfaces/cmake/myrobot_interfaces__rosidl_typesupport_introspection_cExport-noconfig.cmake].
[8.584s] -- Installing: /home/supakorn/ros2_ws/install/myrobot_interfaces/share/myrobot_interfaces/cmake/myrobot_interfaces__rosidl_typesupport_introspection_cExport.cmake
[8.585s] -- Installing: /home/supakorn/ros2_ws/install/myrobot_interfaces/share/myrobot_interfaces/cmake/myrobot_interfaces__rosidl_typesupport_introspection_cExport-noconfig.cmake
[8.585s] -- Old export file "/home/supakorn/ros2_ws/install/myrobot_interfaces/share/myrobot_interfaces/cmake/myrobot_interfaces__rosidl_typesupport_cExport.cmake" will be replaced.  Removing files [/home/supakorn/ros2_ws/install/myrobot_interfaces/share/myrobot_interfaces/cmake/myrobot_interfaces__rosidl_typesupport_cExport-noconfig.cmake].
[8.585s] -- Installing: /home/supakorn/ros2_ws/install/myrobot_interfaces/share/myrobot_interfaces/cmake/myrobot_interfaces__rosidl_typesupport_cExport.cmake
[8.585s] -- Installing: /home/supakorn/ros2_ws/install/myrobot_interfaces/share/myrobot_interfaces/cmake/myrobot_interfaces__rosidl_typesupport_cExport-noconfig.cmake
[8.586s] -- Installing: /home/supakorn/ros2_ws/install/myrobot_interfaces/share/myrobot_interfaces/cmake/export_myrobot_interfaces__rosidl_generator_cppExport.cmake
[8.586s] -- Old export file "/home/supakorn/ros2_ws/install/myrobot_interfaces/share/myrobot_interfaces/cmake/export_myrobot_interfaces__rosidl_typesupport_fastrtps_cppExport.cmake" will be replaced.  Removing files [/home/supakorn/ros2_ws/install/myrobot_interfaces/share/myrobot_interfaces/cmake/export_myrobot_interfaces__rosidl_typesupport_fastrtps_cppExport-noconfig.cmake].
[8.586s] -- Installing: /home/supakorn/ros2_ws/install/myrobot_interfaces/share/myrobot_interfaces/cmake/export_myrobot_interfaces__rosidl_typesupport_fastrtps_cppExport.cmake
[8.586s] -- Installing: /home/supakorn/ros2_ws/install/myrobot_interfaces/share/myrobot_interfaces/cmake/export_myrobot_interfaces__rosidl_typesupport_fastrtps_cppExport-noconfig.cmake
[8.587s] -- Old export file "/home/supakorn/ros2_ws/install/myrobot_interfaces/share/myrobot_interfaces/cmake/myrobot_interfaces__rosidl_typesupport_introspection_cppExport.cmake" will be replaced.  Removing files [/home/supakorn/ros2_ws/install/myrobot_interfaces/share/myrobot_interfaces/cmake/myrobot_interfaces__rosidl_typesupport_introspection_cppExport-noconfig.cmake].
[8.587s] -- Installing: /home/supakorn/ros2_ws/install/myrobot_interfaces/share/myrobot_interfaces/cmake/myrobot_interfaces__rosidl_typesupport_introspection_cppExport.cmake
[8.587s] -- Installing: /home/supakorn/ros2_ws/install/myrobot_interfaces/share/myrobot_interfaces/cmake/myrobot_interfaces__rosidl_typesupport_introspection_cppExport-noconfig.cmake
[8.588s] -- Old export file "/home/supakorn/ros2_ws/install/myrobot_interfaces/share/myrobot_interfaces/cmake/myrobot_interfaces__rosidl_typesupport_cppExport.cmake" will be replaced.  Removing files [/home/supakorn/ros2_ws/install/myrobot_interfaces/share/myrobot_interfaces/cmake/myrobot_interfaces__rosidl_typesupport_cppExport-noconfig.cmake].
[8.588s] -- Installing: /home/supakorn/ros2_ws/install/myrobot_interfaces/share/myrobot_interfaces/cmake/myrobot_interfaces__rosidl_typesupport_cppExport.cmake
[8.588s] -- Installing: /home/supakorn/ros2_ws/install/myrobot_interfaces/share/myrobot_interfaces/cmake/myrobot_interfaces__rosidl_typesupport_cppExport-noconfig.cmake
[8.588s] -- Old export file "/home/supakorn/ros2_ws/install/myrobot_interfaces/share/myrobot_interfaces/cmake/export_myrobot_interfaces__rosidl_generator_pyExport.cmake" will be replaced.  Removing files [/home/supakorn/ros2_ws/install/myrobot_interfaces/share/myrobot_interfaces/cmake/export_myrobot_interfaces__rosidl_generator_pyExport-noconfig.cmake].
[8.588s] -- Installing: /home/supakorn/ros2_ws/install/myrobot_interfaces/share/myrobot_interfaces/cmake/export_myrobot_interfaces__rosidl_generator_pyExport.cmake
[8.588s] -- Installing: /home/supakorn/ros2_ws/install/myrobot_interfaces/share/myrobot_interfaces/cmake/export_myrobot_interfaces__rosidl_generator_pyExport-noconfig.cmake
[8.589s] -- Installing: /home/supakorn/ros2_ws/install/myrobot_interfaces/share/myrobot_interfaces/cmake/rosidl_cmake-extras.cmake
[8.589s] -- Installing: /home/supakorn/ros2_ws/install/myrobot_interfaces/share/myrobot_interfaces/cmake/ament_cmake_export_dependencies-extras.cmake
[8.589s] -- Up-to-date: /home/supakorn/ros2_ws/install/myrobot_interfaces/share/myrobot_interfaces/cmake/ament_cmake_export_include_directories-extras.cmake
[8.589s] -- Up-to-date: /home/supakorn/ros2_ws/install/myrobot_interfaces/share/myrobot_interfaces/cmake/ament_cmake_export_libraries-extras.cmake
[8.590s] -- Up-to-date: /home/supakorn/ros2_ws/install/myrobot_interfaces/share/myrobot_interfaces/cmake/ament_cmake_export_targets-extras.cmake
[8.590s] -- Up-to-date: /home/supakorn/ros2_ws/install/myrobot_interfaces/share/myrobot_interfaces/cmake/rosidl_cmake_export_typesupport_targets-extras.cmake
[8.590s] -- Up-to-date: /home/supakorn/ros2_ws/install/myrobot_interfaces/share/myrobot_interfaces/cmake/rosidl_cmake_export_typesupport_libraries-extras.cmake
[8.590s] -- Installing: /home/supakorn/ros2_ws/install/myrobot_interfaces/share/myrobot_interfaces/cmake/myrobot_interfacesConfig.cmake
[8.590s] -- Up-to-date: /home/supakorn/ros2_ws/install/myrobot_interfaces/share/myrobot_interfaces/cmake/myrobot_interfacesConfig-version.cmake
[8.590s] -- Up-to-date: /home/supakorn/ros2_ws/install/myrobot_interfaces/share/myrobot_interfaces/package.xml
[8.593s] Invoked command in '/home/supakorn/ros2_ws/build/myrobot_interfaces' returned '0': CMAKE_PREFIX_PATH=${CMAKE_PREFIX_PATH}:/home/supakorn/ros2_ws/install/robot_1:/home/supakorn/ros2_ws/install/my_robot:/opt/ros/iron /usr/bin/cmake --install /home/supakorn/ros2_ws/build/myrobot_interfaces
