[5.693s] DEBUG:colcon:Command line arguments: ['/usr/bin/colcon', 'build', '--packages-select', 'robot_1', '--symlink-install']
[5.693s] DEBUG:colcon:Parsed command line arguments: Namespace(log_base=None, log_level=None, verb_name='build', build_base='build', install_base='install', merge_install=False, symlink_install=True, test_result_base=None, continue_on_error=False, executor='parallel', parallel_workers=4, event_handlers=None, ignore_user_meta=False, metas=['./colcon.meta'], base_paths=['.'], packages_ignore=None, packages_ignore_regex=None, paths=None, packages_up_to=None, packages_up_to_regex=None, packages_above=None, packages_above_and_dependencies=None, packages_above_depth=None, packages_select_by_dep=None, packages_skip_by_dep=None, packages_skip_up_to=None, packages_select_build_failed=False, packages_skip_build_finished=False, packages_select_test_failures=False, packages_skip_test_passed=False, packages_select=['robot_1'], packages_skip=None, packages_select_regex=None, packages_skip_regex=None, packages_start=None, packages_end=None, allow_overriding=[], cmake_args=None, cmake_target=None, cmake_target_skip_unavailable=False, cmake_clean_cache=False, cmake_clean_first=False, cmake_force_configure=False, ament_cmake_args=None, catkin_cmake_args=None, catkin_skip_building_tests=False, verb_parser=<colcon_defaults.argument_parser.defaults.DefaultArgumentsDecorator object at 0x7fa9f65aded0>, verb_extension=<colcon_core.verb.build.BuildVerb object at 0x7fa9f6a4b430>, main=<bound method BuildVerb.main of <colcon_core.verb.build.BuildVerb object at 0x7fa9f6a4b430>>)
[6.034s] Level 1:colcon.colcon_core.package_discovery:discover_packages(colcon_meta) check parameters
[6.034s] Level 1:colcon.colcon_core.package_discovery:discover_packages(recursive) check parameters
[6.034s] Level 1:colcon.colcon_core.package_discovery:discover_packages(ignore) check parameters
[6.034s] Level 1:colcon.colcon_core.package_discovery:discover_packages(path) check parameters
[6.034s] Level 1:colcon.colcon_core.package_discovery:discover_packages(colcon_meta) discover
[6.034s] Level 1:colcon.colcon_core.package_discovery:discover_packages(recursive) discover
[6.034s] INFO:colcon.colcon_core.package_discovery:Crawling recursively for packages in '/home/supakorn/ros2_ws'
[6.034s] Level 1:colcon.colcon_core.package_identification:_identify(.) by extensions ['ignore', 'ignore_ament_install']
[6.034s] Level 1:colcon.colcon_core.package_identification:_identify(.) by extension 'ignore'
[6.034s] Level 1:colcon.colcon_core.package_identification:_identify(.) by extension 'ignore_ament_install'
[6.035s] Level 1:colcon.colcon_core.package_identification:_identify(.) by extensions ['colcon_pkg']
[6.035s] Level 1:colcon.colcon_core.package_identification:_identify(.) by extension 'colcon_pkg'
[6.035s] Level 1:colcon.colcon_core.package_identification:_identify(.) by extensions ['colcon_meta']
[6.035s] Level 1:colcon.colcon_core.package_identification:_identify(.) by extension 'colcon_meta'
[6.035s] Level 1:colcon.colcon_core.package_identification:_identify(.) by extensions ['ros']
[6.035s] Level 1:colcon.colcon_core.package_identification:_identify(.) by extension 'ros'
[6.113s] Level 1:colcon.colcon_core.package_identification:_identify(.) by extensions ['cmake', 'python']
[6.113s] Level 1:colcon.colcon_core.package_identification:_identify(.) by extension 'cmake'
[6.114s] Level 1:colcon.colcon_core.package_identification:_identify(.) by extension 'python'
[6.114s] Level 1:colcon.colcon_core.package_identification:_identify(.) by extensions ['python_setup_py']
[6.114s] Level 1:colcon.colcon_core.package_identification:_identify(.) by extension 'python_setup_py'
[6.114s] Level 1:colcon.colcon_core.package_identification:_identify(build) by extensions ['ignore', 'ignore_ament_install']
[6.114s] Level 1:colcon.colcon_core.package_identification:_identify(build) by extension 'ignore'
[6.114s] Level 1:colcon.colcon_core.package_identification:_identify(build) ignored
[6.123s] Level 1:colcon.colcon_core.package_identification:_identify(install) by extensions ['ignore', 'ignore_ament_install']
[6.123s] Level 1:colcon.colcon_core.package_identification:_identify(install) by extension 'ignore'
[6.123s] Level 1:colcon.colcon_core.package_identification:_identify(install) ignored
[6.123s] Level 1:colcon.colcon_core.package_identification:_identify(log) by extensions ['ignore', 'ignore_ament_install']
[6.123s] Level 1:colcon.colcon_core.package_identification:_identify(log) by extension 'ignore'
[6.124s] Level 1:colcon.colcon_core.package_identification:_identify(log) ignored
[6.124s] Level 1:colcon.colcon_core.package_identification:_identify(src) by extensions ['ignore', 'ignore_ament_install']
[6.124s] Level 1:colcon.colcon_core.package_identification:_identify(src) by extension 'ignore'
[6.124s] Level 1:colcon.colcon_core.package_identification:_identify(src) by extension 'ignore_ament_install'
[6.124s] Level 1:colcon.colcon_core.package_identification:_identify(src) by extensions ['colcon_pkg']
[6.124s] Level 1:colcon.colcon_core.package_identification:_identify(src) by extension 'colcon_pkg'
[6.124s] Level 1:colcon.colcon_core.package_identification:_identify(src) by extensions ['colcon_meta']
[6.124s] Level 1:colcon.colcon_core.package_identification:_identify(src) by extension 'colcon_meta'
[6.124s] Level 1:colcon.colcon_core.package_identification:_identify(src) by extensions ['ros']
[6.124s] Level 1:colcon.colcon_core.package_identification:_identify(src) by extension 'ros'
[6.124s] Level 1:colcon.colcon_core.package_identification:_identify(src) by extensions ['cmake', 'python']
[6.124s] Level 1:colcon.colcon_core.package_identification:_identify(src) by extension 'cmake'
[6.124s] Level 1:colcon.colcon_core.package_identification:_identify(src) by extension 'python'
[6.124s] Level 1:colcon.colcon_core.package_identification:_identify(src) by extensions ['python_setup_py']
[6.124s] Level 1:colcon.colcon_core.package_identification:_identify(src) by extension 'python_setup_py'
[6.127s] Level 1:colcon.colcon_core.package_identification:_identify(src/my_robot) by extensions ['ignore', 'ignore_ament_install']
[6.127s] Level 1:colcon.colcon_core.package_identification:_identify(src/my_robot) by extension 'ignore'
[6.127s] Level 1:colcon.colcon_core.package_identification:_identify(src/my_robot) by extension 'ignore_ament_install'
[6.127s] Level 1:colcon.colcon_core.package_identification:_identify(src/my_robot) by extensions ['colcon_pkg']
[6.127s] Level 1:colcon.colcon_core.package_identification:_identify(src/my_robot) by extension 'colcon_pkg'
[6.127s] Level 1:colcon.colcon_core.package_identification:_identify(src/my_robot) by extensions ['colcon_meta']
[6.127s] Level 1:colcon.colcon_core.package_identification:_identify(src/my_robot) by extension 'colcon_meta'
[6.127s] Level 1:colcon.colcon_core.package_identification:_identify(src/my_robot) by extensions ['ros']
[6.127s] Level 1:colcon.colcon_core.package_identification:_identify(src/my_robot) by extension 'ros'
[6.140s] DEBUG:colcon.colcon_core.package_identification:Package 'src/my_robot' with type 'ros.ament_python' and name 'my_robot'
[6.140s] Level 1:colcon.colcon_core.package_identification:_identify(src/robot_1) by extensions ['ignore', 'ignore_ament_install']
[6.141s] Level 1:colcon.colcon_core.package_identification:_identify(src/robot_1) by extension 'ignore'
[6.141s] Level 1:colcon.colcon_core.package_identification:_identify(src/robot_1) by extension 'ignore_ament_install'
[6.141s] Level 1:colcon.colcon_core.package_identification:_identify(src/robot_1) by extensions ['colcon_pkg']
[6.141s] Level 1:colcon.colcon_core.package_identification:_identify(src/robot_1) by extension 'colcon_pkg'
[6.141s] Level 1:colcon.colcon_core.package_identification:_identify(src/robot_1) by extensions ['colcon_meta']
[6.142s] Level 1:colcon.colcon_core.package_identification:_identify(src/robot_1) by extension 'colcon_meta'
[6.142s] Level 1:colcon.colcon_core.package_identification:_identify(src/robot_1) by extensions ['ros']
[6.142s] Level 1:colcon.colcon_core.package_identification:_identify(src/robot_1) by extension 'ros'
[6.153s] DEBUG:colcon.colcon_core.package_identification:Package 'src/robot_1' with type 'ros.ament_python' and name 'robot_1'
[6.153s] Level 1:colcon.colcon_core.package_discovery:discover_packages(recursive) using defaults
[6.153s] Level 1:colcon.colcon_core.package_discovery:discover_packages(ignore) discover
[6.153s] Level 1:colcon.colcon_core.package_discovery:discover_packages(ignore) using defaults
[6.153s] Level 1:colcon.colcon_core.package_discovery:discover_packages(path) discover
[6.153s] Level 1:colcon.colcon_core.package_discovery:discover_packages(path) using defaults
[6.454s] INFO:colcon.colcon_core.package_selection:Skipping not selected package 'my_robot' in 'src/my_robot'
[6.492s] Level 1:colcon.colcon_core.package_discovery:discover_packages(prefix_path) check parameters
[6.492s] Level 1:colcon.colcon_core.package_discovery:discover_packages(prefix_path) discover
[6.558s] DEBUG:colcon.colcon_installed_package_information.package_discovery:Found 2 installed packages in /home/supakorn/ros2_ws/install
[6.582s] DEBUG:colcon.colcon_installed_package_information.package_discovery:Found 281 installed packages in /opt/ros/iron
[6.584s] Level 1:colcon.colcon_core.package_discovery:discover_packages(prefix_path) using defaults
[8.086s] Level 5:colcon.colcon_core.verb:set package 'robot_1' build argument 'cmake_args' from command line to 'None'
[8.086s] Level 5:colcon.colcon_core.verb:set package 'robot_1' build argument 'cmake_target' from command line to 'None'
[8.087s] Level 5:colcon.colcon_core.verb:set package 'robot_1' build argument 'cmake_target_skip_unavailable' from command line to 'False'
[8.087s] Level 5:colcon.colcon_core.verb:set package 'robot_1' build argument 'cmake_clean_cache' from command line to 'False'
[8.087s] Level 5:colcon.colcon_core.verb:set package 'robot_1' build argument 'cmake_clean_first' from command line to 'False'
[8.087s] Level 5:colcon.colcon_core.verb:set package 'robot_1' build argument 'cmake_force_configure' from command line to 'False'
[8.087s] Level 5:colcon.colcon_core.verb:set package 'robot_1' build argument 'ament_cmake_args' from command line to 'None'
[8.087s] Level 5:colcon.colcon_core.verb:set package 'robot_1' build argument 'catkin_cmake_args' from command line to 'None'
[8.087s] Level 5:colcon.colcon_core.verb:set package 'robot_1' build argument 'catkin_skip_building_tests' from command line to 'False'
[8.087s] DEBUG:colcon.colcon_core.verb:Building package 'robot_1' with the following arguments: {'ament_cmake_args': None, 'build_base': '/home/supakorn/ros2_ws/build/robot_1', 'catkin_cmake_args': None, 'catkin_skip_building_tests': False, 'cmake_args': None, 'cmake_clean_cache': False, 'cmake_clean_first': False, 'cmake_force_configure': False, 'cmake_target': None, 'cmake_target_skip_unavailable': False, 'install_base': '/home/supakorn/ros2_ws/install/robot_1', 'merge_install': False, 'path': '/home/supakorn/ros2_ws/src/robot_1', 'symlink_install': True, 'test_result_base': None}
[8.104s] INFO:colcon.colcon_core.executor:Executing jobs using 'parallel' executor
[8.121s] DEBUG:colcon.colcon_parallel_executor.executor.parallel:run_until_complete
[8.121s] INFO:colcon.colcon_ros.task.ament_python.build:Building ROS package in '/home/supakorn/ros2_ws/src/robot_1' with build type 'ament_python'
[8.121s] Level 1:colcon.colcon_core.shell:create_environment_hook('robot_1', 'ament_prefix_path')
[8.197s] INFO:colcon.colcon_core.plugin_system:Skipping extension 'colcon_core.shell.bat': Not used on non-Windows systems
[8.198s] INFO:colcon.colcon_core.shell:Creating environment hook '/home/supakorn/ros2_ws/install/robot_1/share/robot_1/hook/ament_prefix_path.ps1'
[8.230s] INFO:colcon.colcon_core.shell:Creating environment descriptor '/home/supakorn/ros2_ws/install/robot_1/share/robot_1/hook/ament_prefix_path.dsv'
[8.243s] INFO:colcon.colcon_core.shell:Creating environment hook '/home/supakorn/ros2_ws/install/robot_1/share/robot_1/hook/ament_prefix_path.sh'
[8.263s] INFO:colcon.colcon_core.shell:Skip shell extension 'powershell' for command environment: Not usable outside of PowerShell
[8.263s] DEBUG:colcon.colcon_core.shell:Skip shell extension 'dsv' for command environment
[8.626s] INFO:colcon.colcon_core.task.python.build:Building Python package in '/home/supakorn/ros2_ws/src/robot_1'
[8.642s] INFO:colcon.colcon_core.shell:Skip shell extension 'powershell' for command environment: Not usable outside of PowerShell
[8.643s] DEBUG:colcon.colcon_core.shell:Skip shell extension 'dsv' for command environment
[9.563s] DEBUG:colcon.colcon_core.event_handler.log_command:Invoking command in '/home/supakorn/ros2_ws/build/robot_1': PYTHONPATH=/home/supakorn/ros2_ws/build/robot_1/prefix_override:/home/supakorn/ros2_ws/install/robot_1/lib/python3.10/site-packages:${PYTHONPATH} /usr/bin/python3 setup.py develop --editable --build-directory /home/supakorn/ros2_ws/build/robot_1/build --no-deps install_data
[10.102s] Level 1:colcon.colcon_core.shell:create_environment_hook('robot_1', 'pythonpath_develop')
[10.103s] DEBUG:colcon.colcon_core.event_handler.log_command:Invoked command in '/home/supakorn/ros2_ws/build/robot_1' returned '0': PYTHONPATH=/home/supakorn/ros2_ws/build/robot_1/prefix_override:/home/supakorn/ros2_ws/install/robot_1/lib/python3.10/site-packages:${PYTHONPATH} /usr/bin/python3 setup.py develop --editable --build-directory /home/supakorn/ros2_ws/build/robot_1/build --no-deps install_data
[10.119s] INFO:colcon.colcon_core.shell:Creating environment hook '/home/supakorn/ros2_ws/build/robot_1/share/robot_1/hook/pythonpath_develop.ps1'
[10.137s] INFO:colcon.colcon_core.shell:Creating environment descriptor '/home/supakorn/ros2_ws/build/robot_1/share/robot_1/hook/pythonpath_develop.dsv'
[10.138s] INFO:colcon.colcon_core.shell:Creating environment hook '/home/supakorn/ros2_ws/build/robot_1/share/robot_1/hook/pythonpath_develop.sh'
[10.240s] Level 1:colcon.colcon_core.environment:checking '/home/supakorn/ros2_ws/install/robot_1' for CMake module files
[10.241s] Level 1:colcon.colcon_core.environment:checking '/home/supakorn/ros2_ws/install/robot_1' for CMake config files
[10.254s] Level 1:colcon.colcon_core.environment:checking '/home/supakorn/ros2_ws/install/robot_1/lib'
[10.254s] Level 1:colcon.colcon_core.environment:checking '/home/supakorn/ros2_ws/install/robot_1/bin'
[10.254s] Level 1:colcon.colcon_core.environment:checking '/home/supakorn/ros2_ws/install/robot_1/lib/pkgconfig/robot_1.pc'
[10.254s] Level 1:colcon.colcon_core.environment:checking '/home/supakorn/ros2_ws/install/robot_1/lib/python3.10/site-packages'
[10.254s] Level 1:colcon.colcon_core.shell:create_environment_hook('robot_1', 'pythonpath')
[10.270s] INFO:colcon.colcon_core.shell:Creating environment hook '/home/supakorn/ros2_ws/install/robot_1/share/robot_1/hook/pythonpath.ps1'
[10.271s] INFO:colcon.colcon_core.shell:Creating environment descriptor '/home/supakorn/ros2_ws/install/robot_1/share/robot_1/hook/pythonpath.dsv'
[10.271s] INFO:colcon.colcon_core.shell:Creating environment hook '/home/supakorn/ros2_ws/install/robot_1/share/robot_1/hook/pythonpath.sh'
[10.272s] Level 1:colcon.colcon_core.environment:checking '/home/supakorn/ros2_ws/install/robot_1/bin'
[10.272s] Level 1:colcon.colcon_core.environment:create_environment_scripts_only(robot_1)
[10.288s] INFO:colcon.colcon_core.shell:Creating package script '/home/supakorn/ros2_ws/install/robot_1/share/robot_1/package.ps1'
[10.296s] INFO:colcon.colcon_core.shell:Creating package descriptor '/home/supakorn/ros2_ws/install/robot_1/share/robot_1/package.dsv'
[10.299s] INFO:colcon.colcon_core.shell:Creating package script '/home/supakorn/ros2_ws/install/robot_1/share/robot_1/package.sh'
[10.301s] INFO:colcon.colcon_core.shell:Creating package script '/home/supakorn/ros2_ws/install/robot_1/share/robot_1/package.bash'
[10.319s] INFO:colcon.colcon_core.shell:Creating package script '/home/supakorn/ros2_ws/install/robot_1/share/robot_1/package.zsh'
[10.322s] Level 1:colcon.colcon_core.environment:create_file_with_runtime_dependencies(/home/supakorn/ros2_ws/install/robot_1/share/colcon-core/packages/robot_1)
[10.323s] DEBUG:colcon.colcon_parallel_executor.executor.parallel:closing loop
[10.324s] DEBUG:colcon.colcon_parallel_executor.executor.parallel:loop closed
[10.324s] DEBUG:colcon.colcon_parallel_executor.executor.parallel:run_until_complete finished with '0'
[10.324s] DEBUG:colcon.colcon_core.event_reactor:joining thread
[10.500s] INFO:colcon.colcon_core.plugin_system:Skipping extension 'colcon_notification.desktop_notification.terminal_notifier': Not used on non-Darwin systems
[10.500s] INFO:colcon.colcon_core.plugin_system:Skipping extension 'colcon_notification.desktop_notification.win32': Not used on non-Windows systems
[10.500s] INFO:colcon.colcon_notification.desktop_notification:Sending desktop notification using 'notify2'
[10.538s] DEBUG:colcon.colcon_core.event_reactor:joined thread
[10.556s] INFO:colcon.colcon_core.shell:Creating prefix script '/home/supakorn/ros2_ws/install/local_setup.ps1'
[10.559s] INFO:colcon.colcon_core.shell:Creating prefix util module '/home/supakorn/ros2_ws/install/_local_setup_util_ps1.py'
[10.569s] INFO:colcon.colcon_core.shell:Creating prefix chain script '/home/supakorn/ros2_ws/install/setup.ps1'
[10.590s] INFO:colcon.colcon_core.shell:Creating prefix script '/home/supakorn/ros2_ws/install/local_setup.sh'
[10.594s] INFO:colcon.colcon_core.shell:Creating prefix util module '/home/supakorn/ros2_ws/install/_local_setup_util_sh.py'
[10.595s] INFO:colcon.colcon_core.shell:Creating prefix chain script '/home/supakorn/ros2_ws/install/setup.sh'
[10.615s] INFO:colcon.colcon_core.shell:Creating prefix script '/home/supakorn/ros2_ws/install/local_setup.bash'
[10.617s] INFO:colcon.colcon_core.shell:Creating prefix chain script '/home/supakorn/ros2_ws/install/setup.bash'
[10.635s] INFO:colcon.colcon_core.shell:Creating prefix script '/home/supakorn/ros2_ws/install/local_setup.zsh'
[10.637s] INFO:colcon.colcon_core.shell:Creating prefix chain script '/home/supakorn/ros2_ws/install/setup.zsh'
