[3.294s] DEBUG:colcon:Command line arguments: ['/usr/bin/colcon', 'build', '--packages-select', 'myrobot_interfaces']
[3.295s] DEBUG:colcon:Parsed command line arguments: Namespace(log_base=None, log_level=None, verb_name='build', build_base='build', install_base='install', merge_install=False, symlink_install=False, test_result_base=None, continue_on_error=False, executor='parallel', parallel_workers=4, event_handlers=None, ignore_user_meta=False, metas=['./colcon.meta'], base_paths=['.'], packages_ignore=None, packages_ignore_regex=None, paths=None, packages_up_to=None, packages_up_to_regex=None, packages_above=None, packages_above_and_dependencies=None, packages_above_depth=None, packages_select_by_dep=None, packages_skip_by_dep=None, packages_skip_up_to=None, packages_select_build_failed=False, packages_skip_build_finished=False, packages_select_test_failures=False, packages_skip_test_passed=False, packages_select=['myrobot_interfaces'], packages_skip=None, packages_select_regex=None, packages_skip_regex=None, packages_start=None, packages_end=None, allow_overriding=[], cmake_args=None, cmake_target=None, cmake_target_skip_unavailable=False, cmake_clean_cache=False, cmake_clean_first=False, cmake_force_configure=False, ament_cmake_args=None, catkin_cmake_args=None, catkin_skip_building_tests=False, verb_parser=<colcon_defaults.argument_parser.defaults.DefaultArgumentsDecorator object at 0x7f05b080b790>, verb_extension=<colcon_core.verb.build.BuildVerb object at 0x7f05b0cd3400>, main=<bound method BuildVerb.main of <colcon_core.verb.build.BuildVerb object at 0x7f05b0cd3400>>)
[3.983s] Level 1:colcon.colcon_core.package_discovery:discover_packages(colcon_meta) check parameters
[3.983s] Level 1:colcon.colcon_core.package_discovery:discover_packages(recursive) check parameters
[3.983s] Level 1:colcon.colcon_core.package_discovery:discover_packages(ignore) check parameters
[3.983s] Level 1:colcon.colcon_core.package_discovery:discover_packages(path) check parameters
[3.983s] Level 1:colcon.colcon_core.package_discovery:discover_packages(colcon_meta) discover
[3.983s] Level 1:colcon.colcon_core.package_discovery:discover_packages(recursive) discover
[3.983s] INFO:colcon.colcon_core.package_discovery:Crawling recursively for packages in '/home/supakorn/ros2_ws'
[3.983s] Level 1:colcon.colcon_core.package_identification:_identify(.) by extensions ['ignore', 'ignore_ament_install']
[3.983s] Level 1:colcon.colcon_core.package_identification:_identify(.) by extension 'ignore'
[3.984s] Level 1:colcon.colcon_core.package_identification:_identify(.) by extension 'ignore_ament_install'
[3.984s] Level 1:colcon.colcon_core.package_identification:_identify(.) by extensions ['colcon_pkg']
[3.984s] Level 1:colcon.colcon_core.package_identification:_identify(.) by extension 'colcon_pkg'
[3.984s] Level 1:colcon.colcon_core.package_identification:_identify(.) by extensions ['colcon_meta']
[3.984s] Level 1:colcon.colcon_core.package_identification:_identify(.) by extension 'colcon_meta'
[3.984s] Level 1:colcon.colcon_core.package_identification:_identify(.) by extensions ['ros']
[3.984s] Level 1:colcon.colcon_core.package_identification:_identify(.) by extension 'ros'
[4.021s] Level 1:colcon.colcon_core.package_identification:_identify(.) by extensions ['cmake', 'python']
[4.021s] Level 1:colcon.colcon_core.package_identification:_identify(.) by extension 'cmake'
[4.021s] Level 1:colcon.colcon_core.package_identification:_identify(.) by extension 'python'
[4.022s] Level 1:colcon.colcon_core.package_identification:_identify(.) by extensions ['python_setup_py']
[4.022s] Level 1:colcon.colcon_core.package_identification:_identify(.) by extension 'python_setup_py'
[4.022s] Level 1:colcon.colcon_core.package_identification:_identify(build) by extensions ['ignore', 'ignore_ament_install']
[4.022s] Level 1:colcon.colcon_core.package_identification:_identify(build) by extension 'ignore'
[4.022s] Level 1:colcon.colcon_core.package_identification:_identify(build) ignored
[4.022s] Level 1:colcon.colcon_core.package_identification:_identify(install) by extensions ['ignore', 'ignore_ament_install']
[4.022s] Level 1:colcon.colcon_core.package_identification:_identify(install) by extension 'ignore'
[4.022s] Level 1:colcon.colcon_core.package_identification:_identify(install) ignored
[4.023s] Level 1:colcon.colcon_core.package_identification:_identify(log) by extensions ['ignore', 'ignore_ament_install']
[4.023s] Level 1:colcon.colcon_core.package_identification:_identify(log) by extension 'ignore'
[4.023s] Level 1:colcon.colcon_core.package_identification:_identify(log) ignored
[4.023s] Level 1:colcon.colcon_core.package_identification:_identify(src) by extensions ['ignore', 'ignore_ament_install']
[4.023s] Level 1:colcon.colcon_core.package_identification:_identify(src) by extension 'ignore'
[4.023s] Level 1:colcon.colcon_core.package_identification:_identify(src) by extension 'ignore_ament_install'
[4.023s] Level 1:colcon.colcon_core.package_identification:_identify(src) by extensions ['colcon_pkg']
[4.023s] Level 1:colcon.colcon_core.package_identification:_identify(src) by extension 'colcon_pkg'
[4.023s] Level 1:colcon.colcon_core.package_identification:_identify(src) by extensions ['colcon_meta']
[4.023s] Level 1:colcon.colcon_core.package_identification:_identify(src) by extension 'colcon_meta'
[4.023s] Level 1:colcon.colcon_core.package_identification:_identify(src) by extensions ['ros']
[4.023s] Level 1:colcon.colcon_core.package_identification:_identify(src) by extension 'ros'
[4.023s] Level 1:colcon.colcon_core.package_identification:_identify(src) by extensions ['cmake', 'python']
[4.023s] Level 1:colcon.colcon_core.package_identification:_identify(src) by extension 'cmake'
[4.023s] Level 1:colcon.colcon_core.package_identification:_identify(src) by extension 'python'
[4.024s] Level 1:colcon.colcon_core.package_identification:_identify(src) by extensions ['python_setup_py']
[4.024s] Level 1:colcon.colcon_core.package_identification:_identify(src) by extension 'python_setup_py'
[4.024s] Level 1:colcon.colcon_core.package_identification:_identify(src/my_robot) by extensions ['ignore', 'ignore_ament_install']
[4.024s] Level 1:colcon.colcon_core.package_identification:_identify(src/my_robot) by extension 'ignore'
[4.024s] Level 1:colcon.colcon_core.package_identification:_identify(src/my_robot) by extension 'ignore_ament_install'
[4.024s] Level 1:colcon.colcon_core.package_identification:_identify(src/my_robot) by extensions ['colcon_pkg']
[4.024s] Level 1:colcon.colcon_core.package_identification:_identify(src/my_robot) by extension 'colcon_pkg'
[4.024s] Level 1:colcon.colcon_core.package_identification:_identify(src/my_robot) by extensions ['colcon_meta']
[4.024s] Level 1:colcon.colcon_core.package_identification:_identify(src/my_robot) by extension 'colcon_meta'
[4.025s] Level 1:colcon.colcon_core.package_identification:_identify(src/my_robot) by extensions ['ros']
[4.025s] Level 1:colcon.colcon_core.package_identification:_identify(src/my_robot) by extension 'ros'
[4.037s] DEBUG:colcon.colcon_core.package_identification:Package 'src/my_robot' with type 'ros.ament_python' and name 'my_robot'
[4.038s] Level 1:colcon.colcon_core.package_identification:_identify(src/myrobot_interfaces) by extensions ['ignore', 'ignore_ament_install']
[4.038s] Level 1:colcon.colcon_core.package_identification:_identify(src/myrobot_interfaces) by extension 'ignore'
[4.038s] Level 1:colcon.colcon_core.package_identification:_identify(src/myrobot_interfaces) by extension 'ignore_ament_install'
[4.038s] Level 1:colcon.colcon_core.package_identification:_identify(src/myrobot_interfaces) by extensions ['colcon_pkg']
[4.038s] Level 1:colcon.colcon_core.package_identification:_identify(src/myrobot_interfaces) by extension 'colcon_pkg'
[4.038s] Level 1:colcon.colcon_core.package_identification:_identify(src/myrobot_interfaces) by extensions ['colcon_meta']
[4.038s] Level 1:colcon.colcon_core.package_identification:_identify(src/myrobot_interfaces) by extension 'colcon_meta'
[4.038s] Level 1:colcon.colcon_core.package_identification:_identify(src/myrobot_interfaces) by extensions ['ros']
[4.038s] Level 1:colcon.colcon_core.package_identification:_identify(src/myrobot_interfaces) by extension 'ros'
[4.039s] DEBUG:colcon.colcon_core.package_identification:Package 'src/myrobot_interfaces' with type 'ros.ament_cmake' and name 'myrobot_interfaces'
[4.039s] Level 1:colcon.colcon_core.package_identification:_identify(src/robot_1) by extensions ['ignore', 'ignore_ament_install']
[4.039s] Level 1:colcon.colcon_core.package_identification:_identify(src/robot_1) by extension 'ignore'
[4.039s] Level 1:colcon.colcon_core.package_identification:_identify(src/robot_1) by extension 'ignore_ament_install'
[4.039s] Level 1:colcon.colcon_core.package_identification:_identify(src/robot_1) by extensions ['colcon_pkg']
[4.039s] Level 1:colcon.colcon_core.package_identification:_identify(src/robot_1) by extension 'colcon_pkg'
[4.039s] Level 1:colcon.colcon_core.package_identification:_identify(src/robot_1) by extensions ['colcon_meta']
[4.039s] Level 1:colcon.colcon_core.package_identification:_identify(src/robot_1) by extension 'colcon_meta'
[4.039s] Level 1:colcon.colcon_core.package_identification:_identify(src/robot_1) by extensions ['ros']
[4.039s] Level 1:colcon.colcon_core.package_identification:_identify(src/robot_1) by extension 'ros'
[4.040s] DEBUG:colcon.colcon_core.package_identification:Package 'src/robot_1' with type 'ros.ament_python' and name 'robot_1'
[4.040s] Level 1:colcon.colcon_core.package_discovery:discover_packages(recursive) using defaults
[4.041s] Level 1:colcon.colcon_core.package_discovery:discover_packages(ignore) discover
[4.041s] Level 1:colcon.colcon_core.package_discovery:discover_packages(ignore) using defaults
[4.041s] Level 1:colcon.colcon_core.package_discovery:discover_packages(path) discover
[4.041s] Level 1:colcon.colcon_core.package_discovery:discover_packages(path) using defaults
[4.180s] INFO:colcon.colcon_core.package_selection:Skipping not selected package 'my_robot' in 'src/my_robot'
[4.180s] INFO:colcon.colcon_core.package_selection:Skipping not selected package 'robot_1' in 'src/robot_1'
[4.211s] Level 1:colcon.colcon_core.package_discovery:discover_packages(prefix_path) check parameters
[4.211s] Level 1:colcon.colcon_core.package_discovery:discover_packages(prefix_path) discover
[4.243s] DEBUG:colcon.colcon_installed_package_information.package_discovery:Found 3 installed packages in /home/supakorn/ros2_ws/install
[4.278s] DEBUG:colcon.colcon_installed_package_information.package_discovery:Found 281 installed packages in /opt/ros/iron
[4.279s] Level 1:colcon.colcon_core.package_discovery:discover_packages(prefix_path) using defaults
[5.061s] Level 5:colcon.colcon_core.verb:set package 'myrobot_interfaces' build argument 'cmake_args' from command line to 'None'
[5.061s] Level 5:colcon.colcon_core.verb:set package 'myrobot_interfaces' build argument 'cmake_target' from command line to 'None'
[5.061s] Level 5:colcon.colcon_core.verb:set package 'myrobot_interfaces' build argument 'cmake_target_skip_unavailable' from command line to 'False'
[5.061s] Level 5:colcon.colcon_core.verb:set package 'myrobot_interfaces' build argument 'cmake_clean_cache' from command line to 'False'
[5.061s] Level 5:colcon.colcon_core.verb:set package 'myrobot_interfaces' build argument 'cmake_clean_first' from command line to 'False'
[5.061s] Level 5:colcon.colcon_core.verb:set package 'myrobot_interfaces' build argument 'cmake_force_configure' from command line to 'False'
[5.061s] Level 5:colcon.colcon_core.verb:set package 'myrobot_interfaces' build argument 'ament_cmake_args' from command line to 'None'
[5.062s] Level 5:colcon.colcon_core.verb:set package 'myrobot_interfaces' build argument 'catkin_cmake_args' from command line to 'None'
[5.062s] Level 5:colcon.colcon_core.verb:set package 'myrobot_interfaces' build argument 'catkin_skip_building_tests' from command line to 'False'
[5.062s] DEBUG:colcon.colcon_core.verb:Building package 'myrobot_interfaces' with the following arguments: {'ament_cmake_args': None, 'build_base': '/home/supakorn/ros2_ws/build/myrobot_interfaces', 'catkin_cmake_args': None, 'catkin_skip_building_tests': False, 'cmake_args': None, 'cmake_clean_cache': False, 'cmake_clean_first': False, 'cmake_force_configure': False, 'cmake_target': None, 'cmake_target_skip_unavailable': False, 'install_base': '/home/supakorn/ros2_ws/install/myrobot_interfaces', 'merge_install': False, 'path': '/home/supakorn/ros2_ws/src/myrobot_interfaces', 'symlink_install': False, 'test_result_base': None}
[5.077s] INFO:colcon.colcon_core.executor:Executing jobs using 'parallel' executor
[5.095s] DEBUG:colcon.colcon_parallel_executor.executor.parallel:run_until_complete
[5.095s] INFO:colcon.colcon_ros.task.ament_cmake.build:Building ROS package in '/home/supakorn/ros2_ws/src/myrobot_interfaces' with build type 'ament_cmake'
[5.095s] INFO:colcon.colcon_cmake.task.cmake.build:Building CMake package in '/home/supakorn/ros2_ws/src/myrobot_interfaces'
[5.114s] INFO:colcon.colcon_core.plugin_system:Skipping extension 'colcon_core.shell.bat': Not used on non-Windows systems
[5.115s] INFO:colcon.colcon_core.shell:Skip shell extension 'powershell' for command environment: Not usable outside of PowerShell
[5.115s] DEBUG:colcon.colcon_core.shell:Skip shell extension 'dsv' for command environment
[5.189s] DEBUG:colcon.colcon_core.event_handler.log_command:Invoking command in '/home/supakorn/ros2_ws/build/myrobot_interfaces': CMAKE_PREFIX_PATH=/home/supakorn/ros2_ws/install/robot_1:/home/supakorn/ros2_ws/install/my_robot:/opt/ros/iron /usr/bin/cmake /home/supakorn/ros2_ws/src/myrobot_interfaces -DCMAKE_INSTALL_PREFIX=/home/supakorn/ros2_ws/install/myrobot_interfaces
[5.585s] DEBUG:colcon.colcon_core.event_handler.log_command:Invoked command in '/home/supakorn/ros2_ws/build/myrobot_interfaces' returned '1': CMAKE_PREFIX_PATH=/home/supakorn/ros2_ws/install/robot_1:/home/supakorn/ros2_ws/install/my_robot:/opt/ros/iron /usr/bin/cmake /home/supakorn/ros2_ws/src/myrobot_interfaces -DCMAKE_INSTALL_PREFIX=/home/supakorn/ros2_ws/install/myrobot_interfaces
[5.601s] Level 1:colcon.colcon_core.environment:create_environment_scripts_only(myrobot_interfaces)
[5.619s] Level 1:colcon.colcon_core.environment:checking '/home/supakorn/ros2_ws/install/myrobot_interfaces' for CMake module files
[5.620s] Level 1:colcon.colcon_core.environment:checking '/home/supakorn/ros2_ws/install/myrobot_interfaces' for CMake config files
[5.620s] Level 1:colcon.colcon_core.environment:checking '/home/supakorn/ros2_ws/install/myrobot_interfaces/bin'
[5.620s] Level 1:colcon.colcon_core.environment:checking '/home/supakorn/ros2_ws/install/myrobot_interfaces/lib/pkgconfig/myrobot_interfaces.pc'
[5.621s] Level 1:colcon.colcon_core.environment:checking '/home/supakorn/ros2_ws/install/myrobot_interfaces/lib/python3.10/site-packages'
[5.621s] Level 1:colcon.colcon_core.environment:checking '/home/supakorn/ros2_ws/install/myrobot_interfaces/bin'
[5.639s] INFO:colcon.colcon_core.shell:Creating package script '/home/supakorn/ros2_ws/install/myrobot_interfaces/share/myrobot_interfaces/package.ps1'
[5.641s] INFO:colcon.colcon_core.shell:Creating package descriptor '/home/supakorn/ros2_ws/install/myrobot_interfaces/share/myrobot_interfaces/package.dsv'
[5.641s] INFO:colcon.colcon_core.shell:Creating package script '/home/supakorn/ros2_ws/install/myrobot_interfaces/share/myrobot_interfaces/package.sh'
[5.642s] INFO:colcon.colcon_core.shell:Creating package script '/home/supakorn/ros2_ws/install/myrobot_interfaces/share/myrobot_interfaces/package.bash'
[5.643s] INFO:colcon.colcon_core.shell:Creating package script '/home/supakorn/ros2_ws/install/myrobot_interfaces/share/myrobot_interfaces/package.zsh'
[5.644s] Level 1:colcon.colcon_core.environment:create_file_with_runtime_dependencies(/home/supakorn/ros2_ws/install/myrobot_interfaces/share/colcon-core/packages/myrobot_interfaces)
[5.655s] DEBUG:colcon.colcon_parallel_executor.executor.parallel:closing loop
[5.656s] DEBUG:colcon.colcon_parallel_executor.executor.parallel:loop closed
[5.656s] DEBUG:colcon.colcon_parallel_executor.executor.parallel:run_until_complete finished with '1'
[5.656s] DEBUG:colcon.colcon_core.event_reactor:joining thread
[5.679s] INFO:colcon.colcon_core.plugin_system:Skipping extension 'colcon_notification.desktop_notification.terminal_notifier': Not used on non-Darwin systems
[5.680s] INFO:colcon.colcon_core.plugin_system:Skipping extension 'colcon_notification.desktop_notification.win32': Not used on non-Windows systems
[5.680s] INFO:colcon.colcon_notification.desktop_notification:Sending desktop notification using 'notify2'
[5.710s] DEBUG:colcon.colcon_core.event_reactor:joined thread
[5.728s] INFO:colcon.colcon_core.shell:Creating prefix script '/home/supakorn/ros2_ws/install/local_setup.ps1'
[5.729s] INFO:colcon.colcon_core.shell:Creating prefix util module '/home/supakorn/ros2_ws/install/_local_setup_util_ps1.py'
[5.731s] INFO:colcon.colcon_core.shell:Creating prefix chain script '/home/supakorn/ros2_ws/install/setup.ps1'
[5.748s] INFO:colcon.colcon_core.shell:Creating prefix script '/home/supakorn/ros2_ws/install/local_setup.sh'
[5.749s] INFO:colcon.colcon_core.shell:Creating prefix util module '/home/supakorn/ros2_ws/install/_local_setup_util_sh.py'
[5.750s] INFO:colcon.colcon_core.shell:Creating prefix chain script '/home/supakorn/ros2_ws/install/setup.sh'
[5.768s] INFO:colcon.colcon_core.shell:Creating prefix script '/home/supakorn/ros2_ws/install/local_setup.bash'
[5.768s] INFO:colcon.colcon_core.shell:Creating prefix chain script '/home/supakorn/ros2_ws/install/setup.bash'
[5.785s] INFO:colcon.colcon_core.shell:Creating prefix script '/home/supakorn/ros2_ws/install/local_setup.zsh'
[5.786s] INFO:colcon.colcon_core.shell:Creating prefix chain script '/home/supakorn/ros2_ws/install/setup.zsh'
