[0.782s] Invoking command in '/home/supakorn/ros2_ws/build/robot_1': PYTHONPATH=/home/supakorn/ros2_ws/build/robot_1/prefix_override:/home/supakorn/ros2_ws/install/robot_1/lib/python3.10/site-packages:${PYTHONPATH} /usr/bin/python3 setup.py develop --editable --build-directory /home/supakorn/ros2_ws/build/robot_1/build --no-deps install_data
[1.063s] running develop
[1.064s] /usr/lib/python3/dist-packages/setuptools/command/easy_install.py:158: EasyInstallDeprecationWarning: easy_install command is deprecated. Use build and pip and other standards-based tools.
[1.064s]   warnings.warn(
[1.065s] /usr/lib/python3/dist-packages/setuptools/command/install.py:34: SetuptoolsDeprecationWarning: setup.py install is deprecated. Use build and pip and other standards-based tools.
[1.065s]   warnings.warn(
[1.299s] running egg_info
[1.299s] writing robot_1.egg-info/PKG-INFO
[1.300s] writing dependency_links to robot_1.egg-info/dependency_links.txt
[1.300s] writing entry points to robot_1.egg-info/entry_points.txt
[1.300s] writing requirements to robot_1.egg-info/requires.txt
[1.301s] writing top-level names to robot_1.egg-info/top_level.txt
[1.303s] reading manifest file 'robot_1.egg-info/SOURCES.txt'
[1.304s] writing manifest file 'robot_1.egg-info/SOURCES.txt'
[1.306s] running build_ext
[1.307s] Creating /home/supakorn/ros2_ws/install/robot_1/lib/python3.10/site-packages/robot-1.egg-link (link to .)
[1.308s] Installing add_two_ints_sv = robot_1.add_two_ints_server:mainadd_two_ints_clv script to /home/supakorn/ros2_ws/install/robot_1/lib/robot_1
[1.308s] Installing first_pub script to /home/supakorn/ros2_ws/install/robot_1/lib/robot_1
[1.308s] Installing first_sup script to /home/supakorn/ros2_ws/install/robot_1/lib/robot_1
[1.309s] Installing second_sup script to /home/supakorn/ros2_ws/install/robot_1/lib/robot_1
[1.309s] Installing third_sup script to /home/supakorn/ros2_ws/install/robot_1/lib/robot_1
[1.309s] 
[1.310s] Installed /home/supakorn/ros2_ws/build/robot_1
[1.310s] running install_data
[1.350s] Invoked command in '/home/supakorn/ros2_ws/build/robot_1' returned '0': PYTHONPATH=/home/supakorn/ros2_ws/build/robot_1/prefix_override:/home/supakorn/ros2_ws/install/robot_1/lib/python3.10/site-packages:${PYTHONPATH} /usr/bin/python3 setup.py develop --editable --build-directory /home/supakorn/ros2_ws/build/robot_1/build --no-deps install_data
