[0.082s] Invoking command in '/home/supakorn/ros2_ws/build/myrobot_interfaces': CMAKE_PREFIX_PATH=/home/supakorn/ros2_ws/install/robot_1:/home/supakorn/ros2_ws/install/my_robot:/opt/ros/iron /usr/bin/cmake /home/supakorn/ros2_ws/src/myrobot_interfaces -DCMAKE_INSTALL_PREFIX=/home/supakorn/ros2_ws/install/myrobot_interfaces
[0.113s] -- Found ament_lint_auto: 0.14.2 (/opt/ros/iron/share/ament_lint_auto/cmake)
[0.375s] -- Found ament_cmake: 2.0.3 (/opt/ros/iron/share/ament_cmake/cmake)
[0.382s] -- Found rosidl_default_generators: 1.5.0 (/opt/ros/iron/share/rosidl_default_generators/cmake)
[0.386s] -- Using all available rosidl_typesupport_c: rosidl_typesupport_fastrtps_c;rosidl_typesupport_introspection_c
[0.422s] -- Using all available rosidl_typesupport_cpp: rosidl_typesupport_fastrtps_cpp;rosidl_typesupport_introspection_cpp
[0.454s] -- Found rosidl_adapter: 4.0.1 (/opt/ros/iron/share/rosidl_adapter/cmake)
[0.916s] -- Found ament_cmake_ros: 0.11.2 (/opt/ros/iron/share/ament_cmake_ros/cmake)
[1.182s] -- Using all available rosidl_typesupport_c: rosidl_typesupport_fastrtps_c;rosidl_typesupport_introspection_c
[1.498s] -- Using all available rosidl_typesupport_cpp: rosidl_typesupport_fastrtps_cpp;rosidl_typesupport_introspection_cpp
[1.555s] -- Found PythonInterp: /usr/bin/python3 (found suitable version "3.10.12", minimum required is "3.6") 
[1.590s] -- Found python_cmake_module: 0.10.2 (/opt/ros/iron/share/python_cmake_module/cmake)
[1.717s] -- Found PythonLibs: /usr/lib/x86_64-linux-gnu/libpython3.10.so (found suitable version "3.10.12", minimum required is "3.5") 
[1.717s] -- Using PYTHON_EXECUTABLE: /usr/bin/python3
[1.717s] -- Using PYTHON_INCLUDE_DIRS: /usr/include/python3.10
[1.717s] -- Using PYTHON_LIBRARIES: /usr/lib/x86_64-linux-gnu/libpython3.10.so
[1.740s] -- Found PythonExtra: .so  
[1.869s] -- Added test 'lint_cmake' to check CMake code style
[1.877s] -- Added test 'xmllint' to check XML markup files
[1.989s] -- Configuring done
[2.060s] -- Generating done
[2.067s] -- Build files have been written to: /home/supakorn/ros2_ws/build/myrobot_interfaces
[2.075s] Invoked command in '/home/supakorn/ros2_ws/build/myrobot_interfaces' returned '0': CMAKE_PREFIX_PATH=/home/supakorn/ros2_ws/install/robot_1:/home/supakorn/ros2_ws/install/my_robot:/opt/ros/iron /usr/bin/cmake /home/supakorn/ros2_ws/src/myrobot_interfaces -DCMAKE_INSTALL_PREFIX=/home/supakorn/ros2_ws/install/myrobot_interfaces
[2.079s] Invoking command in '/home/supakorn/ros2_ws/build/myrobot_interfaces': CMAKE_PREFIX_PATH=/home/supakorn/ros2_ws/install/robot_1:/home/supakorn/ros2_ws/install/my_robot:/opt/ros/iron /usr/bin/cmake --build /home/supakorn/ros2_ws/build/myrobot_interfaces -- -j4 -l4
[2.144s] [  2%] [34m[1mGenerating type hashes for ROS interfaces[0m
[2.156s] [  2%] Built target ament_cmake_python_copy_myrobot_interfaces
[2.446s] [  2%] Built target myrobot_interfaces__rosidl_generator_type_description
[2.460s] [  5%] [34m[1mGenerating C code for ROS interfaces[0m
[2.476s] [  8%] [34m[1mGenerating C++ code for ROS interfaces[0m
[2.523s] running egg_info
[2.524s] creating myrobot_interfaces.egg-info
[2.524s] writing myrobot_interfaces.egg-info/PKG-INFO
[2.525s] writing dependency_links to myrobot_interfaces.egg-info/dependency_links.txt
[2.525s] writing top-level names to myrobot_interfaces.egg-info/top_level.txt
[2.526s] writing manifest file 'myrobot_interfaces.egg-info/SOURCES.txt'
[2.570s] reading manifest file 'myrobot_interfaces.egg-info/SOURCES.txt'
[2.570s] writing manifest file 'myrobot_interfaces.egg-info/SOURCES.txt'
[2.604s] [  8%] Built target ament_cmake_python_build_myrobot_interfaces_egg
[2.868s] [  8%] Built target myrobot_interfaces__cpp
[2.904s] [ 14%] [32mBuilding C object CMakeFiles/myrobot_interfaces__rosidl_generator_c.dir/rosidl_generator_c/myrobot_interfaces/msg/detail/h_wstatus__description.c.o[0m
[2.905s] [ 17%] [32mBuilding C object CMakeFiles/myrobot_interfaces__rosidl_generator_c.dir/rosidl_generator_c/myrobot_interfaces/msg/detail/h_wstatus__type_support.c.o[0m
[2.905s] [ 17%] [32mBuilding C object CMakeFiles/myrobot_interfaces__rosidl_generator_c.dir/rosidl_generator_c/myrobot_interfaces/msg/detail/h_wstatus__functions.c.o[0m
[3.424s] [ 20%] [32m[1mLinking C shared library libmyrobot_interfaces__rosidl_generator_c.so[0m
[3.557s] [ 20%] Built target myrobot_interfaces__rosidl_generator_c
[3.570s] [ 26%] [34m[1mGenerating C type support dispatch for ROS interfaces[0m
[3.571s] [ 29%] [34m[1mGenerating C introspection for ROS interfaces[0m
[3.571s] [ 32%] [34m[1mGenerating C type support for eProsima Fast-RTPS[0m
[3.571s] [ 32%] [34m[1mGenerating C++ type support dispatch for ROS interfaces[0m
[3.881s] [ 35%] [32mBuilding CXX object CMakeFiles/myrobot_interfaces__rosidl_typesupport_cpp.dir/rosidl_typesupport_cpp/myrobot_interfaces/msg/h_wstatus__type_support.cpp.o[0m
[3.882s] [ 38%] [32mBuilding CXX object CMakeFiles/myrobot_interfaces__rosidl_typesupport_c.dir/rosidl_typesupport_c/myrobot_interfaces/msg/h_wstatus__type_support.cpp.o[0m
[3.887s] [ 41%] [32mBuilding CXX object CMakeFiles/myrobot_interfaces__rosidl_typesupport_fastrtps_c.dir/rosidl_typesupport_fastrtps_c/myrobot_interfaces/msg/detail/h_wstatus__type_support_c.cpp.o[0m
[3.910s] [ 44%] [32mBuilding C object CMakeFiles/myrobot_interfaces__rosidl_typesupport_introspection_c.dir/rosidl_typesupport_introspection_c/myrobot_interfaces/msg/detail/h_wstatus__type_support.c.o[0m
[4.081s] [ 47%] [32m[1mLinking C shared library libmyrobot_interfaces__rosidl_typesupport_introspection_c.so[0m
[4.135s] [ 47%] Built target myrobot_interfaces__rosidl_typesupport_introspection_c
[4.149s] [ 50%] [34m[1mGenerating C++ type support for eProsima Fast-RTPS[0m
[4.524s] [ 52%] [32m[1mLinking CXX shared library libmyrobot_interfaces__rosidl_typesupport_c.so[0m
[4.607s] [ 55%] [32mBuilding CXX object CMakeFiles/myrobot_interfaces__rosidl_typesupport_fastrtps_cpp.dir/rosidl_typesupport_fastrtps_cpp/myrobot_interfaces/msg/detail/dds_fastrtps/h_wstatus__type_support.cpp.o[0m
[4.673s] [ 55%] Built target myrobot_interfaces__rosidl_typesupport_c
[4.689s] [ 58%] [34m[1mGenerating C++ introspection for ROS interfaces[0m
[5.174s] [ 61%] [32mBuilding CXX object CMakeFiles/myrobot_interfaces__rosidl_typesupport_introspection_cpp.dir/rosidl_typesupport_introspection_cpp/myrobot_interfaces/msg/detail/h_wstatus__type_support.cpp.o[0m
[8.336s] [ 64%] [32m[1mLinking CXX shared library libmyrobot_interfaces__rosidl_typesupport_cpp.so[0m
[8.711s] [ 67%] [32m[1mLinking CXX shared library libmyrobot_interfaces__rosidl_typesupport_introspection_cpp.so[0m
[8.768s] [ 70%] [32m[1mLinking CXX shared library libmyrobot_interfaces__rosidl_typesupport_fastrtps_c.so[0m
[8.857s] [ 70%] Built target myrobot_interfaces__rosidl_typesupport_cpp
[8.860s] [ 70%] Built target myrobot_interfaces__rosidl_typesupport_introspection_cpp
[8.919s] [ 70%] Built target myrobot_interfaces__rosidl_typesupport_fastrtps_c
[9.065s] [ 73%] [32m[1mLinking CXX shared library libmyrobot_interfaces__rosidl_typesupport_fastrtps_cpp.so[0m
[9.196s] [ 73%] Built target myrobot_interfaces__rosidl_typesupport_fastrtps_cpp
[9.254s] [ 73%] Built target myrobot_interfaces
[9.292s] [ 76%] [34m[1mGenerating Python code for ROS interfaces[0m
[10.432s] [ 76%] Built target myrobot_interfaces__py
[10.463s] [ 79%] [32mBuilding C object CMakeFiles/myrobot_interfaces__rosidl_generator_py.dir/rosidl_generator_py/myrobot_interfaces/msg/_h_wstatus_s.c.o[0m
[11.377s] [ 82%] [32m[1mLinking C shared library rosidl_generator_py/myrobot_interfaces/libmyrobot_interfaces__rosidl_generator_py.so[0m
[11.432s] [ 82%] Built target myrobot_interfaces__rosidl_generator_py
[11.464s] [ 85%] [32mBuilding C object CMakeFiles/myrobot_interfaces__rosidl_typesupport_fastrtps_c__pyext.dir/rosidl_generator_py/myrobot_interfaces/_myrobot_interfaces_s.ep.rosidl_typesupport_fastrtps_c.c.o[0m
[11.467s] [ 88%] [32mBuilding C object CMakeFiles/myrobot_interfaces__rosidl_typesupport_introspection_c__pyext.dir/rosidl_generator_py/myrobot_interfaces/_myrobot_interfaces_s.ep.rosidl_typesupport_introspection_c.c.o[0m
[11.467s] [ 91%] [32mBuilding C object CMakeFiles/myrobot_interfaces__rosidl_typesupport_c__pyext.dir/rosidl_generator_py/myrobot_interfaces/_myrobot_interfaces_s.ep.rosidl_typesupport_c.c.o[0m
[11.609s] [ 94%] [32m[1mLinking C shared library rosidl_generator_py/myrobot_interfaces/myrobot_interfaces_s__rosidl_typesupport_c.cpython-310-x86_64-linux-gnu.so[0m
[11.611s] [ 97%] [32m[1mLinking C shared library rosidl_generator_py/myrobot_interfaces/myrobot_interfaces_s__rosidl_typesupport_fastrtps_c.cpython-310-x86_64-linux-gnu.so[0m
[11.618s] [100%] [32m[1mLinking C shared library rosidl_generator_py/myrobot_interfaces/myrobot_interfaces_s__rosidl_typesupport_introspection_c.cpython-310-x86_64-linux-gnu.so[0m
[11.676s] [100%] Built target myrobot_interfaces__rosidl_typesupport_c__pyext
[11.691s] [100%] Built target myrobot_interfaces__rosidl_typesupport_introspection_c__pyext
[11.694s] [100%] Built target myrobot_interfaces__rosidl_typesupport_fastrtps_c__pyext
[11.720s] Invoked command in '/home/supakorn/ros2_ws/build/myrobot_interfaces' returned '0': CMAKE_PREFIX_PATH=/home/supakorn/ros2_ws/install/robot_1:/home/supakorn/ros2_ws/install/my_robot:/opt/ros/iron /usr/bin/cmake --build /home/supakorn/ros2_ws/build/myrobot_interfaces -- -j4 -l4
[11.862s] Invoking command in '/home/supakorn/ros2_ws/build/myrobot_interfaces': CMAKE_PREFIX_PATH=/home/supakorn/ros2_ws/install/robot_1:/home/supakorn/ros2_ws/install/my_robot:/opt/ros/iron /usr/bin/cmake --install /home/supakorn/ros2_ws/build/myrobot_interfaces
[11.873s] -- Install configuration: ""
[12.024s] -- Installing: /home/supakorn/ros2_ws/install/myrobot_interfaces/share/ament_index/resource_index/rosidl_interfaces/myrobot_interfaces
[12.025s] -- Installing: /home/supakorn/ros2_ws/install/myrobot_interfaces/share/myrobot_interfaces/msg/HWstatus.json
[12.027s] -- Installing: /home/supakorn/ros2_ws/install/myrobot_interfaces/include/myrobot_interfaces/myrobot_interfaces
[12.027s] -- Installing: /home/supakorn/ros2_ws/install/myrobot_interfaces/include/myrobot_interfaces/myrobot_interfaces/msg
[12.028s] -- Installing: /home/supakorn/ros2_ws/install/myrobot_interfaces/include/myrobot_interfaces/myrobot_interfaces/msg/detail
[12.028s] -- Installing: /home/supakorn/ros2_ws/install/myrobot_interfaces/include/myrobot_interfaces/myrobot_interfaces/msg/detail/h_wstatus__functions.h
[12.028s] -- Installing: /home/supakorn/ros2_ws/install/myrobot_interfaces/include/myrobot_interfaces/myrobot_interfaces/msg/detail/h_wstatus__struct.h
[12.028s] -- Installing: /home/supakorn/ros2_ws/install/myrobot_interfaces/include/myrobot_interfaces/myrobot_interfaces/msg/detail/h_wstatus__type_support.h
[12.028s] -- Installing: /home/supakorn/ros2_ws/install/myrobot_interfaces/include/myrobot_interfaces/myrobot_interfaces/msg/detail/h_wstatus__functions.c
[12.029s] -- Installing: /home/supakorn/ros2_ws/install/myrobot_interfaces/include/myrobot_interfaces/myrobot_interfaces/msg/detail/h_wstatus__type_support.c
[12.029s] -- Installing: /home/supakorn/ros2_ws/install/myrobot_interfaces/include/myrobot_interfaces/myrobot_interfaces/msg/detail/h_wstatus__description.c
[12.030s] -- Installing: /home/supakorn/ros2_ws/install/myrobot_interfaces/include/myrobot_interfaces/myrobot_interfaces/msg/rosidl_generator_c__visibility_control.h
[12.030s] -- Installing: /home/supakorn/ros2_ws/install/myrobot_interfaces/include/myrobot_interfaces/myrobot_interfaces/msg/h_wstatus.h
[12.031s] -- Installing: /home/supakorn/ros2_ws/install/myrobot_interfaces/share/myrobot_interfaces/environment/library_path.sh
[12.031s] -- Installing: /home/supakorn/ros2_ws/install/myrobot_interfaces/share/myrobot_interfaces/environment/library_path.dsv
[12.032s] -- Installing: /home/supakorn/ros2_ws/install/myrobot_interfaces/lib/libmyrobot_interfaces__rosidl_generator_c.so
[12.033s] -- Set runtime path of "/home/supakorn/ros2_ws/install/myrobot_interfaces/lib/libmyrobot_interfaces__rosidl_generator_c.so" to ""
[12.033s] -- Up-to-date: /home/supakorn/ros2_ws/install/myrobot_interfaces/include/myrobot_interfaces/myrobot_interfaces
[12.034s] -- Up-to-date: /home/supakorn/ros2_ws/install/myrobot_interfaces/include/myrobot_interfaces/myrobot_interfaces/msg
[12.034s] -- Up-to-date: /home/supakorn/ros2_ws/install/myrobot_interfaces/include/myrobot_interfaces/myrobot_interfaces/msg/detail
[12.034s] -- Installing: /home/supakorn/ros2_ws/install/myrobot_interfaces/include/myrobot_interfaces/myrobot_interfaces/msg/detail/h_wstatus__rosidl_typesupport_fastrtps_c.h
[12.034s] -- Installing: /home/supakorn/ros2_ws/install/myrobot_interfaces/include/myrobot_interfaces/myrobot_interfaces/msg/rosidl_typesupport_fastrtps_c__visibility_control.h
[12.035s] -- Installing: /home/supakorn/ros2_ws/install/myrobot_interfaces/lib/libmyrobot_interfaces__rosidl_typesupport_fastrtps_c.so
[12.036s] -- Set runtime path of "/home/supakorn/ros2_ws/install/myrobot_interfaces/lib/libmyrobot_interfaces__rosidl_typesupport_fastrtps_c.so" to ""
[12.036s] -- Up-to-date: /home/supakorn/ros2_ws/install/myrobot_interfaces/include/myrobot_interfaces/myrobot_interfaces
[12.036s] -- Up-to-date: /home/supakorn/ros2_ws/install/myrobot_interfaces/include/myrobot_interfaces/myrobot_interfaces/msg
[12.036s] -- Up-to-date: /home/supakorn/ros2_ws/install/myrobot_interfaces/include/myrobot_interfaces/myrobot_interfaces/msg/detail
[12.037s] -- Installing: /home/supakorn/ros2_ws/install/myrobot_interfaces/include/myrobot_interfaces/myrobot_interfaces/msg/detail/h_wstatus__rosidl_typesupport_introspection_c.h
[12.037s] -- Installing: /home/supakorn/ros2_ws/install/myrobot_interfaces/include/myrobot_interfaces/myrobot_interfaces/msg/detail/h_wstatus__type_support.c
[12.037s] -- Installing: /home/supakorn/ros2_ws/install/myrobot_interfaces/include/myrobot_interfaces/myrobot_interfaces/msg/rosidl_typesupport_introspection_c__visibility_control.h
[12.038s] -- Installing: /home/supakorn/ros2_ws/install/myrobot_interfaces/lib/libmyrobot_interfaces__rosidl_typesupport_introspection_c.so
[12.038s] -- Set runtime path of "/home/supakorn/ros2_ws/install/myrobot_interfaces/lib/libmyrobot_interfaces__rosidl_typesupport_introspection_c.so" to ""
[12.038s] -- Installing: /home/supakorn/ros2_ws/install/myrobot_interfaces/lib/libmyrobot_interfaces__rosidl_typesupport_c.so
[12.039s] -- Set runtime path of "/home/supakorn/ros2_ws/install/myrobot_interfaces/lib/libmyrobot_interfaces__rosidl_typesupport_c.so" to ""
[12.039s] -- Up-to-date: /home/supakorn/ros2_ws/install/myrobot_interfaces/include/myrobot_interfaces/myrobot_interfaces
[12.039s] -- Up-to-date: /home/supakorn/ros2_ws/install/myrobot_interfaces/include/myrobot_interfaces/myrobot_interfaces/msg
[12.040s] -- Up-to-date: /home/supakorn/ros2_ws/install/myrobot_interfaces/include/myrobot_interfaces/myrobot_interfaces/msg/detail
[12.040s] -- Installing: /home/supakorn/ros2_ws/install/myrobot_interfaces/include/myrobot_interfaces/myrobot_interfaces/msg/detail/h_wstatus__builder.hpp
[12.040s] -- Installing: /home/supakorn/ros2_ws/install/myrobot_interfaces/include/myrobot_interfaces/myrobot_interfaces/msg/detail/h_wstatus__struct.hpp
[12.040s] -- Installing: /home/supakorn/ros2_ws/install/myrobot_interfaces/include/myrobot_interfaces/myrobot_interfaces/msg/detail/h_wstatus__traits.hpp
[12.040s] -- Installing: /home/supakorn/ros2_ws/install/myrobot_interfaces/include/myrobot_interfaces/myrobot_interfaces/msg/h_wstatus.hpp
[12.041s] -- Up-to-date: /home/supakorn/ros2_ws/install/myrobot_interfaces/include/myrobot_interfaces/myrobot_interfaces
[12.041s] -- Up-to-date: /home/supakorn/ros2_ws/install/myrobot_interfaces/include/myrobot_interfaces/myrobot_interfaces/msg
[12.041s] -- Up-to-date: /home/supakorn/ros2_ws/install/myrobot_interfaces/include/myrobot_interfaces/myrobot_interfaces/msg/detail
[12.041s] -- Installing: /home/supakorn/ros2_ws/install/myrobot_interfaces/include/myrobot_interfaces/myrobot_interfaces/msg/detail/dds_fastrtps
[12.041s] -- Installing: /home/supakorn/ros2_ws/install/myrobot_interfaces/include/myrobot_interfaces/myrobot_interfaces/msg/detail/h_wstatus__rosidl_typesupport_fastrtps_cpp.hpp
[12.041s] -- Installing: /home/supakorn/ros2_ws/install/myrobot_interfaces/include/myrobot_interfaces/myrobot_interfaces/msg/rosidl_typesupport_fastrtps_cpp__visibility_control.h
[12.041s] -- Installing: /home/supakorn/ros2_ws/install/myrobot_interfaces/lib/libmyrobot_interfaces__rosidl_typesupport_fastrtps_cpp.so
[12.042s] -- Set runtime path of "/home/supakorn/ros2_ws/install/myrobot_interfaces/lib/libmyrobot_interfaces__rosidl_typesupport_fastrtps_cpp.so" to ""
[12.042s] -- Up-to-date: /home/supakorn/ros2_ws/install/myrobot_interfaces/include/myrobot_interfaces/myrobot_interfaces
[12.042s] -- Up-to-date: /home/supakorn/ros2_ws/install/myrobot_interfaces/include/myrobot_interfaces/myrobot_interfaces/msg
[12.043s] -- Up-to-date: /home/supakorn/ros2_ws/install/myrobot_interfaces/include/myrobot_interfaces/myrobot_interfaces/msg/detail
[12.043s] -- Installing: /home/supakorn/ros2_ws/install/myrobot_interfaces/include/myrobot_interfaces/myrobot_interfaces/msg/detail/h_wstatus__type_support.cpp
[12.043s] -- Installing: /home/supakorn/ros2_ws/install/myrobot_interfaces/include/myrobot_interfaces/myrobot_interfaces/msg/detail/h_wstatus__rosidl_typesupport_introspection_cpp.hpp
[12.043s] -- Installing: /home/supakorn/ros2_ws/install/myrobot_interfaces/lib/libmyrobot_interfaces__rosidl_typesupport_introspection_cpp.so
[12.043s] -- Set runtime path of "/home/supakorn/ros2_ws/install/myrobot_interfaces/lib/libmyrobot_interfaces__rosidl_typesupport_introspection_cpp.so" to ""
[12.043s] -- Installing: /home/supakorn/ros2_ws/install/myrobot_interfaces/lib/libmyrobot_interfaces__rosidl_typesupport_cpp.so
[12.044s] -- Set runtime path of "/home/supakorn/ros2_ws/install/myrobot_interfaces/lib/libmyrobot_interfaces__rosidl_typesupport_cpp.so" to ""
[12.044s] -- Installing: /home/supakorn/ros2_ws/install/myrobot_interfaces/share/myrobot_interfaces/environment/pythonpath.sh
[12.045s] -- Installing: /home/supakorn/ros2_ws/install/myrobot_interfaces/share/myrobot_interfaces/environment/pythonpath.dsv
[12.045s] -- Installing: /home/supakorn/ros2_ws/install/myrobot_interfaces/lib/python3.10/site-packages/myrobot_interfaces-0.0.0-py3.10.egg-info
[12.045s] -- Installing: /home/supakorn/ros2_ws/install/myrobot_interfaces/lib/python3.10/site-packages/myrobot_interfaces-0.0.0-py3.10.egg-info/top_level.txt
[12.045s] -- Installing: /home/supakorn/ros2_ws/install/myrobot_interfaces/lib/python3.10/site-packages/myrobot_interfaces-0.0.0-py3.10.egg-info/dependency_links.txt
[12.046s] -- Installing: /home/supakorn/ros2_ws/install/myrobot_interfaces/lib/python3.10/site-packages/myrobot_interfaces-0.0.0-py3.10.egg-info/SOURCES.txt
[12.046s] -- Installing: /home/supakorn/ros2_ws/install/myrobot_interfaces/lib/python3.10/site-packages/myrobot_interfaces-0.0.0-py3.10.egg-info/PKG-INFO
[12.046s] -- Installing: /home/supakorn/ros2_ws/install/myrobot_interfaces/lib/python3.10/site-packages/myrobot_interfaces
[12.047s] -- Installing: /home/supakorn/ros2_ws/install/myrobot_interfaces/lib/python3.10/site-packages/myrobot_interfaces/libmyrobot_interfaces__rosidl_generator_py.so
[12.047s] -- Installing: /home/supakorn/ros2_ws/install/myrobot_interfaces/lib/python3.10/site-packages/myrobot_interfaces/myrobot_interfaces_s__rosidl_typesupport_c.cpython-310-x86_64-linux-gnu.so
[12.047s] -- Installing: /home/supakorn/ros2_ws/install/myrobot_interfaces/lib/python3.10/site-packages/myrobot_interfaces/_myrobot_interfaces_s.ep.rosidl_typesupport_fastrtps_c.c
[12.047s] -- Installing: /home/supakorn/ros2_ws/install/myrobot_interfaces/lib/python3.10/site-packages/myrobot_interfaces/_myrobot_interfaces_s.ep.rosidl_typesupport_introspection_c.c
[12.047s] -- Installing: /home/supakorn/ros2_ws/install/myrobot_interfaces/lib/python3.10/site-packages/myrobot_interfaces/_myrobot_interfaces_s.ep.rosidl_typesupport_c.c
[12.048s] -- Installing: /home/supakorn/ros2_ws/install/myrobot_interfaces/lib/python3.10/site-packages/myrobot_interfaces/msg
[12.048s] -- Installing: /home/supakorn/ros2_ws/install/myrobot_interfaces/lib/python3.10/site-packages/myrobot_interfaces/msg/_h_wstatus_s.c
[12.049s] -- Installing: /home/supakorn/ros2_ws/install/myrobot_interfaces/lib/python3.10/site-packages/myrobot_interfaces/msg/__init__.py
[12.049s] -- Installing: /home/supakorn/ros2_ws/install/myrobot_interfaces/lib/python3.10/site-packages/myrobot_interfaces/msg/_h_wstatus.py
[12.049s] -- Installing: /home/supakorn/ros2_ws/install/myrobot_interfaces/lib/python3.10/site-packages/myrobot_interfaces/myrobot_interfaces_s__rosidl_typesupport_introspection_c.cpython-310-x86_64-linux-gnu.so
[12.049s] -- Installing: /home/supakorn/ros2_ws/install/myrobot_interfaces/lib/python3.10/site-packages/myrobot_interfaces/myrobot_interfaces_s__rosidl_typesupport_fastrtps_c.cpython-310-x86_64-linux-gnu.so
[12.049s] -- Installing: /home/supakorn/ros2_ws/install/myrobot_interfaces/lib/python3.10/site-packages/myrobot_interfaces/__init__.py
[12.136s] Listing '/home/supakorn/ros2_ws/install/myrobot_interfaces/lib/python3.10/site-packages/myrobot_interfaces'...
[12.136s] Compiling '/home/supakorn/ros2_ws/install/myrobot_interfaces/lib/python3.10/site-packages/myrobot_interfaces/__init__.py'...
[12.136s] Listing '/home/supakorn/ros2_ws/install/myrobot_interfaces/lib/python3.10/site-packages/myrobot_interfaces/msg'...
[12.136s] Compiling '/home/supakorn/ros2_ws/install/myrobot_interfaces/lib/python3.10/site-packages/myrobot_interfaces/msg/__init__.py'...
[12.136s] Compiling '/home/supakorn/ros2_ws/install/myrobot_interfaces/lib/python3.10/site-packages/myrobot_interfaces/msg/_h_wstatus.py'...
[12.142s] -- Installing: /home/supakorn/ros2_ws/install/myrobot_interfaces/lib/python3.10/site-packages/myrobot_interfaces/myrobot_interfaces_s__rosidl_typesupport_fastrtps_c.cpython-310-x86_64-linux-gnu.so
[12.143s] -- Set runtime path of "/home/supakorn/ros2_ws/install/myrobot_interfaces/lib/python3.10/site-packages/myrobot_interfaces/myrobot_interfaces_s__rosidl_typesupport_fastrtps_c.cpython-310-x86_64-linux-gnu.so" to ""
[12.143s] -- Installing: /home/supakorn/ros2_ws/install/myrobot_interfaces/lib/python3.10/site-packages/myrobot_interfaces/myrobot_interfaces_s__rosidl_typesupport_introspection_c.cpython-310-x86_64-linux-gnu.so
[12.144s] -- Set runtime path of "/home/supakorn/ros2_ws/install/myrobot_interfaces/lib/python3.10/site-packages/myrobot_interfaces/myrobot_interfaces_s__rosidl_typesupport_introspection_c.cpython-310-x86_64-linux-gnu.so" to ""
[12.144s] -- Installing: /home/supakorn/ros2_ws/install/myrobot_interfaces/lib/python3.10/site-packages/myrobot_interfaces/myrobot_interfaces_s__rosidl_typesupport_c.cpython-310-x86_64-linux-gnu.so
[12.145s] -- Set runtime path of "/home/supakorn/ros2_ws/install/myrobot_interfaces/lib/python3.10/site-packages/myrobot_interfaces/myrobot_interfaces_s__rosidl_typesupport_c.cpython-310-x86_64-linux-gnu.so" to ""
[12.145s] -- Installing: /home/supakorn/ros2_ws/install/myrobot_interfaces/lib/libmyrobot_interfaces__rosidl_generator_py.so
[12.146s] -- Set runtime path of "/home/supakorn/ros2_ws/install/myrobot_interfaces/lib/libmyrobot_interfaces__rosidl_generator_py.so" to ""
[12.146s] -- Installing: /home/supakorn/ros2_ws/install/myrobot_interfaces/share/myrobot_interfaces/msg/HWstatus.idl
[12.146s] -- Installing: /home/supakorn/ros2_ws/install/myrobot_interfaces/share/myrobot_interfaces/msg/HWstatus.msg
[12.146s] -- Installing: /home/supakorn/ros2_ws/install/myrobot_interfaces/share/ament_index/resource_index/package_run_dependencies/myrobot_interfaces
[12.147s] -- Installing: /home/supakorn/ros2_ws/install/myrobot_interfaces/share/ament_index/resource_index/parent_prefix_path/myrobot_interfaces
[12.147s] -- Installing: /home/supakorn/ros2_ws/install/myrobot_interfaces/share/myrobot_interfaces/environment/ament_prefix_path.sh
[12.147s] -- Installing: /home/supakorn/ros2_ws/install/myrobot_interfaces/share/myrobot_interfaces/environment/ament_prefix_path.dsv
[12.148s] -- Installing: /home/supakorn/ros2_ws/install/myrobot_interfaces/share/myrobot_interfaces/environment/path.sh
[12.148s] -- Installing: /home/supakorn/ros2_ws/install/myrobot_interfaces/share/myrobot_interfaces/environment/path.dsv
[12.149s] -- Installing: /home/supakorn/ros2_ws/install/myrobot_interfaces/share/myrobot_interfaces/local_setup.bash
[12.149s] -- Installing: /home/supakorn/ros2_ws/install/myrobot_interfaces/share/myrobot_interfaces/local_setup.sh
[12.149s] -- Installing: /home/supakorn/ros2_ws/install/myrobot_interfaces/share/myrobot_interfaces/local_setup.zsh
[12.150s] -- Installing: /home/supakorn/ros2_ws/install/myrobot_interfaces/share/myrobot_interfaces/local_setup.dsv
[12.150s] -- Installing: /home/supakorn/ros2_ws/install/myrobot_interfaces/share/myrobot_interfaces/package.dsv
[12.150s] -- Installing: /home/supakorn/ros2_ws/install/myrobot_interfaces/share/ament_index/resource_index/packages/myrobot_interfaces
[12.151s] -- Installing: /home/supakorn/ros2_ws/install/myrobot_interfaces/share/myrobot_interfaces/cmake/export_myrobot_interfaces__rosidl_generator_cExport.cmake
[12.151s] -- Installing: /home/supakorn/ros2_ws/install/myrobot_interfaces/share/myrobot_interfaces/cmake/export_myrobot_interfaces__rosidl_generator_cExport-noconfig.cmake
[12.152s] -- Installing: /home/supakorn/ros2_ws/install/myrobot_interfaces/share/myrobot_interfaces/cmake/export_myrobot_interfaces__rosidl_typesupport_fastrtps_cExport.cmake
[12.152s] -- Installing: /home/supakorn/ros2_ws/install/myrobot_interfaces/share/myrobot_interfaces/cmake/export_myrobot_interfaces__rosidl_typesupport_fastrtps_cExport-noconfig.cmake
[12.152s] -- Installing: /home/supakorn/ros2_ws/install/myrobot_interfaces/share/myrobot_interfaces/cmake/myrobot_interfaces__rosidl_typesupport_introspection_cExport.cmake
[12.153s] -- Installing: /home/supakorn/ros2_ws/install/myrobot_interfaces/share/myrobot_interfaces/cmake/myrobot_interfaces__rosidl_typesupport_introspection_cExport-noconfig.cmake
[12.153s] -- Installing: /home/supakorn/ros2_ws/install/myrobot_interfaces/share/myrobot_interfaces/cmake/myrobot_interfaces__rosidl_typesupport_cExport.cmake
[12.154s] -- Installing: /home/supakorn/ros2_ws/install/myrobot_interfaces/share/myrobot_interfaces/cmake/myrobot_interfaces__rosidl_typesupport_cExport-noconfig.cmake
[12.154s] -- Installing: /home/supakorn/ros2_ws/install/myrobot_interfaces/share/myrobot_interfaces/cmake/export_myrobot_interfaces__rosidl_generator_cppExport.cmake
[12.154s] -- Installing: /home/supakorn/ros2_ws/install/myrobot_interfaces/share/myrobot_interfaces/cmake/export_myrobot_interfaces__rosidl_typesupport_fastrtps_cppExport.cmake
[12.155s] -- Installing: /home/supakorn/ros2_ws/install/myrobot_interfaces/share/myrobot_interfaces/cmake/export_myrobot_interfaces__rosidl_typesupport_fastrtps_cppExport-noconfig.cmake
[12.155s] -- Installing: /home/supakorn/ros2_ws/install/myrobot_interfaces/share/myrobot_interfaces/cmake/myrobot_interfaces__rosidl_typesupport_introspection_cppExport.cmake
[12.155s] -- Installing: /home/supakorn/ros2_ws/install/myrobot_interfaces/share/myrobot_interfaces/cmake/myrobot_interfaces__rosidl_typesupport_introspection_cppExport-noconfig.cmake
[12.156s] -- Installing: /home/supakorn/ros2_ws/install/myrobot_interfaces/share/myrobot_interfaces/cmake/myrobot_interfaces__rosidl_typesupport_cppExport.cmake
[12.156s] -- Installing: /home/supakorn/ros2_ws/install/myrobot_interfaces/share/myrobot_interfaces/cmake/myrobot_interfaces__rosidl_typesupport_cppExport-noconfig.cmake
[12.156s] -- Installing: /home/supakorn/ros2_ws/install/myrobot_interfaces/share/myrobot_interfaces/cmake/export_myrobot_interfaces__rosidl_generator_pyExport.cmake
[12.157s] -- Installing: /home/supakorn/ros2_ws/install/myrobot_interfaces/share/myrobot_interfaces/cmake/export_myrobot_interfaces__rosidl_generator_pyExport-noconfig.cmake
[12.157s] -- Installing: /home/supakorn/ros2_ws/install/myrobot_interfaces/share/myrobot_interfaces/cmake/rosidl_cmake-extras.cmake
[12.158s] -- Installing: /home/supakorn/ros2_ws/install/myrobot_interfaces/share/myrobot_interfaces/cmake/ament_cmake_export_include_directories-extras.cmake
[12.158s] -- Installing: /home/supakorn/ros2_ws/install/myrobot_interfaces/share/myrobot_interfaces/cmake/ament_cmake_export_libraries-extras.cmake
[12.159s] -- Installing: /home/supakorn/ros2_ws/install/myrobot_interfaces/share/myrobot_interfaces/cmake/ament_cmake_export_targets-extras.cmake
[12.160s] -- Installing: /home/supakorn/ros2_ws/install/myrobot_interfaces/share/myrobot_interfaces/cmake/rosidl_cmake_export_typesupport_targets-extras.cmake
[12.161s] -- Installing: /home/supakorn/ros2_ws/install/myrobot_interfaces/share/myrobot_interfaces/cmake/ament_cmake_export_dependencies-extras.cmake
[12.161s] -- Installing: /home/supakorn/ros2_ws/install/myrobot_interfaces/share/myrobot_interfaces/cmake/rosidl_cmake_export_typesupport_libraries-extras.cmake
[12.162s] -- Installing: /home/supakorn/ros2_ws/install/myrobot_interfaces/share/myrobot_interfaces/cmake/myrobot_interfacesConfig.cmake
[12.162s] -- Installing: /home/supakorn/ros2_ws/install/myrobot_interfaces/share/myrobot_interfaces/cmake/myrobot_interfacesConfig-version.cmake
[12.163s] -- Installing: /home/supakorn/ros2_ws/install/myrobot_interfaces/share/myrobot_interfaces/package.xml
[12.166s] Invoked command in '/home/supakorn/ros2_ws/build/myrobot_interfaces' returned '0': CMAKE_PREFIX_PATH=/home/supakorn/ros2_ws/install/robot_1:/home/supakorn/ros2_ws/install/my_robot:/opt/ros/iron /usr/bin/cmake --install /home/supakorn/ros2_ws/build/myrobot_interfaces
