running egg_info
creating ../../build/robot_1/robot_1.egg-info
writing ../../build/robot_1/robot_1.egg-info/PKG-INFO
writing dependency_links to ../../build/robot_1/robot_1.egg-info/dependency_links.txt
writing entry points to ../../build/robot_1/robot_1.egg-info/entry_points.txt
writing requirements to ../../build/robot_1/robot_1.egg-info/requires.txt
writing top-level names to ../../build/robot_1/robot_1.egg-info/top_level.txt
writing manifest file '../../build/robot_1/robot_1.egg-info/SOURCES.txt'
reading manifest file '../../build/robot_1/robot_1.egg-info/SOURCES.txt'
writing manifest file '../../build/robot_1/robot_1.egg-info/SOURCES.txt'
running build
running build_py
creating /home/whitetiger/ros2_ws/build/robot_1/build
creating /home/whitetiger/ros2_ws/build/robot_1/build/lib
creating /home/whitetiger/ros2_ws/build/robot_1/build/lib/robot_1
copying robot_1/first_publisher.py -> /home/whitetiger/ros2_ws/build/robot_1/build/lib/robot_1
copying robot_1/third_sub.py -> /home/whitetiger/ros2_ws/build/robot_1/build/lib/robot_1
copying robot_1/add_two_ints_client.py -> /home/whitetiger/ros2_ws/build/robot_1/build/lib/robot_1
copying robot_1/second_sub.py -> /home/whitetiger/ros2_ws/build/robot_1/build/lib/robot_1
copying robot_1/__init__.py -> /home/whitetiger/ros2_ws/build/robot_1/build/lib/robot_1
copying robot_1/add_two_ints_server.py -> /home/whitetiger/ros2_ws/build/robot_1/build/lib/robot_1
copying robot_1/first_sub.py -> /home/whitetiger/ros2_ws/build/robot_1/build/lib/robot_1
copying robot_1/hw_status_pub.py -> /home/whitetiger/ros2_ws/build/robot_1/build/lib/robot_1
running install
running install_lib
running install_data
running install_egg_info
removing '/home/whitetiger/ros2_ws/install/robot_1/lib/python3.10/site-packages/robot_1-0.0.0-py3.10.egg-info' (and everything under it)
Copying ../../build/robot_1/robot_1.egg-info to /home/whitetiger/ros2_ws/install/robot_1/lib/python3.10/site-packages/robot_1-0.0.0-py3.10.egg-info
running install_scripts
Installing add_two_ints_cli script to /home/whitetiger/ros2_ws/install/robot_1/lib/robot_1
Installing add_two_ints_sv script to /home/whitetiger/ros2_ws/install/robot_1/lib/robot_1
Installing first_pub script to /home/whitetiger/ros2_ws/install/robot_1/lib/robot_1
Installing first_sup script to /home/whitetiger/ros2_ws/install/robot_1/lib/robot_1
Installing hw_status script to /home/whitetiger/ros2_ws/install/robot_1/lib/robot_1
Installing second_sup script to /home/whitetiger/ros2_ws/install/robot_1/lib/robot_1
Installing third_sup script to /home/whitetiger/ros2_ws/install/robot_1/lib/robot_1
writing list of installed files to '/home/whitetiger/ros2_ws/build/robot_1/install.log'
