[1.095s] Invoking command in '/home/whitetiger/ros2_ws/src/robot_1': PYTHONPATH=/home/whitetiger/ros2_ws/build/robot_1/prefix_override:/home/whitetiger/ros2_ws/install/robot_1/lib/python3.10/site-packages:/home/whitetiger/ros2_ws/install/myrobot_interfaces/lib/python3.10/site-packages:/home/whitetiger/ros2_ws/install/robot_1/lib/python3.10/site-packages:/home/whitetiger/ros2_ws/install/my_robot/lib/python3.10/site-packages:/opt/ros/iron/lib/python3.10/site-packages /usr/bin/python3 setup.py egg_info --egg-base ../../build/robot_1 build --build-base /home/whitetiger/ros2_ws/build/robot_1/build install --record /home/whitetiger/ros2_ws/build/robot_1/install.log --single-version-externally-managed
[1.453s] running egg_info
[1.454s] creating ../../build/robot_1/robot_1.egg-info
[1.455s] writing ../../build/robot_1/robot_1.egg-info/PKG-INFO
[1.455s] writing dependency_links to ../../build/robot_1/robot_1.egg-info/dependency_links.txt
[1.456s] writing entry points to ../../build/robot_1/robot_1.egg-info/entry_points.txt
[1.456s] writing requirements to ../../build/robot_1/robot_1.egg-info/requires.txt
[1.456s] writing top-level names to ../../build/robot_1/robot_1.egg-info/top_level.txt
[1.456s] writing manifest file '../../build/robot_1/robot_1.egg-info/SOURCES.txt'
[1.458s] reading manifest file '../../build/robot_1/robot_1.egg-info/SOURCES.txt'
[1.460s] writing manifest file '../../build/robot_1/robot_1.egg-info/SOURCES.txt'
[1.461s] running build
[1.461s] running build_py
[1.461s] creating /home/whitetiger/ros2_ws/build/robot_1/build
[1.461s] creating /home/whitetiger/ros2_ws/build/robot_1/build/lib
[1.462s] creating /home/whitetiger/ros2_ws/build/robot_1/build/lib/robot_1
[1.462s] copying robot_1/first_publisher.py -> /home/whitetiger/ros2_ws/build/robot_1/build/lib/robot_1
[1.463s] copying robot_1/third_sub.py -> /home/whitetiger/ros2_ws/build/robot_1/build/lib/robot_1
[1.465s] copying robot_1/add_two_ints_client.py -> /home/whitetiger/ros2_ws/build/robot_1/build/lib/robot_1
[1.465s] copying robot_1/second_sub.py -> /home/whitetiger/ros2_ws/build/robot_1/build/lib/robot_1
[1.466s] copying robot_1/__init__.py -> /home/whitetiger/ros2_ws/build/robot_1/build/lib/robot_1
[1.466s] copying robot_1/add_two_ints_server.py -> /home/whitetiger/ros2_ws/build/robot_1/build/lib/robot_1
[1.466s] copying robot_1/first_sub.py -> /home/whitetiger/ros2_ws/build/robot_1/build/lib/robot_1
[1.467s] copying robot_1/hw_status_pub.py -> /home/whitetiger/ros2_ws/build/robot_1/build/lib/robot_1
[1.468s] running install
[1.469s] /usr/lib/python3/dist-packages/setuptools/command/install.py:34: SetuptoolsDeprecationWarning: setup.py install is deprecated. Use build and pip and other standards-based tools.
[1.469s]   warnings.warn(
[1.470s] running install_lib
[1.472s] running install_data
[1.472s] running install_egg_info
[1.474s] removing '/home/whitetiger/ros2_ws/install/robot_1/lib/python3.10/site-packages/robot_1-0.0.0-py3.10.egg-info' (and everything under it)
[1.482s] Copying ../../build/robot_1/robot_1.egg-info to /home/whitetiger/ros2_ws/install/robot_1/lib/python3.10/site-packages/robot_1-0.0.0-py3.10.egg-info
[1.485s] running install_scripts
[1.518s] Installing add_two_ints_cli script to /home/whitetiger/ros2_ws/install/robot_1/lib/robot_1
[1.519s] Installing add_two_ints_sv script to /home/whitetiger/ros2_ws/install/robot_1/lib/robot_1
[1.520s] Installing first_pub script to /home/whitetiger/ros2_ws/install/robot_1/lib/robot_1
[1.520s] Installing first_sup script to /home/whitetiger/ros2_ws/install/robot_1/lib/robot_1
[1.521s] Installing hw_status script to /home/whitetiger/ros2_ws/install/robot_1/lib/robot_1
[1.521s] Installing second_sup script to /home/whitetiger/ros2_ws/install/robot_1/lib/robot_1
[1.522s] Installing third_sup script to /home/whitetiger/ros2_ws/install/robot_1/lib/robot_1
[1.522s] writing list of installed files to '/home/whitetiger/ros2_ws/build/robot_1/install.log'
[1.568s] Invoked command in '/home/whitetiger/ros2_ws/src/robot_1' returned '0': PYTHONPATH=/home/whitetiger/ros2_ws/build/robot_1/prefix_override:/home/whitetiger/ros2_ws/install/robot_1/lib/python3.10/site-packages:/home/whitetiger/ros2_ws/install/myrobot_interfaces/lib/python3.10/site-packages:/home/whitetiger/ros2_ws/install/robot_1/lib/python3.10/site-packages:/home/whitetiger/ros2_ws/install/my_robot/lib/python3.10/site-packages:/opt/ros/iron/lib/python3.10/site-packages /usr/bin/python3 setup.py egg_info --egg-base ../../build/robot_1 build --build-base /home/whitetiger/ros2_ws/build/robot_1/build install --record /home/whitetiger/ros2_ws/build/robot_1/install.log --single-version-externally-managed
