-- The C compiler identification is GNU 11.4.0
-- The CXX compiler identification is GNU 11.4.0
-- Detecting C compiler ABI info
-- Detecting C compiler ABI info - done
-- Check for working C compiler: /usr/bin/cc - skipped
-- Detecting C compile features
-- Detecting C compile features - done
-- Detecting CXX compiler ABI info
-- Detecting CXX compiler ABI info - done
-- Check for working CXX compiler: /usr/bin/c++ - skipped
-- Detecting CXX compile features
-- Detecting CXX compile features - done
-- Found ament_cmake: 2.0.3 (/opt/ros/iron/share/ament_cmake/cmake)
-- Found Python3: /usr/bin/python3.10 (found version "3.10.12") found components: Interpreter 
-- Found ament_lint_auto: 0.14.2 (/opt/ros/iron/share/ament_lint_auto/cmake)
-- Added test 'flake8' to check Python code syntax and style conventions
-- Configured 'flake8' exclude dirs and/or files: 
-- Added test 'lint_cmake' to check CMake code style
-- Added test 'pep257' to check Python code against some of the docstring style conventions in PEP 257
-- Added test 'xmllint' to check XML markup files
-- Configuring done
-- Generating done
-- Build files have been written to: /home/whitetiger/ros2_ws/build/ce_robot_bootup
-- Install configuration: ""
-- Up-to-date: /home/whitetiger/ros2_ws/install/ce_robot_bootup/share/ce_robot_bootup/launch
-- Installing: /home/whitetiger/ros2_ws/install/ce_robot_bootup/share/ce_robot_bootup/launch/ce_boot_launch.py
-- Installing: /home/whitetiger/ros2_ws/install/ce_robot_bootup/share/ament_index/resource_index/package_run_dependencies/ce_robot_bootup
-- Installing: /home/whitetiger/ros2_ws/install/ce_robot_bootup/share/ament_index/resource_index/parent_prefix_path/ce_robot_bootup
-- Installing: /home/whitetiger/ros2_ws/install/ce_robot_bootup/share/ce_robot_bootup/environment/ament_prefix_path.dsv
-- Installing: /home/whitetiger/ros2_ws/install/ce_robot_bootup/share/ce_robot_bootup/environment/path.dsv
-- Installing: /home/whitetiger/ros2_ws/install/ce_robot_bootup/share/ce_robot_bootup/local_setup.bash
-- Installing: /home/whitetiger/ros2_ws/install/ce_robot_bootup/share/ce_robot_bootup/local_setup.sh
-- Installing: /home/whitetiger/ros2_ws/install/ce_robot_bootup/share/ce_robot_bootup/local_setup.zsh
-- Installing: /home/whitetiger/ros2_ws/install/ce_robot_bootup/share/ce_robot_bootup/local_setup.dsv
-- Installing: /home/whitetiger/ros2_ws/install/ce_robot_bootup/share/ce_robot_bootup/package.dsv
-- Installing: /home/whitetiger/ros2_ws/install/ce_robot_bootup/share/ament_index/resource_index/packages/ce_robot_bootup
-- Installing: /home/whitetiger/ros2_ws/install/ce_robot_bootup/share/ce_robot_bootup/cmake/ce_robot_bootupConfig.cmake
-- Installing: /home/whitetiger/ros2_ws/install/ce_robot_bootup/share/ce_robot_bootup/cmake/ce_robot_bootupConfig-version.cmake
-- Installing: /home/whitetiger/ros2_ws/install/ce_robot_bootup/share/ce_robot_bootup/package.xml
