[0.110s] Invoking command in '/home/whitetiger/ros2_ws/build/ce_robot_bootup': AMENT_PREFIX_PATH=/home/whitetiger/ros2_ws/install/my_robot:/home/whitetiger/ros2_ws/install/robot_1:/home/whitetiger/ros2_ws/install/myrobot_interfaces:/opt/ros/iron CMAKE_PREFIX_PATH=${CMAKE_PREFIX_PATH}:/home/whitetiger/ros2_ws/install/robot_1:/home/whitetiger/ros2_ws/install/my_robot:/opt/ros/iron PYTHONPATH=/home/whitetiger/ros2_ws/install/my_robot/lib/python3.10/site-packages:/home/whitetiger/ros2_ws/install/robot_1/lib/python3.10/site-packages:/home/whitetiger/ros2_ws/install/myrobot_interfaces/lib/python3.10/site-packages:/opt/ros/iron/lib/python3.10/site-packages /usr/bin/cmake /home/whitetiger/ros2_ws/src/ce_robot_bootup -DCMAKE_INSTALL_PREFIX=/home/whitetiger/ros2_ws/install/ce_robot_bootup
[0.206s] -- The C compiler identification is GNU 11.4.0
[0.294s] -- The CXX compiler identification is GNU 11.4.0
[0.306s] -- Detecting C compiler ABI info
[0.423s] -- Detecting C compiler ABI info - done
[0.429s] -- Check for working C compiler: /usr/bin/cc - skipped
[0.429s] -- Detecting C compile features
[0.429s] -- Detecting C compile features - done
[0.433s] -- Detecting CXX compiler ABI info
[0.593s] -- Detecting CXX compiler ABI info - done
[0.602s] -- Check for working CXX compiler: /usr/bin/c++ - skipped
[0.602s] -- Detecting CXX compile features
[0.602s] -- Detecting CXX compile features - done
[0.606s] -- Found ament_cmake: 2.0.3 (/opt/ros/iron/share/ament_cmake/cmake)
[0.838s] -- Found Python3: /usr/bin/python3.10 (found version "3.10.12") found components: Interpreter 
[0.996s] -- Found ament_lint_auto: 0.14.2 (/opt/ros/iron/share/ament_lint_auto/cmake)
[1.248s] -- Added test 'flake8' to check Python code syntax and style conventions
[1.248s] -- Configured 'flake8' exclude dirs and/or files: 
[1.250s] -- Added test 'lint_cmake' to check CMake code style
[1.251s] -- Added test 'pep257' to check Python code against some of the docstring style conventions in PEP 257
[1.255s] -- Added test 'xmllint' to check XML markup files
[1.264s] -- Configuring done
[1.273s] -- Generating done
[1.287s] -- Build files have been written to: /home/whitetiger/ros2_ws/build/ce_robot_bootup
[1.300s] Invoked command in '/home/whitetiger/ros2_ws/build/ce_robot_bootup' returned '0': AMENT_PREFIX_PATH=/home/whitetiger/ros2_ws/install/my_robot:/home/whitetiger/ros2_ws/install/robot_1:/home/whitetiger/ros2_ws/install/myrobot_interfaces:/opt/ros/iron CMAKE_PREFIX_PATH=${CMAKE_PREFIX_PATH}:/home/whitetiger/ros2_ws/install/robot_1:/home/whitetiger/ros2_ws/install/my_robot:/opt/ros/iron PYTHONPATH=/home/whitetiger/ros2_ws/install/my_robot/lib/python3.10/site-packages:/home/whitetiger/ros2_ws/install/robot_1/lib/python3.10/site-packages:/home/whitetiger/ros2_ws/install/myrobot_interfaces/lib/python3.10/site-packages:/opt/ros/iron/lib/python3.10/site-packages /usr/bin/cmake /home/whitetiger/ros2_ws/src/ce_robot_bootup -DCMAKE_INSTALL_PREFIX=/home/whitetiger/ros2_ws/install/ce_robot_bootup
[1.304s] Invoking command in '/home/whitetiger/ros2_ws/build/ce_robot_bootup': AMENT_PREFIX_PATH=/home/whitetiger/ros2_ws/install/my_robot:/home/whitetiger/ros2_ws/install/robot_1:/home/whitetiger/ros2_ws/install/myrobot_interfaces:/opt/ros/iron CMAKE_PREFIX_PATH=${CMAKE_PREFIX_PATH}:/home/whitetiger/ros2_ws/install/robot_1:/home/whitetiger/ros2_ws/install/my_robot:/opt/ros/iron PYTHONPATH=/home/whitetiger/ros2_ws/install/my_robot/lib/python3.10/site-packages:/home/whitetiger/ros2_ws/install/robot_1/lib/python3.10/site-packages:/home/whitetiger/ros2_ws/install/myrobot_interfaces/lib/python3.10/site-packages:/opt/ros/iron/lib/python3.10/site-packages /usr/bin/cmake --build /home/whitetiger/ros2_ws/build/ce_robot_bootup -- -j4 -l4
[1.360s] Invoked command in '/home/whitetiger/ros2_ws/build/ce_robot_bootup' returned '0': AMENT_PREFIX_PATH=/home/whitetiger/ros2_ws/install/my_robot:/home/whitetiger/ros2_ws/install/robot_1:/home/whitetiger/ros2_ws/install/myrobot_interfaces:/opt/ros/iron CMAKE_PREFIX_PATH=${CMAKE_PREFIX_PATH}:/home/whitetiger/ros2_ws/install/robot_1:/home/whitetiger/ros2_ws/install/my_robot:/opt/ros/iron PYTHONPATH=/home/whitetiger/ros2_ws/install/my_robot/lib/python3.10/site-packages:/home/whitetiger/ros2_ws/install/robot_1/lib/python3.10/site-packages:/home/whitetiger/ros2_ws/install/myrobot_interfaces/lib/python3.10/site-packages:/opt/ros/iron/lib/python3.10/site-packages /usr/bin/cmake --build /home/whitetiger/ros2_ws/build/ce_robot_bootup -- -j4 -l4
[1.435s] Invoking command in '/home/whitetiger/ros2_ws/build/ce_robot_bootup': AMENT_PREFIX_PATH=/home/whitetiger/ros2_ws/install/my_robot:/home/whitetiger/ros2_ws/install/robot_1:/home/whitetiger/ros2_ws/install/myrobot_interfaces:/opt/ros/iron CMAKE_PREFIX_PATH=${CMAKE_PREFIX_PATH}:/home/whitetiger/ros2_ws/install/robot_1:/home/whitetiger/ros2_ws/install/my_robot:/opt/ros/iron PYTHONPATH=/home/whitetiger/ros2_ws/install/my_robot/lib/python3.10/site-packages:/home/whitetiger/ros2_ws/install/robot_1/lib/python3.10/site-packages:/home/whitetiger/ros2_ws/install/myrobot_interfaces/lib/python3.10/site-packages:/opt/ros/iron/lib/python3.10/site-packages /usr/bin/cmake --install /home/whitetiger/ros2_ws/build/ce_robot_bootup
[1.446s] -- Install configuration: ""
[1.446s] -- Up-to-date: /home/whitetiger/ros2_ws/install/ce_robot_bootup/share/ce_robot_bootup/launch
[1.447s] -- Installing: /home/whitetiger/ros2_ws/install/ce_robot_bootup/share/ce_robot_bootup/launch/ce_boot_launch.py
[1.448s] -- Installing: /home/whitetiger/ros2_ws/install/ce_robot_bootup/share/ament_index/resource_index/package_run_dependencies/ce_robot_bootup
[1.451s] -- Installing: /home/whitetiger/ros2_ws/install/ce_robot_bootup/share/ament_index/resource_index/parent_prefix_path/ce_robot_bootup
[1.455s] -- Installing: /home/whitetiger/ros2_ws/install/ce_robot_bootup/share/ce_robot_bootup/environment/ament_prefix_path.dsv
[1.456s] -- Installing: /home/whitetiger/ros2_ws/install/ce_robot_bootup/share/ce_robot_bootup/environment/path.dsv
[1.456s] -- Installing: /home/whitetiger/ros2_ws/install/ce_robot_bootup/share/ce_robot_bootup/local_setup.bash
[1.456s] -- Installing: /home/whitetiger/ros2_ws/install/ce_robot_bootup/share/ce_robot_bootup/local_setup.sh
[1.456s] -- Installing: /home/whitetiger/ros2_ws/install/ce_robot_bootup/share/ce_robot_bootup/local_setup.zsh
[1.456s] -- Installing: /home/whitetiger/ros2_ws/install/ce_robot_bootup/share/ce_robot_bootup/local_setup.dsv
[1.456s] -- Installing: /home/whitetiger/ros2_ws/install/ce_robot_bootup/share/ce_robot_bootup/package.dsv
[1.456s] -- Installing: /home/whitetiger/ros2_ws/install/ce_robot_bootup/share/ament_index/resource_index/packages/ce_robot_bootup
[1.456s] -- Installing: /home/whitetiger/ros2_ws/install/ce_robot_bootup/share/ce_robot_bootup/cmake/ce_robot_bootupConfig.cmake
[1.456s] -- Installing: /home/whitetiger/ros2_ws/install/ce_robot_bootup/share/ce_robot_bootup/cmake/ce_robot_bootupConfig-version.cmake
[1.456s] -- Installing: /home/whitetiger/ros2_ws/install/ce_robot_bootup/share/ce_robot_bootup/package.xml
[1.462s] Invoked command in '/home/whitetiger/ros2_ws/build/ce_robot_bootup' returned '0': AMENT_PREFIX_PATH=/home/whitetiger/ros2_ws/install/my_robot:/home/whitetiger/ros2_ws/install/robot_1:/home/whitetiger/ros2_ws/install/myrobot_interfaces:/opt/ros/iron CMAKE_PREFIX_PATH=${CMAKE_PREFIX_PATH}:/home/whitetiger/ros2_ws/install/robot_1:/home/whitetiger/ros2_ws/install/my_robot:/opt/ros/iron PYTHONPATH=/home/whitetiger/ros2_ws/install/my_robot/lib/python3.10/site-packages:/home/whitetiger/ros2_ws/install/robot_1/lib/python3.10/site-packages:/home/whitetiger/ros2_ws/install/myrobot_interfaces/lib/python3.10/site-packages:/opt/ros/iron/lib/python3.10/site-packages /usr/bin/cmake --install /home/whitetiger/ros2_ws/build/ce_robot_bootup
