[0.800s] DEBUG:colcon:Command line arguments: ['/usr/bin/colcon', 'build']
[0.800s] DEBUG:colcon:Parsed command line arguments: Namespace(log_base=None, log_level=None, verb_name='build', build_base='build', install_base='install', merge_install=False, symlink_install=False, test_result_base=None, continue_on_error=False, executor='parallel', parallel_workers=4, event_handlers=None, ignore_user_meta=False, metas=['./colcon.meta'], base_paths=['.'], packages_ignore=None, packages_ignore_regex=None, paths=None, packages_up_to=None, packages_up_to_regex=None, packages_above=None, packages_above_and_dependencies=None, packages_above_depth=None, packages_select_by_dep=None, packages_skip_by_dep=None, packages_skip_up_to=None, packages_select_build_failed=False, packages_skip_build_finished=False, packages_select_test_failures=False, packages_skip_test_passed=False, packages_select=None, packages_skip=None, packages_select_regex=None, packages_skip_regex=None, packages_start=None, packages_end=None, allow_overriding=[], cmake_args=None, cmake_target=None, cmake_target_skip_unavailable=False, cmake_clean_cache=False, cmake_clean_first=False, cmake_force_configure=False, ament_cmake_args=None, catkin_cmake_args=None, catkin_skip_building_tests=False, verb_parser=<colcon_defaults.argument_parser.defaults.DefaultArgumentsDecorator object at 0x7f72050ef400>, verb_extension=<colcon_core.verb.build.BuildVerb object at 0x7f72053cada0>, main=<bound method BuildVerb.main of <colcon_core.verb.build.BuildVerb object at 0x7f72053cada0>>)
[0.837s] Level 1:colcon.colcon_core.package_discovery:discover_packages(colcon_meta) check parameters
[0.837s] Level 1:colcon.colcon_core.package_discovery:discover_packages(recursive) check parameters
[0.837s] Level 1:colcon.colcon_core.package_discovery:discover_packages(ignore) check parameters
[0.837s] Level 1:colcon.colcon_core.package_discovery:discover_packages(path) check parameters
[0.838s] Level 1:colcon.colcon_core.package_discovery:discover_packages(colcon_meta) discover
[0.838s] Level 1:colcon.colcon_core.package_discovery:discover_packages(recursive) discover
[0.838s] INFO:colcon.colcon_core.package_discovery:Crawling recursively for packages in '/home/predator/ros2_ws'
[0.838s] Level 1:colcon.colcon_core.package_identification:_identify(.) by extensions ['ignore', 'ignore_ament_install']
[0.838s] Level 1:colcon.colcon_core.package_identification:_identify(.) by extension 'ignore'
[0.838s] Level 1:colcon.colcon_core.package_identification:_identify(.) by extension 'ignore_ament_install'
[0.838s] Level 1:colcon.colcon_core.package_identification:_identify(.) by extensions ['colcon_pkg']
[0.838s] Level 1:colcon.colcon_core.package_identification:_identify(.) by extension 'colcon_pkg'
[0.838s] Level 1:colcon.colcon_core.package_identification:_identify(.) by extensions ['colcon_meta']
[0.838s] Level 1:colcon.colcon_core.package_identification:_identify(.) by extension 'colcon_meta'
[0.838s] Level 1:colcon.colcon_core.package_identification:_identify(.) by extensions ['ros']
[0.838s] Level 1:colcon.colcon_core.package_identification:_identify(.) by extension 'ros'
[0.847s] Level 1:colcon.colcon_core.package_identification:_identify(.) by extensions ['cmake', 'python']
[0.848s] Level 1:colcon.colcon_core.package_identification:_identify(.) by extension 'cmake'
[0.848s] Level 1:colcon.colcon_core.package_identification:_identify(.) by extension 'python'
[0.848s] Level 1:colcon.colcon_core.package_identification:_identify(.) by extensions ['python_setup_py']
[0.848s] Level 1:colcon.colcon_core.package_identification:_identify(.) by extension 'python_setup_py'
[0.848s] Level 1:colcon.colcon_core.package_identification:_identify(build) by extensions ['ignore', 'ignore_ament_install']
[0.848s] Level 1:colcon.colcon_core.package_identification:_identify(build) by extension 'ignore'
[0.848s] Level 1:colcon.colcon_core.package_identification:_identify(build) ignored
[0.848s] Level 1:colcon.colcon_core.package_identification:_identify(install) by extensions ['ignore', 'ignore_ament_install']
[0.848s] Level 1:colcon.colcon_core.package_identification:_identify(install) by extension 'ignore'
[0.848s] Level 1:colcon.colcon_core.package_identification:_identify(install) ignored
[0.848s] Level 1:colcon.colcon_core.package_identification:_identify(log) by extensions ['ignore', 'ignore_ament_install']
[0.848s] Level 1:colcon.colcon_core.package_identification:_identify(log) by extension 'ignore'
[0.848s] Level 1:colcon.colcon_core.package_identification:_identify(log) ignored
[0.848s] Level 1:colcon.colcon_core.package_identification:_identify(src) by extensions ['ignore', 'ignore_ament_install']
[0.848s] Level 1:colcon.colcon_core.package_identification:_identify(src) by extension 'ignore'
[0.849s] Level 1:colcon.colcon_core.package_identification:_identify(src) by extension 'ignore_ament_install'
[0.849s] Level 1:colcon.colcon_core.package_identification:_identify(src) by extensions ['colcon_pkg']
[0.849s] Level 1:colcon.colcon_core.package_identification:_identify(src) by extension 'colcon_pkg'
[0.849s] Level 1:colcon.colcon_core.package_identification:_identify(src) by extensions ['colcon_meta']
[0.849s] Level 1:colcon.colcon_core.package_identification:_identify(src) by extension 'colcon_meta'
[0.849s] Level 1:colcon.colcon_core.package_identification:_identify(src) by extensions ['ros']
[0.849s] Level 1:colcon.colcon_core.package_identification:_identify(src) by extension 'ros'
[0.849s] Level 1:colcon.colcon_core.package_identification:_identify(src) by extensions ['cmake', 'python']
[0.849s] Level 1:colcon.colcon_core.package_identification:_identify(src) by extension 'cmake'
[0.849s] Level 1:colcon.colcon_core.package_identification:_identify(src) by extension 'python'
[0.849s] Level 1:colcon.colcon_core.package_identification:_identify(src) by extensions ['python_setup_py']
[0.849s] Level 1:colcon.colcon_core.package_identification:_identify(src) by extension 'python_setup_py'
[0.849s] Level 1:colcon.colcon_core.package_identification:_identify(src/build) by extensions ['ignore', 'ignore_ament_install']
[0.849s] Level 1:colcon.colcon_core.package_identification:_identify(src/build) by extension 'ignore'
[0.849s] Level 1:colcon.colcon_core.package_identification:_identify(src/build) ignored
[0.849s] Level 1:colcon.colcon_core.package_identification:_identify(src/install) by extensions ['ignore', 'ignore_ament_install']
[0.849s] Level 1:colcon.colcon_core.package_identification:_identify(src/install) by extension 'ignore'
[0.849s] Level 1:colcon.colcon_core.package_identification:_identify(src/install) ignored
[0.849s] Level 1:colcon.colcon_core.package_identification:_identify(src/log) by extensions ['ignore', 'ignore_ament_install']
[0.849s] Level 1:colcon.colcon_core.package_identification:_identify(src/log) by extension 'ignore'
[0.849s] Level 1:colcon.colcon_core.package_identification:_identify(src/log) ignored
[0.849s] Level 1:colcon.colcon_core.package_identification:_identify(src/my_robot) by extensions ['ignore', 'ignore_ament_install']
[0.849s] Level 1:colcon.colcon_core.package_identification:_identify(src/my_robot) by extension 'ignore'
[0.849s] Level 1:colcon.colcon_core.package_identification:_identify(src/my_robot) by extension 'ignore_ament_install'
[0.849s] Level 1:colcon.colcon_core.package_identification:_identify(src/my_robot) by extensions ['colcon_pkg']
[0.849s] Level 1:colcon.colcon_core.package_identification:_identify(src/my_robot) by extension 'colcon_pkg'
[0.850s] Level 1:colcon.colcon_core.package_identification:_identify(src/my_robot) by extensions ['colcon_meta']
[0.850s] Level 1:colcon.colcon_core.package_identification:_identify(src/my_robot) by extension 'colcon_meta'
[0.850s] Level 1:colcon.colcon_core.package_identification:_identify(src/my_robot) by extensions ['ros']
[0.850s] Level 1:colcon.colcon_core.package_identification:_identify(src/my_robot) by extension 'ros'
[0.852s] DEBUG:colcon.colcon_core.package_identification:Package 'src/my_robot' with type 'ros.ament_python' and name 'my_robot'
[0.852s] Level 1:colcon.colcon_core.package_identification:_identify(src/myrobot_interfaces) by extensions ['ignore', 'ignore_ament_install']
[0.852s] Level 1:colcon.colcon_core.package_identification:_identify(src/myrobot_interfaces) by extension 'ignore'
[0.852s] Level 1:colcon.colcon_core.package_identification:_identify(src/myrobot_interfaces) by extension 'ignore_ament_install'
[0.852s] Level 1:colcon.colcon_core.package_identification:_identify(src/myrobot_interfaces) by extensions ['colcon_pkg']
[0.852s] Level 1:colcon.colcon_core.package_identification:_identify(src/myrobot_interfaces) by extension 'colcon_pkg'
[0.852s] Level 1:colcon.colcon_core.package_identification:_identify(src/myrobot_interfaces) by extensions ['colcon_meta']
[0.852s] Level 1:colcon.colcon_core.package_identification:_identify(src/myrobot_interfaces) by extension 'colcon_meta'
[0.852s] Level 1:colcon.colcon_core.package_identification:_identify(src/myrobot_interfaces) by extensions ['ros']
[0.852s] Level 1:colcon.colcon_core.package_identification:_identify(src/myrobot_interfaces) by extension 'ros'
[0.853s] DEBUG:colcon.colcon_core.package_identification:Package 'src/myrobot_interfaces' with type 'ros.ament_cmake' and name 'myrobot_interfaces'
[0.853s] Level 1:colcon.colcon_core.package_identification:_identify(src/robot_1) by extensions ['ignore', 'ignore_ament_install']
[0.853s] Level 1:colcon.colcon_core.package_identification:_identify(src/robot_1) by extension 'ignore'
[0.853s] Level 1:colcon.colcon_core.package_identification:_identify(src/robot_1) by extension 'ignore_ament_install'
[0.853s] Level 1:colcon.colcon_core.package_identification:_identify(src/robot_1) by extensions ['colcon_pkg']
[0.853s] Level 1:colcon.colcon_core.package_identification:_identify(src/robot_1) by extension 'colcon_pkg'
[0.853s] Level 1:colcon.colcon_core.package_identification:_identify(src/robot_1) by extensions ['colcon_meta']
[0.853s] Level 1:colcon.colcon_core.package_identification:_identify(src/robot_1) by extension 'colcon_meta'
[0.853s] Level 1:colcon.colcon_core.package_identification:_identify(src/robot_1) by extensions ['ros']
[0.853s] Level 1:colcon.colcon_core.package_identification:_identify(src/robot_1) by extension 'ros'
[0.853s] DEBUG:colcon.colcon_core.package_identification:Package 'src/robot_1' with type 'ros.ament_python' and name 'robot_1'
[0.853s] Level 1:colcon.colcon_core.package_discovery:discover_packages(recursive) using defaults
[0.854s] Level 1:colcon.colcon_core.package_discovery:discover_packages(ignore) discover
[0.854s] Level 1:colcon.colcon_core.package_discovery:discover_packages(ignore) using defaults
[0.854s] Level 1:colcon.colcon_core.package_discovery:discover_packages(path) discover
[0.854s] Level 1:colcon.colcon_core.package_discovery:discover_packages(path) using defaults
[0.926s] Level 1:colcon.colcon_core.package_discovery:discover_packages(prefix_path) check parameters
[0.926s] Level 1:colcon.colcon_core.package_discovery:discover_packages(prefix_path) discover
[0.953s] DEBUG:colcon.colcon_installed_package_information.package_discovery:Found 3 installed packages in /home/predator/ros2_ws/install
[0.965s] DEBUG:colcon.colcon_installed_package_information.package_discovery:Found 281 installed packages in /opt/ros/iron
[0.966s] Level 1:colcon.colcon_core.package_discovery:discover_packages(prefix_path) using defaults
[1.040s] Level 5:colcon.colcon_core.verb:set package 'my_robot' build argument 'cmake_args' from command line to 'None'
[1.040s] Level 5:colcon.colcon_core.verb:set package 'my_robot' build argument 'cmake_target' from command line to 'None'
[1.040s] Level 5:colcon.colcon_core.verb:set package 'my_robot' build argument 'cmake_target_skip_unavailable' from command line to 'False'
[1.040s] Level 5:colcon.colcon_core.verb:set package 'my_robot' build argument 'cmake_clean_cache' from command line to 'False'
[1.040s] Level 5:colcon.colcon_core.verb:set package 'my_robot' build argument 'cmake_clean_first' from command line to 'False'
[1.040s] Level 5:colcon.colcon_core.verb:set package 'my_robot' build argument 'cmake_force_configure' from command line to 'False'
[1.040s] Level 5:colcon.colcon_core.verb:set package 'my_robot' build argument 'ament_cmake_args' from command line to 'None'
[1.040s] Level 5:colcon.colcon_core.verb:set package 'my_robot' build argument 'catkin_cmake_args' from command line to 'None'
[1.040s] Level 5:colcon.colcon_core.verb:set package 'my_robot' build argument 'catkin_skip_building_tests' from command line to 'False'
[1.040s] DEBUG:colcon.colcon_core.verb:Building package 'my_robot' with the following arguments: {'ament_cmake_args': None, 'build_base': '/home/predator/ros2_ws/build/my_robot', 'catkin_cmake_args': None, 'catkin_skip_building_tests': False, 'cmake_args': None, 'cmake_clean_cache': False, 'cmake_clean_first': False, 'cmake_force_configure': False, 'cmake_target': None, 'cmake_target_skip_unavailable': False, 'install_base': '/home/predator/ros2_ws/install/my_robot', 'merge_install': False, 'path': '/home/predator/ros2_ws/src/my_robot', 'symlink_install': False, 'test_result_base': None}
[1.052s] Level 5:colcon.colcon_core.verb:set package 'myrobot_interfaces' build argument 'cmake_args' from command line to 'None'
[1.052s] Level 5:colcon.colcon_core.verb:set package 'myrobot_interfaces' build argument 'cmake_target' from command line to 'None'
[1.052s] Level 5:colcon.colcon_core.verb:set package 'myrobot_interfaces' build argument 'cmake_target_skip_unavailable' from command line to 'False'
[1.052s] Level 5:colcon.colcon_core.verb:set package 'myrobot_interfaces' build argument 'cmake_clean_cache' from command line to 'False'
[1.052s] Level 5:colcon.colcon_core.verb:set package 'myrobot_interfaces' build argument 'cmake_clean_first' from command line to 'False'
[1.052s] Level 5:colcon.colcon_core.verb:set package 'myrobot_interfaces' build argument 'cmake_force_configure' from command line to 'False'
[1.052s] Level 5:colcon.colcon_core.verb:set package 'myrobot_interfaces' build argument 'ament_cmake_args' from command line to 'None'
[1.052s] Level 5:colcon.colcon_core.verb:set package 'myrobot_interfaces' build argument 'catkin_cmake_args' from command line to 'None'
[1.052s] Level 5:colcon.colcon_core.verb:set package 'myrobot_interfaces' build argument 'catkin_skip_building_tests' from command line to 'False'
[1.052s] DEBUG:colcon.colcon_core.verb:Building package 'myrobot_interfaces' with the following arguments: {'ament_cmake_args': None, 'build_base': '/home/predator/ros2_ws/build/myrobot_interfaces', 'catkin_cmake_args': None, 'catkin_skip_building_tests': False, 'cmake_args': None, 'cmake_clean_cache': False, 'cmake_clean_first': False, 'cmake_force_configure': False, 'cmake_target': None, 'cmake_target_skip_unavailable': False, 'install_base': '/home/predator/ros2_ws/install/myrobot_interfaces', 'merge_install': False, 'path': '/home/predator/ros2_ws/src/myrobot_interfaces', 'symlink_install': False, 'test_result_base': None}
[1.064s] Level 5:colcon.colcon_core.verb:set package 'robot_1' build argument 'cmake_args' from command line to 'None'
[1.064s] Level 5:colcon.colcon_core.verb:set package 'robot_1' build argument 'cmake_target' from command line to 'None'
[1.064s] Level 5:colcon.colcon_core.verb:set package 'robot_1' build argument 'cmake_target_skip_unavailable' from command line to 'False'
[1.064s] Level 5:colcon.colcon_core.verb:set package 'robot_1' build argument 'cmake_clean_cache' from command line to 'False'
[1.064s] Level 5:colcon.colcon_core.verb:set package 'robot_1' build argument 'cmake_clean_first' from command line to 'False'
[1.064s] Level 5:colcon.colcon_core.verb:set package 'robot_1' build argument 'cmake_force_configure' from command line to 'False'
[1.064s] Level 5:colcon.colcon_core.verb:set package 'robot_1' build argument 'ament_cmake_args' from command line to 'None'
[1.064s] Level 5:colcon.colcon_core.verb:set package 'robot_1' build argument 'catkin_cmake_args' from command line to 'None'
[1.064s] Level 5:colcon.colcon_core.verb:set package 'robot_1' build argument 'catkin_skip_building_tests' from command line to 'False'
[1.064s] DEBUG:colcon.colcon_core.verb:Building package 'robot_1' with the following arguments: {'ament_cmake_args': None, 'build_base': '/home/predator/ros2_ws/build/robot_1', 'catkin_cmake_args': None, 'catkin_skip_building_tests': False, 'cmake_args': None, 'cmake_clean_cache': False, 'cmake_clean_first': False, 'cmake_force_configure': False, 'cmake_target': None, 'cmake_target_skip_unavailable': False, 'install_base': '/home/predator/ros2_ws/install/robot_1', 'merge_install': False, 'path': '/home/predator/ros2_ws/src/robot_1', 'symlink_install': False, 'test_result_base': None}
[1.076s] INFO:colcon.colcon_core.executor:Executing jobs using 'parallel' executor
[1.088s] DEBUG:colcon.colcon_parallel_executor.executor.parallel:run_until_complete
[1.088s] INFO:colcon.colcon_ros.task.ament_cmake.build:Building ROS package in '/home/predator/ros2_ws/src/myrobot_interfaces' with build type 'ament_cmake'
[1.088s] INFO:colcon.colcon_cmake.task.cmake.build:Building CMake package in '/home/predator/ros2_ws/src/myrobot_interfaces'
[1.102s] INFO:colcon.colcon_core.plugin_system:Skipping extension 'colcon_core.shell.bat': Not used on non-Windows systems
[1.102s] INFO:colcon.colcon_core.shell:Skip shell extension 'powershell' for command environment: Not usable outside of PowerShell
[1.102s] DEBUG:colcon.colcon_core.shell:Skip shell extension 'dsv' for command environment
[1.157s] INFO:colcon.colcon_ros.task.ament_python.build:Building ROS package in '/home/predator/ros2_ws/src/my_robot' with build type 'ament_python'
[1.157s] Level 1:colcon.colcon_core.shell:create_environment_hook('my_robot', 'ament_prefix_path')
[1.171s] INFO:colcon.colcon_core.shell:Creating environment hook '/home/predator/ros2_ws/install/my_robot/share/my_robot/hook/ament_prefix_path.ps1'
[1.172s] INFO:colcon.colcon_core.shell:Creating environment descriptor '/home/predator/ros2_ws/install/my_robot/share/my_robot/hook/ament_prefix_path.dsv'
[1.172s] INFO:colcon.colcon_core.shell:Creating environment hook '/home/predator/ros2_ws/install/my_robot/share/my_robot/hook/ament_prefix_path.sh'
[1.186s] INFO:colcon.colcon_core.shell:Skip shell extension 'powershell' for command environment: Not usable outside of PowerShell
[1.186s] DEBUG:colcon.colcon_core.shell:Skip shell extension 'dsv' for command environment
[1.242s] DEBUG:colcon.colcon_core.event_handler.log_command:Invoking command in '/home/predator/ros2_ws/build/myrobot_interfaces': CMAKE_PREFIX_PATH=${CMAKE_PREFIX_PATH}:/home/predator/ros2_ws/install/robot_1:/home/predator/ros2_ws/install/my_robot:/opt/ros/iron /usr/bin/cmake --build /home/predator/ros2_ws/build/myrobot_interfaces -- -j4 -l4
[1.529s] INFO:colcon.colcon_core.task.python.build:Building Python package in '/home/predator/ros2_ws/src/my_robot'
[1.545s] INFO:colcon.colcon_core.shell:Skip shell extension 'powershell' for command environment: Not usable outside of PowerShell
[1.545s] DEBUG:colcon.colcon_core.shell:Skip shell extension 'dsv' for command environment
[1.739s] DEBUG:colcon.colcon_core.event_handler.log_command:Invoked command in '/home/predator/ros2_ws/build/myrobot_interfaces' returned '0': CMAKE_PREFIX_PATH=${CMAKE_PREFIX_PATH}:/home/predator/ros2_ws/install/robot_1:/home/predator/ros2_ws/install/my_robot:/opt/ros/iron /usr/bin/cmake --build /home/predator/ros2_ws/build/myrobot_interfaces -- -j4 -l4
[1.911s] DEBUG:colcon.colcon_core.event_handler.log_command:Invoking command in '/home/predator/ros2_ws/build/my_robot': PYTHONPATH=/home/predator/ros2_ws/build/my_robot/prefix_override:/home/predator/ros2_ws/install/my_robot/lib/python3.10/site-packages:${PYTHONPATH} /usr/bin/python3 setup.py develop --uninstall --editable --build-directory /home/predator/ros2_ws/build/my_robot/build
[1.954s] DEBUG:colcon.colcon_core.event_handler.log_command:Invoking command in '/home/predator/ros2_ws/build/myrobot_interfaces': CMAKE_PREFIX_PATH=${CMAKE_PREFIX_PATH}:/home/predator/ros2_ws/install/robot_1:/home/predator/ros2_ws/install/my_robot:/opt/ros/iron /usr/bin/cmake --install /home/predator/ros2_ws/build/myrobot_interfaces
[2.046s] Level 1:colcon.colcon_core.environment:create_environment_scripts_only(myrobot_interfaces)
[2.046s] DEBUG:colcon.colcon_core.event_handler.log_command:Invoked command in '/home/predator/ros2_ws/build/myrobot_interfaces' returned '0': CMAKE_PREFIX_PATH=${CMAKE_PREFIX_PATH}:/home/predator/ros2_ws/install/robot_1:/home/predator/ros2_ws/install/my_robot:/opt/ros/iron /usr/bin/cmake --install /home/predator/ros2_ws/build/myrobot_interfaces
[2.061s] Level 1:colcon.colcon_core.environment:checking '/home/predator/ros2_ws/install/myrobot_interfaces' for CMake module files
[2.062s] Level 1:colcon.colcon_core.environment:checking '/home/predator/ros2_ws/install/myrobot_interfaces' for CMake config files
[2.062s] Level 1:colcon.colcon_core.shell:create_environment_hook('myrobot_interfaces', 'cmake_prefix_path')
[2.074s] INFO:colcon.colcon_core.shell:Creating environment hook '/home/predator/ros2_ws/install/myrobot_interfaces/share/myrobot_interfaces/hook/cmake_prefix_path.ps1'
[2.074s] INFO:colcon.colcon_core.shell:Creating environment descriptor '/home/predator/ros2_ws/install/myrobot_interfaces/share/myrobot_interfaces/hook/cmake_prefix_path.dsv'
[2.075s] INFO:colcon.colcon_core.shell:Creating environment hook '/home/predator/ros2_ws/install/myrobot_interfaces/share/myrobot_interfaces/hook/cmake_prefix_path.sh'
[2.076s] Level 1:colcon.colcon_core.environment:checking '/home/predator/ros2_ws/install/myrobot_interfaces/lib'
[2.076s] Level 1:colcon.colcon_core.shell:create_environment_hook('myrobot_interfaces', 'ld_library_path_lib')
[2.092s] INFO:colcon.colcon_core.shell:Creating environment hook '/home/predator/ros2_ws/install/myrobot_interfaces/share/myrobot_interfaces/hook/ld_library_path_lib.ps1'
[2.092s] INFO:colcon.colcon_core.shell:Creating environment descriptor '/home/predator/ros2_ws/install/myrobot_interfaces/share/myrobot_interfaces/hook/ld_library_path_lib.dsv'
[2.093s] INFO:colcon.colcon_core.shell:Creating environment hook '/home/predator/ros2_ws/install/myrobot_interfaces/share/myrobot_interfaces/hook/ld_library_path_lib.sh'
[2.094s] Level 1:colcon.colcon_core.environment:checking '/home/predator/ros2_ws/install/myrobot_interfaces/bin'
[2.094s] Level 1:colcon.colcon_core.environment:checking '/home/predator/ros2_ws/install/myrobot_interfaces/lib/pkgconfig/myrobot_interfaces.pc'
[2.094s] Level 1:colcon.colcon_core.environment:checking '/home/predator/ros2_ws/install/myrobot_interfaces/lib/python3.10/site-packages'
[2.094s] Level 1:colcon.colcon_core.shell:create_environment_hook('myrobot_interfaces', 'pythonpath')
[2.106s] INFO:colcon.colcon_core.shell:Creating environment hook '/home/predator/ros2_ws/install/myrobot_interfaces/share/myrobot_interfaces/hook/pythonpath.ps1'
[2.107s] INFO:colcon.colcon_core.shell:Creating environment descriptor '/home/predator/ros2_ws/install/myrobot_interfaces/share/myrobot_interfaces/hook/pythonpath.dsv'
[2.107s] INFO:colcon.colcon_core.shell:Creating environment hook '/home/predator/ros2_ws/install/myrobot_interfaces/share/myrobot_interfaces/hook/pythonpath.sh'
[2.108s] Level 1:colcon.colcon_core.environment:checking '/home/predator/ros2_ws/install/myrobot_interfaces/bin'
[2.125s] INFO:colcon.colcon_core.shell:Creating package script '/home/predator/ros2_ws/install/myrobot_interfaces/share/myrobot_interfaces/package.ps1'
[2.126s] INFO:colcon.colcon_core.shell:Creating package descriptor '/home/predator/ros2_ws/install/myrobot_interfaces/share/myrobot_interfaces/package.dsv'
[2.126s] INFO:colcon.colcon_core.shell:Creating package script '/home/predator/ros2_ws/install/myrobot_interfaces/share/myrobot_interfaces/package.sh'
[2.127s] INFO:colcon.colcon_core.shell:Creating package script '/home/predator/ros2_ws/install/myrobot_interfaces/share/myrobot_interfaces/package.bash'
[2.128s] INFO:colcon.colcon_core.shell:Creating package script '/home/predator/ros2_ws/install/myrobot_interfaces/share/myrobot_interfaces/package.zsh'
[2.129s] Level 1:colcon.colcon_core.environment:create_file_with_runtime_dependencies(/home/predator/ros2_ws/install/myrobot_interfaces/share/colcon-core/packages/myrobot_interfaces)
[2.327s] DEBUG:colcon.colcon_core.event_handler.log_command:Invoked command in '/home/predator/ros2_ws/build/my_robot' returned '0': PYTHONPATH=/home/predator/ros2_ws/build/my_robot/prefix_override:/home/predator/ros2_ws/install/my_robot/lib/python3.10/site-packages:${PYTHONPATH} /usr/bin/python3 setup.py develop --uninstall --editable --build-directory /home/predator/ros2_ws/build/my_robot/build
[2.327s] DEBUG:colcon.colcon_core.event_handler.log_command:Invoking command in '/home/predator/ros2_ws/src/my_robot': PYTHONPATH=/home/predator/ros2_ws/build/my_robot/prefix_override:/home/predator/ros2_ws/install/my_robot/lib/python3.10/site-packages:${PYTHONPATH} /usr/bin/python3 setup.py egg_info --egg-base ../../build/my_robot build --build-base /home/predator/ros2_ws/build/my_robot/build install --record /home/predator/ros2_ws/build/my_robot/install.log --single-version-externally-managed
[2.348s] Level 1:colcon.colcon_core.environment:create_environment_scripts_only(myrobot_interfaces)
[2.363s] Level 1:colcon.colcon_core.environment:checking '/home/predator/ros2_ws/install/myrobot_interfaces' for CMake module files
[2.364s] Level 1:colcon.colcon_core.environment:checking '/home/predator/ros2_ws/install/myrobot_interfaces' for CMake config files
[2.365s] Level 1:colcon.colcon_core.shell:create_environment_hook('myrobot_interfaces', 'cmake_prefix_path')
[2.377s] INFO:colcon.colcon_core.shell:Creating environment hook '/home/predator/ros2_ws/install/myrobot_interfaces/share/myrobot_interfaces/hook/cmake_prefix_path.ps1'
[2.378s] INFO:colcon.colcon_core.shell:Creating environment descriptor '/home/predator/ros2_ws/install/myrobot_interfaces/share/myrobot_interfaces/hook/cmake_prefix_path.dsv'
[2.378s] INFO:colcon.colcon_core.shell:Creating environment hook '/home/predator/ros2_ws/install/myrobot_interfaces/share/myrobot_interfaces/hook/cmake_prefix_path.sh'
[2.379s] Level 1:colcon.colcon_core.environment:checking '/home/predator/ros2_ws/install/myrobot_interfaces/lib'
[2.379s] Level 1:colcon.colcon_core.shell:create_environment_hook('myrobot_interfaces', 'ld_library_path_lib')
[2.390s] INFO:colcon.colcon_core.shell:Creating environment hook '/home/predator/ros2_ws/install/myrobot_interfaces/share/myrobot_interfaces/hook/ld_library_path_lib.ps1'
[2.391s] INFO:colcon.colcon_core.shell:Creating environment descriptor '/home/predator/ros2_ws/install/myrobot_interfaces/share/myrobot_interfaces/hook/ld_library_path_lib.dsv'
[2.391s] INFO:colcon.colcon_core.shell:Creating environment hook '/home/predator/ros2_ws/install/myrobot_interfaces/share/myrobot_interfaces/hook/ld_library_path_lib.sh'
[2.392s] Level 1:colcon.colcon_core.environment:checking '/home/predator/ros2_ws/install/myrobot_interfaces/bin'
[2.392s] Level 1:colcon.colcon_core.environment:checking '/home/predator/ros2_ws/install/myrobot_interfaces/lib/pkgconfig/myrobot_interfaces.pc'
[2.392s] Level 1:colcon.colcon_core.environment:checking '/home/predator/ros2_ws/install/myrobot_interfaces/lib/python3.10/site-packages'
[2.392s] Level 1:colcon.colcon_core.shell:create_environment_hook('myrobot_interfaces', 'pythonpath')
[2.405s] INFO:colcon.colcon_core.shell:Creating environment hook '/home/predator/ros2_ws/install/myrobot_interfaces/share/myrobot_interfaces/hook/pythonpath.ps1'
[2.405s] INFO:colcon.colcon_core.shell:Creating environment descriptor '/home/predator/ros2_ws/install/myrobot_interfaces/share/myrobot_interfaces/hook/pythonpath.dsv'
[2.406s] INFO:colcon.colcon_core.shell:Creating environment hook '/home/predator/ros2_ws/install/myrobot_interfaces/share/myrobot_interfaces/hook/pythonpath.sh'
[2.406s] Level 1:colcon.colcon_core.environment:checking '/home/predator/ros2_ws/install/myrobot_interfaces/bin'
[2.423s] INFO:colcon.colcon_core.shell:Creating package script '/home/predator/ros2_ws/install/myrobot_interfaces/share/myrobot_interfaces/package.ps1'
[2.425s] INFO:colcon.colcon_core.shell:Creating package descriptor '/home/predator/ros2_ws/install/myrobot_interfaces/share/myrobot_interfaces/package.dsv'
[2.425s] INFO:colcon.colcon_core.shell:Creating package script '/home/predator/ros2_ws/install/myrobot_interfaces/share/myrobot_interfaces/package.sh'
[2.426s] INFO:colcon.colcon_core.shell:Creating package script '/home/predator/ros2_ws/install/myrobot_interfaces/share/myrobot_interfaces/package.bash'
[2.427s] INFO:colcon.colcon_core.shell:Creating package script '/home/predator/ros2_ws/install/myrobot_interfaces/share/myrobot_interfaces/package.zsh'
[2.427s] Level 1:colcon.colcon_core.environment:create_file_with_runtime_dependencies(/home/predator/ros2_ws/install/myrobot_interfaces/share/colcon-core/packages/myrobot_interfaces)
[2.428s] INFO:colcon.colcon_ros.task.ament_python.build:Building ROS package in '/home/predator/ros2_ws/src/robot_1' with build type 'ament_python'
[2.428s] Level 1:colcon.colcon_core.shell:create_environment_hook('robot_1', 'ament_prefix_path')
[2.444s] INFO:colcon.colcon_core.shell:Creating environment hook '/home/predator/ros2_ws/install/robot_1/share/robot_1/hook/ament_prefix_path.ps1'
[2.445s] INFO:colcon.colcon_core.shell:Creating environment descriptor '/home/predator/ros2_ws/install/robot_1/share/robot_1/hook/ament_prefix_path.dsv'
[2.445s] INFO:colcon.colcon_core.shell:Creating environment hook '/home/predator/ros2_ws/install/robot_1/share/robot_1/hook/ament_prefix_path.sh'
[2.460s] INFO:colcon.colcon_core.shell:Skip shell extension 'powershell' for command environment: Not usable outside of PowerShell
[2.460s] DEBUG:colcon.colcon_core.shell:Skip shell extension 'dsv' for command environment
[2.785s] INFO:colcon.colcon_core.task.python.build:Building Python package in '/home/predator/ros2_ws/src/robot_1'
[2.797s] INFO:colcon.colcon_core.shell:Skip shell extension 'powershell' for command environment: Not usable outside of PowerShell
[2.797s] DEBUG:colcon.colcon_core.shell:Skip shell extension 'dsv' for command environment
[2.838s] DEBUG:colcon.colcon_core.event_handler.log_command:Invoked command in '/home/predator/ros2_ws/src/my_robot' returned '0': PYTHONPATH=/home/predator/ros2_ws/build/my_robot/prefix_override:/home/predator/ros2_ws/install/my_robot/lib/python3.10/site-packages:${PYTHONPATH} /usr/bin/python3 setup.py egg_info --egg-base ../../build/my_robot build --build-base /home/predator/ros2_ws/build/my_robot/build install --record /home/predator/ros2_ws/build/my_robot/install.log --single-version-externally-managed
[2.852s] Level 1:colcon.colcon_core.environment:checking '/home/predator/ros2_ws/install/my_robot' for CMake module files
[2.852s] Level 1:colcon.colcon_core.environment:checking '/home/predator/ros2_ws/install/my_robot' for CMake config files
[2.853s] Level 1:colcon.colcon_core.environment:checking '/home/predator/ros2_ws/install/my_robot/lib'
[2.853s] Level 1:colcon.colcon_core.environment:checking '/home/predator/ros2_ws/install/my_robot/bin'
[2.853s] Level 1:colcon.colcon_core.environment:checking '/home/predator/ros2_ws/install/my_robot/lib/pkgconfig/my_robot.pc'
[2.853s] Level 1:colcon.colcon_core.environment:checking '/home/predator/ros2_ws/install/my_robot/lib/python3.10/site-packages'
[2.853s] Level 1:colcon.colcon_core.shell:create_environment_hook('my_robot', 'pythonpath')
[2.865s] INFO:colcon.colcon_core.shell:Creating environment hook '/home/predator/ros2_ws/install/my_robot/share/my_robot/hook/pythonpath.ps1'
[2.866s] INFO:colcon.colcon_core.shell:Creating environment descriptor '/home/predator/ros2_ws/install/my_robot/share/my_robot/hook/pythonpath.dsv'
[2.866s] INFO:colcon.colcon_core.shell:Creating environment hook '/home/predator/ros2_ws/install/my_robot/share/my_robot/hook/pythonpath.sh'
[2.867s] Level 1:colcon.colcon_core.environment:checking '/home/predator/ros2_ws/install/my_robot/bin'
[2.867s] Level 1:colcon.colcon_core.environment:create_environment_scripts_only(my_robot)
[2.878s] INFO:colcon.colcon_core.shell:Creating package script '/home/predator/ros2_ws/install/my_robot/share/my_robot/package.ps1'
[2.879s] INFO:colcon.colcon_core.shell:Creating package descriptor '/home/predator/ros2_ws/install/my_robot/share/my_robot/package.dsv'
[2.879s] INFO:colcon.colcon_core.shell:Creating package script '/home/predator/ros2_ws/install/my_robot/share/my_robot/package.sh'
[2.880s] INFO:colcon.colcon_core.shell:Creating package script '/home/predator/ros2_ws/install/my_robot/share/my_robot/package.bash'
[2.880s] INFO:colcon.colcon_core.shell:Creating package script '/home/predator/ros2_ws/install/my_robot/share/my_robot/package.zsh'
[2.880s] Level 1:colcon.colcon_core.environment:create_file_with_runtime_dependencies(/home/predator/ros2_ws/install/my_robot/share/colcon-core/packages/my_robot)
[3.191s] DEBUG:colcon.colcon_core.event_handler.log_command:Invoking command in '/home/predator/ros2_ws/src/robot_1': PYTHONPATH=/home/predator/ros2_ws/build/robot_1/prefix_override:/home/predator/ros2_ws/install/robot_1/lib/python3.10/site-packages:/home/predator/ros2_ws/install/myrobot_interfaces/lib/python3.10/site-packages:/home/predator/ros2_ws/install/robot_1/lib/python3.10/site-packages:/home/predator/ros2_ws/build/my_robot:/home/predator/ros2_ws/install/my_robot/lib/python3.10/site-packages:/opt/ros/iron/lib/python3.10/site-packages /usr/bin/python3 setup.py egg_info --egg-base ../../build/robot_1 build --build-base /home/predator/ros2_ws/build/robot_1/build install --record /home/predator/ros2_ws/build/robot_1/install.log --single-version-externally-managed
[3.472s] DEBUG:colcon.colcon_core.event_handler.log_command:Invoked command in '/home/predator/ros2_ws/src/robot_1' returned '0': PYTHONPATH=/home/predator/ros2_ws/build/robot_1/prefix_override:/home/predator/ros2_ws/install/robot_1/lib/python3.10/site-packages:/home/predator/ros2_ws/install/myrobot_interfaces/lib/python3.10/site-packages:/home/predator/ros2_ws/install/robot_1/lib/python3.10/site-packages:/home/predator/ros2_ws/build/my_robot:/home/predator/ros2_ws/install/my_robot/lib/python3.10/site-packages:/opt/ros/iron/lib/python3.10/site-packages /usr/bin/python3 setup.py egg_info --egg-base ../../build/robot_1 build --build-base /home/predator/ros2_ws/build/robot_1/build install --record /home/predator/ros2_ws/build/robot_1/install.log --single-version-externally-managed
[3.484s] Level 1:colcon.colcon_core.environment:checking '/home/predator/ros2_ws/install/robot_1' for CMake module files
[3.485s] Level 1:colcon.colcon_core.environment:checking '/home/predator/ros2_ws/install/robot_1' for CMake config files
[3.485s] Level 1:colcon.colcon_core.environment:checking '/home/predator/ros2_ws/install/robot_1/lib'
[3.485s] Level 1:colcon.colcon_core.environment:checking '/home/predator/ros2_ws/install/robot_1/bin'
[3.485s] Level 1:colcon.colcon_core.environment:checking '/home/predator/ros2_ws/install/robot_1/lib/pkgconfig/robot_1.pc'
[3.485s] Level 1:colcon.colcon_core.environment:checking '/home/predator/ros2_ws/install/robot_1/lib/python3.10/site-packages'
[3.485s] Level 1:colcon.colcon_core.shell:create_environment_hook('robot_1', 'pythonpath')
[3.496s] INFO:colcon.colcon_core.shell:Creating environment hook '/home/predator/ros2_ws/install/robot_1/share/robot_1/hook/pythonpath.ps1'
[3.497s] INFO:colcon.colcon_core.shell:Creating environment descriptor '/home/predator/ros2_ws/install/robot_1/share/robot_1/hook/pythonpath.dsv'
[3.497s] INFO:colcon.colcon_core.shell:Creating environment hook '/home/predator/ros2_ws/install/robot_1/share/robot_1/hook/pythonpath.sh'
[3.498s] Level 1:colcon.colcon_core.environment:checking '/home/predator/ros2_ws/install/robot_1/bin'
[3.498s] Level 1:colcon.colcon_core.environment:create_environment_scripts_only(robot_1)
[3.510s] INFO:colcon.colcon_core.shell:Creating package script '/home/predator/ros2_ws/install/robot_1/share/robot_1/package.ps1'
[3.510s] INFO:colcon.colcon_core.shell:Creating package descriptor '/home/predator/ros2_ws/install/robot_1/share/robot_1/package.dsv'
[3.511s] INFO:colcon.colcon_core.shell:Creating package script '/home/predator/ros2_ws/install/robot_1/share/robot_1/package.sh'
[3.511s] INFO:colcon.colcon_core.shell:Creating package script '/home/predator/ros2_ws/install/robot_1/share/robot_1/package.bash'
[3.511s] INFO:colcon.colcon_core.shell:Creating package script '/home/predator/ros2_ws/install/robot_1/share/robot_1/package.zsh'
[3.512s] Level 1:colcon.colcon_core.environment:create_file_with_runtime_dependencies(/home/predator/ros2_ws/install/robot_1/share/colcon-core/packages/robot_1)
[3.512s] DEBUG:colcon.colcon_parallel_executor.executor.parallel:closing loop
[3.513s] DEBUG:colcon.colcon_parallel_executor.executor.parallel:loop closed
[3.513s] DEBUG:colcon.colcon_parallel_executor.executor.parallel:run_until_complete finished with '0'
[3.513s] DEBUG:colcon.colcon_core.event_reactor:joining thread
[3.530s] INFO:colcon.colcon_core.plugin_system:Skipping extension 'colcon_notification.desktop_notification.terminal_notifier': Not used on non-Darwin systems
[3.530s] INFO:colcon.colcon_core.plugin_system:Skipping extension 'colcon_notification.desktop_notification.win32': Not used on non-Windows systems
[3.530s] INFO:colcon.colcon_notification.desktop_notification:Sending desktop notification using 'notify2'
[3.546s] DEBUG:colcon.colcon_core.event_reactor:joined thread
[3.567s] INFO:colcon.colcon_core.shell:Creating prefix script '/home/predator/ros2_ws/install/local_setup.ps1'
[3.569s] INFO:colcon.colcon_core.shell:Creating prefix util module '/home/predator/ros2_ws/install/_local_setup_util_ps1.py'
[3.570s] INFO:colcon.colcon_core.shell:Creating prefix chain script '/home/predator/ros2_ws/install/setup.ps1'
[3.584s] INFO:colcon.colcon_core.shell:Creating prefix script '/home/predator/ros2_ws/install/local_setup.sh'
[3.585s] INFO:colcon.colcon_core.shell:Creating prefix util module '/home/predator/ros2_ws/install/_local_setup_util_sh.py'
[3.585s] INFO:colcon.colcon_core.shell:Creating prefix chain script '/home/predator/ros2_ws/install/setup.sh'
[3.598s] INFO:colcon.colcon_core.shell:Creating prefix script '/home/predator/ros2_ws/install/local_setup.bash'
[3.599s] INFO:colcon.colcon_core.shell:Creating prefix chain script '/home/predator/ros2_ws/install/setup.bash'
[3.613s] INFO:colcon.colcon_core.shell:Creating prefix script '/home/predator/ros2_ws/install/local_setup.zsh'
[3.613s] INFO:colcon.colcon_core.shell:Creating prefix chain script '/home/predator/ros2_ws/install/setup.zsh'
