[0.125s] Invoking command in '/home/supakorn/ros2_ws/build/myrobot_interfaces': CMAKE_PREFIX_PATH=${CMAKE_PREFIX_PATH}:/home/supakorn/ros2_ws/install/robot_1:/home/supakorn/ros2_ws/install/my_robot:/opt/ros/iron /usr/bin/cmake --build /home/supakorn/ros2_ws/build/myrobot_interfaces -- -j4 -l4
[0.802s] -- Found ament_lint_auto: 0.14.2 (/opt/ros/iron/share/ament_lint_auto/cmake)
[1.244s] -- Found ament_cmake: 2.0.3 (/opt/ros/iron/share/ament_cmake/cmake)
[1.330s] -- Found rosidl_default_generators: 1.5.0 (/opt/ros/iron/share/rosidl_default_generators/cmake)
[1.362s] -- Using all available rosidl_typesupport_c: rosidl_typesupport_fastrtps_c;rosidl_typesupport_introspection_c
[1.533s] -- Using all available rosidl_typesupport_cpp: rosidl_typesupport_fastrtps_cpp;rosidl_typesupport_introspection_cpp
[1.633s] -- Found rosidl_adapter: 4.0.1 (/opt/ros/iron/share/rosidl_adapter/cmake)
[2.221s] -- Found ament_cmake_ros: 0.11.2 (/opt/ros/iron/share/ament_cmake_ros/cmake)
[2.467s] -- Using all available rosidl_typesupport_c: rosidl_typesupport_fastrtps_c;rosidl_typesupport_introspection_c
[2.749s] -- Using all available rosidl_typesupport_cpp: rosidl_typesupport_fastrtps_cpp;rosidl_typesupport_introspection_cpp
[2.790s] -- Found python_cmake_module: 0.10.2 (/opt/ros/iron/share/python_cmake_module/cmake)
[2.861s] -- Using PYTHON_EXECUTABLE: /usr/bin/python3
[2.861s] -- Using PYTHON_INCLUDE_DIRS: /usr/include/python3.10
[2.861s] -- Using PYTHON_LIBRARIES: /usr/lib/x86_64-linux-gnu/libpython3.10.so
[2.971s] -- Added test 'lint_cmake' to check CMake code style
[2.975s] -- Added test 'xmllint' to check XML markup files
[3.053s] -- Configuring done
[3.280s] -- Generating done
[3.288s] -- Build files have been written to: /home/supakorn/ros2_ws/build/myrobot_interfaces
[3.356s] [  2%] [34m[1mGenerating type hashes for ROS interfaces[0m
[3.387s] [  2%] Built target ament_cmake_python_copy_myrobot_interfaces
[3.582s] [  2%] Built target myrobot_interfaces__rosidl_generator_type_description
[3.595s] [  5%] [34m[1mGenerating C code for ROS interfaces[0m
[3.608s] [  8%] [34m[1mGenerating C++ code for ROS interfaces[0m
[3.719s] running egg_info
[3.720s] writing myrobot_interfaces.egg-info/PKG-INFO
[3.720s] writing dependency_links to myrobot_interfaces.egg-info/dependency_links.txt
[3.721s] writing top-level names to myrobot_interfaces.egg-info/top_level.txt
[3.739s] reading manifest file 'myrobot_interfaces.egg-info/SOURCES.txt'
[3.741s] writing manifest file 'myrobot_interfaces.egg-info/SOURCES.txt'
[3.772s] [  8%] Built target ament_cmake_python_build_myrobot_interfaces_egg
[3.915s] [  8%] Built target myrobot_interfaces__cpp
[3.963s] [35m[1mConsolidate compiler generated dependencies of target myrobot_interfaces__rosidl_generator_c[0m
[4.016s] [ 14%] [32mBuilding C object CMakeFiles/myrobot_interfaces__rosidl_generator_c.dir/rosidl_generator_c/myrobot_interfaces/msg/detail/h_wstatus__description.c.o[0m
[4.017s] [ 14%] [32mBuilding C object CMakeFiles/myrobot_interfaces__rosidl_generator_c.dir/rosidl_generator_c/myrobot_interfaces/msg/detail/h_wstatus__functions.c.o[0m
[4.017s] [ 17%] [32mBuilding C object CMakeFiles/myrobot_interfaces__rosidl_generator_c.dir/rosidl_generator_c/myrobot_interfaces/msg/detail/h_wstatus__type_support.c.o[0m
[4.557s] [ 20%] [32m[1mLinking C shared library libmyrobot_interfaces__rosidl_generator_c.so[0m
[4.717s] [ 20%] Built target myrobot_interfaces__rosidl_generator_c
[4.729s] [ 29%] [34m[1mGenerating C++ introspection for ROS interfaces[0m
[4.729s] [ 29%] [34m[1mGenerating C++ type support for eProsima Fast-RTPS[0m
[4.729s] [ 29%] [34m[1mGenerating C++ type support dispatch for ROS interfaces[0m
[4.729s] [ 32%] [34m[1mGenerating C type support for eProsima Fast-RTPS[0m
[4.987s] [35m[1mConsolidate compiler generated dependencies of target myrobot_interfaces__rosidl_typesupport_cpp[0m
[5.054s] [35m[1mConsolidate compiler generated dependencies of target myrobot_interfaces__rosidl_typesupport_introspection_cpp[0m
[5.078s] [35m[1mConsolidate compiler generated dependencies of target myrobot_interfaces__rosidl_typesupport_fastrtps_c[0m
[5.089s] [35m[1mConsolidate compiler generated dependencies of target myrobot_interfaces__rosidl_typesupport_fastrtps_cpp[0m
[5.106s] [ 35%] [32mBuilding CXX object CMakeFiles/myrobot_interfaces__rosidl_typesupport_cpp.dir/rosidl_typesupport_cpp/myrobot_interfaces/msg/h_wstatus__type_support.cpp.o[0m
[5.108s] [ 38%] [32mBuilding CXX object CMakeFiles/myrobot_interfaces__rosidl_typesupport_introspection_cpp.dir/rosidl_typesupport_introspection_cpp/myrobot_interfaces/msg/detail/h_wstatus__type_support.cpp.o[0m
[5.109s] [ 41%] [32mBuilding CXX object CMakeFiles/myrobot_interfaces__rosidl_typesupport_fastrtps_cpp.dir/rosidl_typesupport_fastrtps_cpp/myrobot_interfaces/msg/detail/dds_fastrtps/h_wstatus__type_support.cpp.o[0m
[5.110s] [ 44%] [32mBuilding CXX object CMakeFiles/myrobot_interfaces__rosidl_typesupport_fastrtps_c.dir/rosidl_typesupport_fastrtps_c/myrobot_interfaces/msg/detail/h_wstatus__type_support_c.cpp.o[0m
[6.652s] [ 47%] [32m[1mLinking CXX shared library libmyrobot_interfaces__rosidl_typesupport_fastrtps_c.so[0m
[6.678s] [ 50%] [32m[1mLinking CXX shared library libmyrobot_interfaces__rosidl_typesupport_cpp.so[0m
[6.685s] [ 52%] [32m[1mLinking CXX shared library libmyrobot_interfaces__rosidl_typesupport_introspection_cpp.so[0m
[6.758s] [ 52%] Built target myrobot_interfaces__rosidl_typesupport_cpp
[6.780s] [ 55%] [34m[1mGenerating C introspection for ROS interfaces[0m
[6.793s] [ 55%] Built target myrobot_interfaces__rosidl_typesupport_introspection_cpp
[6.808s] [ 58%] [34m[1mGenerating C type support dispatch for ROS interfaces[0m
[6.825s] [ 61%] [32m[1mLinking CXX shared library libmyrobot_interfaces__rosidl_typesupport_fastrtps_cpp.so[0m
[6.844s] [ 61%] Built target myrobot_interfaces__rosidl_typesupport_fastrtps_c
[6.949s] [ 61%] Built target myrobot_interfaces__rosidl_typesupport_fastrtps_cpp
[7.092s] [35m[1mConsolidate compiler generated dependencies of target myrobot_interfaces__rosidl_typesupport_c[0m
[7.099s] [35m[1mConsolidate compiler generated dependencies of target myrobot_interfaces__rosidl_typesupport_introspection_c[0m
[7.107s] [ 64%] [32mBuilding CXX object CMakeFiles/myrobot_interfaces__rosidl_typesupport_c.dir/rosidl_typesupport_c/myrobot_interfaces/msg/h_wstatus__type_support.cpp.o[0m
[7.114s] [ 67%] [32mBuilding C object CMakeFiles/myrobot_interfaces__rosidl_typesupport_introspection_c.dir/rosidl_typesupport_introspection_c/myrobot_interfaces/msg/detail/h_wstatus__type_support.c.o[0m
[7.163s] [ 70%] [32m[1mLinking C shared library libmyrobot_interfaces__rosidl_typesupport_introspection_c.so[0m
[7.167s] [ 73%] [32m[1mLinking CXX shared library libmyrobot_interfaces__rosidl_typesupport_c.so[0m
[7.203s] [ 73%] Built target myrobot_interfaces__rosidl_typesupport_introspection_c
[7.219s] [ 73%] Built target myrobot_interfaces__rosidl_typesupport_c
[7.251s] [ 73%] Built target myrobot_interfaces
[7.277s] [ 76%] [34m[1mGenerating Python code for ROS interfaces[0m
[7.583s] [ 76%] Built target myrobot_interfaces__py
[7.630s] [35m[1mConsolidate compiler generated dependencies of target myrobot_interfaces__rosidl_generator_py[0m
[7.721s] [ 79%] [32mBuilding C object CMakeFiles/myrobot_interfaces__rosidl_generator_py.dir/rosidl_generator_py/myrobot_interfaces/msg/_h_wstatus_s.c.o[0m
[8.168s] [ 82%] [32m[1mLinking C shared library rosidl_generator_py/myrobot_interfaces/libmyrobot_interfaces__rosidl_generator_py.so[0m
[8.215s] [ 82%] Built target myrobot_interfaces__rosidl_generator_py
[8.247s] [35m[1mConsolidate compiler generated dependencies of target myrobot_interfaces__rosidl_typesupport_c__pyext[0m
[8.247s] [35m[1mConsolidate compiler generated dependencies of target myrobot_interfaces__rosidl_typesupport_fastrtps_c__pyext[0m
[8.247s] [35m[1mConsolidate compiler generated dependencies of target myrobot_interfaces__rosidl_typesupport_introspection_c__pyext[0m
[8.265s] [ 91%] [32mBuilding C object CMakeFiles/myrobot_interfaces__rosidl_typesupport_fastrtps_c__pyext.dir/rosidl_generator_py/myrobot_interfaces/_myrobot_interfaces_s.ep.rosidl_typesupport_fastrtps_c.c.o[0m
[8.265s] [ 91%] [32mBuilding C object CMakeFiles/myrobot_interfaces__rosidl_typesupport_c__pyext.dir/rosidl_generator_py/myrobot_interfaces/_myrobot_interfaces_s.ep.rosidl_typesupport_c.c.o[0m
[8.265s] [ 91%] [32mBuilding C object CMakeFiles/myrobot_interfaces__rosidl_typesupport_introspection_c__pyext.dir/rosidl_generator_py/myrobot_interfaces/_myrobot_interfaces_s.ep.rosidl_typesupport_introspection_c.c.o[0m
[8.378s] [ 97%] [32m[1mLinking C shared library rosidl_generator_py/myrobot_interfaces/myrobot_interfaces_s__rosidl_typesupport_c.cpython-310-x86_64-linux-gnu.so[0m
[8.378s] [ 97%] [32m[1mLinking C shared library rosidl_generator_py/myrobot_interfaces/myrobot_interfaces_s__rosidl_typesupport_introspection_c.cpython-310-x86_64-linux-gnu.so[0m
[8.385s] [100%] [32m[1mLinking C shared library rosidl_generator_py/myrobot_interfaces/myrobot_interfaces_s__rosidl_typesupport_fastrtps_c.cpython-310-x86_64-linux-gnu.so[0m
[8.420s] [100%] Built target myrobot_interfaces__rosidl_typesupport_c__pyext
[8.420s] [100%] Built target myrobot_interfaces__rosidl_typesupport_introspection_c__pyext
[8.430s] [100%] Built target myrobot_interfaces__rosidl_typesupport_fastrtps_c__pyext
[8.446s] Invoked command in '/home/supakorn/ros2_ws/build/myrobot_interfaces' returned '0': CMAKE_PREFIX_PATH=${CMAKE_PREFIX_PATH}:/home/supakorn/ros2_ws/install/robot_1:/home/supakorn/ros2_ws/install/my_robot:/opt/ros/iron /usr/bin/cmake --build /home/supakorn/ros2_ws/build/myrobot_interfaces -- -j4 -l4
[8.552s] Invoking command in '/home/supakorn/ros2_ws/build/myrobot_interfaces': CMAKE_PREFIX_PATH=${CMAKE_PREFIX_PATH}:/home/supakorn/ros2_ws/install/robot_1:/home/supakorn/ros2_ws/install/my_robot:/opt/ros/iron /usr/bin/cmake --install /home/supakorn/ros2_ws/build/myrobot_interfaces
[8.564s] -- Install configuration: ""
[8.576s] -- Up-to-date: /home/supakorn/ros2_ws/install/myrobot_interfaces/share/ament_index/resource_index/rosidl_interfaces/myrobot_interfaces
[8.577s] -- Installing: /home/supakorn/ros2_ws/install/myrobot_interfaces/share/myrobot_interfaces/msg/HWstatus.json
[8.579s] -- Up-to-date: /home/supakorn/ros2_ws/install/myrobot_interfaces/include/myrobot_interfaces/myrobot_interfaces
[8.579s] -- Up-to-date: /home/supakorn/ros2_ws/install/myrobot_interfaces/include/myrobot_interfaces/myrobot_interfaces/msg
[8.579s] -- Up-to-date: /home/supakorn/ros2_ws/install/myrobot_interfaces/include/myrobot_interfaces/myrobot_interfaces/msg/detail
[8.584s] -- Installing: /home/supakorn/ros2_ws/install/myrobot_interfaces/include/myrobot_interfaces/myrobot_interfaces/msg/detail/h_wstatus__functions.h
[8.584s] -- Installing: /home/supakorn/ros2_ws/install/myrobot_interfaces/include/myrobot_interfaces/myrobot_interfaces/msg/detail/h_wstatus__struct.h
[8.584s] -- Installing: /home/supakorn/ros2_ws/install/myrobot_interfaces/include/myrobot_interfaces/myrobot_interfaces/msg/detail/h_wstatus__type_support.h
[8.584s] -- Installing: /home/supakorn/ros2_ws/install/myrobot_interfaces/include/myrobot_interfaces/myrobot_interfaces/msg/detail/h_wstatus__functions.c
[8.585s] -- Installing: /home/supakorn/ros2_ws/install/myrobot_interfaces/include/myrobot_interfaces/myrobot_interfaces/msg/detail/h_wstatus__type_support.c
[8.585s] -- Installing: /home/supakorn/ros2_ws/install/myrobot_interfaces/include/myrobot_interfaces/myrobot_interfaces/msg/detail/h_wstatus__description.c
[8.585s] -- Up-to-date: /home/supakorn/ros2_ws/install/myrobot_interfaces/include/myrobot_interfaces/myrobot_interfaces/msg/rosidl_generator_c__visibility_control.h
[8.585s] -- Installing: /home/supakorn/ros2_ws/install/myrobot_interfaces/include/myrobot_interfaces/myrobot_interfaces/msg/h_wstatus.h
[8.585s] -- Up-to-date: /home/supakorn/ros2_ws/install/myrobot_interfaces/share/myrobot_interfaces/environment/library_path.sh
[8.585s] -- Up-to-date: /home/supakorn/ros2_ws/install/myrobot_interfaces/share/myrobot_interfaces/environment/library_path.dsv
[8.588s] -- Installing: /home/supakorn/ros2_ws/install/myrobot_interfaces/lib/libmyrobot_interfaces__rosidl_generator_c.so
[8.589s] -- Set runtime path of "/home/supakorn/ros2_ws/install/myrobot_interfaces/lib/libmyrobot_interfaces__rosidl_generator_c.so" to ""
[8.589s] -- Up-to-date: /home/supakorn/ros2_ws/install/myrobot_interfaces/include/myrobot_interfaces/myrobot_interfaces
[8.589s] -- Up-to-date: /home/supakorn/ros2_ws/install/myrobot_interfaces/include/myrobot_interfaces/myrobot_interfaces/msg
[8.589s] -- Up-to-date: /home/supakorn/ros2_ws/install/myrobot_interfaces/include/myrobot_interfaces/myrobot_interfaces/msg/detail
[8.589s] -- Installing: /home/supakorn/ros2_ws/install/myrobot_interfaces/include/myrobot_interfaces/myrobot_interfaces/msg/detail/h_wstatus__rosidl_typesupport_fastrtps_c.h
[8.589s] -- Up-to-date: /home/supakorn/ros2_ws/install/myrobot_interfaces/include/myrobot_interfaces/myrobot_interfaces/msg/rosidl_typesupport_fastrtps_c__visibility_control.h
[8.594s] -- Installing: /home/supakorn/ros2_ws/install/myrobot_interfaces/lib/libmyrobot_interfaces__rosidl_typesupport_fastrtps_c.so
[8.595s] -- Set runtime path of "/home/supakorn/ros2_ws/install/myrobot_interfaces/lib/libmyrobot_interfaces__rosidl_typesupport_fastrtps_c.so" to ""
[8.595s] -- Up-to-date: /home/supakorn/ros2_ws/install/myrobot_interfaces/include/myrobot_interfaces/myrobot_interfaces
[8.595s] -- Up-to-date: /home/supakorn/ros2_ws/install/myrobot_interfaces/include/myrobot_interfaces/myrobot_interfaces/msg
[8.595s] -- Up-to-date: /home/supakorn/ros2_ws/install/myrobot_interfaces/include/myrobot_interfaces/myrobot_interfaces/msg/detail
[8.596s] -- Installing: /home/supakorn/ros2_ws/install/myrobot_interfaces/include/myrobot_interfaces/myrobot_interfaces/msg/detail/h_wstatus__rosidl_typesupport_introspection_c.h
[8.596s] -- Installing: /home/supakorn/ros2_ws/install/myrobot_interfaces/include/myrobot_interfaces/myrobot_interfaces/msg/detail/h_wstatus__type_support.c
[8.596s] -- Up-to-date: /home/supakorn/ros2_ws/install/myrobot_interfaces/include/myrobot_interfaces/myrobot_interfaces/msg/rosidl_typesupport_introspection_c__visibility_control.h
[8.608s] -- Installing: /home/supakorn/ros2_ws/install/myrobot_interfaces/lib/libmyrobot_interfaces__rosidl_typesupport_introspection_c.so
[8.609s] -- Set runtime path of "/home/supakorn/ros2_ws/install/myrobot_interfaces/lib/libmyrobot_interfaces__rosidl_typesupport_introspection_c.so" to ""
[8.610s] -- Installing: /home/supakorn/ros2_ws/install/myrobot_interfaces/lib/libmyrobot_interfaces__rosidl_typesupport_c.so
[8.611s] -- Set runtime path of "/home/supakorn/ros2_ws/install/myrobot_interfaces/lib/libmyrobot_interfaces__rosidl_typesupport_c.so" to ""
[8.611s] -- Up-to-date: /home/supakorn/ros2_ws/install/myrobot_interfaces/include/myrobot_interfaces/myrobot_interfaces
[8.611s] -- Up-to-date: /home/supakorn/ros2_ws/install/myrobot_interfaces/include/myrobot_interfaces/myrobot_interfaces/msg
[8.611s] -- Up-to-date: /home/supakorn/ros2_ws/install/myrobot_interfaces/include/myrobot_interfaces/myrobot_interfaces/msg/detail
[8.611s] -- Installing: /home/supakorn/ros2_ws/install/myrobot_interfaces/include/myrobot_interfaces/myrobot_interfaces/msg/detail/h_wstatus__builder.hpp
[8.611s] -- Installing: /home/supakorn/ros2_ws/install/myrobot_interfaces/include/myrobot_interfaces/myrobot_interfaces/msg/detail/h_wstatus__struct.hpp
[8.612s] -- Installing: /home/supakorn/ros2_ws/install/myrobot_interfaces/include/myrobot_interfaces/myrobot_interfaces/msg/detail/h_wstatus__traits.hpp
[8.612s] -- Installing: /home/supakorn/ros2_ws/install/myrobot_interfaces/include/myrobot_interfaces/myrobot_interfaces/msg/h_wstatus.hpp
[8.612s] -- Up-to-date: /home/supakorn/ros2_ws/install/myrobot_interfaces/include/myrobot_interfaces/myrobot_interfaces
[8.612s] -- Up-to-date: /home/supakorn/ros2_ws/install/myrobot_interfaces/include/myrobot_interfaces/myrobot_interfaces/msg
[8.612s] -- Up-to-date: /home/supakorn/ros2_ws/install/myrobot_interfaces/include/myrobot_interfaces/myrobot_interfaces/msg/detail
[8.612s] -- Up-to-date: /home/supakorn/ros2_ws/install/myrobot_interfaces/include/myrobot_interfaces/myrobot_interfaces/msg/detail/dds_fastrtps
[8.612s] -- Installing: /home/supakorn/ros2_ws/install/myrobot_interfaces/include/myrobot_interfaces/myrobot_interfaces/msg/detail/h_wstatus__rosidl_typesupport_fastrtps_cpp.hpp
[8.612s] -- Up-to-date: /home/supakorn/ros2_ws/install/myrobot_interfaces/include/myrobot_interfaces/myrobot_interfaces/msg/rosidl_typesupport_fastrtps_cpp__visibility_control.h
[8.614s] -- Installing: /home/supakorn/ros2_ws/install/myrobot_interfaces/lib/libmyrobot_interfaces__rosidl_typesupport_fastrtps_cpp.so
[8.615s] -- Set runtime path of "/home/supakorn/ros2_ws/install/myrobot_interfaces/lib/libmyrobot_interfaces__rosidl_typesupport_fastrtps_cpp.so" to ""
[8.615s] -- Up-to-date: /home/supakorn/ros2_ws/install/myrobot_interfaces/include/myrobot_interfaces/myrobot_interfaces
[8.615s] -- Up-to-date: /home/supakorn/ros2_ws/install/myrobot_interfaces/include/myrobot_interfaces/myrobot_interfaces/msg
[8.615s] -- Up-to-date: /home/supakorn/ros2_ws/install/myrobot_interfaces/include/myrobot_interfaces/myrobot_interfaces/msg/detail
[8.615s] -- Installing: /home/supakorn/ros2_ws/install/myrobot_interfaces/include/myrobot_interfaces/myrobot_interfaces/msg/detail/h_wstatus__type_support.cpp
[8.615s] -- Installing: /home/supakorn/ros2_ws/install/myrobot_interfaces/include/myrobot_interfaces/myrobot_interfaces/msg/detail/h_wstatus__rosidl_typesupport_introspection_cpp.hpp
[8.617s] -- Installing: /home/supakorn/ros2_ws/install/myrobot_interfaces/lib/libmyrobot_interfaces__rosidl_typesupport_introspection_cpp.so
[8.617s] -- Set runtime path of "/home/supakorn/ros2_ws/install/myrobot_interfaces/lib/libmyrobot_interfaces__rosidl_typesupport_introspection_cpp.so" to ""
[8.619s] -- Installing: /home/supakorn/ros2_ws/install/myrobot_interfaces/lib/libmyrobot_interfaces__rosidl_typesupport_cpp.so
[8.619s] -- Set runtime path of "/home/supakorn/ros2_ws/install/myrobot_interfaces/lib/libmyrobot_interfaces__rosidl_typesupport_cpp.so" to ""
[8.620s] -- Up-to-date: /home/supakorn/ros2_ws/install/myrobot_interfaces/share/myrobot_interfaces/environment/pythonpath.sh
[8.620s] -- Up-to-date: /home/supakorn/ros2_ws/install/myrobot_interfaces/share/myrobot_interfaces/environment/pythonpath.dsv
[8.620s] -- Up-to-date: /home/supakorn/ros2_ws/install/myrobot_interfaces/lib/python3.10/site-packages/myrobot_interfaces-0.0.0-py3.10.egg-info
[8.620s] -- Installing: /home/supakorn/ros2_ws/install/myrobot_interfaces/lib/python3.10/site-packages/myrobot_interfaces-0.0.0-py3.10.egg-info/top_level.txt
[8.620s] -- Installing: /home/supakorn/ros2_ws/install/myrobot_interfaces/lib/python3.10/site-packages/myrobot_interfaces-0.0.0-py3.10.egg-info/dependency_links.txt
[8.620s] -- Installing: /home/supakorn/ros2_ws/install/myrobot_interfaces/lib/python3.10/site-packages/myrobot_interfaces-0.0.0-py3.10.egg-info/SOURCES.txt
[8.620s] -- Installing: /home/supakorn/ros2_ws/install/myrobot_interfaces/lib/python3.10/site-packages/myrobot_interfaces-0.0.0-py3.10.egg-info/PKG-INFO
[8.621s] -- Up-to-date: /home/supakorn/ros2_ws/install/myrobot_interfaces/lib/python3.10/site-packages/myrobot_interfaces
[8.621s] -- Installing: /home/supakorn/ros2_ws/install/myrobot_interfaces/lib/python3.10/site-packages/myrobot_interfaces/libmyrobot_interfaces__rosidl_generator_py.so
[8.622s] -- Installing: /home/supakorn/ros2_ws/install/myrobot_interfaces/lib/python3.10/site-packages/myrobot_interfaces/myrobot_interfaces_s__rosidl_typesupport_c.cpython-310-x86_64-linux-gnu.so
[8.622s] -- Installing: /home/supakorn/ros2_ws/install/myrobot_interfaces/lib/python3.10/site-packages/myrobot_interfaces/_myrobot_interfaces_s.ep.rosidl_typesupport_fastrtps_c.c
[8.622s] -- Installing: /home/supakorn/ros2_ws/install/myrobot_interfaces/lib/python3.10/site-packages/myrobot_interfaces/_myrobot_interfaces_s.ep.rosidl_typesupport_introspection_c.c
[8.622s] -- Installing: /home/supakorn/ros2_ws/install/myrobot_interfaces/lib/python3.10/site-packages/myrobot_interfaces/_myrobot_interfaces_s.ep.rosidl_typesupport_c.c
[8.623s] -- Up-to-date: /home/supakorn/ros2_ws/install/myrobot_interfaces/lib/python3.10/site-packages/myrobot_interfaces/msg
[8.623s] -- Installing: /home/supakorn/ros2_ws/install/myrobot_interfaces/lib/python3.10/site-packages/myrobot_interfaces/msg/_h_wstatus_s.c
[8.623s] -- Installing: /home/supakorn/ros2_ws/install/myrobot_interfaces/lib/python3.10/site-packages/myrobot_interfaces/msg/__init__.py
[8.624s] -- Installing: /home/supakorn/ros2_ws/install/myrobot_interfaces/lib/python3.10/site-packages/myrobot_interfaces/msg/_h_wstatus.py
[8.624s] -- Installing: /home/supakorn/ros2_ws/install/myrobot_interfaces/lib/python3.10/site-packages/myrobot_interfaces/myrobot_interfaces_s__rosidl_typesupport_introspection_c.cpython-310-x86_64-linux-gnu.so
[8.624s] -- Installing: /home/supakorn/ros2_ws/install/myrobot_interfaces/lib/python3.10/site-packages/myrobot_interfaces/myrobot_interfaces_s__rosidl_typesupport_fastrtps_c.cpython-310-x86_64-linux-gnu.so
[8.624s] -- Installing: /home/supakorn/ros2_ws/install/myrobot_interfaces/lib/python3.10/site-packages/myrobot_interfaces/__init__.py
[8.678s] Listing '/home/supakorn/ros2_ws/install/myrobot_interfaces/lib/python3.10/site-packages/myrobot_interfaces'...
[8.678s] Compiling '/home/supakorn/ros2_ws/install/myrobot_interfaces/lib/python3.10/site-packages/myrobot_interfaces/__init__.py'...
[8.678s] Listing '/home/supakorn/ros2_ws/install/myrobot_interfaces/lib/python3.10/site-packages/myrobot_interfaces/msg'...
[8.678s] Compiling '/home/supakorn/ros2_ws/install/myrobot_interfaces/lib/python3.10/site-packages/myrobot_interfaces/msg/__init__.py'...
[8.678s] Compiling '/home/supakorn/ros2_ws/install/myrobot_interfaces/lib/python3.10/site-packages/myrobot_interfaces/msg/_h_wstatus.py'...
[8.683s] -- Installing: /home/supakorn/ros2_ws/install/myrobot_interfaces/lib/python3.10/site-packages/myrobot_interfaces/myrobot_interfaces_s__rosidl_typesupport_fastrtps_c.cpython-310-x86_64-linux-gnu.so
[8.684s] -- Set runtime path of "/home/supakorn/ros2_ws/install/myrobot_interfaces/lib/python3.10/site-packages/myrobot_interfaces/myrobot_interfaces_s__rosidl_typesupport_fastrtps_c.cpython-310-x86_64-linux-gnu.so" to ""
[8.684s] -- Installing: /home/supakorn/ros2_ws/install/myrobot_interfaces/lib/python3.10/site-packages/myrobot_interfaces/myrobot_interfaces_s__rosidl_typesupport_introspection_c.cpython-310-x86_64-linux-gnu.so
[8.685s] -- Set runtime path of "/home/supakorn/ros2_ws/install/myrobot_interfaces/lib/python3.10/site-packages/myrobot_interfaces/myrobot_interfaces_s__rosidl_typesupport_introspection_c.cpython-310-x86_64-linux-gnu.so" to ""
[8.685s] -- Installing: /home/supakorn/ros2_ws/install/myrobot_interfaces/lib/python3.10/site-packages/myrobot_interfaces/myrobot_interfaces_s__rosidl_typesupport_c.cpython-310-x86_64-linux-gnu.so
[8.686s] -- Set runtime path of "/home/supakorn/ros2_ws/install/myrobot_interfaces/lib/python3.10/site-packages/myrobot_interfaces/myrobot_interfaces_s__rosidl_typesupport_c.cpython-310-x86_64-linux-gnu.so" to ""
[8.690s] -- Installing: /home/supakorn/ros2_ws/install/myrobot_interfaces/lib/libmyrobot_interfaces__rosidl_generator_py.so
[8.690s] -- Set runtime path of "/home/supakorn/ros2_ws/install/myrobot_interfaces/lib/libmyrobot_interfaces__rosidl_generator_py.so" to ""
[8.691s] -- Installing: /home/supakorn/ros2_ws/install/myrobot_interfaces/share/myrobot_interfaces/msg/HWstatus.idl
[8.691s] -- Installing: /home/supakorn/ros2_ws/install/myrobot_interfaces/share/myrobot_interfaces/msg/HWstatus.msg
[8.691s] -- Up-to-date: /home/supakorn/ros2_ws/install/myrobot_interfaces/share/ament_index/resource_index/package_run_dependencies/myrobot_interfaces
[8.692s] -- Installing: /home/supakorn/ros2_ws/install/myrobot_interfaces/share/ament_index/resource_index/parent_prefix_path/myrobot_interfaces
[8.692s] -- Up-to-date: /home/supakorn/ros2_ws/install/myrobot_interfaces/share/myrobot_interfaces/environment/ament_prefix_path.sh
[8.693s] -- Up-to-date: /home/supakorn/ros2_ws/install/myrobot_interfaces/share/myrobot_interfaces/environment/ament_prefix_path.dsv
[8.693s] -- Up-to-date: /home/supakorn/ros2_ws/install/myrobot_interfaces/share/myrobot_interfaces/environment/path.sh
[8.693s] -- Up-to-date: /home/supakorn/ros2_ws/install/myrobot_interfaces/share/myrobot_interfaces/environment/path.dsv
[8.693s] -- Up-to-date: /home/supakorn/ros2_ws/install/myrobot_interfaces/share/myrobot_interfaces/local_setup.bash
[8.693s] -- Up-to-date: /home/supakorn/ros2_ws/install/myrobot_interfaces/share/myrobot_interfaces/local_setup.sh
[8.693s] -- Up-to-date: /home/supakorn/ros2_ws/install/myrobot_interfaces/share/myrobot_interfaces/local_setup.zsh
[8.694s] -- Up-to-date: /home/supakorn/ros2_ws/install/myrobot_interfaces/share/myrobot_interfaces/local_setup.dsv
[8.694s] -- Installing: /home/supakorn/ros2_ws/install/myrobot_interfaces/share/myrobot_interfaces/package.dsv
[8.694s] -- Up-to-date: /home/supakorn/ros2_ws/install/myrobot_interfaces/share/ament_index/resource_index/packages/myrobot_interfaces
[8.695s] -- Up-to-date: /home/supakorn/ros2_ws/install/myrobot_interfaces/share/myrobot_interfaces/cmake/export_myrobot_interfaces__rosidl_generator_cExport.cmake
[8.695s] -- Up-to-date: /home/supakorn/ros2_ws/install/myrobot_interfaces/share/myrobot_interfaces/cmake/export_myrobot_interfaces__rosidl_generator_cExport-noconfig.cmake
[8.696s] -- Up-to-date: /home/supakorn/ros2_ws/install/myrobot_interfaces/share/myrobot_interfaces/cmake/export_myrobot_interfaces__rosidl_typesupport_fastrtps_cExport.cmake
[8.696s] -- Up-to-date: /home/supakorn/ros2_ws/install/myrobot_interfaces/share/myrobot_interfaces/cmake/export_myrobot_interfaces__rosidl_typesupport_fastrtps_cExport-noconfig.cmake
[8.697s] -- Up-to-date: /home/supakorn/ros2_ws/install/myrobot_interfaces/share/myrobot_interfaces/cmake/myrobot_interfaces__rosidl_typesupport_introspection_cExport.cmake
[8.697s] -- Up-to-date: /home/supakorn/ros2_ws/install/myrobot_interfaces/share/myrobot_interfaces/cmake/myrobot_interfaces__rosidl_typesupport_introspection_cExport-noconfig.cmake
[8.698s] -- Up-to-date: /home/supakorn/ros2_ws/install/myrobot_interfaces/share/myrobot_interfaces/cmake/myrobot_interfaces__rosidl_typesupport_cExport.cmake
[8.698s] -- Up-to-date: /home/supakorn/ros2_ws/install/myrobot_interfaces/share/myrobot_interfaces/cmake/myrobot_interfaces__rosidl_typesupport_cExport-noconfig.cmake
[8.699s] -- Up-to-date: /home/supakorn/ros2_ws/install/myrobot_interfaces/share/myrobot_interfaces/cmake/export_myrobot_interfaces__rosidl_generator_cppExport.cmake
[8.699s] -- Up-to-date: /home/supakorn/ros2_ws/install/myrobot_interfaces/share/myrobot_interfaces/cmake/export_myrobot_interfaces__rosidl_typesupport_fastrtps_cppExport.cmake
[8.700s] -- Up-to-date: /home/supakorn/ros2_ws/install/myrobot_interfaces/share/myrobot_interfaces/cmake/export_myrobot_interfaces__rosidl_typesupport_fastrtps_cppExport-noconfig.cmake
[8.700s] -- Up-to-date: /home/supakorn/ros2_ws/install/myrobot_interfaces/share/myrobot_interfaces/cmake/myrobot_interfaces__rosidl_typesupport_introspection_cppExport.cmake
[8.700s] -- Up-to-date: /home/supakorn/ros2_ws/install/myrobot_interfaces/share/myrobot_interfaces/cmake/myrobot_interfaces__rosidl_typesupport_introspection_cppExport-noconfig.cmake
[8.702s] -- Up-to-date: /home/supakorn/ros2_ws/install/myrobot_interfaces/share/myrobot_interfaces/cmake/myrobot_interfaces__rosidl_typesupport_cppExport.cmake
[8.702s] -- Up-to-date: /home/supakorn/ros2_ws/install/myrobot_interfaces/share/myrobot_interfaces/cmake/myrobot_interfaces__rosidl_typesupport_cppExport-noconfig.cmake
[8.703s] -- Up-to-date: /home/supakorn/ros2_ws/install/myrobot_interfaces/share/myrobot_interfaces/cmake/export_myrobot_interfaces__rosidl_generator_pyExport.cmake
[8.703s] -- Up-to-date: /home/supakorn/ros2_ws/install/myrobot_interfaces/share/myrobot_interfaces/cmake/export_myrobot_interfaces__rosidl_generator_pyExport-noconfig.cmake
[8.703s] -- Up-to-date: /home/supakorn/ros2_ws/install/myrobot_interfaces/share/myrobot_interfaces/cmake/rosidl_cmake-extras.cmake
[8.703s] -- Up-to-date: /home/supakorn/ros2_ws/install/myrobot_interfaces/share/myrobot_interfaces/cmake/ament_cmake_export_include_directories-extras.cmake
[8.703s] -- Up-to-date: /home/supakorn/ros2_ws/install/myrobot_interfaces/share/myrobot_interfaces/cmake/ament_cmake_export_libraries-extras.cmake
[8.704s] -- Up-to-date: /home/supakorn/ros2_ws/install/myrobot_interfaces/share/myrobot_interfaces/cmake/ament_cmake_export_targets-extras.cmake
[8.704s] -- Up-to-date: /home/supakorn/ros2_ws/install/myrobot_interfaces/share/myrobot_interfaces/cmake/rosidl_cmake_export_typesupport_targets-extras.cmake
[8.704s] -- Up-to-date: /home/supakorn/ros2_ws/install/myrobot_interfaces/share/myrobot_interfaces/cmake/ament_cmake_export_dependencies-extras.cmake
[8.704s] -- Up-to-date: /home/supakorn/ros2_ws/install/myrobot_interfaces/share/myrobot_interfaces/cmake/rosidl_cmake_export_typesupport_libraries-extras.cmake
[8.704s] -- Up-to-date: /home/supakorn/ros2_ws/install/myrobot_interfaces/share/myrobot_interfaces/cmake/myrobot_interfacesConfig.cmake
[8.704s] -- Up-to-date: /home/supakorn/ros2_ws/install/myrobot_interfaces/share/myrobot_interfaces/cmake/myrobot_interfacesConfig-version.cmake
[8.704s] -- Up-to-date: /home/supakorn/ros2_ws/install/myrobot_interfaces/share/myrobot_interfaces/package.xml
[8.707s] Invoked command in '/home/supakorn/ros2_ws/build/myrobot_interfaces' returned '0': CMAKE_PREFIX_PATH=${CMAKE_PREFIX_PATH}:/home/supakorn/ros2_ws/install/robot_1:/home/supakorn/ros2_ws/install/my_robot:/opt/ros/iron /usr/bin/cmake --install /home/supakorn/ros2_ws/build/myrobot_interfaces
