[0.719s] DEBUG:colcon:Command line arguments: ['/usr/bin/colcon', 'build']
[0.720s] DEBUG:colcon:Parsed command line arguments: Namespace(log_base=None, log_level=None, verb_name='build', build_base='build', install_base='install', merge_install=False, symlink_install=False, test_result_base=None, continue_on_error=False, executor='parallel', parallel_workers=4, event_handlers=None, ignore_user_meta=False, metas=['./colcon.meta'], base_paths=['.'], packages_ignore=None, packages_ignore_regex=None, paths=None, packages_up_to=None, packages_up_to_regex=None, packages_above=None, packages_above_and_dependencies=None, packages_above_depth=None, packages_select_by_dep=None, packages_skip_by_dep=None, packages_skip_up_to=None, packages_select_build_failed=False, packages_skip_build_finished=False, packages_select_test_failures=False, packages_skip_test_passed=False, packages_select=None, packages_skip=None, packages_select_regex=None, packages_skip_regex=None, packages_start=None, packages_end=None, allow_overriding=[], cmake_args=None, cmake_target=None, cmake_target_skip_unavailable=False, cmake_clean_cache=False, cmake_clean_first=False, cmake_force_configure=False, ament_cmake_args=None, catkin_cmake_args=None, catkin_skip_building_tests=False, verb_parser=<colcon_defaults.argument_parser.defaults.DefaultArgumentsDecorator object at 0x7f63a9c86cb0>, verb_extension=<colcon_core.verb.build.BuildVerb object at 0x7f63aa0cbe80>, main=<bound method BuildVerb.main of <colcon_core.verb.build.BuildVerb object at 0x7f63aa0cbe80>>)
[0.756s] Level 1:colcon.colcon_core.package_discovery:discover_packages(colcon_meta) check parameters
[0.756s] Level 1:colcon.colcon_core.package_discovery:discover_packages(recursive) check parameters
[0.756s] Level 1:colcon.colcon_core.package_discovery:discover_packages(ignore) check parameters
[0.756s] Level 1:colcon.colcon_core.package_discovery:discover_packages(path) check parameters
[0.756s] Level 1:colcon.colcon_core.package_discovery:discover_packages(colcon_meta) discover
[0.756s] Level 1:colcon.colcon_core.package_discovery:discover_packages(recursive) discover
[0.756s] INFO:colcon.colcon_core.package_discovery:Crawling recursively for packages in '/home/predator/ros2_ws'
[0.757s] Level 1:colcon.colcon_core.package_identification:_identify(.) by extensions ['ignore', 'ignore_ament_install']
[0.757s] Level 1:colcon.colcon_core.package_identification:_identify(.) by extension 'ignore'
[0.757s] Level 1:colcon.colcon_core.package_identification:_identify(.) by extension 'ignore_ament_install'
[0.757s] Level 1:colcon.colcon_core.package_identification:_identify(.) by extensions ['colcon_pkg']
[0.757s] Level 1:colcon.colcon_core.package_identification:_identify(.) by extension 'colcon_pkg'
[0.757s] Level 1:colcon.colcon_core.package_identification:_identify(.) by extensions ['colcon_meta']
[0.757s] Level 1:colcon.colcon_core.package_identification:_identify(.) by extension 'colcon_meta'
[0.757s] Level 1:colcon.colcon_core.package_identification:_identify(.) by extensions ['ros']
[0.757s] Level 1:colcon.colcon_core.package_identification:_identify(.) by extension 'ros'
[0.766s] Level 1:colcon.colcon_core.package_identification:_identify(.) by extensions ['cmake', 'python']
[0.766s] Level 1:colcon.colcon_core.package_identification:_identify(.) by extension 'cmake'
[0.766s] Level 1:colcon.colcon_core.package_identification:_identify(.) by extension 'python'
[0.766s] Level 1:colcon.colcon_core.package_identification:_identify(.) by extensions ['python_setup_py']
[0.766s] Level 1:colcon.colcon_core.package_identification:_identify(.) by extension 'python_setup_py'
[0.766s] Level 1:colcon.colcon_core.package_identification:_identify(build) by extensions ['ignore', 'ignore_ament_install']
[0.766s] Level 1:colcon.colcon_core.package_identification:_identify(build) by extension 'ignore'
[0.766s] Level 1:colcon.colcon_core.package_identification:_identify(build) ignored
[0.766s] Level 1:colcon.colcon_core.package_identification:_identify(install) by extensions ['ignore', 'ignore_ament_install']
[0.766s] Level 1:colcon.colcon_core.package_identification:_identify(install) by extension 'ignore'
[0.766s] Level 1:colcon.colcon_core.package_identification:_identify(install) ignored
[0.767s] Level 1:colcon.colcon_core.package_identification:_identify(log) by extensions ['ignore', 'ignore_ament_install']
[0.767s] Level 1:colcon.colcon_core.package_identification:_identify(log) by extension 'ignore'
[0.767s] Level 1:colcon.colcon_core.package_identification:_identify(log) ignored
[0.767s] Level 1:colcon.colcon_core.package_identification:_identify(src) by extensions ['ignore', 'ignore_ament_install']
[0.767s] Level 1:colcon.colcon_core.package_identification:_identify(src) by extension 'ignore'
[0.767s] Level 1:colcon.colcon_core.package_identification:_identify(src) by extension 'ignore_ament_install'
[0.767s] Level 1:colcon.colcon_core.package_identification:_identify(src) by extensions ['colcon_pkg']
[0.767s] Level 1:colcon.colcon_core.package_identification:_identify(src) by extension 'colcon_pkg'
[0.767s] Level 1:colcon.colcon_core.package_identification:_identify(src) by extensions ['colcon_meta']
[0.767s] Level 1:colcon.colcon_core.package_identification:_identify(src) by extension 'colcon_meta'
[0.767s] Level 1:colcon.colcon_core.package_identification:_identify(src) by extensions ['ros']
[0.767s] Level 1:colcon.colcon_core.package_identification:_identify(src) by extension 'ros'
[0.767s] Level 1:colcon.colcon_core.package_identification:_identify(src) by extensions ['cmake', 'python']
[0.767s] Level 1:colcon.colcon_core.package_identification:_identify(src) by extension 'cmake'
[0.767s] Level 1:colcon.colcon_core.package_identification:_identify(src) by extension 'python'
[0.767s] Level 1:colcon.colcon_core.package_identification:_identify(src) by extensions ['python_setup_py']
[0.767s] Level 1:colcon.colcon_core.package_identification:_identify(src) by extension 'python_setup_py'
[0.767s] Level 1:colcon.colcon_core.package_identification:_identify(src/my_robot) by extensions ['ignore', 'ignore_ament_install']
[0.767s] Level 1:colcon.colcon_core.package_identification:_identify(src/my_robot) by extension 'ignore'
[0.767s] Level 1:colcon.colcon_core.package_identification:_identify(src/my_robot) by extension 'ignore_ament_install'
[0.767s] Level 1:colcon.colcon_core.package_identification:_identify(src/my_robot) by extensions ['colcon_pkg']
[0.767s] Level 1:colcon.colcon_core.package_identification:_identify(src/my_robot) by extension 'colcon_pkg'
[0.767s] Level 1:colcon.colcon_core.package_identification:_identify(src/my_robot) by extensions ['colcon_meta']
[0.767s] Level 1:colcon.colcon_core.package_identification:_identify(src/my_robot) by extension 'colcon_meta'
[0.767s] Level 1:colcon.colcon_core.package_identification:_identify(src/my_robot) by extensions ['ros']
[0.767s] Level 1:colcon.colcon_core.package_identification:_identify(src/my_robot) by extension 'ros'
[0.769s] DEBUG:colcon.colcon_core.package_identification:Package 'src/my_robot' with type 'ros.ament_python' and name 'my_robot'
[0.769s] Level 1:colcon.colcon_core.package_identification:_identify(src/myrobot_interfaces) by extensions ['ignore', 'ignore_ament_install']
[0.769s] Level 1:colcon.colcon_core.package_identification:_identify(src/myrobot_interfaces) by extension 'ignore'
[0.770s] Level 1:colcon.colcon_core.package_identification:_identify(src/myrobot_interfaces) by extension 'ignore_ament_install'
[0.770s] Level 1:colcon.colcon_core.package_identification:_identify(src/myrobot_interfaces) by extensions ['colcon_pkg']
[0.770s] Level 1:colcon.colcon_core.package_identification:_identify(src/myrobot_interfaces) by extension 'colcon_pkg'
[0.770s] Level 1:colcon.colcon_core.package_identification:_identify(src/myrobot_interfaces) by extensions ['colcon_meta']
[0.770s] Level 1:colcon.colcon_core.package_identification:_identify(src/myrobot_interfaces) by extension 'colcon_meta'
[0.770s] Level 1:colcon.colcon_core.package_identification:_identify(src/myrobot_interfaces) by extensions ['ros']
[0.770s] Level 1:colcon.colcon_core.package_identification:_identify(src/myrobot_interfaces) by extension 'ros'
[0.770s] DEBUG:colcon.colcon_core.package_identification:Package 'src/myrobot_interfaces' with type 'ros.ament_cmake' and name 'myrobot_interfaces'
[0.770s] Level 1:colcon.colcon_core.package_identification:_identify(src/robot_1) by extensions ['ignore', 'ignore_ament_install']
[0.770s] Level 1:colcon.colcon_core.package_identification:_identify(src/robot_1) by extension 'ignore'
[0.770s] Level 1:colcon.colcon_core.package_identification:_identify(src/robot_1) by extension 'ignore_ament_install'
[0.770s] Level 1:colcon.colcon_core.package_identification:_identify(src/robot_1) by extensions ['colcon_pkg']
[0.770s] Level 1:colcon.colcon_core.package_identification:_identify(src/robot_1) by extension 'colcon_pkg'
[0.770s] Level 1:colcon.colcon_core.package_identification:_identify(src/robot_1) by extensions ['colcon_meta']
[0.770s] Level 1:colcon.colcon_core.package_identification:_identify(src/robot_1) by extension 'colcon_meta'
[0.770s] Level 1:colcon.colcon_core.package_identification:_identify(src/robot_1) by extensions ['ros']
[0.770s] Level 1:colcon.colcon_core.package_identification:_identify(src/robot_1) by extension 'ros'
[0.771s] DEBUG:colcon.colcon_core.package_identification:Package 'src/robot_1' with type 'ros.ament_python' and name 'robot_1'
[0.771s] Level 1:colcon.colcon_core.package_discovery:discover_packages(recursive) using defaults
[0.771s] Level 1:colcon.colcon_core.package_discovery:discover_packages(ignore) discover
[0.771s] Level 1:colcon.colcon_core.package_discovery:discover_packages(ignore) using defaults
[0.771s] Level 1:colcon.colcon_core.package_discovery:discover_packages(path) discover
[0.771s] Level 1:colcon.colcon_core.package_discovery:discover_packages(path) using defaults
[0.840s] Level 1:colcon.colcon_core.package_discovery:discover_packages(prefix_path) check parameters
[0.840s] Level 1:colcon.colcon_core.package_discovery:discover_packages(prefix_path) discover
[0.866s] DEBUG:colcon.colcon_installed_package_information.package_discovery:Found 3 installed packages in /home/predator/ros2_ws/install
[0.878s] DEBUG:colcon.colcon_installed_package_information.package_discovery:Found 281 installed packages in /opt/ros/iron
[0.879s] Level 1:colcon.colcon_core.package_discovery:discover_packages(prefix_path) using defaults
[0.948s] Level 5:colcon.colcon_core.verb:set package 'my_robot' build argument 'cmake_args' from command line to 'None'
[0.948s] Level 5:colcon.colcon_core.verb:set package 'my_robot' build argument 'cmake_target' from command line to 'None'
[0.948s] Level 5:colcon.colcon_core.verb:set package 'my_robot' build argument 'cmake_target_skip_unavailable' from command line to 'False'
[0.948s] Level 5:colcon.colcon_core.verb:set package 'my_robot' build argument 'cmake_clean_cache' from command line to 'False'
[0.948s] Level 5:colcon.colcon_core.verb:set package 'my_robot' build argument 'cmake_clean_first' from command line to 'False'
[0.948s] Level 5:colcon.colcon_core.verb:set package 'my_robot' build argument 'cmake_force_configure' from command line to 'False'
[0.949s] Level 5:colcon.colcon_core.verb:set package 'my_robot' build argument 'ament_cmake_args' from command line to 'None'
[0.949s] Level 5:colcon.colcon_core.verb:set package 'my_robot' build argument 'catkin_cmake_args' from command line to 'None'
[0.949s] Level 5:colcon.colcon_core.verb:set package 'my_robot' build argument 'catkin_skip_building_tests' from command line to 'False'
[0.949s] DEBUG:colcon.colcon_core.verb:Building package 'my_robot' with the following arguments: {'ament_cmake_args': None, 'build_base': '/home/predator/ros2_ws/build/my_robot', 'catkin_cmake_args': None, 'catkin_skip_building_tests': False, 'cmake_args': None, 'cmake_clean_cache': False, 'cmake_clean_first': False, 'cmake_force_configure': False, 'cmake_target': None, 'cmake_target_skip_unavailable': False, 'install_base': '/home/predator/ros2_ws/install/my_robot', 'merge_install': False, 'path': '/home/predator/ros2_ws/src/my_robot', 'symlink_install': False, 'test_result_base': None}
[0.959s] Level 5:colcon.colcon_core.verb:set package 'myrobot_interfaces' build argument 'cmake_args' from command line to 'None'
[0.959s] Level 5:colcon.colcon_core.verb:set package 'myrobot_interfaces' build argument 'cmake_target' from command line to 'None'
[0.959s] Level 5:colcon.colcon_core.verb:set package 'myrobot_interfaces' build argument 'cmake_target_skip_unavailable' from command line to 'False'
[0.959s] Level 5:colcon.colcon_core.verb:set package 'myrobot_interfaces' build argument 'cmake_clean_cache' from command line to 'False'
[0.959s] Level 5:colcon.colcon_core.verb:set package 'myrobot_interfaces' build argument 'cmake_clean_first' from command line to 'False'
[0.959s] Level 5:colcon.colcon_core.verb:set package 'myrobot_interfaces' build argument 'cmake_force_configure' from command line to 'False'
[0.959s] Level 5:colcon.colcon_core.verb:set package 'myrobot_interfaces' build argument 'ament_cmake_args' from command line to 'None'
[0.959s] Level 5:colcon.colcon_core.verb:set package 'myrobot_interfaces' build argument 'catkin_cmake_args' from command line to 'None'
[0.959s] Level 5:colcon.colcon_core.verb:set package 'myrobot_interfaces' build argument 'catkin_skip_building_tests' from command line to 'False'
[0.959s] DEBUG:colcon.colcon_core.verb:Building package 'myrobot_interfaces' with the following arguments: {'ament_cmake_args': None, 'build_base': '/home/predator/ros2_ws/build/myrobot_interfaces', 'catkin_cmake_args': None, 'catkin_skip_building_tests': False, 'cmake_args': None, 'cmake_clean_cache': False, 'cmake_clean_first': False, 'cmake_force_configure': False, 'cmake_target': None, 'cmake_target_skip_unavailable': False, 'install_base': '/home/predator/ros2_ws/install/myrobot_interfaces', 'merge_install': False, 'path': '/home/predator/ros2_ws/src/myrobot_interfaces', 'symlink_install': False, 'test_result_base': None}
[0.969s] Level 5:colcon.colcon_core.verb:set package 'robot_1' build argument 'cmake_args' from command line to 'None'
[0.969s] Level 5:colcon.colcon_core.verb:set package 'robot_1' build argument 'cmake_target' from command line to 'None'
[0.969s] Level 5:colcon.colcon_core.verb:set package 'robot_1' build argument 'cmake_target_skip_unavailable' from command line to 'False'
[0.969s] Level 5:colcon.colcon_core.verb:set package 'robot_1' build argument 'cmake_clean_cache' from command line to 'False'
[0.969s] Level 5:colcon.colcon_core.verb:set package 'robot_1' build argument 'cmake_clean_first' from command line to 'False'
[0.969s] Level 5:colcon.colcon_core.verb:set package 'robot_1' build argument 'cmake_force_configure' from command line to 'False'
[0.969s] Level 5:colcon.colcon_core.verb:set package 'robot_1' build argument 'ament_cmake_args' from command line to 'None'
[0.969s] Level 5:colcon.colcon_core.verb:set package 'robot_1' build argument 'catkin_cmake_args' from command line to 'None'
[0.969s] Level 5:colcon.colcon_core.verb:set package 'robot_1' build argument 'catkin_skip_building_tests' from command line to 'False'
[0.969s] DEBUG:colcon.colcon_core.verb:Building package 'robot_1' with the following arguments: {'ament_cmake_args': None, 'build_base': '/home/predator/ros2_ws/build/robot_1', 'catkin_cmake_args': None, 'catkin_skip_building_tests': False, 'cmake_args': None, 'cmake_clean_cache': False, 'cmake_clean_first': False, 'cmake_force_configure': False, 'cmake_target': None, 'cmake_target_skip_unavailable': False, 'install_base': '/home/predator/ros2_ws/install/robot_1', 'merge_install': False, 'path': '/home/predator/ros2_ws/src/robot_1', 'symlink_install': False, 'test_result_base': None}
[0.979s] INFO:colcon.colcon_core.executor:Executing jobs using 'parallel' executor
[0.990s] DEBUG:colcon.colcon_parallel_executor.executor.parallel:run_until_complete
[0.990s] INFO:colcon.colcon_ros.task.ament_cmake.build:Building ROS package in '/home/predator/ros2_ws/src/myrobot_interfaces' with build type 'ament_cmake'
[0.990s] INFO:colcon.colcon_cmake.task.cmake.build:Building CMake package in '/home/predator/ros2_ws/src/myrobot_interfaces'
[1.002s] INFO:colcon.colcon_core.plugin_system:Skipping extension 'colcon_core.shell.bat': Not used on non-Windows systems
[1.002s] INFO:colcon.colcon_core.shell:Skip shell extension 'powershell' for command environment: Not usable outside of PowerShell
[1.002s] DEBUG:colcon.colcon_core.shell:Skip shell extension 'dsv' for command environment
[1.041s] INFO:colcon.colcon_ros.task.ament_python.build:Building ROS package in '/home/predator/ros2_ws/src/my_robot' with build type 'ament_python'
[1.041s] Level 1:colcon.colcon_core.shell:create_environment_hook('my_robot', 'ament_prefix_path')
[1.052s] INFO:colcon.colcon_core.shell:Creating environment hook '/home/predator/ros2_ws/install/my_robot/share/my_robot/hook/ament_prefix_path.ps1'
[1.054s] INFO:colcon.colcon_core.shell:Creating environment descriptor '/home/predator/ros2_ws/install/my_robot/share/my_robot/hook/ament_prefix_path.dsv'
[1.054s] INFO:colcon.colcon_core.shell:Creating environment hook '/home/predator/ros2_ws/install/my_robot/share/my_robot/hook/ament_prefix_path.sh'
[1.066s] INFO:colcon.colcon_core.shell:Skip shell extension 'powershell' for command environment: Not usable outside of PowerShell
[1.066s] DEBUG:colcon.colcon_core.shell:Skip shell extension 'dsv' for command environment
[1.107s] DEBUG:colcon.colcon_core.event_handler.log_command:Invoking command in '/home/predator/ros2_ws/build/myrobot_interfaces': CMAKE_PREFIX_PATH=${CMAKE_PREFIX_PATH}:/home/predator/ros2_ws/install/robot_1:/home/predator/ros2_ws/install/my_robot:/opt/ros/iron /usr/bin/cmake /home/predator/ros2_ws/src/myrobot_interfaces -DCMAKE_INSTALL_PREFIX=/home/predator/ros2_ws/install/myrobot_interfaces
[1.323s] INFO:colcon.colcon_core.task.python.build:Building Python package in '/home/predator/ros2_ws/src/my_robot'
[1.340s] INFO:colcon.colcon_core.shell:Skip shell extension 'powershell' for command environment: Not usable outside of PowerShell
[1.340s] DEBUG:colcon.colcon_core.shell:Skip shell extension 'dsv' for command environment
[1.658s] DEBUG:colcon.colcon_core.event_handler.log_command:Invoking command in '/home/predator/ros2_ws/src/my_robot': PYTHONPATH=/home/predator/ros2_ws/build/my_robot/prefix_override:/home/predator/ros2_ws/install/my_robot/lib/python3.10/site-packages:${PYTHONPATH} /usr/bin/python3 setup.py egg_info --egg-base ../../build/my_robot build --build-base /home/predator/ros2_ws/build/my_robot/build install --record /home/predator/ros2_ws/build/my_robot/install.log --single-version-externally-managed
[1.910s] DEBUG:colcon.colcon_core.event_handler.log_command:Invoked command in '/home/predator/ros2_ws/src/my_robot' returned '0': PYTHONPATH=/home/predator/ros2_ws/build/my_robot/prefix_override:/home/predator/ros2_ws/install/my_robot/lib/python3.10/site-packages:${PYTHONPATH} /usr/bin/python3 setup.py egg_info --egg-base ../../build/my_robot build --build-base /home/predator/ros2_ws/build/my_robot/build install --record /home/predator/ros2_ws/build/my_robot/install.log --single-version-externally-managed
[1.923s] Level 1:colcon.colcon_core.environment:checking '/home/predator/ros2_ws/install/my_robot' for CMake module files
[1.923s] Level 1:colcon.colcon_core.environment:checking '/home/predator/ros2_ws/install/my_robot' for CMake config files
[1.924s] Level 1:colcon.colcon_core.environment:checking '/home/predator/ros2_ws/install/my_robot/lib'
[1.924s] Level 1:colcon.colcon_core.environment:checking '/home/predator/ros2_ws/install/my_robot/bin'
[1.924s] Level 1:colcon.colcon_core.environment:checking '/home/predator/ros2_ws/install/my_robot/lib/pkgconfig/my_robot.pc'
[1.924s] Level 1:colcon.colcon_core.environment:checking '/home/predator/ros2_ws/install/my_robot/lib/python3.10/site-packages'
[1.924s] Level 1:colcon.colcon_core.shell:create_environment_hook('my_robot', 'pythonpath')
[1.937s] INFO:colcon.colcon_core.shell:Creating environment hook '/home/predator/ros2_ws/install/my_robot/share/my_robot/hook/pythonpath.ps1'
[1.937s] INFO:colcon.colcon_core.shell:Creating environment descriptor '/home/predator/ros2_ws/install/my_robot/share/my_robot/hook/pythonpath.dsv'
[1.938s] INFO:colcon.colcon_core.shell:Creating environment hook '/home/predator/ros2_ws/install/my_robot/share/my_robot/hook/pythonpath.sh'
[1.939s] Level 1:colcon.colcon_core.environment:checking '/home/predator/ros2_ws/install/my_robot/bin'
[1.939s] Level 1:colcon.colcon_core.environment:create_environment_scripts_only(my_robot)
[1.950s] INFO:colcon.colcon_core.shell:Creating package script '/home/predator/ros2_ws/install/my_robot/share/my_robot/package.ps1'
[1.951s] INFO:colcon.colcon_core.shell:Creating package descriptor '/home/predator/ros2_ws/install/my_robot/share/my_robot/package.dsv'
[1.952s] INFO:colcon.colcon_core.shell:Creating package script '/home/predator/ros2_ws/install/my_robot/share/my_robot/package.sh'
[1.952s] INFO:colcon.colcon_core.shell:Creating package script '/home/predator/ros2_ws/install/my_robot/share/my_robot/package.bash'
[1.953s] INFO:colcon.colcon_core.shell:Creating package script '/home/predator/ros2_ws/install/my_robot/share/my_robot/package.zsh'
[1.954s] Level 1:colcon.colcon_core.environment:create_file_with_runtime_dependencies(/home/predator/ros2_ws/install/my_robot/share/colcon-core/packages/my_robot)
[2.620s] DEBUG:colcon.colcon_core.event_handler.log_command:Invoked command in '/home/predator/ros2_ws/build/myrobot_interfaces' returned '0': CMAKE_PREFIX_PATH=${CMAKE_PREFIX_PATH}:/home/predator/ros2_ws/install/robot_1:/home/predator/ros2_ws/install/my_robot:/opt/ros/iron /usr/bin/cmake /home/predator/ros2_ws/src/myrobot_interfaces -DCMAKE_INSTALL_PREFIX=/home/predator/ros2_ws/install/myrobot_interfaces
[2.621s] DEBUG:colcon.colcon_core.event_handler.log_command:Invoking command in '/home/predator/ros2_ws/build/myrobot_interfaces': CMAKE_PREFIX_PATH=${CMAKE_PREFIX_PATH}:/home/predator/ros2_ws/install/robot_1:/home/predator/ros2_ws/install/my_robot:/opt/ros/iron /usr/bin/cmake --build /home/predator/ros2_ws/build/myrobot_interfaces -- -j4 -l4
[5.943s] DEBUG:colcon.colcon_core.event_handler.log_command:Invoked command in '/home/predator/ros2_ws/build/myrobot_interfaces' returned '0': CMAKE_PREFIX_PATH=${CMAKE_PREFIX_PATH}:/home/predator/ros2_ws/install/robot_1:/home/predator/ros2_ws/install/my_robot:/opt/ros/iron /usr/bin/cmake --build /home/predator/ros2_ws/build/myrobot_interfaces -- -j4 -l4
[6.151s] DEBUG:colcon.colcon_core.event_handler.log_command:Invoking command in '/home/predator/ros2_ws/build/myrobot_interfaces': CMAKE_PREFIX_PATH=${CMAKE_PREFIX_PATH}:/home/predator/ros2_ws/install/robot_1:/home/predator/ros2_ws/install/my_robot:/opt/ros/iron /usr/bin/cmake --install /home/predator/ros2_ws/build/myrobot_interfaces
[6.225s] Level 1:colcon.colcon_core.environment:create_environment_scripts_only(myrobot_interfaces)
[6.225s] DEBUG:colcon.colcon_core.event_handler.log_command:Invoked command in '/home/predator/ros2_ws/build/myrobot_interfaces' returned '0': CMAKE_PREFIX_PATH=${CMAKE_PREFIX_PATH}:/home/predator/ros2_ws/install/robot_1:/home/predator/ros2_ws/install/my_robot:/opt/ros/iron /usr/bin/cmake --install /home/predator/ros2_ws/build/myrobot_interfaces
[6.236s] Level 1:colcon.colcon_core.environment:checking '/home/predator/ros2_ws/install/myrobot_interfaces' for CMake module files
[6.237s] Level 1:colcon.colcon_core.environment:checking '/home/predator/ros2_ws/install/myrobot_interfaces' for CMake config files
[6.237s] Level 1:colcon.colcon_core.shell:create_environment_hook('myrobot_interfaces', 'cmake_prefix_path')
[6.248s] INFO:colcon.colcon_core.shell:Creating environment hook '/home/predator/ros2_ws/install/myrobot_interfaces/share/myrobot_interfaces/hook/cmake_prefix_path.ps1'
[6.249s] INFO:colcon.colcon_core.shell:Creating environment descriptor '/home/predator/ros2_ws/install/myrobot_interfaces/share/myrobot_interfaces/hook/cmake_prefix_path.dsv'
[6.249s] INFO:colcon.colcon_core.shell:Creating environment hook '/home/predator/ros2_ws/install/myrobot_interfaces/share/myrobot_interfaces/hook/cmake_prefix_path.sh'
[6.250s] Level 1:colcon.colcon_core.environment:checking '/home/predator/ros2_ws/install/myrobot_interfaces/lib'
[6.250s] Level 1:colcon.colcon_core.shell:create_environment_hook('myrobot_interfaces', 'ld_library_path_lib')
[6.260s] INFO:colcon.colcon_core.shell:Creating environment hook '/home/predator/ros2_ws/install/myrobot_interfaces/share/myrobot_interfaces/hook/ld_library_path_lib.ps1'
[6.263s] INFO:colcon.colcon_core.shell:Creating environment descriptor '/home/predator/ros2_ws/install/myrobot_interfaces/share/myrobot_interfaces/hook/ld_library_path_lib.dsv'
[6.263s] INFO:colcon.colcon_core.shell:Creating environment hook '/home/predator/ros2_ws/install/myrobot_interfaces/share/myrobot_interfaces/hook/ld_library_path_lib.sh'
[6.263s] Level 1:colcon.colcon_core.environment:checking '/home/predator/ros2_ws/install/myrobot_interfaces/bin'
[6.264s] Level 1:colcon.colcon_core.environment:checking '/home/predator/ros2_ws/install/myrobot_interfaces/lib/pkgconfig/myrobot_interfaces.pc'
[6.264s] Level 1:colcon.colcon_core.environment:checking '/home/predator/ros2_ws/install/myrobot_interfaces/lib/python3.10/site-packages'
[6.264s] Level 1:colcon.colcon_core.shell:create_environment_hook('myrobot_interfaces', 'pythonpath')
[6.275s] INFO:colcon.colcon_core.shell:Creating environment hook '/home/predator/ros2_ws/install/myrobot_interfaces/share/myrobot_interfaces/hook/pythonpath.ps1'
[6.276s] INFO:colcon.colcon_core.shell:Creating environment descriptor '/home/predator/ros2_ws/install/myrobot_interfaces/share/myrobot_interfaces/hook/pythonpath.dsv'
[6.276s] INFO:colcon.colcon_core.shell:Creating environment hook '/home/predator/ros2_ws/install/myrobot_interfaces/share/myrobot_interfaces/hook/pythonpath.sh'
[6.277s] Level 1:colcon.colcon_core.environment:checking '/home/predator/ros2_ws/install/myrobot_interfaces/bin'
[6.288s] INFO:colcon.colcon_core.shell:Creating package script '/home/predator/ros2_ws/install/myrobot_interfaces/share/myrobot_interfaces/package.ps1'
[6.289s] INFO:colcon.colcon_core.shell:Creating package descriptor '/home/predator/ros2_ws/install/myrobot_interfaces/share/myrobot_interfaces/package.dsv'
[6.290s] INFO:colcon.colcon_core.shell:Creating package script '/home/predator/ros2_ws/install/myrobot_interfaces/share/myrobot_interfaces/package.sh'
[6.290s] INFO:colcon.colcon_core.shell:Creating package script '/home/predator/ros2_ws/install/myrobot_interfaces/share/myrobot_interfaces/package.bash'
[6.291s] INFO:colcon.colcon_core.shell:Creating package script '/home/predator/ros2_ws/install/myrobot_interfaces/share/myrobot_interfaces/package.zsh'
[6.291s] Level 1:colcon.colcon_core.environment:create_file_with_runtime_dependencies(/home/predator/ros2_ws/install/myrobot_interfaces/share/colcon-core/packages/myrobot_interfaces)
[6.503s] Level 1:colcon.colcon_core.environment:create_environment_scripts_only(myrobot_interfaces)
[6.515s] Level 1:colcon.colcon_core.environment:checking '/home/predator/ros2_ws/install/myrobot_interfaces' for CMake module files
[6.515s] Level 1:colcon.colcon_core.environment:checking '/home/predator/ros2_ws/install/myrobot_interfaces' for CMake config files
[6.516s] Level 1:colcon.colcon_core.shell:create_environment_hook('myrobot_interfaces', 'cmake_prefix_path')
[6.526s] INFO:colcon.colcon_core.shell:Creating environment hook '/home/predator/ros2_ws/install/myrobot_interfaces/share/myrobot_interfaces/hook/cmake_prefix_path.ps1'
[6.527s] INFO:colcon.colcon_core.shell:Creating environment descriptor '/home/predator/ros2_ws/install/myrobot_interfaces/share/myrobot_interfaces/hook/cmake_prefix_path.dsv'
[6.528s] INFO:colcon.colcon_core.shell:Creating environment hook '/home/predator/ros2_ws/install/myrobot_interfaces/share/myrobot_interfaces/hook/cmake_prefix_path.sh'
[6.529s] Level 1:colcon.colcon_core.environment:checking '/home/predator/ros2_ws/install/myrobot_interfaces/lib'
[6.529s] Level 1:colcon.colcon_core.shell:create_environment_hook('myrobot_interfaces', 'ld_library_path_lib')
[6.539s] INFO:colcon.colcon_core.shell:Creating environment hook '/home/predator/ros2_ws/install/myrobot_interfaces/share/myrobot_interfaces/hook/ld_library_path_lib.ps1'
[6.540s] INFO:colcon.colcon_core.shell:Creating environment descriptor '/home/predator/ros2_ws/install/myrobot_interfaces/share/myrobot_interfaces/hook/ld_library_path_lib.dsv'
[6.541s] INFO:colcon.colcon_core.shell:Creating environment hook '/home/predator/ros2_ws/install/myrobot_interfaces/share/myrobot_interfaces/hook/ld_library_path_lib.sh'
[6.541s] Level 1:colcon.colcon_core.environment:checking '/home/predator/ros2_ws/install/myrobot_interfaces/bin'
[6.541s] Level 1:colcon.colcon_core.environment:checking '/home/predator/ros2_ws/install/myrobot_interfaces/lib/pkgconfig/myrobot_interfaces.pc'
[6.541s] Level 1:colcon.colcon_core.environment:checking '/home/predator/ros2_ws/install/myrobot_interfaces/lib/python3.10/site-packages'
[6.541s] Level 1:colcon.colcon_core.shell:create_environment_hook('myrobot_interfaces', 'pythonpath')
[6.552s] INFO:colcon.colcon_core.shell:Creating environment hook '/home/predator/ros2_ws/install/myrobot_interfaces/share/myrobot_interfaces/hook/pythonpath.ps1'
[6.552s] INFO:colcon.colcon_core.shell:Creating environment descriptor '/home/predator/ros2_ws/install/myrobot_interfaces/share/myrobot_interfaces/hook/pythonpath.dsv'
[6.553s] INFO:colcon.colcon_core.shell:Creating environment hook '/home/predator/ros2_ws/install/myrobot_interfaces/share/myrobot_interfaces/hook/pythonpath.sh'
[6.553s] Level 1:colcon.colcon_core.environment:checking '/home/predator/ros2_ws/install/myrobot_interfaces/bin'
[6.564s] INFO:colcon.colcon_core.shell:Creating package script '/home/predator/ros2_ws/install/myrobot_interfaces/share/myrobot_interfaces/package.ps1'
[6.565s] INFO:colcon.colcon_core.shell:Creating package descriptor '/home/predator/ros2_ws/install/myrobot_interfaces/share/myrobot_interfaces/package.dsv'
[6.565s] INFO:colcon.colcon_core.shell:Creating package script '/home/predator/ros2_ws/install/myrobot_interfaces/share/myrobot_interfaces/package.sh'
[6.566s] INFO:colcon.colcon_core.shell:Creating package script '/home/predator/ros2_ws/install/myrobot_interfaces/share/myrobot_interfaces/package.bash'
[6.566s] INFO:colcon.colcon_core.shell:Creating package script '/home/predator/ros2_ws/install/myrobot_interfaces/share/myrobot_interfaces/package.zsh'
[6.566s] Level 1:colcon.colcon_core.environment:create_file_with_runtime_dependencies(/home/predator/ros2_ws/install/myrobot_interfaces/share/colcon-core/packages/myrobot_interfaces)
[6.567s] INFO:colcon.colcon_ros.task.ament_python.build:Building ROS package in '/home/predator/ros2_ws/src/robot_1' with build type 'ament_python'
[6.567s] Level 1:colcon.colcon_core.shell:create_environment_hook('robot_1', 'ament_prefix_path')
[6.581s] INFO:colcon.colcon_core.shell:Creating environment hook '/home/predator/ros2_ws/install/robot_1/share/robot_1/hook/ament_prefix_path.ps1'
[6.582s] INFO:colcon.colcon_core.shell:Creating environment descriptor '/home/predator/ros2_ws/install/robot_1/share/robot_1/hook/ament_prefix_path.dsv'
[6.582s] INFO:colcon.colcon_core.shell:Creating environment hook '/home/predator/ros2_ws/install/robot_1/share/robot_1/hook/ament_prefix_path.sh'
[6.595s] INFO:colcon.colcon_core.shell:Skip shell extension 'powershell' for command environment: Not usable outside of PowerShell
[6.595s] DEBUG:colcon.colcon_core.shell:Skip shell extension 'dsv' for command environment
[6.843s] INFO:colcon.colcon_core.task.python.build:Building Python package in '/home/predator/ros2_ws/src/robot_1'
[6.854s] INFO:colcon.colcon_core.shell:Skip shell extension 'powershell' for command environment: Not usable outside of PowerShell
[6.854s] DEBUG:colcon.colcon_core.shell:Skip shell extension 'dsv' for command environment
[7.151s] DEBUG:colcon.colcon_core.event_handler.log_command:Invoking command in '/home/predator/ros2_ws/src/robot_1': PYTHONPATH=/home/predator/ros2_ws/build/robot_1/prefix_override:/home/predator/ros2_ws/install/robot_1/lib/python3.10/site-packages:/home/predator/ros2_ws/install/myrobot_interfaces/lib/python3.10/site-packages:/home/predator/ros2_ws/install/robot_1/lib/python3.10/site-packages:/home/predator/ros2_ws/install/my_robot/lib/python3.10/site-packages:/opt/ros/iron/lib/python3.10/site-packages /usr/bin/python3 setup.py egg_info --egg-base ../../build/robot_1 build --build-base /home/predator/ros2_ws/build/robot_1/build install --record /home/predator/ros2_ws/build/robot_1/install.log --single-version-externally-managed
[7.393s] DEBUG:colcon.colcon_core.event_handler.log_command:Invoked command in '/home/predator/ros2_ws/src/robot_1' returned '0': PYTHONPATH=/home/predator/ros2_ws/build/robot_1/prefix_override:/home/predator/ros2_ws/install/robot_1/lib/python3.10/site-packages:/home/predator/ros2_ws/install/myrobot_interfaces/lib/python3.10/site-packages:/home/predator/ros2_ws/install/robot_1/lib/python3.10/site-packages:/home/predator/ros2_ws/install/my_robot/lib/python3.10/site-packages:/opt/ros/iron/lib/python3.10/site-packages /usr/bin/python3 setup.py egg_info --egg-base ../../build/robot_1 build --build-base /home/predator/ros2_ws/build/robot_1/build install --record /home/predator/ros2_ws/build/robot_1/install.log --single-version-externally-managed
[7.404s] Level 1:colcon.colcon_core.environment:checking '/home/predator/ros2_ws/install/robot_1' for CMake module files
[7.405s] Level 1:colcon.colcon_core.environment:checking '/home/predator/ros2_ws/install/robot_1' for CMake config files
[7.405s] Level 1:colcon.colcon_core.environment:checking '/home/predator/ros2_ws/install/robot_1/lib'
[7.405s] Level 1:colcon.colcon_core.environment:checking '/home/predator/ros2_ws/install/robot_1/bin'
[7.405s] Level 1:colcon.colcon_core.environment:checking '/home/predator/ros2_ws/install/robot_1/lib/pkgconfig/robot_1.pc'
[7.405s] Level 1:colcon.colcon_core.environment:checking '/home/predator/ros2_ws/install/robot_1/lib/python3.10/site-packages'
[7.405s] Level 1:colcon.colcon_core.shell:create_environment_hook('robot_1', 'pythonpath')
[7.416s] INFO:colcon.colcon_core.shell:Creating environment hook '/home/predator/ros2_ws/install/robot_1/share/robot_1/hook/pythonpath.ps1'
[7.417s] INFO:colcon.colcon_core.shell:Creating environment descriptor '/home/predator/ros2_ws/install/robot_1/share/robot_1/hook/pythonpath.dsv'
[7.417s] INFO:colcon.colcon_core.shell:Creating environment hook '/home/predator/ros2_ws/install/robot_1/share/robot_1/hook/pythonpath.sh'
[7.418s] Level 1:colcon.colcon_core.environment:checking '/home/predator/ros2_ws/install/robot_1/bin'
[7.418s] Level 1:colcon.colcon_core.environment:create_environment_scripts_only(robot_1)
[7.428s] INFO:colcon.colcon_core.shell:Creating package script '/home/predator/ros2_ws/install/robot_1/share/robot_1/package.ps1'
[7.429s] INFO:colcon.colcon_core.shell:Creating package descriptor '/home/predator/ros2_ws/install/robot_1/share/robot_1/package.dsv'
[7.429s] INFO:colcon.colcon_core.shell:Creating package script '/home/predator/ros2_ws/install/robot_1/share/robot_1/package.sh'
[7.429s] INFO:colcon.colcon_core.shell:Creating package script '/home/predator/ros2_ws/install/robot_1/share/robot_1/package.bash'
[7.430s] INFO:colcon.colcon_core.shell:Creating package script '/home/predator/ros2_ws/install/robot_1/share/robot_1/package.zsh'
[7.430s] Level 1:colcon.colcon_core.environment:create_file_with_runtime_dependencies(/home/predator/ros2_ws/install/robot_1/share/colcon-core/packages/robot_1)
[7.431s] DEBUG:colcon.colcon_parallel_executor.executor.parallel:closing loop
[7.431s] DEBUG:colcon.colcon_parallel_executor.executor.parallel:loop closed
[7.431s] DEBUG:colcon.colcon_parallel_executor.executor.parallel:run_until_complete finished with '0'
[7.431s] DEBUG:colcon.colcon_core.event_reactor:joining thread
[7.447s] INFO:colcon.colcon_core.plugin_system:Skipping extension 'colcon_notification.desktop_notification.terminal_notifier': Not used on non-Darwin systems
[7.447s] INFO:colcon.colcon_core.plugin_system:Skipping extension 'colcon_notification.desktop_notification.win32': Not used on non-Windows systems
[7.447s] INFO:colcon.colcon_notification.desktop_notification:Sending desktop notification using 'notify2'
[7.459s] DEBUG:colcon.colcon_core.event_reactor:joined thread
[7.481s] INFO:colcon.colcon_core.shell:Creating prefix script '/home/predator/ros2_ws/install/local_setup.ps1'
[7.482s] INFO:colcon.colcon_core.shell:Creating prefix util module '/home/predator/ros2_ws/install/_local_setup_util_ps1.py'
[7.483s] INFO:colcon.colcon_core.shell:Creating prefix chain script '/home/predator/ros2_ws/install/setup.ps1'
[7.496s] INFO:colcon.colcon_core.shell:Creating prefix script '/home/predator/ros2_ws/install/local_setup.sh'
[7.497s] INFO:colcon.colcon_core.shell:Creating prefix util module '/home/predator/ros2_ws/install/_local_setup_util_sh.py'
[7.498s] INFO:colcon.colcon_core.shell:Creating prefix chain script '/home/predator/ros2_ws/install/setup.sh'
[7.511s] INFO:colcon.colcon_core.shell:Creating prefix script '/home/predator/ros2_ws/install/local_setup.bash'
[7.512s] INFO:colcon.colcon_core.shell:Creating prefix chain script '/home/predator/ros2_ws/install/setup.bash'
[7.524s] INFO:colcon.colcon_core.shell:Creating prefix script '/home/predator/ros2_ws/install/local_setup.zsh'
[7.525s] INFO:colcon.colcon_core.shell:Creating prefix chain script '/home/predator/ros2_ws/install/setup.zsh'
