running develop
Removing /home/supakorn/ros2_ws/install/robot_1/lib/python3.10/site-packages/robot-1.egg-link (link to .)
running egg_info
writing ../../build/robot_1/robot_1.egg-info/PKG-INFO
writing dependency_links to ../../build/robot_1/robot_1.egg-info/dependency_links.txt
writing entry points to ../../build/robot_1/robot_1.egg-info/entry_points.txt
writing requirements to ../../build/robot_1/robot_1.egg-info/requires.txt
writing top-level names to ../../build/robot_1/robot_1.egg-info/top_level.txt
reading manifest file '../../build/robot_1/robot_1.egg-info/SOURCES.txt'
writing manifest file '../../build/robot_1/robot_1.egg-info/SOURCES.txt'
running build
running build_py
creating /home/supakorn/ros2_ws/build/robot_1/build
creating /home/supakorn/ros2_ws/build/robot_1/build/lib
creating /home/supakorn/ros2_ws/build/robot_1/build/lib/robot_1
copying robot_1/third_sub.py -> /home/supakorn/ros2_ws/build/robot_1/build/lib/robot_1
copying robot_1/add_two_ints_client.py -> /home/supakorn/ros2_ws/build/robot_1/build/lib/robot_1
copying robot_1/add_two_ints_server.py -> /home/supakorn/ros2_ws/build/robot_1/build/lib/robot_1
copying robot_1/first_publisher.py -> /home/supakorn/ros2_ws/build/robot_1/build/lib/robot_1
copying robot_1/first_sub.py -> /home/supakorn/ros2_ws/build/robot_1/build/lib/robot_1
copying robot_1/__init__.py -> /home/supakorn/ros2_ws/build/robot_1/build/lib/robot_1
copying robot_1/hw_status_pub.py -> /home/supakorn/ros2_ws/build/robot_1/build/lib/robot_1
copying robot_1/second_sub.py -> /home/supakorn/ros2_ws/build/robot_1/build/lib/robot_1
running install
running install_lib
creating /home/supakorn/ros2_ws/install/robot_1/lib/python3.10/site-packages/robot_1
copying /home/supakorn/ros2_ws/build/robot_1/build/lib/robot_1/third_sub.py -> /home/supakorn/ros2_ws/install/robot_1/lib/python3.10/site-packages/robot_1
copying /home/supakorn/ros2_ws/build/robot_1/build/lib/robot_1/add_two_ints_client.py -> /home/supakorn/ros2_ws/install/robot_1/lib/python3.10/site-packages/robot_1
copying /home/supakorn/ros2_ws/build/robot_1/build/lib/robot_1/add_two_ints_server.py -> /home/supakorn/ros2_ws/install/robot_1/lib/python3.10/site-packages/robot_1
copying /home/supakorn/ros2_ws/build/robot_1/build/lib/robot_1/first_publisher.py -> /home/supakorn/ros2_ws/install/robot_1/lib/python3.10/site-packages/robot_1
copying /home/supakorn/ros2_ws/build/robot_1/build/lib/robot_1/first_sub.py -> /home/supakorn/ros2_ws/install/robot_1/lib/python3.10/site-packages/robot_1
copying /home/supakorn/ros2_ws/build/robot_1/build/lib/robot_1/__init__.py -> /home/supakorn/ros2_ws/install/robot_1/lib/python3.10/site-packages/robot_1
copying /home/supakorn/ros2_ws/build/robot_1/build/lib/robot_1/hw_status_pub.py -> /home/supakorn/ros2_ws/install/robot_1/lib/python3.10/site-packages/robot_1
copying /home/supakorn/ros2_ws/build/robot_1/build/lib/robot_1/second_sub.py -> /home/supakorn/ros2_ws/install/robot_1/lib/python3.10/site-packages/robot_1
byte-compiling /home/supakorn/ros2_ws/install/robot_1/lib/python3.10/site-packages/robot_1/third_sub.py to third_sub.cpython-310.pyc
byte-compiling /home/supakorn/ros2_ws/install/robot_1/lib/python3.10/site-packages/robot_1/add_two_ints_client.py to add_two_ints_client.cpython-310.pyc
byte-compiling /home/supakorn/ros2_ws/install/robot_1/lib/python3.10/site-packages/robot_1/add_two_ints_server.py to add_two_ints_server.cpython-310.pyc
byte-compiling /home/supakorn/ros2_ws/install/robot_1/lib/python3.10/site-packages/robot_1/first_publisher.py to first_publisher.cpython-310.pyc
byte-compiling /home/supakorn/ros2_ws/install/robot_1/lib/python3.10/site-packages/robot_1/first_sub.py to first_sub.cpython-310.pyc
byte-compiling /home/supakorn/ros2_ws/install/robot_1/lib/python3.10/site-packages/robot_1/__init__.py to __init__.cpython-310.pyc
byte-compiling /home/supakorn/ros2_ws/install/robot_1/lib/python3.10/site-packages/robot_1/hw_status_pub.py to hw_status_pub.cpython-310.pyc
byte-compiling /home/supakorn/ros2_ws/install/robot_1/lib/python3.10/site-packages/robot_1/second_sub.py to second_sub.cpython-310.pyc
running install_data
running install_egg_info
Copying ../../build/robot_1/robot_1.egg-info to /home/supakorn/ros2_ws/install/robot_1/lib/python3.10/site-packages/robot_1-0.0.0-py3.10.egg-info
running install_scripts
Installing add_two_ints_cli script to /home/supakorn/ros2_ws/install/robot_1/lib/robot_1
Installing add_two_ints_sv script to /home/supakorn/ros2_ws/install/robot_1/lib/robot_1
Installing first_pub script to /home/supakorn/ros2_ws/install/robot_1/lib/robot_1
Installing first_sup script to /home/supakorn/ros2_ws/install/robot_1/lib/robot_1
Installing hw_status script to /home/supakorn/ros2_ws/install/robot_1/lib/robot_1
Installing second_sup script to /home/supakorn/ros2_ws/install/robot_1/lib/robot_1
Installing third_sup script to /home/supakorn/ros2_ws/install/robot_1/lib/robot_1
writing list of installed files to '/home/supakorn/ros2_ws/build/robot_1/install.log'
