[0.777s] Invoking command in '/home/supakorn/ros2_ws/build/robot_1': PYTHONPATH=/home/supakorn/ros2_ws/build/robot_1/prefix_override:/home/supakorn/ros2_ws/install/robot_1/lib/python3.10/site-packages:/home/supakorn/ros2_ws/install/myrobot_interfaces/lib/python3.10/site-packages:/home/supakorn/ros2_ws/build/robot_1:/home/supakorn/ros2_ws/install/robot_1/lib/python3.10/site-packages:/home/supakorn/ros2_ws/install/my_robot/lib/python3.10/site-packages:/opt/ros/iron/lib/python3.10/site-packages /usr/bin/python3 setup.py develop --uninstall --editable --build-directory /home/supakorn/ros2_ws/build/robot_1/build
[1.040s] running develop
[1.041s] /usr/lib/python3/dist-packages/setuptools/command/easy_install.py:158: EasyInstallDeprecationWarning: easy_install command is deprecated. Use build and pip and other standards-based tools.
[1.041s]   warnings.warn(
[1.042s] /usr/lib/python3/dist-packages/setuptools/command/install.py:34: SetuptoolsDeprecationWarning: setup.py install is deprecated. Use build and pip and other standards-based tools.
[1.042s]   warnings.warn(
[1.224s] Removing /home/supakorn/ros2_ws/install/robot_1/lib/python3.10/site-packages/robot-1.egg-link (link to .)
[1.253s] Invoked command in '/home/supakorn/ros2_ws/build/robot_1' returned '0': PYTHONPATH=/home/supakorn/ros2_ws/build/robot_1/prefix_override:/home/supakorn/ros2_ws/install/robot_1/lib/python3.10/site-packages:/home/supakorn/ros2_ws/install/myrobot_interfaces/lib/python3.10/site-packages:/home/supakorn/ros2_ws/build/robot_1:/home/supakorn/ros2_ws/install/robot_1/lib/python3.10/site-packages:/home/supakorn/ros2_ws/install/my_robot/lib/python3.10/site-packages:/opt/ros/iron/lib/python3.10/site-packages /usr/bin/python3 setup.py develop --uninstall --editable --build-directory /home/supakorn/ros2_ws/build/robot_1/build
[1.255s] Invoking command in '/home/supakorn/ros2_ws/src/robot_1': PYTHONPATH=/home/supakorn/ros2_ws/build/robot_1/prefix_override:/home/supakorn/ros2_ws/install/robot_1/lib/python3.10/site-packages:/home/supakorn/ros2_ws/install/myrobot_interfaces/lib/python3.10/site-packages:/home/supakorn/ros2_ws/build/robot_1:/home/supakorn/ros2_ws/install/robot_1/lib/python3.10/site-packages:/home/supakorn/ros2_ws/install/my_robot/lib/python3.10/site-packages:/opt/ros/iron/lib/python3.10/site-packages /usr/bin/python3 setup.py egg_info --egg-base ../../build/robot_1 build --build-base /home/supakorn/ros2_ws/build/robot_1/build install --record /home/supakorn/ros2_ws/build/robot_1/install.log --single-version-externally-managed
[1.506s] running egg_info
[1.507s] writing ../../build/robot_1/robot_1.egg-info/PKG-INFO
[1.507s] writing dependency_links to ../../build/robot_1/robot_1.egg-info/dependency_links.txt
[1.508s] writing entry points to ../../build/robot_1/robot_1.egg-info/entry_points.txt
[1.508s] writing requirements to ../../build/robot_1/robot_1.egg-info/requires.txt
[1.508s] writing top-level names to ../../build/robot_1/robot_1.egg-info/top_level.txt
[1.510s] reading manifest file '../../build/robot_1/robot_1.egg-info/SOURCES.txt'
[1.511s] writing manifest file '../../build/robot_1/robot_1.egg-info/SOURCES.txt'
[1.512s] running build
[1.512s] running build_py
[1.512s] creating /home/supakorn/ros2_ws/build/robot_1/build
[1.512s] creating /home/supakorn/ros2_ws/build/robot_1/build/lib
[1.512s] creating /home/supakorn/ros2_ws/build/robot_1/build/lib/robot_1
[1.512s] copying robot_1/third_sub.py -> /home/supakorn/ros2_ws/build/robot_1/build/lib/robot_1
[1.512s] copying robot_1/add_two_ints_client.py -> /home/supakorn/ros2_ws/build/robot_1/build/lib/robot_1
[1.512s] copying robot_1/add_two_ints_server.py -> /home/supakorn/ros2_ws/build/robot_1/build/lib/robot_1
[1.513s] copying robot_1/first_publisher.py -> /home/supakorn/ros2_ws/build/robot_1/build/lib/robot_1
[1.513s] copying robot_1/first_sub.py -> /home/supakorn/ros2_ws/build/robot_1/build/lib/robot_1
[1.513s] copying robot_1/__init__.py -> /home/supakorn/ros2_ws/build/robot_1/build/lib/robot_1
[1.513s] copying robot_1/hw_status_pub.py -> /home/supakorn/ros2_ws/build/robot_1/build/lib/robot_1
[1.513s] copying robot_1/second_sub.py -> /home/supakorn/ros2_ws/build/robot_1/build/lib/robot_1
[1.513s] running install
[1.514s] /usr/lib/python3/dist-packages/setuptools/command/install.py:34: SetuptoolsDeprecationWarning: setup.py install is deprecated. Use build and pip and other standards-based tools.
[1.514s]   warnings.warn(
[1.514s] running install_lib
[1.515s] creating /home/supakorn/ros2_ws/install/robot_1/lib/python3.10/site-packages/robot_1
[1.515s] copying /home/supakorn/ros2_ws/build/robot_1/build/lib/robot_1/third_sub.py -> /home/supakorn/ros2_ws/install/robot_1/lib/python3.10/site-packages/robot_1
[1.515s] copying /home/supakorn/ros2_ws/build/robot_1/build/lib/robot_1/add_two_ints_client.py -> /home/supakorn/ros2_ws/install/robot_1/lib/python3.10/site-packages/robot_1
[1.515s] copying /home/supakorn/ros2_ws/build/robot_1/build/lib/robot_1/add_two_ints_server.py -> /home/supakorn/ros2_ws/install/robot_1/lib/python3.10/site-packages/robot_1
[1.515s] copying /home/supakorn/ros2_ws/build/robot_1/build/lib/robot_1/first_publisher.py -> /home/supakorn/ros2_ws/install/robot_1/lib/python3.10/site-packages/robot_1
[1.515s] copying /home/supakorn/ros2_ws/build/robot_1/build/lib/robot_1/first_sub.py -> /home/supakorn/ros2_ws/install/robot_1/lib/python3.10/site-packages/robot_1
[1.516s] copying /home/supakorn/ros2_ws/build/robot_1/build/lib/robot_1/__init__.py -> /home/supakorn/ros2_ws/install/robot_1/lib/python3.10/site-packages/robot_1
[1.516s] copying /home/supakorn/ros2_ws/build/robot_1/build/lib/robot_1/hw_status_pub.py -> /home/supakorn/ros2_ws/install/robot_1/lib/python3.10/site-packages/robot_1
[1.516s] copying /home/supakorn/ros2_ws/build/robot_1/build/lib/robot_1/second_sub.py -> /home/supakorn/ros2_ws/install/robot_1/lib/python3.10/site-packages/robot_1
[1.516s] byte-compiling /home/supakorn/ros2_ws/install/robot_1/lib/python3.10/site-packages/robot_1/third_sub.py to third_sub.cpython-310.pyc
[1.517s] byte-compiling /home/supakorn/ros2_ws/install/robot_1/lib/python3.10/site-packages/robot_1/add_two_ints_client.py to add_two_ints_client.cpython-310.pyc
[1.517s] byte-compiling /home/supakorn/ros2_ws/install/robot_1/lib/python3.10/site-packages/robot_1/add_two_ints_server.py to add_two_ints_server.cpython-310.pyc
[1.518s] byte-compiling /home/supakorn/ros2_ws/install/robot_1/lib/python3.10/site-packages/robot_1/first_publisher.py to first_publisher.cpython-310.pyc
[1.518s] byte-compiling /home/supakorn/ros2_ws/install/robot_1/lib/python3.10/site-packages/robot_1/first_sub.py to first_sub.cpython-310.pyc
[1.519s] byte-compiling /home/supakorn/ros2_ws/install/robot_1/lib/python3.10/site-packages/robot_1/__init__.py to __init__.cpython-310.pyc
[1.519s] byte-compiling /home/supakorn/ros2_ws/install/robot_1/lib/python3.10/site-packages/robot_1/hw_status_pub.py to hw_status_pub.cpython-310.pyc
[1.519s] byte-compiling /home/supakorn/ros2_ws/install/robot_1/lib/python3.10/site-packages/robot_1/second_sub.py to second_sub.cpython-310.pyc
[1.520s] running install_data
[1.520s] running install_egg_info
[1.523s] Copying ../../build/robot_1/robot_1.egg-info to /home/supakorn/ros2_ws/install/robot_1/lib/python3.10/site-packages/robot_1-0.0.0-py3.10.egg-info
[1.540s] running install_scripts
[1.563s] Installing add_two_ints_cli script to /home/supakorn/ros2_ws/install/robot_1/lib/robot_1
[1.563s] Installing add_two_ints_sv script to /home/supakorn/ros2_ws/install/robot_1/lib/robot_1
[1.564s] Installing first_pub script to /home/supakorn/ros2_ws/install/robot_1/lib/robot_1
[1.564s] Installing first_sup script to /home/supakorn/ros2_ws/install/robot_1/lib/robot_1
[1.564s] Installing hw_status script to /home/supakorn/ros2_ws/install/robot_1/lib/robot_1
[1.564s] Installing second_sup script to /home/supakorn/ros2_ws/install/robot_1/lib/robot_1
[1.565s] Installing third_sup script to /home/supakorn/ros2_ws/install/robot_1/lib/robot_1
[1.565s] writing list of installed files to '/home/supakorn/ros2_ws/build/robot_1/install.log'
[1.590s] Invoked command in '/home/supakorn/ros2_ws/src/robot_1' returned '0': PYTHONPATH=/home/supakorn/ros2_ws/build/robot_1/prefix_override:/home/supakorn/ros2_ws/install/robot_1/lib/python3.10/site-packages:/home/supakorn/ros2_ws/install/myrobot_interfaces/lib/python3.10/site-packages:/home/supakorn/ros2_ws/build/robot_1:/home/supakorn/ros2_ws/install/robot_1/lib/python3.10/site-packages:/home/supakorn/ros2_ws/install/my_robot/lib/python3.10/site-packages:/opt/ros/iron/lib/python3.10/site-packages /usr/bin/python3 setup.py egg_info --egg-base ../../build/robot_1 build --build-base /home/supakorn/ros2_ws/build/robot_1/build install --record /home/supakorn/ros2_ws/build/robot_1/install.log --single-version-externally-managed
