running develop
/usr/lib/python3/dist-packages/setuptools/command/easy_install.py:158: EasyInstallDeprecationWarning: easy_install command is deprecated. Use build and pip and other standards-based tools.
  warnings.warn(
/usr/lib/python3/dist-packages/setuptools/command/install.py:34: SetuptoolsDeprecationWarning: setup.py install is deprecated. Use build and pip and other standards-based tools.
  warnings.warn(
running egg_info
creating my_robot.egg-info
writing my_robot.egg-info/PKG-INFO
writing dependency_links to my_robot.egg-info/dependency_links.txt
writing entry points to my_robot.egg-info/entry_points.txt
writing requirements to my_robot.egg-info/requires.txt
writing top-level names to my_robot.egg-info/top_level.txt
writing manifest file 'my_robot.egg-info/SOURCES.txt'
reading manifest file 'my_robot.egg-info/SOURCES.txt'
writing manifest file 'my_robot.egg-info/SOURCES.txt'
running build_ext
Creating /home/predator/ros2_ws/src/install/my_robot/lib/python3.10/site-packages/my-robot.egg-link (link to .)
Installing cal_rect script to /home/predator/ros2_ws/src/install/my_robot/lib/my_robot
Installing cal_rect_c script to /home/predator/ros2_ws/src/install/my_robot/lib/my_robot
Installing first_node script to /home/predator/ros2_ws/src/install/my_robot/lib/my_robot
Installing hw_para script to /home/predator/ros2_ws/src/install/my_robot/lib/my_robot

Installed /home/predator/ros2_ws/src/build/my_robot
running install_data
creating /home/predator/ros2_ws/src/install/my_robot/share/ament_index
creating /home/predator/ros2_ws/src/install/my_robot/share/ament_index/resource_index
creating /home/predator/ros2_ws/src/install/my_robot/share/ament_index/resource_index/packages
copying resource/my_robot -> /home/predator/ros2_ws/src/install/my_robot/share/ament_index/resource_index/packages
copying package.xml -> /home/predator/ros2_ws/src/install/my_robot/share/my_robot
