[0.777s] Invoking command in '/home/predator/ros2_ws/src/build/my_robot': PYTHONPATH=/home/predator/ros2_ws/src/build/my_robot/prefix_override:/home/predator/ros2_ws/src/install/my_robot/lib/python3.10/site-packages:${PYTHONPATH} /usr/bin/python3 setup.py develop --editable --build-directory /home/predator/ros2_ws/src/build/my_robot/build --no-deps install_data
[0.993s] running develop
[1.004s] /usr/lib/python3/dist-packages/setuptools/command/easy_install.py:158: EasyInstallDeprecationWarning: easy_install command is deprecated. Use build and pip and other standards-based tools.
[1.004s]   warnings.warn(
[1.005s] /usr/lib/python3/dist-packages/setuptools/command/install.py:34: SetuptoolsDeprecationWarning: setup.py install is deprecated. Use build and pip and other standards-based tools.
[1.005s]   warnings.warn(
[1.129s] running egg_info
[1.129s] creating my_robot.egg-info
[1.130s] writing my_robot.egg-info/PKG-INFO
[1.130s] writing dependency_links to my_robot.egg-info/dependency_links.txt
[1.140s] writing entry points to my_robot.egg-info/entry_points.txt
[1.140s] writing requirements to my_robot.egg-info/requires.txt
[1.140s] writing top-level names to my_robot.egg-info/top_level.txt
[1.141s] writing manifest file 'my_robot.egg-info/SOURCES.txt'
[1.143s] reading manifest file 'my_robot.egg-info/SOURCES.txt'
[1.143s] writing manifest file 'my_robot.egg-info/SOURCES.txt'
[1.147s] running build_ext
[1.147s] Creating /home/predator/ros2_ws/src/install/my_robot/lib/python3.10/site-packages/my-robot.egg-link (link to .)
[1.148s] Installing cal_rect script to /home/predator/ros2_ws/src/install/my_robot/lib/my_robot
[1.148s] Installing cal_rect_c script to /home/predator/ros2_ws/src/install/my_robot/lib/my_robot
[1.148s] Installing first_node script to /home/predator/ros2_ws/src/install/my_robot/lib/my_robot
[1.148s] Installing hw_para script to /home/predator/ros2_ws/src/install/my_robot/lib/my_robot
[1.149s] 
[1.149s] Installed /home/predator/ros2_ws/src/build/my_robot
[1.149s] running install_data
[1.149s] creating /home/predator/ros2_ws/src/install/my_robot/share/ament_index
[1.150s] creating /home/predator/ros2_ws/src/install/my_robot/share/ament_index/resource_index
[1.150s] creating /home/predator/ros2_ws/src/install/my_robot/share/ament_index/resource_index/packages
[1.150s] copying resource/my_robot -> /home/predator/ros2_ws/src/install/my_robot/share/ament_index/resource_index/packages
[1.150s] copying package.xml -> /home/predator/ros2_ws/src/install/my_robot/share/my_robot
[1.180s] Invoked command in '/home/predator/ros2_ws/src/build/my_robot' returned '0': PYTHONPATH=/home/predator/ros2_ws/src/build/my_robot/prefix_override:/home/predator/ros2_ws/src/install/my_robot/lib/python3.10/site-packages:${PYTHONPATH} /usr/bin/python3 setup.py develop --editable --build-directory /home/predator/ros2_ws/src/build/my_robot/build --no-deps install_data
