[0.087s] Invoking command in '/home/supakorn/ros2_ws/build/myrobot_interfaces': CMAKE_PREFIX_PATH=/home/supakorn/ros2_ws/install/robot_1:/home/supakorn/ros2_ws/install/my_robot:/opt/ros/iron /usr/bin/cmake /home/supakorn/ros2_ws/src/myrobot_interfaces -DCMAKE_INSTALL_PREFIX=/home/supakorn/ros2_ws/install/myrobot_interfaces
[0.962s] -- The C compiler identification is GNU 11.4.0
[1.330s] -- The CXX compiler identification is GNU 11.4.0
[1.375s] -- Detecting C compiler ABI info
[1.564s] -- Detecting C compiler ABI info - done
[1.571s] -- Check for working C compiler: /usr/bin/cc - skipped
[1.572s] -- Detecting C compile features
[1.587s] -- Detecting C compile features - done
[1.599s] -- Detecting CXX compiler ABI info
[1.734s] -- Detecting CXX compiler ABI info - done
[1.742s] -- Check for working CXX compiler: /usr/bin/c++ - skipped
[1.743s] -- Detecting CXX compile features
[1.743s] -- Detecting CXX compile features - done
[1.909s] -- Found ament_cmake: 2.0.3 (/opt/ros/iron/share/ament_cmake/cmake)
[2.217s] -- Found Python3: /usr/bin/python3.10 (found version "3.10.12") found components: Interpreter 
[2.521s] -- Found ament_lint_auto: 0.14.2 (/opt/ros/iron/share/ament_lint_auto/cmake)
[2.673s] -- Found rosidl_default_generators: 1.5.0 (/opt/ros/iron/share/rosidl_default_generators/cmake)
[2.739s] -- Using all available rosidl_typesupport_c: rosidl_typesupport_fastrtps_c;rosidl_typesupport_introspection_c
[3.096s] -- Using all available rosidl_typesupport_cpp: rosidl_typesupport_fastrtps_cpp;rosidl_typesupport_introspection_cpp
[3.278s] -- Found rosidl_adapter: 4.0.1 (/opt/ros/iron/share/rosidl_adapter/cmake)
[3.289s] [31mCMake Error at /opt/ros/iron/share/rosidl_cmake/cmake/rosidl_generate_interfaces.cmake:95 (message):
[3.289s]   rosidl_generate_interfaces() the passed file 'msg/HWstatus.msg' doesn't
[3.289s]   exist relative to the CMAKE_CURRENT_SOURCE_DIR
[3.289s]   '/home/supakorn/ros2_ws/src/myrobot_interfaces'
[3.289s] Call Stack (most recent call first):
[3.289s]   CMakeLists.txt:28 (rosidl_generate_interfaces)
[3.289s] 
[3.289s] [0m
[3.289s] -- Configuring incomplete, errors occurred!
[3.289s] See also "/home/supakorn/ros2_ws/build/myrobot_interfaces/CMakeFiles/CMakeOutput.log".
[3.296s] Invoked command in '/home/supakorn/ros2_ws/build/myrobot_interfaces' returned '1': CMAKE_PREFIX_PATH=/home/supakorn/ros2_ws/install/robot_1:/home/supakorn/ros2_ws/install/my_robot:/opt/ros/iron /usr/bin/cmake /home/supakorn/ros2_ws/src/myrobot_interfaces -DCMAKE_INSTALL_PREFIX=/home/supakorn/ros2_ws/install/myrobot_interfaces
