[0.063s] Invoking command in '/home/predator/ros2_ws/build/ce_robot_bootup': AMENT_PREFIX_PATH=/home/predator/ros2_ws/install/my_robot:/home/predator/ros2_ws/install/ce_robot_bootup:/home/predator/ros2_ws/install/robot_1:/home/predator/ros2_ws/install/myrobot_interfaces:/opt/ros/iron CMAKE_PREFIX_PATH=${CMAKE_PREFIX_PATH}:/home/predator/ros2_ws/install/robot_1:/home/predator/ros2_ws/install/my_robot:/opt/ros/iron PYTHONPATH=/home/predator/ros2_ws/install/my_robot/lib/python3.10/site-packages:/home/predator/ros2_ws/install/robot_1/lib/python3.10/site-packages:/home/predator/ros2_ws/install/myrobot_interfaces/lib/python3.10/site-packages:/opt/ros/iron/lib/python3.10/site-packages /usr/bin/cmake --build /home/predator/ros2_ws/build/ce_robot_bootup -- -j4 -l4
[0.106s] Invoked command in '/home/predator/ros2_ws/build/ce_robot_bootup' returned '0': AMENT_PREFIX_PATH=/home/predator/ros2_ws/install/my_robot:/home/predator/ros2_ws/install/ce_robot_bootup:/home/predator/ros2_ws/install/robot_1:/home/predator/ros2_ws/install/myrobot_interfaces:/opt/ros/iron CMAKE_PREFIX_PATH=${CMAKE_PREFIX_PATH}:/home/predator/ros2_ws/install/robot_1:/home/predator/ros2_ws/install/my_robot:/opt/ros/iron PYTHONPATH=/home/predator/ros2_ws/install/my_robot/lib/python3.10/site-packages:/home/predator/ros2_ws/install/robot_1/lib/python3.10/site-packages:/home/predator/ros2_ws/install/myrobot_interfaces/lib/python3.10/site-packages:/opt/ros/iron/lib/python3.10/site-packages /usr/bin/cmake --build /home/predator/ros2_ws/build/ce_robot_bootup -- -j4 -l4
[0.171s] Invoking command in '/home/predator/ros2_ws/build/ce_robot_bootup': AMENT_PREFIX_PATH=/home/predator/ros2_ws/install/my_robot:/home/predator/ros2_ws/install/ce_robot_bootup:/home/predator/ros2_ws/install/robot_1:/home/predator/ros2_ws/install/myrobot_interfaces:/opt/ros/iron CMAKE_PREFIX_PATH=${CMAKE_PREFIX_PATH}:/home/predator/ros2_ws/install/robot_1:/home/predator/ros2_ws/install/my_robot:/opt/ros/iron PYTHONPATH=/home/predator/ros2_ws/install/my_robot/lib/python3.10/site-packages:/home/predator/ros2_ws/install/robot_1/lib/python3.10/site-packages:/home/predator/ros2_ws/install/myrobot_interfaces/lib/python3.10/site-packages:/opt/ros/iron/lib/python3.10/site-packages /usr/bin/cmake --install /home/predator/ros2_ws/build/ce_robot_bootup
[0.179s] -- Install configuration: ""
[0.179s] -- Execute custom install script
[0.179s] -- Up-to-date symlink: /home/predator/ros2_ws/install/ce_robot_bootup/share/ce_robot_bootup/launch/ce_boot_launch.py
[0.179s] -- Up-to-date symlink: /home/predator/ros2_ws/install/ce_robot_bootup/share/ament_index/resource_index/package_run_dependencies/ce_robot_bootup
[0.179s] -- Up-to-date symlink: /home/predator/ros2_ws/install/ce_robot_bootup/share/ament_index/resource_index/parent_prefix_path/ce_robot_bootup
[0.180s] -- Up-to-date symlink: /home/predator/ros2_ws/install/ce_robot_bootup/share/ce_robot_bootup/environment/ament_prefix_path.sh
[0.180s] -- Up-to-date symlink: /home/predator/ros2_ws/install/ce_robot_bootup/share/ce_robot_bootup/environment/ament_prefix_path.dsv
[0.180s] -- Up-to-date symlink: /home/predator/ros2_ws/install/ce_robot_bootup/share/ce_robot_bootup/environment/path.sh
[0.180s] -- Up-to-date symlink: /home/predator/ros2_ws/install/ce_robot_bootup/share/ce_robot_bootup/environment/path.dsv
[0.180s] -- Up-to-date symlink: /home/predator/ros2_ws/install/ce_robot_bootup/share/ce_robot_bootup/local_setup.bash
[0.180s] -- Up-to-date symlink: /home/predator/ros2_ws/install/ce_robot_bootup/share/ce_robot_bootup/local_setup.sh
[0.181s] -- Up-to-date symlink: /home/predator/ros2_ws/install/ce_robot_bootup/share/ce_robot_bootup/local_setup.zsh
[0.181s] -- Up-to-date symlink: /home/predator/ros2_ws/install/ce_robot_bootup/share/ce_robot_bootup/local_setup.dsv
[0.181s] -- Symlinking: /home/predator/ros2_ws/install/ce_robot_bootup/share/ce_robot_bootup/package.dsv
[0.192s] -- Up-to-date symlink: /home/predator/ros2_ws/install/ce_robot_bootup/share/ament_index/resource_index/packages/ce_robot_bootup
[0.192s] -- Up-to-date symlink: /home/predator/ros2_ws/install/ce_robot_bootup/share/ce_robot_bootup/cmake/ce_robot_bootupConfig.cmake
[0.192s] -- Up-to-date symlink: /home/predator/ros2_ws/install/ce_robot_bootup/share/ce_robot_bootup/cmake/ce_robot_bootupConfig-version.cmake
[0.192s] -- Up-to-date symlink: /home/predator/ros2_ws/install/ce_robot_bootup/share/ce_robot_bootup/package.xml
[0.196s] Invoked command in '/home/predator/ros2_ws/build/ce_robot_bootup' returned '0': AMENT_PREFIX_PATH=/home/predator/ros2_ws/install/my_robot:/home/predator/ros2_ws/install/ce_robot_bootup:/home/predator/ros2_ws/install/robot_1:/home/predator/ros2_ws/install/myrobot_interfaces:/opt/ros/iron CMAKE_PREFIX_PATH=${CMAKE_PREFIX_PATH}:/home/predator/ros2_ws/install/robot_1:/home/predator/ros2_ws/install/my_robot:/opt/ros/iron PYTHONPATH=/home/predator/ros2_ws/install/my_robot/lib/python3.10/site-packages:/home/predator/ros2_ws/install/robot_1/lib/python3.10/site-packages:/home/predator/ros2_ws/install/myrobot_interfaces/lib/python3.10/site-packages:/opt/ros/iron/lib/python3.10/site-packages /usr/bin/cmake --install /home/predator/ros2_ws/build/ce_robot_bootup
