-- Found ament_cmake: 2.0.3 (/opt/ros/iron/share/ament_cmake/cmake)
-- Override CMake install command with custom implementation using symlinks instead of copying resources
-- Found ament_lint_auto: 0.14.2 (/opt/ros/iron/share/ament_lint_auto/cmake)
-- Added test 'flake8' to check Python code syntax and style conventions
-- Configured 'flake8' exclude dirs and/or files: 
-- Added test 'lint_cmake' to check CMake code style
-- Added test 'pep257' to check Python code against some of the docstring style conventions in PEP 257
-- Added test 'xmllint' to check XML markup files
-- Configuring done
-- Generating done
-- Build files have been written to: /home/predator/ros2_ws/build/ce_robot_bootup
-- Install configuration: ""
-- Execute custom install script
-- Symlinking: /home/predator/ros2_ws/install/ce_robot_bootup/share/ce_robot_bootup/launch/ce_boot_launch.py
-- Symlinking: /home/predator/ros2_ws/install/ce_robot_bootup/share/ament_index/resource_index/package_run_dependencies/ce_robot_bootup
-- Symlinking: /home/predator/ros2_ws/install/ce_robot_bootup/share/ament_index/resource_index/parent_prefix_path/ce_robot_bootup
-- Symlinking: /home/predator/ros2_ws/install/ce_robot_bootup/share/ce_robot_bootup/environment/ament_prefix_path.sh
-- Symlinking: /home/predator/ros2_ws/install/ce_robot_bootup/share/ce_robot_bootup/environment/ament_prefix_path.dsv
-- Symlinking: /home/predator/ros2_ws/install/ce_robot_bootup/share/ce_robot_bootup/environment/path.sh
-- Symlinking: /home/predator/ros2_ws/install/ce_robot_bootup/share/ce_robot_bootup/environment/path.dsv
-- Symlinking: /home/predator/ros2_ws/install/ce_robot_bootup/share/ce_robot_bootup/local_setup.bash
-- Symlinking: /home/predator/ros2_ws/install/ce_robot_bootup/share/ce_robot_bootup/local_setup.sh
-- Symlinking: /home/predator/ros2_ws/install/ce_robot_bootup/share/ce_robot_bootup/local_setup.zsh
-- Symlinking: /home/predator/ros2_ws/install/ce_robot_bootup/share/ce_robot_bootup/local_setup.dsv
-- Symlinking: /home/predator/ros2_ws/install/ce_robot_bootup/share/ce_robot_bootup/package.dsv
-- Symlinking: /home/predator/ros2_ws/install/ce_robot_bootup/share/ament_index/resource_index/packages/ce_robot_bootup
-- Symlinking: /home/predator/ros2_ws/install/ce_robot_bootup/share/ce_robot_bootup/cmake/ce_robot_bootupConfig.cmake
-- Symlinking: /home/predator/ros2_ws/install/ce_robot_bootup/share/ce_robot_bootup/cmake/ce_robot_bootupConfig-version.cmake
-- Symlinking: /home/predator/ros2_ws/install/ce_robot_bootup/share/ce_robot_bootup/package.xml
