[0.056s] Invoking command in '/home/predator/ros2_ws/build/ce_robot_bootup': AMENT_PREFIX_PATH=/home/predator/ros2_ws/install/my_robot:/home/predator/ros2_ws/install/robot_1:/home/predator/ros2_ws/install/myrobot_interfaces:/opt/ros/iron CMAKE_PREFIX_PATH=${CMAKE_PREFIX_PATH}:/home/predator/ros2_ws/install/robot_1:/home/predator/ros2_ws/install/my_robot:/opt/ros/iron PYTHONPATH=/home/predator/ros2_ws/install/my_robot/lib/python3.10/site-packages:/home/predator/ros2_ws/install/robot_1/lib/python3.10/site-packages:/home/predator/ros2_ws/install/myrobot_interfaces/lib/python3.10/site-packages:/opt/ros/iron/lib/python3.10/site-packages /usr/bin/cmake /home/predator/ros2_ws/src/ce_robot_bootup -DAMENT_CMAKE_SYMLINK_INSTALL=1 -DCMAKE_INSTALL_PREFIX=/home/predator/ros2_ws/install/ce_robot_bootup
[0.071s] -- Found ament_cmake: 2.0.3 (/opt/ros/iron/share/ament_cmake/cmake)
[0.202s] -- Override CMake install command with custom implementation using symlinks instead of copying resources
[0.207s] -- Found ament_lint_auto: 0.14.2 (/opt/ros/iron/share/ament_lint_auto/cmake)
[0.272s] -- Added test 'flake8' to check Python code syntax and style conventions
[0.273s] -- Configured 'flake8' exclude dirs and/or files: 
[0.273s] -- Added test 'lint_cmake' to check CMake code style
[0.273s] -- Added test 'pep257' to check Python code against some of the docstring style conventions in PEP 257
[0.273s] -- Added test 'xmllint' to check XML markup files
[0.274s] -- Configuring done
[0.277s] -- Generating done
[0.278s] -- Build files have been written to: /home/predator/ros2_ws/build/ce_robot_bootup
[0.281s] Invoked command in '/home/predator/ros2_ws/build/ce_robot_bootup' returned '0': AMENT_PREFIX_PATH=/home/predator/ros2_ws/install/my_robot:/home/predator/ros2_ws/install/robot_1:/home/predator/ros2_ws/install/myrobot_interfaces:/opt/ros/iron CMAKE_PREFIX_PATH=${CMAKE_PREFIX_PATH}:/home/predator/ros2_ws/install/robot_1:/home/predator/ros2_ws/install/my_robot:/opt/ros/iron PYTHONPATH=/home/predator/ros2_ws/install/my_robot/lib/python3.10/site-packages:/home/predator/ros2_ws/install/robot_1/lib/python3.10/site-packages:/home/predator/ros2_ws/install/myrobot_interfaces/lib/python3.10/site-packages:/opt/ros/iron/lib/python3.10/site-packages /usr/bin/cmake /home/predator/ros2_ws/src/ce_robot_bootup -DAMENT_CMAKE_SYMLINK_INSTALL=1 -DCMAKE_INSTALL_PREFIX=/home/predator/ros2_ws/install/ce_robot_bootup
[0.283s] Invoking command in '/home/predator/ros2_ws/build/ce_robot_bootup': AMENT_PREFIX_PATH=/home/predator/ros2_ws/install/my_robot:/home/predator/ros2_ws/install/robot_1:/home/predator/ros2_ws/install/myrobot_interfaces:/opt/ros/iron CMAKE_PREFIX_PATH=${CMAKE_PREFIX_PATH}:/home/predator/ros2_ws/install/robot_1:/home/predator/ros2_ws/install/my_robot:/opt/ros/iron PYTHONPATH=/home/predator/ros2_ws/install/my_robot/lib/python3.10/site-packages:/home/predator/ros2_ws/install/robot_1/lib/python3.10/site-packages:/home/predator/ros2_ws/install/myrobot_interfaces/lib/python3.10/site-packages:/opt/ros/iron/lib/python3.10/site-packages /usr/bin/cmake --build /home/predator/ros2_ws/build/ce_robot_bootup -- -j4 -l4
[0.328s] Invoked command in '/home/predator/ros2_ws/build/ce_robot_bootup' returned '0': AMENT_PREFIX_PATH=/home/predator/ros2_ws/install/my_robot:/home/predator/ros2_ws/install/robot_1:/home/predator/ros2_ws/install/myrobot_interfaces:/opt/ros/iron CMAKE_PREFIX_PATH=${CMAKE_PREFIX_PATH}:/home/predator/ros2_ws/install/robot_1:/home/predator/ros2_ws/install/my_robot:/opt/ros/iron PYTHONPATH=/home/predator/ros2_ws/install/my_robot/lib/python3.10/site-packages:/home/predator/ros2_ws/install/robot_1/lib/python3.10/site-packages:/home/predator/ros2_ws/install/myrobot_interfaces/lib/python3.10/site-packages:/opt/ros/iron/lib/python3.10/site-packages /usr/bin/cmake --build /home/predator/ros2_ws/build/ce_robot_bootup -- -j4 -l4
[0.376s] Invoking command in '/home/predator/ros2_ws/build/ce_robot_bootup': AMENT_PREFIX_PATH=/home/predator/ros2_ws/install/my_robot:/home/predator/ros2_ws/install/robot_1:/home/predator/ros2_ws/install/myrobot_interfaces:/opt/ros/iron CMAKE_PREFIX_PATH=${CMAKE_PREFIX_PATH}:/home/predator/ros2_ws/install/robot_1:/home/predator/ros2_ws/install/my_robot:/opt/ros/iron PYTHONPATH=/home/predator/ros2_ws/install/my_robot/lib/python3.10/site-packages:/home/predator/ros2_ws/install/robot_1/lib/python3.10/site-packages:/home/predator/ros2_ws/install/myrobot_interfaces/lib/python3.10/site-packages:/opt/ros/iron/lib/python3.10/site-packages /usr/bin/cmake --install /home/predator/ros2_ws/build/ce_robot_bootup
[0.385s] -- Install configuration: ""
[0.385s] -- Execute custom install script
[0.386s] -- Symlinking: /home/predator/ros2_ws/install/ce_robot_bootup/share/ce_robot_bootup/launch/ce_boot_launch.py
[0.396s] -- Symlinking: /home/predator/ros2_ws/install/ce_robot_bootup/share/ament_index/resource_index/package_run_dependencies/ce_robot_bootup
[0.406s] -- Symlinking: /home/predator/ros2_ws/install/ce_robot_bootup/share/ament_index/resource_index/parent_prefix_path/ce_robot_bootup
[0.417s] -- Symlinking: /home/predator/ros2_ws/install/ce_robot_bootup/share/ce_robot_bootup/environment/ament_prefix_path.sh
[0.426s] -- Symlinking: /home/predator/ros2_ws/install/ce_robot_bootup/share/ce_robot_bootup/environment/ament_prefix_path.dsv
[0.438s] -- Symlinking: /home/predator/ros2_ws/install/ce_robot_bootup/share/ce_robot_bootup/environment/path.sh
[0.449s] -- Symlinking: /home/predator/ros2_ws/install/ce_robot_bootup/share/ce_robot_bootup/environment/path.dsv
[0.459s] -- Symlinking: /home/predator/ros2_ws/install/ce_robot_bootup/share/ce_robot_bootup/local_setup.bash
[0.470s] -- Symlinking: /home/predator/ros2_ws/install/ce_robot_bootup/share/ce_robot_bootup/local_setup.sh
[0.480s] -- Symlinking: /home/predator/ros2_ws/install/ce_robot_bootup/share/ce_robot_bootup/local_setup.zsh
[0.490s] -- Symlinking: /home/predator/ros2_ws/install/ce_robot_bootup/share/ce_robot_bootup/local_setup.dsv
[0.500s] -- Symlinking: /home/predator/ros2_ws/install/ce_robot_bootup/share/ce_robot_bootup/package.dsv
[0.510s] -- Symlinking: /home/predator/ros2_ws/install/ce_robot_bootup/share/ament_index/resource_index/packages/ce_robot_bootup
[0.520s] -- Symlinking: /home/predator/ros2_ws/install/ce_robot_bootup/share/ce_robot_bootup/cmake/ce_robot_bootupConfig.cmake
[0.531s] -- Symlinking: /home/predator/ros2_ws/install/ce_robot_bootup/share/ce_robot_bootup/cmake/ce_robot_bootupConfig-version.cmake
[0.543s] -- Symlinking: /home/predator/ros2_ws/install/ce_robot_bootup/share/ce_robot_bootup/package.xml
[0.557s] Invoked command in '/home/predator/ros2_ws/build/ce_robot_bootup' returned '0': AMENT_PREFIX_PATH=/home/predator/ros2_ws/install/my_robot:/home/predator/ros2_ws/install/robot_1:/home/predator/ros2_ws/install/myrobot_interfaces:/opt/ros/iron CMAKE_PREFIX_PATH=${CMAKE_PREFIX_PATH}:/home/predator/ros2_ws/install/robot_1:/home/predator/ros2_ws/install/my_robot:/opt/ros/iron PYTHONPATH=/home/predator/ros2_ws/install/my_robot/lib/python3.10/site-packages:/home/predator/ros2_ws/install/robot_1/lib/python3.10/site-packages:/home/predator/ros2_ws/install/myrobot_interfaces/lib/python3.10/site-packages:/opt/ros/iron/lib/python3.10/site-packages /usr/bin/cmake --install /home/predator/ros2_ws/build/ce_robot_bootup
