[0.775s] DEBUG:colcon:Command line arguments: ['/usr/bin/colcon', 'build', '--packages-select', 'my_robot', '--symlink-install']
[0.775s] DEBUG:colcon:Parsed command line arguments: Namespace(log_base=None, log_level=None, verb_name='build', build_base='build', install_base='install', merge_install=False, symlink_install=True, test_result_base=None, continue_on_error=False, executor='parallel', parallel_workers=4, event_handlers=None, ignore_user_meta=False, metas=['./colcon.meta'], base_paths=['.'], packages_ignore=None, packages_ignore_regex=None, paths=None, packages_up_to=None, packages_up_to_regex=None, packages_above=None, packages_above_and_dependencies=None, packages_above_depth=None, packages_select_by_dep=None, packages_skip_by_dep=None, packages_skip_up_to=None, packages_select_build_failed=False, packages_skip_build_finished=False, packages_select_test_failures=False, packages_skip_test_passed=False, packages_select=['my_robot'], packages_skip=None, packages_select_regex=None, packages_skip_regex=None, packages_start=None, packages_end=None, allow_overriding=[], cmake_args=None, cmake_target=None, cmake_target_skip_unavailable=False, cmake_clean_cache=False, cmake_clean_first=False, cmake_force_configure=False, ament_cmake_args=None, catkin_cmake_args=None, catkin_skip_building_tests=False, verb_parser=<colcon_defaults.argument_parser.defaults.DefaultArgumentsDecorator object at 0x7f714b463250>, verb_extension=<colcon_core.verb.build.BuildVerb object at 0x7f714b8c3520>, main=<bound method BuildVerb.main of <colcon_core.verb.build.BuildVerb object at 0x7f714b8c3520>>)
[0.812s] Level 1:colcon.colcon_core.package_discovery:discover_packages(colcon_meta) check parameters
[0.812s] Level 1:colcon.colcon_core.package_discovery:discover_packages(recursive) check parameters
[0.812s] Level 1:colcon.colcon_core.package_discovery:discover_packages(ignore) check parameters
[0.812s] Level 1:colcon.colcon_core.package_discovery:discover_packages(path) check parameters
[0.812s] Level 1:colcon.colcon_core.package_discovery:discover_packages(colcon_meta) discover
[0.812s] Level 1:colcon.colcon_core.package_discovery:discover_packages(recursive) discover
[0.812s] INFO:colcon.colcon_core.package_discovery:Crawling recursively for packages in '/home/predator/ros2_ws/src'
[0.812s] Level 1:colcon.colcon_core.package_identification:_identify(.) by extensions ['ignore', 'ignore_ament_install']
[0.812s] Level 1:colcon.colcon_core.package_identification:_identify(.) by extension 'ignore'
[0.812s] Level 1:colcon.colcon_core.package_identification:_identify(.) by extension 'ignore_ament_install'
[0.812s] Level 1:colcon.colcon_core.package_identification:_identify(.) by extensions ['colcon_pkg']
[0.812s] Level 1:colcon.colcon_core.package_identification:_identify(.) by extension 'colcon_pkg'
[0.812s] Level 1:colcon.colcon_core.package_identification:_identify(.) by extensions ['colcon_meta']
[0.812s] Level 1:colcon.colcon_core.package_identification:_identify(.) by extension 'colcon_meta'
[0.813s] Level 1:colcon.colcon_core.package_identification:_identify(.) by extensions ['ros']
[0.813s] Level 1:colcon.colcon_core.package_identification:_identify(.) by extension 'ros'
[0.823s] Level 1:colcon.colcon_core.package_identification:_identify(.) by extensions ['cmake', 'python']
[0.823s] Level 1:colcon.colcon_core.package_identification:_identify(.) by extension 'cmake'
[0.823s] Level 1:colcon.colcon_core.package_identification:_identify(.) by extension 'python'
[0.823s] Level 1:colcon.colcon_core.package_identification:_identify(.) by extensions ['python_setup_py']
[0.823s] Level 1:colcon.colcon_core.package_identification:_identify(.) by extension 'python_setup_py'
[0.823s] Level 1:colcon.colcon_core.package_identification:_identify(build) by extensions ['ignore', 'ignore_ament_install']
[0.823s] Level 1:colcon.colcon_core.package_identification:_identify(build) by extension 'ignore'
[0.823s] Level 1:colcon.colcon_core.package_identification:_identify(build) ignored
[0.823s] Level 1:colcon.colcon_core.package_identification:_identify(install) by extensions ['ignore', 'ignore_ament_install']
[0.823s] Level 1:colcon.colcon_core.package_identification:_identify(install) by extension 'ignore'
[0.824s] Level 1:colcon.colcon_core.package_identification:_identify(install) ignored
[0.824s] Level 1:colcon.colcon_core.package_identification:_identify(log) by extensions ['ignore', 'ignore_ament_install']
[0.824s] Level 1:colcon.colcon_core.package_identification:_identify(log) by extension 'ignore'
[0.824s] Level 1:colcon.colcon_core.package_identification:_identify(log) ignored
[0.824s] Level 1:colcon.colcon_core.package_identification:_identify(my_robot) by extensions ['ignore', 'ignore_ament_install']
[0.824s] Level 1:colcon.colcon_core.package_identification:_identify(my_robot) by extension 'ignore'
[0.824s] Level 1:colcon.colcon_core.package_identification:_identify(my_robot) by extension 'ignore_ament_install'
[0.824s] Level 1:colcon.colcon_core.package_identification:_identify(my_robot) by extensions ['colcon_pkg']
[0.824s] Level 1:colcon.colcon_core.package_identification:_identify(my_robot) by extension 'colcon_pkg'
[0.824s] Level 1:colcon.colcon_core.package_identification:_identify(my_robot) by extensions ['colcon_meta']
[0.824s] Level 1:colcon.colcon_core.package_identification:_identify(my_robot) by extension 'colcon_meta'
[0.824s] Level 1:colcon.colcon_core.package_identification:_identify(my_robot) by extensions ['ros']
[0.824s] Level 1:colcon.colcon_core.package_identification:_identify(my_robot) by extension 'ros'
[0.826s] DEBUG:colcon.colcon_core.package_identification:Package 'my_robot' with type 'ros.ament_python' and name 'my_robot'
[0.826s] Level 1:colcon.colcon_core.package_identification:_identify(myrobot_interfaces) by extensions ['ignore', 'ignore_ament_install']
[0.826s] Level 1:colcon.colcon_core.package_identification:_identify(myrobot_interfaces) by extension 'ignore'
[0.826s] Level 1:colcon.colcon_core.package_identification:_identify(myrobot_interfaces) by extension 'ignore_ament_install'
[0.826s] Level 1:colcon.colcon_core.package_identification:_identify(myrobot_interfaces) by extensions ['colcon_pkg']
[0.826s] Level 1:colcon.colcon_core.package_identification:_identify(myrobot_interfaces) by extension 'colcon_pkg'
[0.826s] Level 1:colcon.colcon_core.package_identification:_identify(myrobot_interfaces) by extensions ['colcon_meta']
[0.826s] Level 1:colcon.colcon_core.package_identification:_identify(myrobot_interfaces) by extension 'colcon_meta'
[0.826s] Level 1:colcon.colcon_core.package_identification:_identify(myrobot_interfaces) by extensions ['ros']
[0.826s] Level 1:colcon.colcon_core.package_identification:_identify(myrobot_interfaces) by extension 'ros'
[0.827s] DEBUG:colcon.colcon_core.package_identification:Package 'myrobot_interfaces' with type 'ros.ament_cmake' and name 'myrobot_interfaces'
[0.827s] Level 1:colcon.colcon_core.package_identification:_identify(robot_1) by extensions ['ignore', 'ignore_ament_install']
[0.827s] Level 1:colcon.colcon_core.package_identification:_identify(robot_1) by extension 'ignore'
[0.827s] Level 1:colcon.colcon_core.package_identification:_identify(robot_1) by extension 'ignore_ament_install'
[0.827s] Level 1:colcon.colcon_core.package_identification:_identify(robot_1) by extensions ['colcon_pkg']
[0.827s] Level 1:colcon.colcon_core.package_identification:_identify(robot_1) by extension 'colcon_pkg'
[0.827s] Level 1:colcon.colcon_core.package_identification:_identify(robot_1) by extensions ['colcon_meta']
[0.827s] Level 1:colcon.colcon_core.package_identification:_identify(robot_1) by extension 'colcon_meta'
[0.827s] Level 1:colcon.colcon_core.package_identification:_identify(robot_1) by extensions ['ros']
[0.827s] Level 1:colcon.colcon_core.package_identification:_identify(robot_1) by extension 'ros'
[0.828s] DEBUG:colcon.colcon_core.package_identification:Package 'robot_1' with type 'ros.ament_python' and name 'robot_1'
[0.828s] Level 1:colcon.colcon_core.package_discovery:discover_packages(recursive) using defaults
[0.828s] Level 1:colcon.colcon_core.package_discovery:discover_packages(ignore) discover
[0.828s] Level 1:colcon.colcon_core.package_discovery:discover_packages(ignore) using defaults
[0.828s] Level 1:colcon.colcon_core.package_discovery:discover_packages(path) discover
[0.828s] Level 1:colcon.colcon_core.package_discovery:discover_packages(path) using defaults
[0.877s] INFO:colcon.colcon_core.package_selection:Skipping not selected package 'myrobot_interfaces' in 'myrobot_interfaces'
[0.877s] INFO:colcon.colcon_core.package_selection:Skipping not selected package 'robot_1' in 'robot_1'
[0.898s] Level 1:colcon.colcon_core.package_discovery:discover_packages(prefix_path) check parameters
[0.898s] Level 1:colcon.colcon_core.package_discovery:discover_packages(prefix_path) discover
[0.921s] DEBUG:colcon.colcon_installed_package_information.package_discovery:Found 3 installed packages in /home/predator/ros2_ws/install
[0.933s] DEBUG:colcon.colcon_installed_package_information.package_discovery:Found 281 installed packages in /opt/ros/iron
[0.934s] Level 1:colcon.colcon_core.package_discovery:discover_packages(prefix_path) using defaults
[1.004s] Level 5:colcon.colcon_core.verb:set package 'my_robot' build argument 'cmake_args' from command line to 'None'
[1.004s] Level 5:colcon.colcon_core.verb:set package 'my_robot' build argument 'cmake_target' from command line to 'None'
[1.004s] Level 5:colcon.colcon_core.verb:set package 'my_robot' build argument 'cmake_target_skip_unavailable' from command line to 'False'
[1.004s] Level 5:colcon.colcon_core.verb:set package 'my_robot' build argument 'cmake_clean_cache' from command line to 'False'
[1.004s] Level 5:colcon.colcon_core.verb:set package 'my_robot' build argument 'cmake_clean_first' from command line to 'False'
[1.004s] Level 5:colcon.colcon_core.verb:set package 'my_robot' build argument 'cmake_force_configure' from command line to 'False'
[1.004s] Level 5:colcon.colcon_core.verb:set package 'my_robot' build argument 'ament_cmake_args' from command line to 'None'
[1.004s] Level 5:colcon.colcon_core.verb:set package 'my_robot' build argument 'catkin_cmake_args' from command line to 'None'
[1.004s] Level 5:colcon.colcon_core.verb:set package 'my_robot' build argument 'catkin_skip_building_tests' from command line to 'False'
[1.004s] DEBUG:colcon.colcon_core.verb:Building package 'my_robot' with the following arguments: {'ament_cmake_args': None, 'build_base': '/home/predator/ros2_ws/src/build/my_robot', 'catkin_cmake_args': None, 'catkin_skip_building_tests': False, 'cmake_args': None, 'cmake_clean_cache': False, 'cmake_clean_first': False, 'cmake_force_configure': False, 'cmake_target': None, 'cmake_target_skip_unavailable': False, 'install_base': '/home/predator/ros2_ws/src/install/my_robot', 'merge_install': False, 'path': '/home/predator/ros2_ws/src/my_robot', 'symlink_install': True, 'test_result_base': None}
[1.016s] INFO:colcon.colcon_core.executor:Executing jobs using 'parallel' executor
[1.028s] DEBUG:colcon.colcon_parallel_executor.executor.parallel:run_until_complete
[1.028s] INFO:colcon.colcon_ros.task.ament_python.build:Building ROS package in '/home/predator/ros2_ws/src/my_robot' with build type 'ament_python'
[1.028s] Level 1:colcon.colcon_core.shell:create_environment_hook('my_robot', 'ament_prefix_path')
[1.041s] INFO:colcon.colcon_core.plugin_system:Skipping extension 'colcon_core.shell.bat': Not used on non-Windows systems
[1.042s] INFO:colcon.colcon_core.shell:Creating environment hook '/home/predator/ros2_ws/src/install/my_robot/share/my_robot/hook/ament_prefix_path.ps1'
[1.042s] INFO:colcon.colcon_core.shell:Creating environment descriptor '/home/predator/ros2_ws/src/install/my_robot/share/my_robot/hook/ament_prefix_path.dsv'
[1.043s] INFO:colcon.colcon_core.shell:Creating environment hook '/home/predator/ros2_ws/src/install/my_robot/share/my_robot/hook/ament_prefix_path.sh'
[1.057s] INFO:colcon.colcon_core.shell:Skip shell extension 'powershell' for command environment: Not usable outside of PowerShell
[1.057s] DEBUG:colcon.colcon_core.shell:Skip shell extension 'dsv' for command environment
[1.314s] INFO:colcon.colcon_core.task.python.build:Building Python package in '/home/predator/ros2_ws/src/my_robot'
[1.325s] INFO:colcon.colcon_core.shell:Skip shell extension 'powershell' for command environment: Not usable outside of PowerShell
[1.325s] DEBUG:colcon.colcon_core.shell:Skip shell extension 'dsv' for command environment
[1.699s] DEBUG:colcon.colcon_core.event_handler.log_command:Invoking command in '/home/predator/ros2_ws/src/build/my_robot': PYTHONPATH=/home/predator/ros2_ws/src/build/my_robot/prefix_override:/home/predator/ros2_ws/src/install/my_robot/lib/python3.10/site-packages:${PYTHONPATH} /usr/bin/python3 setup.py develop --editable --build-directory /home/predator/ros2_ws/src/build/my_robot/build --no-deps install_data
[2.066s] Level 1:colcon.colcon_core.shell:create_environment_hook('my_robot', 'pythonpath_develop')
[2.067s] DEBUG:colcon.colcon_core.event_handler.log_command:Invoked command in '/home/predator/ros2_ws/src/build/my_robot' returned '0': PYTHONPATH=/home/predator/ros2_ws/src/build/my_robot/prefix_override:/home/predator/ros2_ws/src/install/my_robot/lib/python3.10/site-packages:${PYTHONPATH} /usr/bin/python3 setup.py develop --editable --build-directory /home/predator/ros2_ws/src/build/my_robot/build --no-deps install_data
[2.079s] INFO:colcon.colcon_core.shell:Creating environment hook '/home/predator/ros2_ws/src/build/my_robot/share/my_robot/hook/pythonpath_develop.ps1'
[2.080s] INFO:colcon.colcon_core.shell:Creating environment descriptor '/home/predator/ros2_ws/src/build/my_robot/share/my_robot/hook/pythonpath_develop.dsv'
[2.080s] INFO:colcon.colcon_core.shell:Creating environment hook '/home/predator/ros2_ws/src/build/my_robot/share/my_robot/hook/pythonpath_develop.sh'
[2.096s] Level 1:colcon.colcon_core.environment:checking '/home/predator/ros2_ws/src/install/my_robot' for CMake module files
[2.096s] Level 1:colcon.colcon_core.environment:checking '/home/predator/ros2_ws/src/install/my_robot' for CMake config files
[2.097s] Level 1:colcon.colcon_core.environment:checking '/home/predator/ros2_ws/src/install/my_robot/lib'
[2.097s] Level 1:colcon.colcon_core.environment:checking '/home/predator/ros2_ws/src/install/my_robot/bin'
[2.097s] Level 1:colcon.colcon_core.environment:checking '/home/predator/ros2_ws/src/install/my_robot/lib/pkgconfig/my_robot.pc'
[2.097s] Level 1:colcon.colcon_core.environment:checking '/home/predator/ros2_ws/src/install/my_robot/lib/python3.10/site-packages'
[2.097s] Level 1:colcon.colcon_core.shell:create_environment_hook('my_robot', 'pythonpath')
[2.112s] INFO:colcon.colcon_core.shell:Creating environment hook '/home/predator/ros2_ws/src/install/my_robot/share/my_robot/hook/pythonpath.ps1'
[2.112s] INFO:colcon.colcon_core.shell:Creating environment descriptor '/home/predator/ros2_ws/src/install/my_robot/share/my_robot/hook/pythonpath.dsv'
[2.113s] INFO:colcon.colcon_core.shell:Creating environment hook '/home/predator/ros2_ws/src/install/my_robot/share/my_robot/hook/pythonpath.sh'
[2.114s] Level 1:colcon.colcon_core.environment:checking '/home/predator/ros2_ws/src/install/my_robot/bin'
[2.114s] Level 1:colcon.colcon_core.environment:create_environment_scripts_only(my_robot)
[2.125s] INFO:colcon.colcon_core.shell:Creating package script '/home/predator/ros2_ws/src/install/my_robot/share/my_robot/package.ps1'
[2.126s] INFO:colcon.colcon_core.shell:Creating package descriptor '/home/predator/ros2_ws/src/install/my_robot/share/my_robot/package.dsv'
[2.127s] INFO:colcon.colcon_core.shell:Creating package script '/home/predator/ros2_ws/src/install/my_robot/share/my_robot/package.sh'
[2.127s] INFO:colcon.colcon_core.shell:Creating package script '/home/predator/ros2_ws/src/install/my_robot/share/my_robot/package.bash'
[2.128s] INFO:colcon.colcon_core.shell:Creating package script '/home/predator/ros2_ws/src/install/my_robot/share/my_robot/package.zsh'
[2.129s] Level 1:colcon.colcon_core.environment:create_file_with_runtime_dependencies(/home/predator/ros2_ws/src/install/my_robot/share/colcon-core/packages/my_robot)
[2.129s] DEBUG:colcon.colcon_parallel_executor.executor.parallel:closing loop
[2.129s] DEBUG:colcon.colcon_parallel_executor.executor.parallel:loop closed
[2.130s] DEBUG:colcon.colcon_parallel_executor.executor.parallel:run_until_complete finished with '0'
[2.130s] DEBUG:colcon.colcon_core.event_reactor:joining thread
[2.151s] INFO:colcon.colcon_core.plugin_system:Skipping extension 'colcon_notification.desktop_notification.terminal_notifier': Not used on non-Darwin systems
[2.151s] INFO:colcon.colcon_core.plugin_system:Skipping extension 'colcon_notification.desktop_notification.win32': Not used on non-Windows systems
[2.152s] INFO:colcon.colcon_notification.desktop_notification:Sending desktop notification using 'notify2'
[2.166s] DEBUG:colcon.colcon_core.event_reactor:joined thread
[2.184s] INFO:colcon.colcon_core.shell:Creating prefix script '/home/predator/ros2_ws/src/install/local_setup.ps1'
[2.186s] INFO:colcon.colcon_core.shell:Creating prefix util module '/home/predator/ros2_ws/src/install/_local_setup_util_ps1.py'
[2.188s] INFO:colcon.colcon_core.shell:Creating prefix chain script '/home/predator/ros2_ws/src/install/setup.ps1'
[2.202s] INFO:colcon.colcon_core.shell:Creating prefix script '/home/predator/ros2_ws/src/install/local_setup.sh'
[2.203s] INFO:colcon.colcon_core.shell:Creating prefix util module '/home/predator/ros2_ws/src/install/_local_setup_util_sh.py'
[2.204s] INFO:colcon.colcon_core.shell:Creating prefix chain script '/home/predator/ros2_ws/src/install/setup.sh'
[2.218s] INFO:colcon.colcon_core.shell:Creating prefix script '/home/predator/ros2_ws/src/install/local_setup.bash'
[2.219s] INFO:colcon.colcon_core.shell:Creating prefix chain script '/home/predator/ros2_ws/src/install/setup.bash'
[2.232s] INFO:colcon.colcon_core.shell:Creating prefix script '/home/predator/ros2_ws/src/install/local_setup.zsh'
[2.233s] INFO:colcon.colcon_core.shell:Creating prefix chain script '/home/predator/ros2_ws/src/install/setup.zsh'
