[1.050s] DEBUG:colcon:Command line arguments: ['/usr/bin/colcon', 'build', '--packages-select', 'my_robot', '--symlink-install']
[1.050s] DEBUG:colcon:Parsed command line arguments: Namespace(log_base=None, log_level=None, verb_name='build', build_base='build', install_base='install', merge_install=False, symlink_install=True, test_result_base=None, continue_on_error=False, executor='parallel', parallel_workers=4, event_handlers=None, ignore_user_meta=False, metas=['./colcon.meta'], base_paths=['.'], packages_ignore=None, packages_ignore_regex=None, paths=None, packages_up_to=None, packages_up_to_regex=None, packages_above=None, packages_above_and_dependencies=None, packages_above_depth=None, packages_select_by_dep=None, packages_skip_by_dep=None, packages_skip_up_to=None, packages_select_build_failed=False, packages_skip_build_finished=False, packages_select_test_failures=False, packages_skip_test_passed=False, packages_select=['my_robot'], packages_skip=None, packages_select_regex=None, packages_skip_regex=None, packages_start=None, packages_end=None, allow_overriding=[], cmake_args=None, cmake_target=None, cmake_target_skip_unavailable=False, cmake_clean_cache=False, cmake_clean_first=False, cmake_force_configure=False, ament_cmake_args=None, catkin_cmake_args=None, catkin_skip_building_tests=False, verb_parser=<colcon_defaults.argument_parser.defaults.DefaultArgumentsDecorator object at 0x7f42ff3accd0>, verb_extension=<colcon_core.verb.build.BuildVerb object at 0x7f42ff7e7220>, main=<bound method BuildVerb.main of <colcon_core.verb.build.BuildVerb object at 0x7f42ff7e7220>>)
[1.100s] Level 1:colcon.colcon_core.package_discovery:discover_packages(colcon_meta) check parameters
[1.100s] Level 1:colcon.colcon_core.package_discovery:discover_packages(recursive) check parameters
[1.101s] Level 1:colcon.colcon_core.package_discovery:discover_packages(ignore) check parameters
[1.101s] Level 1:colcon.colcon_core.package_discovery:discover_packages(path) check parameters
[1.101s] Level 1:colcon.colcon_core.package_discovery:discover_packages(colcon_meta) discover
[1.101s] Level 1:colcon.colcon_core.package_discovery:discover_packages(recursive) discover
[1.101s] INFO:colcon.colcon_core.package_discovery:Crawling recursively for packages in '/home/supakorn/ros2_ws'
[1.101s] Level 1:colcon.colcon_core.package_identification:_identify(.) by extensions ['ignore', 'ignore_ament_install']
[1.101s] Level 1:colcon.colcon_core.package_identification:_identify(.) by extension 'ignore'
[1.101s] Level 1:colcon.colcon_core.package_identification:_identify(.) by extension 'ignore_ament_install'
[1.101s] Level 1:colcon.colcon_core.package_identification:_identify(.) by extensions ['colcon_pkg']
[1.101s] Level 1:colcon.colcon_core.package_identification:_identify(.) by extension 'colcon_pkg'
[1.101s] Level 1:colcon.colcon_core.package_identification:_identify(.) by extensions ['colcon_meta']
[1.101s] Level 1:colcon.colcon_core.package_identification:_identify(.) by extension 'colcon_meta'
[1.101s] Level 1:colcon.colcon_core.package_identification:_identify(.) by extensions ['ros']
[1.101s] Level 1:colcon.colcon_core.package_identification:_identify(.) by extension 'ros'
[1.113s] Level 1:colcon.colcon_core.package_identification:_identify(.) by extensions ['cmake', 'python']
[1.113s] Level 1:colcon.colcon_core.package_identification:_identify(.) by extension 'cmake'
[1.113s] Level 1:colcon.colcon_core.package_identification:_identify(.) by extension 'python'
[1.113s] Level 1:colcon.colcon_core.package_identification:_identify(.) by extensions ['python_setup_py']
[1.113s] Level 1:colcon.colcon_core.package_identification:_identify(.) by extension 'python_setup_py'
[1.113s] Level 1:colcon.colcon_core.package_identification:_identify(build) by extensions ['ignore', 'ignore_ament_install']
[1.114s] Level 1:colcon.colcon_core.package_identification:_identify(build) by extension 'ignore'
[1.114s] Level 1:colcon.colcon_core.package_identification:_identify(build) ignored
[1.114s] Level 1:colcon.colcon_core.package_identification:_identify(install) by extensions ['ignore', 'ignore_ament_install']
[1.114s] Level 1:colcon.colcon_core.package_identification:_identify(install) by extension 'ignore'
[1.114s] Level 1:colcon.colcon_core.package_identification:_identify(install) ignored
[1.114s] Level 1:colcon.colcon_core.package_identification:_identify(log) by extensions ['ignore', 'ignore_ament_install']
[1.114s] Level 1:colcon.colcon_core.package_identification:_identify(log) by extension 'ignore'
[1.114s] Level 1:colcon.colcon_core.package_identification:_identify(log) ignored
[1.115s] Level 1:colcon.colcon_core.package_identification:_identify(src) by extensions ['ignore', 'ignore_ament_install']
[1.115s] Level 1:colcon.colcon_core.package_identification:_identify(src) by extension 'ignore'
[1.115s] Level 1:colcon.colcon_core.package_identification:_identify(src) by extension 'ignore_ament_install'
[1.115s] Level 1:colcon.colcon_core.package_identification:_identify(src) by extensions ['colcon_pkg']
[1.115s] Level 1:colcon.colcon_core.package_identification:_identify(src) by extension 'colcon_pkg'
[1.115s] Level 1:colcon.colcon_core.package_identification:_identify(src) by extensions ['colcon_meta']
[1.115s] Level 1:colcon.colcon_core.package_identification:_identify(src) by extension 'colcon_meta'
[1.115s] Level 1:colcon.colcon_core.package_identification:_identify(src) by extensions ['ros']
[1.115s] Level 1:colcon.colcon_core.package_identification:_identify(src) by extension 'ros'
[1.115s] Level 1:colcon.colcon_core.package_identification:_identify(src) by extensions ['cmake', 'python']
[1.115s] Level 1:colcon.colcon_core.package_identification:_identify(src) by extension 'cmake'
[1.115s] Level 1:colcon.colcon_core.package_identification:_identify(src) by extension 'python'
[1.115s] Level 1:colcon.colcon_core.package_identification:_identify(src) by extensions ['python_setup_py']
[1.115s] Level 1:colcon.colcon_core.package_identification:_identify(src) by extension 'python_setup_py'
[1.115s] Level 1:colcon.colcon_core.package_identification:_identify(src/my_robot) by extensions ['ignore', 'ignore_ament_install']
[1.116s] Level 1:colcon.colcon_core.package_identification:_identify(src/my_robot) by extension 'ignore'
[1.116s] Level 1:colcon.colcon_core.package_identification:_identify(src/my_robot) by extension 'ignore_ament_install'
[1.116s] Level 1:colcon.colcon_core.package_identification:_identify(src/my_robot) by extensions ['colcon_pkg']
[1.116s] Level 1:colcon.colcon_core.package_identification:_identify(src/my_robot) by extension 'colcon_pkg'
[1.116s] Level 1:colcon.colcon_core.package_identification:_identify(src/my_robot) by extensions ['colcon_meta']
[1.116s] Level 1:colcon.colcon_core.package_identification:_identify(src/my_robot) by extension 'colcon_meta'
[1.116s] Level 1:colcon.colcon_core.package_identification:_identify(src/my_robot) by extensions ['ros']
[1.116s] Level 1:colcon.colcon_core.package_identification:_identify(src/my_robot) by extension 'ros'
[1.118s] DEBUG:colcon.colcon_core.package_identification:Package 'src/my_robot' with type 'ros.ament_python' and name 'my_robot'
[1.118s] Level 1:colcon.colcon_core.package_identification:_identify(src/myrobot_interfaces) by extensions ['ignore', 'ignore_ament_install']
[1.119s] Level 1:colcon.colcon_core.package_identification:_identify(src/myrobot_interfaces) by extension 'ignore'
[1.119s] Level 1:colcon.colcon_core.package_identification:_identify(src/myrobot_interfaces) by extension 'ignore_ament_install'
[1.119s] Level 1:colcon.colcon_core.package_identification:_identify(src/myrobot_interfaces) by extensions ['colcon_pkg']
[1.119s] Level 1:colcon.colcon_core.package_identification:_identify(src/myrobot_interfaces) by extension 'colcon_pkg'
[1.119s] Level 1:colcon.colcon_core.package_identification:_identify(src/myrobot_interfaces) by extensions ['colcon_meta']
[1.119s] Level 1:colcon.colcon_core.package_identification:_identify(src/myrobot_interfaces) by extension 'colcon_meta'
[1.119s] Level 1:colcon.colcon_core.package_identification:_identify(src/myrobot_interfaces) by extensions ['ros']
[1.119s] Level 1:colcon.colcon_core.package_identification:_identify(src/myrobot_interfaces) by extension 'ros'
[1.120s] DEBUG:colcon.colcon_core.package_identification:Package 'src/myrobot_interfaces' with type 'ros.ament_cmake' and name 'myrobot_interfaces'
[1.120s] Level 1:colcon.colcon_core.package_identification:_identify(src/robot_1) by extensions ['ignore', 'ignore_ament_install']
[1.120s] Level 1:colcon.colcon_core.package_identification:_identify(src/robot_1) by extension 'ignore'
[1.120s] Level 1:colcon.colcon_core.package_identification:_identify(src/robot_1) by extension 'ignore_ament_install'
[1.120s] Level 1:colcon.colcon_core.package_identification:_identify(src/robot_1) by extensions ['colcon_pkg']
[1.120s] Level 1:colcon.colcon_core.package_identification:_identify(src/robot_1) by extension 'colcon_pkg'
[1.120s] Level 1:colcon.colcon_core.package_identification:_identify(src/robot_1) by extensions ['colcon_meta']
[1.120s] Level 1:colcon.colcon_core.package_identification:_identify(src/robot_1) by extension 'colcon_meta'
[1.120s] Level 1:colcon.colcon_core.package_identification:_identify(src/robot_1) by extensions ['ros']
[1.120s] Level 1:colcon.colcon_core.package_identification:_identify(src/robot_1) by extension 'ros'
[1.121s] DEBUG:colcon.colcon_core.package_identification:Package 'src/robot_1' with type 'ros.ament_python' and name 'robot_1'
[1.121s] Level 1:colcon.colcon_core.package_discovery:discover_packages(recursive) using defaults
[1.121s] Level 1:colcon.colcon_core.package_discovery:discover_packages(ignore) discover
[1.121s] Level 1:colcon.colcon_core.package_discovery:discover_packages(ignore) using defaults
[1.121s] Level 1:colcon.colcon_core.package_discovery:discover_packages(path) discover
[1.121s] Level 1:colcon.colcon_core.package_discovery:discover_packages(path) using defaults
[1.189s] INFO:colcon.colcon_core.package_selection:Skipping not selected package 'myrobot_interfaces' in 'src/myrobot_interfaces'
[1.189s] INFO:colcon.colcon_core.package_selection:Skipping not selected package 'robot_1' in 'src/robot_1'
[1.220s] Level 1:colcon.colcon_core.package_discovery:discover_packages(prefix_path) check parameters
[1.220s] Level 1:colcon.colcon_core.package_discovery:discover_packages(prefix_path) discover
[1.253s] DEBUG:colcon.colcon_installed_package_information.package_discovery:Found 3 installed packages in /home/supakorn/ros2_ws/install
[1.270s] DEBUG:colcon.colcon_installed_package_information.package_discovery:Found 281 installed packages in /opt/ros/iron
[1.271s] Level 1:colcon.colcon_core.package_discovery:discover_packages(prefix_path) using defaults
[1.365s] Level 5:colcon.colcon_core.verb:set package 'my_robot' build argument 'cmake_args' from command line to 'None'
[1.365s] Level 5:colcon.colcon_core.verb:set package 'my_robot' build argument 'cmake_target' from command line to 'None'
[1.365s] Level 5:colcon.colcon_core.verb:set package 'my_robot' build argument 'cmake_target_skip_unavailable' from command line to 'False'
[1.365s] Level 5:colcon.colcon_core.verb:set package 'my_robot' build argument 'cmake_clean_cache' from command line to 'False'
[1.365s] Level 5:colcon.colcon_core.verb:set package 'my_robot' build argument 'cmake_clean_first' from command line to 'False'
[1.365s] Level 5:colcon.colcon_core.verb:set package 'my_robot' build argument 'cmake_force_configure' from command line to 'False'
[1.365s] Level 5:colcon.colcon_core.verb:set package 'my_robot' build argument 'ament_cmake_args' from command line to 'None'
[1.365s] Level 5:colcon.colcon_core.verb:set package 'my_robot' build argument 'catkin_cmake_args' from command line to 'None'
[1.365s] Level 5:colcon.colcon_core.verb:set package 'my_robot' build argument 'catkin_skip_building_tests' from command line to 'False'
[1.365s] DEBUG:colcon.colcon_core.verb:Building package 'my_robot' with the following arguments: {'ament_cmake_args': None, 'build_base': '/home/supakorn/ros2_ws/build/my_robot', 'catkin_cmake_args': None, 'catkin_skip_building_tests': False, 'cmake_args': None, 'cmake_clean_cache': False, 'cmake_clean_first': False, 'cmake_force_configure': False, 'cmake_target': None, 'cmake_target_skip_unavailable': False, 'install_base': '/home/supakorn/ros2_ws/install/my_robot', 'merge_install': False, 'path': '/home/supakorn/ros2_ws/src/my_robot', 'symlink_install': True, 'test_result_base': None}
[1.381s] INFO:colcon.colcon_core.executor:Executing jobs using 'parallel' executor
[1.397s] DEBUG:colcon.colcon_parallel_executor.executor.parallel:run_until_complete
[1.398s] INFO:colcon.colcon_ros.task.ament_python.build:Building ROS package in '/home/supakorn/ros2_ws/src/my_robot' with build type 'ament_python'
[1.398s] Level 1:colcon.colcon_core.shell:create_environment_hook('my_robot', 'ament_prefix_path')
[1.418s] INFO:colcon.colcon_core.plugin_system:Skipping extension 'colcon_core.shell.bat': Not used on non-Windows systems
[1.418s] INFO:colcon.colcon_core.shell:Creating environment hook '/home/supakorn/ros2_ws/install/my_robot/share/my_robot/hook/ament_prefix_path.ps1'
[1.419s] INFO:colcon.colcon_core.shell:Creating environment descriptor '/home/supakorn/ros2_ws/install/my_robot/share/my_robot/hook/ament_prefix_path.dsv'
[1.420s] INFO:colcon.colcon_core.shell:Creating environment hook '/home/supakorn/ros2_ws/install/my_robot/share/my_robot/hook/ament_prefix_path.sh'
[1.439s] INFO:colcon.colcon_core.shell:Skip shell extension 'powershell' for command environment: Not usable outside of PowerShell
[1.439s] DEBUG:colcon.colcon_core.shell:Skip shell extension 'dsv' for command environment
[1.773s] INFO:colcon.colcon_core.task.python.build:Building Python package in '/home/supakorn/ros2_ws/src/my_robot'
[1.790s] INFO:colcon.colcon_core.shell:Skip shell extension 'powershell' for command environment: Not usable outside of PowerShell
[1.790s] DEBUG:colcon.colcon_core.shell:Skip shell extension 'dsv' for command environment
[2.190s] DEBUG:colcon.colcon_core.task.python.build:While undoing a previous installation files outside the Python library path are being ignored: /home/supakorn/ros2_ws/install/my_robot/share/ament_index/resource_index/packages/my_robot
[2.190s] DEBUG:colcon.colcon_core.task.python.build:While undoing a previous installation files outside the Python library path are being ignored: /home/supakorn/ros2_ws/install/my_robot/share/my_robot/package.xml
[2.190s] DEBUG:colcon.colcon_core.task.python.build:While undoing a previous installation files outside the Python library path are being ignored: /home/supakorn/ros2_ws/install/my_robot/lib/my_robot/first_node
[2.191s] DEBUG:colcon.colcon_core.event_handler.log_command:Invoking command in '/home/supakorn/ros2_ws/build/my_robot': PYTHONPATH=/home/supakorn/ros2_ws/build/my_robot/prefix_override:/home/supakorn/ros2_ws/install/my_robot/lib/python3.10/site-packages:${PYTHONPATH} /usr/bin/python3 setup.py develop --editable --build-directory /home/supakorn/ros2_ws/build/my_robot/build --no-deps install_data
[2.690s] Level 1:colcon.colcon_core.shell:create_environment_hook('my_robot', 'pythonpath_develop')
[2.691s] DEBUG:colcon.colcon_core.event_handler.log_command:Invoked command in '/home/supakorn/ros2_ws/build/my_robot' returned '0': PYTHONPATH=/home/supakorn/ros2_ws/build/my_robot/prefix_override:/home/supakorn/ros2_ws/install/my_robot/lib/python3.10/site-packages:${PYTHONPATH} /usr/bin/python3 setup.py develop --editable --build-directory /home/supakorn/ros2_ws/build/my_robot/build --no-deps install_data
[2.706s] INFO:colcon.colcon_core.shell:Creating environment hook '/home/supakorn/ros2_ws/build/my_robot/share/my_robot/hook/pythonpath_develop.ps1'
[2.707s] INFO:colcon.colcon_core.shell:Creating environment descriptor '/home/supakorn/ros2_ws/build/my_robot/share/my_robot/hook/pythonpath_develop.dsv'
[2.707s] INFO:colcon.colcon_core.shell:Creating environment hook '/home/supakorn/ros2_ws/build/my_robot/share/my_robot/hook/pythonpath_develop.sh'
[2.724s] Level 1:colcon.colcon_core.environment:checking '/home/supakorn/ros2_ws/install/my_robot' for CMake module files
[2.725s] Level 1:colcon.colcon_core.environment:checking '/home/supakorn/ros2_ws/install/my_robot' for CMake config files
[2.725s] Level 1:colcon.colcon_core.environment:checking '/home/supakorn/ros2_ws/install/my_robot/lib'
[2.726s] Level 1:colcon.colcon_core.environment:checking '/home/supakorn/ros2_ws/install/my_robot/bin'
[2.726s] Level 1:colcon.colcon_core.environment:checking '/home/supakorn/ros2_ws/install/my_robot/lib/pkgconfig/my_robot.pc'
[2.726s] Level 1:colcon.colcon_core.environment:checking '/home/supakorn/ros2_ws/install/my_robot/lib/python3.10/site-packages'
[2.726s] Level 1:colcon.colcon_core.shell:create_environment_hook('my_robot', 'pythonpath')
[2.742s] INFO:colcon.colcon_core.shell:Creating environment hook '/home/supakorn/ros2_ws/install/my_robot/share/my_robot/hook/pythonpath.ps1'
[2.744s] INFO:colcon.colcon_core.shell:Creating environment descriptor '/home/supakorn/ros2_ws/install/my_robot/share/my_robot/hook/pythonpath.dsv'
[2.745s] INFO:colcon.colcon_core.shell:Creating environment hook '/home/supakorn/ros2_ws/install/my_robot/share/my_robot/hook/pythonpath.sh'
[2.746s] Level 1:colcon.colcon_core.environment:checking '/home/supakorn/ros2_ws/install/my_robot/bin'
[2.746s] Level 1:colcon.colcon_core.environment:create_environment_scripts_only(my_robot)
[2.763s] INFO:colcon.colcon_core.shell:Creating package script '/home/supakorn/ros2_ws/install/my_robot/share/my_robot/package.ps1'
[2.764s] INFO:colcon.colcon_core.shell:Creating package descriptor '/home/supakorn/ros2_ws/install/my_robot/share/my_robot/package.dsv'
[2.765s] INFO:colcon.colcon_core.shell:Creating package script '/home/supakorn/ros2_ws/install/my_robot/share/my_robot/package.sh'
[2.766s] INFO:colcon.colcon_core.shell:Creating package script '/home/supakorn/ros2_ws/install/my_robot/share/my_robot/package.bash'
[2.767s] INFO:colcon.colcon_core.shell:Creating package script '/home/supakorn/ros2_ws/install/my_robot/share/my_robot/package.zsh'
[2.768s] Level 1:colcon.colcon_core.environment:create_file_with_runtime_dependencies(/home/supakorn/ros2_ws/install/my_robot/share/colcon-core/packages/my_robot)
[2.768s] DEBUG:colcon.colcon_parallel_executor.executor.parallel:closing loop
[2.769s] DEBUG:colcon.colcon_parallel_executor.executor.parallel:loop closed
[2.769s] DEBUG:colcon.colcon_parallel_executor.executor.parallel:run_until_complete finished with '0'
[2.769s] DEBUG:colcon.colcon_core.event_reactor:joining thread
[2.792s] INFO:colcon.colcon_core.plugin_system:Skipping extension 'colcon_notification.desktop_notification.terminal_notifier': Not used on non-Darwin systems
[2.792s] INFO:colcon.colcon_core.plugin_system:Skipping extension 'colcon_notification.desktop_notification.win32': Not used on non-Windows systems
[2.792s] INFO:colcon.colcon_notification.desktop_notification:Sending desktop notification using 'notify2'
[2.807s] DEBUG:colcon.colcon_core.event_reactor:joined thread
[2.823s] INFO:colcon.colcon_core.shell:Creating prefix script '/home/supakorn/ros2_ws/install/local_setup.ps1'
[2.825s] INFO:colcon.colcon_core.shell:Creating prefix util module '/home/supakorn/ros2_ws/install/_local_setup_util_ps1.py'
[2.827s] INFO:colcon.colcon_core.shell:Creating prefix chain script '/home/supakorn/ros2_ws/install/setup.ps1'
[2.847s] INFO:colcon.colcon_core.shell:Creating prefix script '/home/supakorn/ros2_ws/install/local_setup.sh'
[2.848s] INFO:colcon.colcon_core.shell:Creating prefix util module '/home/supakorn/ros2_ws/install/_local_setup_util_sh.py'
[2.849s] INFO:colcon.colcon_core.shell:Creating prefix chain script '/home/supakorn/ros2_ws/install/setup.sh'
[2.865s] INFO:colcon.colcon_core.shell:Creating prefix script '/home/supakorn/ros2_ws/install/local_setup.bash'
[2.866s] INFO:colcon.colcon_core.shell:Creating prefix chain script '/home/supakorn/ros2_ws/install/setup.bash'
[2.882s] INFO:colcon.colcon_core.shell:Creating prefix script '/home/supakorn/ros2_ws/install/local_setup.zsh'
[2.883s] INFO:colcon.colcon_core.shell:Creating prefix chain script '/home/supakorn/ros2_ws/install/setup.zsh'
