[1.055s] DEBUG:colcon:Command line arguments: ['/usr/bin/colcon', 'build', '--packages-select', 'robot_1']
[1.055s] DEBUG:colcon:Parsed command line arguments: Namespace(log_base=None, log_level=None, verb_name='build', build_base='build', install_base='install', merge_install=False, symlink_install=False, test_result_base=None, continue_on_error=False, executor='parallel', parallel_workers=4, event_handlers=None, ignore_user_meta=False, metas=['./colcon.meta'], base_paths=['.'], packages_ignore=None, packages_ignore_regex=None, paths=None, packages_up_to=None, packages_up_to_regex=None, packages_above=None, packages_above_and_dependencies=None, packages_above_depth=None, packages_select_by_dep=None, packages_skip_by_dep=None, packages_skip_up_to=None, packages_select_build_failed=False, packages_skip_build_finished=False, packages_select_test_failures=False, packages_skip_test_passed=False, packages_select=['robot_1'], packages_skip=None, packages_select_regex=None, packages_skip_regex=None, packages_start=None, packages_end=None, allow_overriding=[], cmake_args=None, cmake_target=None, cmake_target_skip_unavailable=False, cmake_clean_cache=False, cmake_clean_first=False, cmake_force_configure=False, ament_cmake_args=None, catkin_cmake_args=None, catkin_skip_building_tests=False, verb_parser=<colcon_defaults.argument_parser.defaults.DefaultArgumentsDecorator object at 0x7f986c5adc30>, verb_extension=<colcon_core.verb.build.BuildVerb object at 0x7f986cacbc70>, main=<bound method BuildVerb.main of <colcon_core.verb.build.BuildVerb object at 0x7f986cacbc70>>)
[1.105s] Level 1:colcon.colcon_core.package_discovery:discover_packages(colcon_meta) check parameters
[1.106s] Level 1:colcon.colcon_core.package_discovery:discover_packages(recursive) check parameters
[1.106s] Level 1:colcon.colcon_core.package_discovery:discover_packages(ignore) check parameters
[1.106s] Level 1:colcon.colcon_core.package_discovery:discover_packages(path) check parameters
[1.106s] Level 1:colcon.colcon_core.package_discovery:discover_packages(colcon_meta) discover
[1.106s] Level 1:colcon.colcon_core.package_discovery:discover_packages(recursive) discover
[1.106s] INFO:colcon.colcon_core.package_discovery:Crawling recursively for packages in '/home/supakorn/ros2_ws'
[1.106s] Level 1:colcon.colcon_core.package_identification:_identify(.) by extensions ['ignore', 'ignore_ament_install']
[1.106s] Level 1:colcon.colcon_core.package_identification:_identify(.) by extension 'ignore'
[1.106s] Level 1:colcon.colcon_core.package_identification:_identify(.) by extension 'ignore_ament_install'
[1.106s] Level 1:colcon.colcon_core.package_identification:_identify(.) by extensions ['colcon_pkg']
[1.106s] Level 1:colcon.colcon_core.package_identification:_identify(.) by extension 'colcon_pkg'
[1.107s] Level 1:colcon.colcon_core.package_identification:_identify(.) by extensions ['colcon_meta']
[1.107s] Level 1:colcon.colcon_core.package_identification:_identify(.) by extension 'colcon_meta'
[1.107s] Level 1:colcon.colcon_core.package_identification:_identify(.) by extensions ['ros']
[1.107s] Level 1:colcon.colcon_core.package_identification:_identify(.) by extension 'ros'
[1.118s] Level 1:colcon.colcon_core.package_identification:_identify(.) by extensions ['cmake', 'python']
[1.118s] Level 1:colcon.colcon_core.package_identification:_identify(.) by extension 'cmake'
[1.119s] Level 1:colcon.colcon_core.package_identification:_identify(.) by extension 'python'
[1.119s] Level 1:colcon.colcon_core.package_identification:_identify(.) by extensions ['python_setup_py']
[1.119s] Level 1:colcon.colcon_core.package_identification:_identify(.) by extension 'python_setup_py'
[1.119s] Level 1:colcon.colcon_core.package_identification:_identify(build) by extensions ['ignore', 'ignore_ament_install']
[1.119s] Level 1:colcon.colcon_core.package_identification:_identify(build) by extension 'ignore'
[1.119s] Level 1:colcon.colcon_core.package_identification:_identify(build) ignored
[1.119s] Level 1:colcon.colcon_core.package_identification:_identify(install) by extensions ['ignore', 'ignore_ament_install']
[1.119s] Level 1:colcon.colcon_core.package_identification:_identify(install) by extension 'ignore'
[1.119s] Level 1:colcon.colcon_core.package_identification:_identify(install) ignored
[1.120s] Level 1:colcon.colcon_core.package_identification:_identify(log) by extensions ['ignore', 'ignore_ament_install']
[1.120s] Level 1:colcon.colcon_core.package_identification:_identify(log) by extension 'ignore'
[1.120s] Level 1:colcon.colcon_core.package_identification:_identify(log) ignored
[1.120s] Level 1:colcon.colcon_core.package_identification:_identify(src) by extensions ['ignore', 'ignore_ament_install']
[1.120s] Level 1:colcon.colcon_core.package_identification:_identify(src) by extension 'ignore'
[1.120s] Level 1:colcon.colcon_core.package_identification:_identify(src) by extension 'ignore_ament_install'
[1.120s] Level 1:colcon.colcon_core.package_identification:_identify(src) by extensions ['colcon_pkg']
[1.120s] Level 1:colcon.colcon_core.package_identification:_identify(src) by extension 'colcon_pkg'
[1.120s] Level 1:colcon.colcon_core.package_identification:_identify(src) by extensions ['colcon_meta']
[1.120s] Level 1:colcon.colcon_core.package_identification:_identify(src) by extension 'colcon_meta'
[1.120s] Level 1:colcon.colcon_core.package_identification:_identify(src) by extensions ['ros']
[1.120s] Level 1:colcon.colcon_core.package_identification:_identify(src) by extension 'ros'
[1.120s] Level 1:colcon.colcon_core.package_identification:_identify(src) by extensions ['cmake', 'python']
[1.120s] Level 1:colcon.colcon_core.package_identification:_identify(src) by extension 'cmake'
[1.121s] Level 1:colcon.colcon_core.package_identification:_identify(src) by extension 'python'
[1.121s] Level 1:colcon.colcon_core.package_identification:_identify(src) by extensions ['python_setup_py']
[1.121s] Level 1:colcon.colcon_core.package_identification:_identify(src) by extension 'python_setup_py'
[1.121s] Level 1:colcon.colcon_core.package_identification:_identify(src/my_robot) by extensions ['ignore', 'ignore_ament_install']
[1.121s] Level 1:colcon.colcon_core.package_identification:_identify(src/my_robot) by extension 'ignore'
[1.121s] Level 1:colcon.colcon_core.package_identification:_identify(src/my_robot) by extension 'ignore_ament_install'
[1.121s] Level 1:colcon.colcon_core.package_identification:_identify(src/my_robot) by extensions ['colcon_pkg']
[1.121s] Level 1:colcon.colcon_core.package_identification:_identify(src/my_robot) by extension 'colcon_pkg'
[1.121s] Level 1:colcon.colcon_core.package_identification:_identify(src/my_robot) by extensions ['colcon_meta']
[1.121s] Level 1:colcon.colcon_core.package_identification:_identify(src/my_robot) by extension 'colcon_meta'
[1.121s] Level 1:colcon.colcon_core.package_identification:_identify(src/my_robot) by extensions ['ros']
[1.121s] Level 1:colcon.colcon_core.package_identification:_identify(src/my_robot) by extension 'ros'
[1.123s] DEBUG:colcon.colcon_core.package_identification:Package 'src/my_robot' with type 'ros.ament_python' and name 'my_robot'
[1.124s] Level 1:colcon.colcon_core.package_identification:_identify(src/myrobot_interfaces) by extensions ['ignore', 'ignore_ament_install']
[1.124s] Level 1:colcon.colcon_core.package_identification:_identify(src/myrobot_interfaces) by extension 'ignore'
[1.124s] Level 1:colcon.colcon_core.package_identification:_identify(src/myrobot_interfaces) by extension 'ignore_ament_install'
[1.124s] Level 1:colcon.colcon_core.package_identification:_identify(src/myrobot_interfaces) by extensions ['colcon_pkg']
[1.124s] Level 1:colcon.colcon_core.package_identification:_identify(src/myrobot_interfaces) by extension 'colcon_pkg'
[1.124s] Level 1:colcon.colcon_core.package_identification:_identify(src/myrobot_interfaces) by extensions ['colcon_meta']
[1.124s] Level 1:colcon.colcon_core.package_identification:_identify(src/myrobot_interfaces) by extension 'colcon_meta'
[1.124s] Level 1:colcon.colcon_core.package_identification:_identify(src/myrobot_interfaces) by extensions ['ros']
[1.124s] Level 1:colcon.colcon_core.package_identification:_identify(src/myrobot_interfaces) by extension 'ros'
[1.125s] DEBUG:colcon.colcon_core.package_identification:Package 'src/myrobot_interfaces' with type 'ros.ament_cmake' and name 'myrobot_interfaces'
[1.125s] Level 1:colcon.colcon_core.package_identification:_identify(src/robot_1) by extensions ['ignore', 'ignore_ament_install']
[1.125s] Level 1:colcon.colcon_core.package_identification:_identify(src/robot_1) by extension 'ignore'
[1.125s] Level 1:colcon.colcon_core.package_identification:_identify(src/robot_1) by extension 'ignore_ament_install'
[1.125s] Level 1:colcon.colcon_core.package_identification:_identify(src/robot_1) by extensions ['colcon_pkg']
[1.125s] Level 1:colcon.colcon_core.package_identification:_identify(src/robot_1) by extension 'colcon_pkg'
[1.125s] Level 1:colcon.colcon_core.package_identification:_identify(src/robot_1) by extensions ['colcon_meta']
[1.125s] Level 1:colcon.colcon_core.package_identification:_identify(src/robot_1) by extension 'colcon_meta'
[1.125s] Level 1:colcon.colcon_core.package_identification:_identify(src/robot_1) by extensions ['ros']
[1.125s] Level 1:colcon.colcon_core.package_identification:_identify(src/robot_1) by extension 'ros'
[1.126s] DEBUG:colcon.colcon_core.package_identification:Package 'src/robot_1' with type 'ros.ament_python' and name 'robot_1'
[1.126s] Level 1:colcon.colcon_core.package_discovery:discover_packages(recursive) using defaults
[1.126s] Level 1:colcon.colcon_core.package_discovery:discover_packages(ignore) discover
[1.126s] Level 1:colcon.colcon_core.package_discovery:discover_packages(ignore) using defaults
[1.126s] Level 1:colcon.colcon_core.package_discovery:discover_packages(path) discover
[1.126s] Level 1:colcon.colcon_core.package_discovery:discover_packages(path) using defaults
[1.194s] INFO:colcon.colcon_core.package_selection:Skipping not selected package 'my_robot' in 'src/my_robot'
[1.194s] INFO:colcon.colcon_core.package_selection:Skipping not selected package 'myrobot_interfaces' in 'src/myrobot_interfaces'
[1.224s] Level 1:colcon.colcon_core.package_discovery:discover_packages(prefix_path) check parameters
[1.224s] Level 1:colcon.colcon_core.package_discovery:discover_packages(prefix_path) discover
[1.258s] DEBUG:colcon.colcon_installed_package_information.package_discovery:Found 3 installed packages in /home/supakorn/ros2_ws/install
[1.274s] DEBUG:colcon.colcon_installed_package_information.package_discovery:Found 281 installed packages in /opt/ros/iron
[1.275s] Level 1:colcon.colcon_core.package_discovery:discover_packages(prefix_path) using defaults
[1.368s] Level 5:colcon.colcon_core.verb:set package 'robot_1' build argument 'cmake_args' from command line to 'None'
[1.368s] Level 5:colcon.colcon_core.verb:set package 'robot_1' build argument 'cmake_target' from command line to 'None'
[1.368s] Level 5:colcon.colcon_core.verb:set package 'robot_1' build argument 'cmake_target_skip_unavailable' from command line to 'False'
[1.368s] Level 5:colcon.colcon_core.verb:set package 'robot_1' build argument 'cmake_clean_cache' from command line to 'False'
[1.368s] Level 5:colcon.colcon_core.verb:set package 'robot_1' build argument 'cmake_clean_first' from command line to 'False'
[1.368s] Level 5:colcon.colcon_core.verb:set package 'robot_1' build argument 'cmake_force_configure' from command line to 'False'
[1.368s] Level 5:colcon.colcon_core.verb:set package 'robot_1' build argument 'ament_cmake_args' from command line to 'None'
[1.368s] Level 5:colcon.colcon_core.verb:set package 'robot_1' build argument 'catkin_cmake_args' from command line to 'None'
[1.368s] Level 5:colcon.colcon_core.verb:set package 'robot_1' build argument 'catkin_skip_building_tests' from command line to 'False'
[1.368s] DEBUG:colcon.colcon_core.verb:Building package 'robot_1' with the following arguments: {'ament_cmake_args': None, 'build_base': '/home/supakorn/ros2_ws/build/robot_1', 'catkin_cmake_args': None, 'catkin_skip_building_tests': False, 'cmake_args': None, 'cmake_clean_cache': False, 'cmake_clean_first': False, 'cmake_force_configure': False, 'cmake_target': None, 'cmake_target_skip_unavailable': False, 'install_base': '/home/supakorn/ros2_ws/install/robot_1', 'merge_install': False, 'path': '/home/supakorn/ros2_ws/src/robot_1', 'symlink_install': False, 'test_result_base': None}
[1.383s] INFO:colcon.colcon_core.executor:Executing jobs using 'parallel' executor
[1.400s] DEBUG:colcon.colcon_parallel_executor.executor.parallel:run_until_complete
[1.400s] INFO:colcon.colcon_ros.task.ament_python.build:Building ROS package in '/home/supakorn/ros2_ws/src/robot_1' with build type 'ament_python'
[1.401s] Level 1:colcon.colcon_core.shell:create_environment_hook('robot_1', 'ament_prefix_path')
[1.419s] INFO:colcon.colcon_core.plugin_system:Skipping extension 'colcon_core.shell.bat': Not used on non-Windows systems
[1.420s] INFO:colcon.colcon_core.shell:Creating environment hook '/home/supakorn/ros2_ws/install/robot_1/share/robot_1/hook/ament_prefix_path.ps1'
[1.420s] INFO:colcon.colcon_core.shell:Creating environment descriptor '/home/supakorn/ros2_ws/install/robot_1/share/robot_1/hook/ament_prefix_path.dsv'
[1.421s] INFO:colcon.colcon_core.shell:Creating environment hook '/home/supakorn/ros2_ws/install/robot_1/share/robot_1/hook/ament_prefix_path.sh'
[1.438s] INFO:colcon.colcon_core.shell:Skip shell extension 'powershell' for command environment: Not usable outside of PowerShell
[1.438s] DEBUG:colcon.colcon_core.shell:Skip shell extension 'dsv' for command environment
[1.768s] INFO:colcon.colcon_core.task.python.build:Building Python package in '/home/supakorn/ros2_ws/src/robot_1'
[1.784s] INFO:colcon.colcon_core.shell:Skip shell extension 'powershell' for command environment: Not usable outside of PowerShell
[1.784s] DEBUG:colcon.colcon_core.shell:Skip shell extension 'dsv' for command environment
[2.182s] DEBUG:colcon.colcon_core.event_handler.log_command:Invoking command in '/home/supakorn/ros2_ws/src/robot_1': PYTHONPATH=/home/supakorn/ros2_ws/build/robot_1/prefix_override:/home/supakorn/ros2_ws/install/robot_1/lib/python3.10/site-packages:/home/supakorn/ros2_ws/install/myrobot_interfaces/lib/python3.10/site-packages:/home/supakorn/ros2_ws/build/robot_1:/home/supakorn/ros2_ws/install/robot_1/lib/python3.10/site-packages:/home/supakorn/ros2_ws/install/my_robot/lib/python3.10/site-packages:/opt/ros/iron/lib/python3.10/site-packages /usr/bin/python3 setup.py egg_info --egg-base ../../build/robot_1 build --build-base /home/supakorn/ros2_ws/build/robot_1/build install --record /home/supakorn/ros2_ws/build/robot_1/install.log --single-version-externally-managed
[2.491s] DEBUG:colcon.colcon_core.event_handler.log_command:Invoked command in '/home/supakorn/ros2_ws/src/robot_1' returned '0': PYTHONPATH=/home/supakorn/ros2_ws/build/robot_1/prefix_override:/home/supakorn/ros2_ws/install/robot_1/lib/python3.10/site-packages:/home/supakorn/ros2_ws/install/myrobot_interfaces/lib/python3.10/site-packages:/home/supakorn/ros2_ws/build/robot_1:/home/supakorn/ros2_ws/install/robot_1/lib/python3.10/site-packages:/home/supakorn/ros2_ws/install/my_robot/lib/python3.10/site-packages:/opt/ros/iron/lib/python3.10/site-packages /usr/bin/python3 setup.py egg_info --egg-base ../../build/robot_1 build --build-base /home/supakorn/ros2_ws/build/robot_1/build install --record /home/supakorn/ros2_ws/build/robot_1/install.log --single-version-externally-managed
[2.507s] Level 1:colcon.colcon_core.environment:checking '/home/supakorn/ros2_ws/install/robot_1' for CMake module files
[2.507s] Level 1:colcon.colcon_core.environment:checking '/home/supakorn/ros2_ws/install/robot_1' for CMake config files
[2.508s] Level 1:colcon.colcon_core.environment:checking '/home/supakorn/ros2_ws/install/robot_1/lib'
[2.508s] Level 1:colcon.colcon_core.environment:checking '/home/supakorn/ros2_ws/install/robot_1/bin'
[2.508s] Level 1:colcon.colcon_core.environment:checking '/home/supakorn/ros2_ws/install/robot_1/lib/pkgconfig/robot_1.pc'
[2.509s] Level 1:colcon.colcon_core.environment:checking '/home/supakorn/ros2_ws/install/robot_1/lib/python3.10/site-packages'
[2.509s] Level 1:colcon.colcon_core.shell:create_environment_hook('robot_1', 'pythonpath')
[2.525s] INFO:colcon.colcon_core.shell:Creating environment hook '/home/supakorn/ros2_ws/install/robot_1/share/robot_1/hook/pythonpath.ps1'
[2.526s] INFO:colcon.colcon_core.shell:Creating environment descriptor '/home/supakorn/ros2_ws/install/robot_1/share/robot_1/hook/pythonpath.dsv'
[2.526s] INFO:colcon.colcon_core.shell:Creating environment hook '/home/supakorn/ros2_ws/install/robot_1/share/robot_1/hook/pythonpath.sh'
[2.527s] Level 1:colcon.colcon_core.environment:checking '/home/supakorn/ros2_ws/install/robot_1/bin'
[2.527s] Level 1:colcon.colcon_core.environment:create_environment_scripts_only(robot_1)
[2.544s] INFO:colcon.colcon_core.shell:Creating package script '/home/supakorn/ros2_ws/install/robot_1/share/robot_1/package.ps1'
[2.545s] INFO:colcon.colcon_core.shell:Creating package descriptor '/home/supakorn/ros2_ws/install/robot_1/share/robot_1/package.dsv'
[2.546s] INFO:colcon.colcon_core.shell:Creating package script '/home/supakorn/ros2_ws/install/robot_1/share/robot_1/package.sh'
[2.547s] INFO:colcon.colcon_core.shell:Creating package script '/home/supakorn/ros2_ws/install/robot_1/share/robot_1/package.bash'
[2.548s] INFO:colcon.colcon_core.shell:Creating package script '/home/supakorn/ros2_ws/install/robot_1/share/robot_1/package.zsh'
[2.548s] Level 1:colcon.colcon_core.environment:create_file_with_runtime_dependencies(/home/supakorn/ros2_ws/install/robot_1/share/colcon-core/packages/robot_1)
[2.549s] DEBUG:colcon.colcon_parallel_executor.executor.parallel:closing loop
[2.549s] DEBUG:colcon.colcon_parallel_executor.executor.parallel:loop closed
[2.549s] DEBUG:colcon.colcon_parallel_executor.executor.parallel:run_until_complete finished with '0'
[2.549s] DEBUG:colcon.colcon_core.event_reactor:joining thread
[2.572s] INFO:colcon.colcon_core.plugin_system:Skipping extension 'colcon_notification.desktop_notification.terminal_notifier': Not used on non-Darwin systems
[2.572s] INFO:colcon.colcon_core.plugin_system:Skipping extension 'colcon_notification.desktop_notification.win32': Not used on non-Windows systems
[2.572s] INFO:colcon.colcon_notification.desktop_notification:Sending desktop notification using 'notify2'
[2.588s] DEBUG:colcon.colcon_core.event_reactor:joined thread
[2.605s] INFO:colcon.colcon_core.shell:Creating prefix script '/home/supakorn/ros2_ws/install/local_setup.ps1'
[2.606s] INFO:colcon.colcon_core.shell:Creating prefix util module '/home/supakorn/ros2_ws/install/_local_setup_util_ps1.py'
[2.607s] INFO:colcon.colcon_core.shell:Creating prefix chain script '/home/supakorn/ros2_ws/install/setup.ps1'
[2.627s] INFO:colcon.colcon_core.shell:Creating prefix script '/home/supakorn/ros2_ws/install/local_setup.sh'
[2.627s] INFO:colcon.colcon_core.shell:Creating prefix util module '/home/supakorn/ros2_ws/install/_local_setup_util_sh.py'
[2.628s] INFO:colcon.colcon_core.shell:Creating prefix chain script '/home/supakorn/ros2_ws/install/setup.sh'
[2.645s] INFO:colcon.colcon_core.shell:Creating prefix script '/home/supakorn/ros2_ws/install/local_setup.bash'
[2.646s] INFO:colcon.colcon_core.shell:Creating prefix chain script '/home/supakorn/ros2_ws/install/setup.bash'
[2.662s] INFO:colcon.colcon_core.shell:Creating prefix script '/home/supakorn/ros2_ws/install/local_setup.zsh'
[2.663s] INFO:colcon.colcon_core.shell:Creating prefix chain script '/home/supakorn/ros2_ws/install/setup.zsh'
