[  2%] Built target myrobot_interfaces__rosidl_generator_type_description
[  2%] Built target ament_cmake_python_copy_myrobot_interfaces
[35m[1mConsolidate compiler generated dependencies of target myrobot_interfaces__rosidl_generator_c[0m
[  4%] Built target myrobot_interfaces__cpp
[ 22%] Built target myrobot_interfaces__rosidl_generator_c
[35m[1mConsolidate compiler generated dependencies of target myrobot_interfaces__rosidl_typesupport_fastrtps_c[0m
[35m[1mConsolidate compiler generated dependencies of target myrobot_interfaces__rosidl_typesupport_cpp[0m
[35m[1mConsolidate compiler generated dependencies of target myrobot_interfaces__rosidl_typesupport_introspection_c[0m
[ 31%] Built target myrobot_interfaces__rosidl_typesupport_fastrtps_c
[ 40%] Built target myrobot_interfaces__rosidl_typesupport_cpp
[ 50%] Built target myrobot_interfaces__rosidl_typesupport_introspection_c
[35m[1mConsolidate compiler generated dependencies of target myrobot_interfaces__rosidl_typesupport_c[0m
[35m[1mConsolidate compiler generated dependencies of target myrobot_interfaces__rosidl_typesupport_fastrtps_cpp[0m
[35m[1mConsolidate compiler generated dependencies of target myrobot_interfaces__rosidl_typesupport_introspection_cpp[0m
[ 59%] Built target myrobot_interfaces__rosidl_typesupport_c
[ 68%] Built target myrobot_interfaces__rosidl_typesupport_fastrtps_cpp
[ 77%] Built target myrobot_interfaces__rosidl_typesupport_introspection_cpp
[ 77%] Built target myrobot_interfaces
[ 79%] Built target myrobot_interfaces__py
[35m[1mConsolidate compiler generated dependencies of target myrobot_interfaces__rosidl_generator_py[0m
[ 86%] Built target myrobot_interfaces__rosidl_generator_py
running egg_info
writing myrobot_interfaces.egg-info/PKG-INFO
writing dependency_links to myrobot_interfaces.egg-info/dependency_links.txt
writing top-level names to myrobot_interfaces.egg-info/top_level.txt
reading manifest file 'myrobot_interfaces.egg-info/SOURCES.txt'
writing manifest file 'myrobot_interfaces.egg-info/SOURCES.txt'
[35m[1mConsolidate compiler generated dependencies of target myrobot_interfaces__rosidl_typesupport_fastrtps_c__pyext[0m
[35m[1mConsolidate compiler generated dependencies of target myrobot_interfaces__rosidl_typesupport_introspection_c__pyext[0m
[35m[1mConsolidate compiler generated dependencies of target myrobot_interfaces__rosidl_typesupport_c__pyext[0m
[ 86%] Built target ament_cmake_python_build_myrobot_interfaces_egg
[ 90%] Built target myrobot_interfaces__rosidl_typesupport_introspection_c__pyext
[ 95%] Built target myrobot_interfaces__rosidl_typesupport_fastrtps_c__pyext
[100%] Built target myrobot_interfaces__rosidl_typesupport_c__pyext
-- Install configuration: ""
-- Up-to-date: /home/predator/ros2_ws/install/myrobot_interfaces/share/ament_index/resource_index/rosidl_interfaces/myrobot_interfaces
-- Up-to-date: /home/predator/ros2_ws/install/myrobot_interfaces/share/myrobot_interfaces/msg/HWstatus.json
-- Up-to-date: /home/predator/ros2_ws/install/myrobot_interfaces/share/myrobot_interfaces/srv/CalRectangle.json
-- Up-to-date: /home/predator/ros2_ws/install/myrobot_interfaces/include/myrobot_interfaces/myrobot_interfaces
-- Up-to-date: /home/predator/ros2_ws/install/myrobot_interfaces/include/myrobot_interfaces/myrobot_interfaces/msg
-- Up-to-date: /home/predator/ros2_ws/install/myrobot_interfaces/include/myrobot_interfaces/myrobot_interfaces/msg/h_wstatus.h
-- Up-to-date: /home/predator/ros2_ws/install/myrobot_interfaces/include/myrobot_interfaces/myrobot_interfaces/msg/detail
-- Up-to-date: /home/predator/ros2_ws/install/myrobot_interfaces/include/myrobot_interfaces/myrobot_interfaces/msg/detail/h_wstatus__functions.c
-- Up-to-date: /home/predator/ros2_ws/install/myrobot_interfaces/include/myrobot_interfaces/myrobot_interfaces/msg/detail/h_wstatus__functions.h
-- Up-to-date: /home/predator/ros2_ws/install/myrobot_interfaces/include/myrobot_interfaces/myrobot_interfaces/msg/detail/h_wstatus__type_support.c
-- Up-to-date: /home/predator/ros2_ws/install/myrobot_interfaces/include/myrobot_interfaces/myrobot_interfaces/msg/detail/h_wstatus__description.c
-- Up-to-date: /home/predator/ros2_ws/install/myrobot_interfaces/include/myrobot_interfaces/myrobot_interfaces/msg/detail/h_wstatus__struct.h
-- Up-to-date: /home/predator/ros2_ws/install/myrobot_interfaces/include/myrobot_interfaces/myrobot_interfaces/msg/detail/h_wstatus__type_support.h
-- Up-to-date: /home/predator/ros2_ws/install/myrobot_interfaces/include/myrobot_interfaces/myrobot_interfaces/msg/rosidl_generator_c__visibility_control.h
-- Up-to-date: /home/predator/ros2_ws/install/myrobot_interfaces/include/myrobot_interfaces/myrobot_interfaces/srv
-- Up-to-date: /home/predator/ros2_ws/install/myrobot_interfaces/include/myrobot_interfaces/myrobot_interfaces/srv/detail
-- Up-to-date: /home/predator/ros2_ws/install/myrobot_interfaces/include/myrobot_interfaces/myrobot_interfaces/srv/detail/cal_rectangle__functions.h
-- Up-to-date: /home/predator/ros2_ws/install/myrobot_interfaces/include/myrobot_interfaces/myrobot_interfaces/srv/detail/cal_rectangle__description.c
-- Up-to-date: /home/predator/ros2_ws/install/myrobot_interfaces/include/myrobot_interfaces/myrobot_interfaces/srv/detail/cal_rectangle__type_support.c
-- Up-to-date: /home/predator/ros2_ws/install/myrobot_interfaces/include/myrobot_interfaces/myrobot_interfaces/srv/detail/cal_rectangle__type_support.h
-- Up-to-date: /home/predator/ros2_ws/install/myrobot_interfaces/include/myrobot_interfaces/myrobot_interfaces/srv/detail/cal_rectangle__struct.h
-- Up-to-date: /home/predator/ros2_ws/install/myrobot_interfaces/include/myrobot_interfaces/myrobot_interfaces/srv/detail/cal_rectangle__functions.c
-- Up-to-date: /home/predator/ros2_ws/install/myrobot_interfaces/include/myrobot_interfaces/myrobot_interfaces/srv/cal_rectangle.h
-- Up-to-date: /home/predator/ros2_ws/install/myrobot_interfaces/share/myrobot_interfaces/environment/library_path.sh
-- Up-to-date: /home/predator/ros2_ws/install/myrobot_interfaces/share/myrobot_interfaces/environment/library_path.dsv
-- Up-to-date: /home/predator/ros2_ws/install/myrobot_interfaces/lib/libmyrobot_interfaces__rosidl_generator_c.so
-- Up-to-date: /home/predator/ros2_ws/install/myrobot_interfaces/include/myrobot_interfaces/myrobot_interfaces
-- Up-to-date: /home/predator/ros2_ws/install/myrobot_interfaces/include/myrobot_interfaces/myrobot_interfaces/msg
-- Up-to-date: /home/predator/ros2_ws/install/myrobot_interfaces/include/myrobot_interfaces/myrobot_interfaces/msg/detail
-- Up-to-date: /home/predator/ros2_ws/install/myrobot_interfaces/include/myrobot_interfaces/myrobot_interfaces/msg/detail/h_wstatus__rosidl_typesupport_fastrtps_c.h
-- Up-to-date: /home/predator/ros2_ws/install/myrobot_interfaces/include/myrobot_interfaces/myrobot_interfaces/msg/rosidl_typesupport_fastrtps_c__visibility_control.h
-- Up-to-date: /home/predator/ros2_ws/install/myrobot_interfaces/include/myrobot_interfaces/myrobot_interfaces/srv
-- Up-to-date: /home/predator/ros2_ws/install/myrobot_interfaces/include/myrobot_interfaces/myrobot_interfaces/srv/detail
-- Up-to-date: /home/predator/ros2_ws/install/myrobot_interfaces/include/myrobot_interfaces/myrobot_interfaces/srv/detail/cal_rectangle__rosidl_typesupport_fastrtps_c.h
-- Up-to-date: /home/predator/ros2_ws/install/myrobot_interfaces/lib/libmyrobot_interfaces__rosidl_typesupport_fastrtps_c.so
-- Up-to-date: /home/predator/ros2_ws/install/myrobot_interfaces/include/myrobot_interfaces/myrobot_interfaces
-- Up-to-date: /home/predator/ros2_ws/install/myrobot_interfaces/include/myrobot_interfaces/myrobot_interfaces/msg
-- Up-to-date: /home/predator/ros2_ws/install/myrobot_interfaces/include/myrobot_interfaces/myrobot_interfaces/msg/detail
-- Up-to-date: /home/predator/ros2_ws/install/myrobot_interfaces/include/myrobot_interfaces/myrobot_interfaces/msg/detail/h_wstatus__type_support.c
-- Up-to-date: /home/predator/ros2_ws/install/myrobot_interfaces/include/myrobot_interfaces/myrobot_interfaces/msg/detail/h_wstatus__rosidl_typesupport_introspection_c.h
-- Up-to-date: /home/predator/ros2_ws/install/myrobot_interfaces/include/myrobot_interfaces/myrobot_interfaces/msg/rosidl_typesupport_introspection_c__visibility_control.h
-- Up-to-date: /home/predator/ros2_ws/install/myrobot_interfaces/include/myrobot_interfaces/myrobot_interfaces/srv
-- Up-to-date: /home/predator/ros2_ws/install/myrobot_interfaces/include/myrobot_interfaces/myrobot_interfaces/srv/detail
-- Up-to-date: /home/predator/ros2_ws/install/myrobot_interfaces/include/myrobot_interfaces/myrobot_interfaces/srv/detail/cal_rectangle__rosidl_typesupport_introspection_c.h
-- Up-to-date: /home/predator/ros2_ws/install/myrobot_interfaces/include/myrobot_interfaces/myrobot_interfaces/srv/detail/cal_rectangle__type_support.c
-- Up-to-date: /home/predator/ros2_ws/install/myrobot_interfaces/lib/libmyrobot_interfaces__rosidl_typesupport_introspection_c.so
-- Up-to-date: /home/predator/ros2_ws/install/myrobot_interfaces/lib/libmyrobot_interfaces__rosidl_typesupport_c.so
-- Up-to-date: /home/predator/ros2_ws/install/myrobot_interfaces/include/myrobot_interfaces/myrobot_interfaces
-- Up-to-date: /home/predator/ros2_ws/install/myrobot_interfaces/include/myrobot_interfaces/myrobot_interfaces/msg
-- Up-to-date: /home/predator/ros2_ws/install/myrobot_interfaces/include/myrobot_interfaces/myrobot_interfaces/msg/h_wstatus.hpp
-- Up-to-date: /home/predator/ros2_ws/install/myrobot_interfaces/include/myrobot_interfaces/myrobot_interfaces/msg/detail
-- Up-to-date: /home/predator/ros2_ws/install/myrobot_interfaces/include/myrobot_interfaces/myrobot_interfaces/msg/detail/h_wstatus__struct.hpp
-- Up-to-date: /home/predator/ros2_ws/install/myrobot_interfaces/include/myrobot_interfaces/myrobot_interfaces/msg/detail/h_wstatus__traits.hpp
-- Up-to-date: /home/predator/ros2_ws/install/myrobot_interfaces/include/myrobot_interfaces/myrobot_interfaces/msg/detail/h_wstatus__builder.hpp
-- Up-to-date: /home/predator/ros2_ws/install/myrobot_interfaces/include/myrobot_interfaces/myrobot_interfaces/srv
-- Up-to-date: /home/predator/ros2_ws/install/myrobot_interfaces/include/myrobot_interfaces/myrobot_interfaces/srv/detail
-- Up-to-date: /home/predator/ros2_ws/install/myrobot_interfaces/include/myrobot_interfaces/myrobot_interfaces/srv/detail/cal_rectangle__struct.hpp
-- Up-to-date: /home/predator/ros2_ws/install/myrobot_interfaces/include/myrobot_interfaces/myrobot_interfaces/srv/detail/cal_rectangle__builder.hpp
-- Up-to-date: /home/predator/ros2_ws/install/myrobot_interfaces/include/myrobot_interfaces/myrobot_interfaces/srv/detail/cal_rectangle__traits.hpp
-- Up-to-date: /home/predator/ros2_ws/install/myrobot_interfaces/include/myrobot_interfaces/myrobot_interfaces/srv/cal_rectangle.hpp
-- Up-to-date: /home/predator/ros2_ws/install/myrobot_interfaces/include/myrobot_interfaces/myrobot_interfaces
-- Up-to-date: /home/predator/ros2_ws/install/myrobot_interfaces/include/myrobot_interfaces/myrobot_interfaces/msg
-- Up-to-date: /home/predator/ros2_ws/install/myrobot_interfaces/include/myrobot_interfaces/myrobot_interfaces/msg/detail
-- Up-to-date: /home/predator/ros2_ws/install/myrobot_interfaces/include/myrobot_interfaces/myrobot_interfaces/msg/detail/dds_fastrtps
-- Up-to-date: /home/predator/ros2_ws/install/myrobot_interfaces/include/myrobot_interfaces/myrobot_interfaces/msg/detail/h_wstatus__rosidl_typesupport_fastrtps_cpp.hpp
-- Up-to-date: /home/predator/ros2_ws/install/myrobot_interfaces/include/myrobot_interfaces/myrobot_interfaces/msg/rosidl_typesupport_fastrtps_cpp__visibility_control.h
-- Up-to-date: /home/predator/ros2_ws/install/myrobot_interfaces/include/myrobot_interfaces/myrobot_interfaces/srv
-- Up-to-date: /home/predator/ros2_ws/install/myrobot_interfaces/include/myrobot_interfaces/myrobot_interfaces/srv/detail
-- Up-to-date: /home/predator/ros2_ws/install/myrobot_interfaces/include/myrobot_interfaces/myrobot_interfaces/srv/detail/dds_fastrtps
-- Up-to-date: /home/predator/ros2_ws/install/myrobot_interfaces/include/myrobot_interfaces/myrobot_interfaces/srv/detail/cal_rectangle__rosidl_typesupport_fastrtps_cpp.hpp
-- Up-to-date: /home/predator/ros2_ws/install/myrobot_interfaces/lib/libmyrobot_interfaces__rosidl_typesupport_fastrtps_cpp.so
-- Up-to-date: /home/predator/ros2_ws/install/myrobot_interfaces/include/myrobot_interfaces/myrobot_interfaces
-- Up-to-date: /home/predator/ros2_ws/install/myrobot_interfaces/include/myrobot_interfaces/myrobot_interfaces/msg
-- Up-to-date: /home/predator/ros2_ws/install/myrobot_interfaces/include/myrobot_interfaces/myrobot_interfaces/msg/detail
-- Up-to-date: /home/predator/ros2_ws/install/myrobot_interfaces/include/myrobot_interfaces/myrobot_interfaces/msg/detail/h_wstatus__type_support.cpp
-- Up-to-date: /home/predator/ros2_ws/install/myrobot_interfaces/include/myrobot_interfaces/myrobot_interfaces/msg/detail/h_wstatus__rosidl_typesupport_introspection_cpp.hpp
-- Up-to-date: /home/predator/ros2_ws/install/myrobot_interfaces/include/myrobot_interfaces/myrobot_interfaces/srv
-- Up-to-date: /home/predator/ros2_ws/install/myrobot_interfaces/include/myrobot_interfaces/myrobot_interfaces/srv/detail
-- Up-to-date: /home/predator/ros2_ws/install/myrobot_interfaces/include/myrobot_interfaces/myrobot_interfaces/srv/detail/cal_rectangle__rosidl_typesupport_introspection_cpp.hpp
-- Up-to-date: /home/predator/ros2_ws/install/myrobot_interfaces/include/myrobot_interfaces/myrobot_interfaces/srv/detail/cal_rectangle__type_support.cpp
-- Up-to-date: /home/predator/ros2_ws/install/myrobot_interfaces/lib/libmyrobot_interfaces__rosidl_typesupport_introspection_cpp.so
-- Up-to-date: /home/predator/ros2_ws/install/myrobot_interfaces/lib/libmyrobot_interfaces__rosidl_typesupport_cpp.so
-- Up-to-date: /home/predator/ros2_ws/install/myrobot_interfaces/share/myrobot_interfaces/environment/pythonpath.sh
-- Up-to-date: /home/predator/ros2_ws/install/myrobot_interfaces/share/myrobot_interfaces/environment/pythonpath.dsv
-- Up-to-date: /home/predator/ros2_ws/install/myrobot_interfaces/lib/python3.10/site-packages/myrobot_interfaces-0.0.0-py3.10.egg-info
-- Installing: /home/predator/ros2_ws/install/myrobot_interfaces/lib/python3.10/site-packages/myrobot_interfaces-0.0.0-py3.10.egg-info/top_level.txt
-- Installing: /home/predator/ros2_ws/install/myrobot_interfaces/lib/python3.10/site-packages/myrobot_interfaces-0.0.0-py3.10.egg-info/PKG-INFO
-- Installing: /home/predator/ros2_ws/install/myrobot_interfaces/lib/python3.10/site-packages/myrobot_interfaces-0.0.0-py3.10.egg-info/dependency_links.txt
-- Installing: /home/predator/ros2_ws/install/myrobot_interfaces/lib/python3.10/site-packages/myrobot_interfaces-0.0.0-py3.10.egg-info/SOURCES.txt
-- Up-to-date: /home/predator/ros2_ws/install/myrobot_interfaces/lib/python3.10/site-packages/myrobot_interfaces
-- Up-to-date: /home/predator/ros2_ws/install/myrobot_interfaces/lib/python3.10/site-packages/myrobot_interfaces/libmyrobot_interfaces__rosidl_generator_py.so
-- Up-to-date: /home/predator/ros2_ws/install/myrobot_interfaces/lib/python3.10/site-packages/myrobot_interfaces/msg
-- Up-to-date: /home/predator/ros2_ws/install/myrobot_interfaces/lib/python3.10/site-packages/myrobot_interfaces/msg/__init__.py
-- Up-to-date: /home/predator/ros2_ws/install/myrobot_interfaces/lib/python3.10/site-packages/myrobot_interfaces/msg/_h_wstatus_s.c
-- Up-to-date: /home/predator/ros2_ws/install/myrobot_interfaces/lib/python3.10/site-packages/myrobot_interfaces/msg/_h_wstatus.py
-- Up-to-date: /home/predator/ros2_ws/install/myrobot_interfaces/lib/python3.10/site-packages/myrobot_interfaces/_myrobot_interfaces_s.ep.rosidl_typesupport_c.c
-- Up-to-date: /home/predator/ros2_ws/install/myrobot_interfaces/lib/python3.10/site-packages/myrobot_interfaces/_myrobot_interfaces_s.ep.rosidl_typesupport_fastrtps_c.c
-- Up-to-date: /home/predator/ros2_ws/install/myrobot_interfaces/lib/python3.10/site-packages/myrobot_interfaces/_myrobot_interfaces_s.ep.rosidl_typesupport_introspection_c.c
-- Up-to-date: /home/predator/ros2_ws/install/myrobot_interfaces/lib/python3.10/site-packages/myrobot_interfaces/myrobot_interfaces_s__rosidl_typesupport_c.cpython-310-x86_64-linux-gnu.so
-- Up-to-date: /home/predator/ros2_ws/install/myrobot_interfaces/lib/python3.10/site-packages/myrobot_interfaces/__init__.py
-- Up-to-date: /home/predator/ros2_ws/install/myrobot_interfaces/lib/python3.10/site-packages/myrobot_interfaces/myrobot_interfaces_s__rosidl_typesupport_introspection_c.cpython-310-x86_64-linux-gnu.so
-- Up-to-date: /home/predator/ros2_ws/install/myrobot_interfaces/lib/python3.10/site-packages/myrobot_interfaces/srv
-- Up-to-date: /home/predator/ros2_ws/install/myrobot_interfaces/lib/python3.10/site-packages/myrobot_interfaces/srv/_cal_rectangle.py
-- Up-to-date: /home/predator/ros2_ws/install/myrobot_interfaces/lib/python3.10/site-packages/myrobot_interfaces/srv/__init__.py
-- Up-to-date: /home/predator/ros2_ws/install/myrobot_interfaces/lib/python3.10/site-packages/myrobot_interfaces/srv/_cal_rectangle_s.c
-- Up-to-date: /home/predator/ros2_ws/install/myrobot_interfaces/lib/python3.10/site-packages/myrobot_interfaces/myrobot_interfaces_s__rosidl_typesupport_fastrtps_c.cpython-310-x86_64-linux-gnu.so
Listing '/home/predator/ros2_ws/install/myrobot_interfaces/lib/python3.10/site-packages/myrobot_interfaces'...
Listing '/home/predator/ros2_ws/install/myrobot_interfaces/lib/python3.10/site-packages/myrobot_interfaces/msg'...
Listing '/home/predator/ros2_ws/install/myrobot_interfaces/lib/python3.10/site-packages/myrobot_interfaces/srv'...
-- Up-to-date: /home/predator/ros2_ws/install/myrobot_interfaces/lib/python3.10/site-packages/myrobot_interfaces/myrobot_interfaces_s__rosidl_typesupport_fastrtps_c.cpython-310-x86_64-linux-gnu.so
-- Up-to-date: /home/predator/ros2_ws/install/myrobot_interfaces/lib/python3.10/site-packages/myrobot_interfaces/myrobot_interfaces_s__rosidl_typesupport_introspection_c.cpython-310-x86_64-linux-gnu.so
-- Up-to-date: /home/predator/ros2_ws/install/myrobot_interfaces/lib/python3.10/site-packages/myrobot_interfaces/myrobot_interfaces_s__rosidl_typesupport_c.cpython-310-x86_64-linux-gnu.so
-- Up-to-date: /home/predator/ros2_ws/install/myrobot_interfaces/lib/libmyrobot_interfaces__rosidl_generator_py.so
-- Up-to-date: /home/predator/ros2_ws/install/myrobot_interfaces/share/myrobot_interfaces/msg/HWstatus.idl
-- Up-to-date: /home/predator/ros2_ws/install/myrobot_interfaces/share/myrobot_interfaces/srv/CalRectangle.idl
-- Up-to-date: /home/predator/ros2_ws/install/myrobot_interfaces/share/myrobot_interfaces/msg/HWstatus.msg
-- Up-to-date: /home/predator/ros2_ws/install/myrobot_interfaces/share/myrobot_interfaces/srv/CalRectangle.srv
-- Up-to-date: /home/predator/ros2_ws/install/myrobot_interfaces/share/myrobot_interfaces/srv/CalRectangle_Request.msg
-- Up-to-date: /home/predator/ros2_ws/install/myrobot_interfaces/share/myrobot_interfaces/srv/CalRectangle_Response.msg
-- Up-to-date: /home/predator/ros2_ws/install/myrobot_interfaces/share/ament_index/resource_index/package_run_dependencies/myrobot_interfaces
-- Up-to-date: /home/predator/ros2_ws/install/myrobot_interfaces/share/ament_index/resource_index/parent_prefix_path/myrobot_interfaces
-- Up-to-date: /home/predator/ros2_ws/install/myrobot_interfaces/share/myrobot_interfaces/environment/ament_prefix_path.sh
-- Up-to-date: /home/predator/ros2_ws/install/myrobot_interfaces/share/myrobot_interfaces/environment/ament_prefix_path.dsv
-- Up-to-date: /home/predator/ros2_ws/install/myrobot_interfaces/share/myrobot_interfaces/environment/path.sh
-- Up-to-date: /home/predator/ros2_ws/install/myrobot_interfaces/share/myrobot_interfaces/environment/path.dsv
-- Up-to-date: /home/predator/ros2_ws/install/myrobot_interfaces/share/myrobot_interfaces/local_setup.bash
-- Up-to-date: /home/predator/ros2_ws/install/myrobot_interfaces/share/myrobot_interfaces/local_setup.sh
-- Up-to-date: /home/predator/ros2_ws/install/myrobot_interfaces/share/myrobot_interfaces/local_setup.zsh
-- Up-to-date: /home/predator/ros2_ws/install/myrobot_interfaces/share/myrobot_interfaces/local_setup.dsv
-- Installing: /home/predator/ros2_ws/install/myrobot_interfaces/share/myrobot_interfaces/package.dsv
-- Up-to-date: /home/predator/ros2_ws/install/myrobot_interfaces/share/ament_index/resource_index/packages/myrobot_interfaces
-- Up-to-date: /home/predator/ros2_ws/install/myrobot_interfaces/share/myrobot_interfaces/cmake/export_myrobot_interfaces__rosidl_generator_cExport.cmake
-- Up-to-date: /home/predator/ros2_ws/install/myrobot_interfaces/share/myrobot_interfaces/cmake/export_myrobot_interfaces__rosidl_generator_cExport-noconfig.cmake
-- Up-to-date: /home/predator/ros2_ws/install/myrobot_interfaces/share/myrobot_interfaces/cmake/export_myrobot_interfaces__rosidl_typesupport_fastrtps_cExport.cmake
-- Up-to-date: /home/predator/ros2_ws/install/myrobot_interfaces/share/myrobot_interfaces/cmake/export_myrobot_interfaces__rosidl_typesupport_fastrtps_cExport-noconfig.cmake
-- Up-to-date: /home/predator/ros2_ws/install/myrobot_interfaces/share/myrobot_interfaces/cmake/myrobot_interfaces__rosidl_typesupport_introspection_cExport.cmake
-- Up-to-date: /home/predator/ros2_ws/install/myrobot_interfaces/share/myrobot_interfaces/cmake/myrobot_interfaces__rosidl_typesupport_introspection_cExport-noconfig.cmake
-- Up-to-date: /home/predator/ros2_ws/install/myrobot_interfaces/share/myrobot_interfaces/cmake/myrobot_interfaces__rosidl_typesupport_cExport.cmake
-- Up-to-date: /home/predator/ros2_ws/install/myrobot_interfaces/share/myrobot_interfaces/cmake/myrobot_interfaces__rosidl_typesupport_cExport-noconfig.cmake
-- Up-to-date: /home/predator/ros2_ws/install/myrobot_interfaces/share/myrobot_interfaces/cmake/export_myrobot_interfaces__rosidl_generator_cppExport.cmake
-- Up-to-date: /home/predator/ros2_ws/install/myrobot_interfaces/share/myrobot_interfaces/cmake/export_myrobot_interfaces__rosidl_typesupport_fastrtps_cppExport.cmake
-- Up-to-date: /home/predator/ros2_ws/install/myrobot_interfaces/share/myrobot_interfaces/cmake/export_myrobot_interfaces__rosidl_typesupport_fastrtps_cppExport-noconfig.cmake
-- Up-to-date: /home/predator/ros2_ws/install/myrobot_interfaces/share/myrobot_interfaces/cmake/myrobot_interfaces__rosidl_typesupport_introspection_cppExport.cmake
-- Up-to-date: /home/predator/ros2_ws/install/myrobot_interfaces/share/myrobot_interfaces/cmake/myrobot_interfaces__rosidl_typesupport_introspection_cppExport-noconfig.cmake
-- Up-to-date: /home/predator/ros2_ws/install/myrobot_interfaces/share/myrobot_interfaces/cmake/myrobot_interfaces__rosidl_typesupport_cppExport.cmake
-- Up-to-date: /home/predator/ros2_ws/install/myrobot_interfaces/share/myrobot_interfaces/cmake/myrobot_interfaces__rosidl_typesupport_cppExport-noconfig.cmake
-- Up-to-date: /home/predator/ros2_ws/install/myrobot_interfaces/share/myrobot_interfaces/cmake/export_myrobot_interfaces__rosidl_generator_pyExport.cmake
-- Up-to-date: /home/predator/ros2_ws/install/myrobot_interfaces/share/myrobot_interfaces/cmake/export_myrobot_interfaces__rosidl_generator_pyExport-noconfig.cmake
-- Up-to-date: /home/predator/ros2_ws/install/myrobot_interfaces/share/myrobot_interfaces/cmake/rosidl_cmake-extras.cmake
-- Up-to-date: /home/predator/ros2_ws/install/myrobot_interfaces/share/myrobot_interfaces/cmake/ament_cmake_export_dependencies-extras.cmake
-- Up-to-date: /home/predator/ros2_ws/install/myrobot_interfaces/share/myrobot_interfaces/cmake/ament_cmake_export_include_directories-extras.cmake
-- Up-to-date: /home/predator/ros2_ws/install/myrobot_interfaces/share/myrobot_interfaces/cmake/ament_cmake_export_libraries-extras.cmake
-- Up-to-date: /home/predator/ros2_ws/install/myrobot_interfaces/share/myrobot_interfaces/cmake/ament_cmake_export_targets-extras.cmake
-- Up-to-date: /home/predator/ros2_ws/install/myrobot_interfaces/share/myrobot_interfaces/cmake/rosidl_cmake_export_typesupport_targets-extras.cmake
-- Up-to-date: /home/predator/ros2_ws/install/myrobot_interfaces/share/myrobot_interfaces/cmake/rosidl_cmake_export_typesupport_libraries-extras.cmake
-- Up-to-date: /home/predator/ros2_ws/install/myrobot_interfaces/share/myrobot_interfaces/cmake/myrobot_interfacesConfig.cmake
-- Up-to-date: /home/predator/ros2_ws/install/myrobot_interfaces/share/myrobot_interfaces/cmake/myrobot_interfacesConfig-version.cmake
-- Up-to-date: /home/predator/ros2_ws/install/myrobot_interfaces/share/myrobot_interfaces/package.xml
