[0.153s] Invoking command in '/home/predator/ros2_ws/build/myrobot_interfaces': CMAKE_PREFIX_PATH=${CMAKE_PREFIX_PATH}:/home/predator/ros2_ws/install/robot_1:/home/predator/ros2_ws/install/my_robot:/opt/ros/iron /usr/bin/cmake --build /home/predator/ros2_ws/build/myrobot_interfaces -- -j4 -l4
[0.296s] [  2%] Built target myrobot_interfaces__rosidl_generator_type_description
[0.314s] [  2%] Built target ament_cmake_python_copy_myrobot_interfaces
[0.317s] [35m[1mConsolidate compiler generated dependencies of target myrobot_interfaces__rosidl_generator_c[0m
[0.332s] [  4%] Built target myrobot_interfaces__cpp
[0.333s] [ 22%] Built target myrobot_interfaces__rosidl_generator_c
[0.360s] [35m[1mConsolidate compiler generated dependencies of target myrobot_interfaces__rosidl_typesupport_fastrtps_c[0m
[0.370s] [35m[1mConsolidate compiler generated dependencies of target myrobot_interfaces__rosidl_typesupport_cpp[0m
[0.376s] [35m[1mConsolidate compiler generated dependencies of target myrobot_interfaces__rosidl_typesupport_introspection_c[0m
[0.379s] [ 31%] Built target myrobot_interfaces__rosidl_typesupport_fastrtps_c
[0.392s] [ 40%] Built target myrobot_interfaces__rosidl_typesupport_cpp
[0.402s] [ 50%] Built target myrobot_interfaces__rosidl_typesupport_introspection_c
[0.406s] [35m[1mConsolidate compiler generated dependencies of target myrobot_interfaces__rosidl_typesupport_c[0m
[0.428s] [35m[1mConsolidate compiler generated dependencies of target myrobot_interfaces__rosidl_typesupport_fastrtps_cpp[0m
[0.428s] [35m[1mConsolidate compiler generated dependencies of target myrobot_interfaces__rosidl_typesupport_introspection_cpp[0m
[0.442s] [ 59%] Built target myrobot_interfaces__rosidl_typesupport_c
[0.453s] [ 68%] Built target myrobot_interfaces__rosidl_typesupport_fastrtps_cpp
[0.453s] [ 77%] Built target myrobot_interfaces__rosidl_typesupport_introspection_cpp
[0.485s] [ 77%] Built target myrobot_interfaces
[0.517s] [ 79%] Built target myrobot_interfaces__py
[0.539s] [35m[1mConsolidate compiler generated dependencies of target myrobot_interfaces__rosidl_generator_py[0m
[0.563s] [ 86%] Built target myrobot_interfaces__rosidl_generator_py
[0.568s] running egg_info
[0.568s] writing myrobot_interfaces.egg-info/PKG-INFO
[0.569s] writing dependency_links to myrobot_interfaces.egg-info/dependency_links.txt
[0.569s] writing top-level names to myrobot_interfaces.egg-info/top_level.txt
[0.572s] reading manifest file 'myrobot_interfaces.egg-info/SOURCES.txt'
[0.573s] writing manifest file 'myrobot_interfaces.egg-info/SOURCES.txt'
[0.586s] [35m[1mConsolidate compiler generated dependencies of target myrobot_interfaces__rosidl_typesupport_fastrtps_c__pyext[0m
[0.593s] [35m[1mConsolidate compiler generated dependencies of target myrobot_interfaces__rosidl_typesupport_introspection_c__pyext[0m
[0.606s] [35m[1mConsolidate compiler generated dependencies of target myrobot_interfaces__rosidl_typesupport_c__pyext[0m
[0.610s] [ 86%] Built target ament_cmake_python_build_myrobot_interfaces_egg
[0.610s] [ 90%] Built target myrobot_interfaces__rosidl_typesupport_introspection_c__pyext
[0.617s] [ 95%] Built target myrobot_interfaces__rosidl_typesupport_fastrtps_c__pyext
[0.629s] [100%] Built target myrobot_interfaces__rosidl_typesupport_c__pyext
[0.650s] Invoked command in '/home/predator/ros2_ws/build/myrobot_interfaces' returned '0': CMAKE_PREFIX_PATH=${CMAKE_PREFIX_PATH}:/home/predator/ros2_ws/install/robot_1:/home/predator/ros2_ws/install/my_robot:/opt/ros/iron /usr/bin/cmake --build /home/predator/ros2_ws/build/myrobot_interfaces -- -j4 -l4
[0.865s] Invoking command in '/home/predator/ros2_ws/build/myrobot_interfaces': CMAKE_PREFIX_PATH=${CMAKE_PREFIX_PATH}:/home/predator/ros2_ws/install/robot_1:/home/predator/ros2_ws/install/my_robot:/opt/ros/iron /usr/bin/cmake --install /home/predator/ros2_ws/build/myrobot_interfaces
[0.884s] -- Install configuration: ""
[0.885s] -- Up-to-date: /home/predator/ros2_ws/install/myrobot_interfaces/share/ament_index/resource_index/rosidl_interfaces/myrobot_interfaces
[0.885s] -- Up-to-date: /home/predator/ros2_ws/install/myrobot_interfaces/share/myrobot_interfaces/msg/HWstatus.json
[0.886s] -- Up-to-date: /home/predator/ros2_ws/install/myrobot_interfaces/share/myrobot_interfaces/srv/CalRectangle.json
[0.886s] -- Up-to-date: /home/predator/ros2_ws/install/myrobot_interfaces/include/myrobot_interfaces/myrobot_interfaces
[0.886s] -- Up-to-date: /home/predator/ros2_ws/install/myrobot_interfaces/include/myrobot_interfaces/myrobot_interfaces/msg
[0.886s] -- Up-to-date: /home/predator/ros2_ws/install/myrobot_interfaces/include/myrobot_interfaces/myrobot_interfaces/msg/h_wstatus.h
[0.886s] -- Up-to-date: /home/predator/ros2_ws/install/myrobot_interfaces/include/myrobot_interfaces/myrobot_interfaces/msg/detail
[0.887s] -- Up-to-date: /home/predator/ros2_ws/install/myrobot_interfaces/include/myrobot_interfaces/myrobot_interfaces/msg/detail/h_wstatus__functions.c
[0.887s] -- Up-to-date: /home/predator/ros2_ws/install/myrobot_interfaces/include/myrobot_interfaces/myrobot_interfaces/msg/detail/h_wstatus__functions.h
[0.887s] -- Up-to-date: /home/predator/ros2_ws/install/myrobot_interfaces/include/myrobot_interfaces/myrobot_interfaces/msg/detail/h_wstatus__type_support.c
[0.887s] -- Up-to-date: /home/predator/ros2_ws/install/myrobot_interfaces/include/myrobot_interfaces/myrobot_interfaces/msg/detail/h_wstatus__description.c
[0.887s] -- Up-to-date: /home/predator/ros2_ws/install/myrobot_interfaces/include/myrobot_interfaces/myrobot_interfaces/msg/detail/h_wstatus__struct.h
[0.887s] -- Up-to-date: /home/predator/ros2_ws/install/myrobot_interfaces/include/myrobot_interfaces/myrobot_interfaces/msg/detail/h_wstatus__type_support.h
[0.887s] -- Up-to-date: /home/predator/ros2_ws/install/myrobot_interfaces/include/myrobot_interfaces/myrobot_interfaces/msg/rosidl_generator_c__visibility_control.h
[0.887s] -- Up-to-date: /home/predator/ros2_ws/install/myrobot_interfaces/include/myrobot_interfaces/myrobot_interfaces/srv
[0.887s] -- Up-to-date: /home/predator/ros2_ws/install/myrobot_interfaces/include/myrobot_interfaces/myrobot_interfaces/srv/detail
[0.887s] -- Up-to-date: /home/predator/ros2_ws/install/myrobot_interfaces/include/myrobot_interfaces/myrobot_interfaces/srv/detail/cal_rectangle__functions.h
[0.887s] -- Up-to-date: /home/predator/ros2_ws/install/myrobot_interfaces/include/myrobot_interfaces/myrobot_interfaces/srv/detail/cal_rectangle__description.c
[0.887s] -- Up-to-date: /home/predator/ros2_ws/install/myrobot_interfaces/include/myrobot_interfaces/myrobot_interfaces/srv/detail/cal_rectangle__type_support.c
[0.887s] -- Up-to-date: /home/predator/ros2_ws/install/myrobot_interfaces/include/myrobot_interfaces/myrobot_interfaces/srv/detail/cal_rectangle__type_support.h
[0.887s] -- Up-to-date: /home/predator/ros2_ws/install/myrobot_interfaces/include/myrobot_interfaces/myrobot_interfaces/srv/detail/cal_rectangle__struct.h
[0.887s] -- Up-to-date: /home/predator/ros2_ws/install/myrobot_interfaces/include/myrobot_interfaces/myrobot_interfaces/srv/detail/cal_rectangle__functions.c
[0.887s] -- Up-to-date: /home/predator/ros2_ws/install/myrobot_interfaces/include/myrobot_interfaces/myrobot_interfaces/srv/cal_rectangle.h
[0.887s] -- Up-to-date: /home/predator/ros2_ws/install/myrobot_interfaces/share/myrobot_interfaces/environment/library_path.sh
[0.887s] -- Up-to-date: /home/predator/ros2_ws/install/myrobot_interfaces/share/myrobot_interfaces/environment/library_path.dsv
[0.888s] -- Up-to-date: /home/predator/ros2_ws/install/myrobot_interfaces/lib/libmyrobot_interfaces__rosidl_generator_c.so
[0.889s] -- Up-to-date: /home/predator/ros2_ws/install/myrobot_interfaces/include/myrobot_interfaces/myrobot_interfaces
[0.889s] -- Up-to-date: /home/predator/ros2_ws/install/myrobot_interfaces/include/myrobot_interfaces/myrobot_interfaces/msg
[0.889s] -- Up-to-date: /home/predator/ros2_ws/install/myrobot_interfaces/include/myrobot_interfaces/myrobot_interfaces/msg/detail
[0.889s] -- Up-to-date: /home/predator/ros2_ws/install/myrobot_interfaces/include/myrobot_interfaces/myrobot_interfaces/msg/detail/h_wstatus__rosidl_typesupport_fastrtps_c.h
[0.889s] -- Up-to-date: /home/predator/ros2_ws/install/myrobot_interfaces/include/myrobot_interfaces/myrobot_interfaces/msg/rosidl_typesupport_fastrtps_c__visibility_control.h
[0.889s] -- Up-to-date: /home/predator/ros2_ws/install/myrobot_interfaces/include/myrobot_interfaces/myrobot_interfaces/srv
[0.889s] -- Up-to-date: /home/predator/ros2_ws/install/myrobot_interfaces/include/myrobot_interfaces/myrobot_interfaces/srv/detail
[0.889s] -- Up-to-date: /home/predator/ros2_ws/install/myrobot_interfaces/include/myrobot_interfaces/myrobot_interfaces/srv/detail/cal_rectangle__rosidl_typesupport_fastrtps_c.h
[0.890s] -- Up-to-date: /home/predator/ros2_ws/install/myrobot_interfaces/lib/libmyrobot_interfaces__rosidl_typesupport_fastrtps_c.so
[0.890s] -- Up-to-date: /home/predator/ros2_ws/install/myrobot_interfaces/include/myrobot_interfaces/myrobot_interfaces
[0.890s] -- Up-to-date: /home/predator/ros2_ws/install/myrobot_interfaces/include/myrobot_interfaces/myrobot_interfaces/msg
[0.890s] -- Up-to-date: /home/predator/ros2_ws/install/myrobot_interfaces/include/myrobot_interfaces/myrobot_interfaces/msg/detail
[0.890s] -- Up-to-date: /home/predator/ros2_ws/install/myrobot_interfaces/include/myrobot_interfaces/myrobot_interfaces/msg/detail/h_wstatus__type_support.c
[0.890s] -- Up-to-date: /home/predator/ros2_ws/install/myrobot_interfaces/include/myrobot_interfaces/myrobot_interfaces/msg/detail/h_wstatus__rosidl_typesupport_introspection_c.h
[0.891s] -- Up-to-date: /home/predator/ros2_ws/install/myrobot_interfaces/include/myrobot_interfaces/myrobot_interfaces/msg/rosidl_typesupport_introspection_c__visibility_control.h
[0.891s] -- Up-to-date: /home/predator/ros2_ws/install/myrobot_interfaces/include/myrobot_interfaces/myrobot_interfaces/srv
[0.891s] -- Up-to-date: /home/predator/ros2_ws/install/myrobot_interfaces/include/myrobot_interfaces/myrobot_interfaces/srv/detail
[0.891s] -- Up-to-date: /home/predator/ros2_ws/install/myrobot_interfaces/include/myrobot_interfaces/myrobot_interfaces/srv/detail/cal_rectangle__rosidl_typesupport_introspection_c.h
[0.891s] -- Up-to-date: /home/predator/ros2_ws/install/myrobot_interfaces/include/myrobot_interfaces/myrobot_interfaces/srv/detail/cal_rectangle__type_support.c
[0.891s] -- Up-to-date: /home/predator/ros2_ws/install/myrobot_interfaces/lib/libmyrobot_interfaces__rosidl_typesupport_introspection_c.so
[0.893s] -- Up-to-date: /home/predator/ros2_ws/install/myrobot_interfaces/lib/libmyrobot_interfaces__rosidl_typesupport_c.so
[0.893s] -- Up-to-date: /home/predator/ros2_ws/install/myrobot_interfaces/include/myrobot_interfaces/myrobot_interfaces
[0.893s] -- Up-to-date: /home/predator/ros2_ws/install/myrobot_interfaces/include/myrobot_interfaces/myrobot_interfaces/msg
[0.894s] -- Up-to-date: /home/predator/ros2_ws/install/myrobot_interfaces/include/myrobot_interfaces/myrobot_interfaces/msg/h_wstatus.hpp
[0.894s] -- Up-to-date: /home/predator/ros2_ws/install/myrobot_interfaces/include/myrobot_interfaces/myrobot_interfaces/msg/detail
[0.894s] -- Up-to-date: /home/predator/ros2_ws/install/myrobot_interfaces/include/myrobot_interfaces/myrobot_interfaces/msg/detail/h_wstatus__struct.hpp
[0.894s] -- Up-to-date: /home/predator/ros2_ws/install/myrobot_interfaces/include/myrobot_interfaces/myrobot_interfaces/msg/detail/h_wstatus__traits.hpp
[0.894s] -- Up-to-date: /home/predator/ros2_ws/install/myrobot_interfaces/include/myrobot_interfaces/myrobot_interfaces/msg/detail/h_wstatus__builder.hpp
[0.894s] -- Up-to-date: /home/predator/ros2_ws/install/myrobot_interfaces/include/myrobot_interfaces/myrobot_interfaces/srv
[0.894s] -- Up-to-date: /home/predator/ros2_ws/install/myrobot_interfaces/include/myrobot_interfaces/myrobot_interfaces/srv/detail
[0.894s] -- Up-to-date: /home/predator/ros2_ws/install/myrobot_interfaces/include/myrobot_interfaces/myrobot_interfaces/srv/detail/cal_rectangle__struct.hpp
[0.894s] -- Up-to-date: /home/predator/ros2_ws/install/myrobot_interfaces/include/myrobot_interfaces/myrobot_interfaces/srv/detail/cal_rectangle__builder.hpp
[0.894s] -- Up-to-date: /home/predator/ros2_ws/install/myrobot_interfaces/include/myrobot_interfaces/myrobot_interfaces/srv/detail/cal_rectangle__traits.hpp
[0.894s] -- Up-to-date: /home/predator/ros2_ws/install/myrobot_interfaces/include/myrobot_interfaces/myrobot_interfaces/srv/cal_rectangle.hpp
[0.894s] -- Up-to-date: /home/predator/ros2_ws/install/myrobot_interfaces/include/myrobot_interfaces/myrobot_interfaces
[0.894s] -- Up-to-date: /home/predator/ros2_ws/install/myrobot_interfaces/include/myrobot_interfaces/myrobot_interfaces/msg
[0.894s] -- Up-to-date: /home/predator/ros2_ws/install/myrobot_interfaces/include/myrobot_interfaces/myrobot_interfaces/msg/detail
[0.894s] -- Up-to-date: /home/predator/ros2_ws/install/myrobot_interfaces/include/myrobot_interfaces/myrobot_interfaces/msg/detail/dds_fastrtps
[0.894s] -- Up-to-date: /home/predator/ros2_ws/install/myrobot_interfaces/include/myrobot_interfaces/myrobot_interfaces/msg/detail/h_wstatus__rosidl_typesupport_fastrtps_cpp.hpp
[0.894s] -- Up-to-date: /home/predator/ros2_ws/install/myrobot_interfaces/include/myrobot_interfaces/myrobot_interfaces/msg/rosidl_typesupport_fastrtps_cpp__visibility_control.h
[0.894s] -- Up-to-date: /home/predator/ros2_ws/install/myrobot_interfaces/include/myrobot_interfaces/myrobot_interfaces/srv
[0.894s] -- Up-to-date: /home/predator/ros2_ws/install/myrobot_interfaces/include/myrobot_interfaces/myrobot_interfaces/srv/detail
[0.894s] -- Up-to-date: /home/predator/ros2_ws/install/myrobot_interfaces/include/myrobot_interfaces/myrobot_interfaces/srv/detail/dds_fastrtps
[0.894s] -- Up-to-date: /home/predator/ros2_ws/install/myrobot_interfaces/include/myrobot_interfaces/myrobot_interfaces/srv/detail/cal_rectangle__rosidl_typesupport_fastrtps_cpp.hpp
[0.895s] -- Up-to-date: /home/predator/ros2_ws/install/myrobot_interfaces/lib/libmyrobot_interfaces__rosidl_typesupport_fastrtps_cpp.so
[0.895s] -- Up-to-date: /home/predator/ros2_ws/install/myrobot_interfaces/include/myrobot_interfaces/myrobot_interfaces
[0.895s] -- Up-to-date: /home/predator/ros2_ws/install/myrobot_interfaces/include/myrobot_interfaces/myrobot_interfaces/msg
[0.895s] -- Up-to-date: /home/predator/ros2_ws/install/myrobot_interfaces/include/myrobot_interfaces/myrobot_interfaces/msg/detail
[0.895s] -- Up-to-date: /home/predator/ros2_ws/install/myrobot_interfaces/include/myrobot_interfaces/myrobot_interfaces/msg/detail/h_wstatus__type_support.cpp
[0.895s] -- Up-to-date: /home/predator/ros2_ws/install/myrobot_interfaces/include/myrobot_interfaces/myrobot_interfaces/msg/detail/h_wstatus__rosidl_typesupport_introspection_cpp.hpp
[0.895s] -- Up-to-date: /home/predator/ros2_ws/install/myrobot_interfaces/include/myrobot_interfaces/myrobot_interfaces/srv
[0.896s] -- Up-to-date: /home/predator/ros2_ws/install/myrobot_interfaces/include/myrobot_interfaces/myrobot_interfaces/srv/detail
[0.896s] -- Up-to-date: /home/predator/ros2_ws/install/myrobot_interfaces/include/myrobot_interfaces/myrobot_interfaces/srv/detail/cal_rectangle__rosidl_typesupport_introspection_cpp.hpp
[0.896s] -- Up-to-date: /home/predator/ros2_ws/install/myrobot_interfaces/include/myrobot_interfaces/myrobot_interfaces/srv/detail/cal_rectangle__type_support.cpp
[0.897s] -- Up-to-date: /home/predator/ros2_ws/install/myrobot_interfaces/lib/libmyrobot_interfaces__rosidl_typesupport_introspection_cpp.so
[0.899s] -- Up-to-date: /home/predator/ros2_ws/install/myrobot_interfaces/lib/libmyrobot_interfaces__rosidl_typesupport_cpp.so
[0.899s] -- Up-to-date: /home/predator/ros2_ws/install/myrobot_interfaces/share/myrobot_interfaces/environment/pythonpath.sh
[0.900s] -- Up-to-date: /home/predator/ros2_ws/install/myrobot_interfaces/share/myrobot_interfaces/environment/pythonpath.dsv
[0.900s] -- Up-to-date: /home/predator/ros2_ws/install/myrobot_interfaces/lib/python3.10/site-packages/myrobot_interfaces-0.0.0-py3.10.egg-info
[0.900s] -- Installing: /home/predator/ros2_ws/install/myrobot_interfaces/lib/python3.10/site-packages/myrobot_interfaces-0.0.0-py3.10.egg-info/top_level.txt
[0.900s] -- Installing: /home/predator/ros2_ws/install/myrobot_interfaces/lib/python3.10/site-packages/myrobot_interfaces-0.0.0-py3.10.egg-info/PKG-INFO
[0.900s] -- Installing: /home/predator/ros2_ws/install/myrobot_interfaces/lib/python3.10/site-packages/myrobot_interfaces-0.0.0-py3.10.egg-info/dependency_links.txt
[0.900s] -- Installing: /home/predator/ros2_ws/install/myrobot_interfaces/lib/python3.10/site-packages/myrobot_interfaces-0.0.0-py3.10.egg-info/SOURCES.txt
[0.901s] -- Up-to-date: /home/predator/ros2_ws/install/myrobot_interfaces/lib/python3.10/site-packages/myrobot_interfaces
[0.901s] -- Up-to-date: /home/predator/ros2_ws/install/myrobot_interfaces/lib/python3.10/site-packages/myrobot_interfaces/libmyrobot_interfaces__rosidl_generator_py.so
[0.901s] -- Up-to-date: /home/predator/ros2_ws/install/myrobot_interfaces/lib/python3.10/site-packages/myrobot_interfaces/msg
[0.901s] -- Up-to-date: /home/predator/ros2_ws/install/myrobot_interfaces/lib/python3.10/site-packages/myrobot_interfaces/msg/__init__.py
[0.901s] -- Up-to-date: /home/predator/ros2_ws/install/myrobot_interfaces/lib/python3.10/site-packages/myrobot_interfaces/msg/_h_wstatus_s.c
[0.901s] -- Up-to-date: /home/predator/ros2_ws/install/myrobot_interfaces/lib/python3.10/site-packages/myrobot_interfaces/msg/_h_wstatus.py
[0.901s] -- Up-to-date: /home/predator/ros2_ws/install/myrobot_interfaces/lib/python3.10/site-packages/myrobot_interfaces/_myrobot_interfaces_s.ep.rosidl_typesupport_c.c
[0.901s] -- Up-to-date: /home/predator/ros2_ws/install/myrobot_interfaces/lib/python3.10/site-packages/myrobot_interfaces/_myrobot_interfaces_s.ep.rosidl_typesupport_fastrtps_c.c
[0.901s] -- Up-to-date: /home/predator/ros2_ws/install/myrobot_interfaces/lib/python3.10/site-packages/myrobot_interfaces/_myrobot_interfaces_s.ep.rosidl_typesupport_introspection_c.c
[0.901s] -- Up-to-date: /home/predator/ros2_ws/install/myrobot_interfaces/lib/python3.10/site-packages/myrobot_interfaces/myrobot_interfaces_s__rosidl_typesupport_c.cpython-310-x86_64-linux-gnu.so
[0.902s] -- Up-to-date: /home/predator/ros2_ws/install/myrobot_interfaces/lib/python3.10/site-packages/myrobot_interfaces/__init__.py
[0.903s] -- Up-to-date: /home/predator/ros2_ws/install/myrobot_interfaces/lib/python3.10/site-packages/myrobot_interfaces/myrobot_interfaces_s__rosidl_typesupport_introspection_c.cpython-310-x86_64-linux-gnu.so
[0.903s] -- Up-to-date: /home/predator/ros2_ws/install/myrobot_interfaces/lib/python3.10/site-packages/myrobot_interfaces/srv
[0.903s] -- Up-to-date: /home/predator/ros2_ws/install/myrobot_interfaces/lib/python3.10/site-packages/myrobot_interfaces/srv/_cal_rectangle.py
[0.903s] -- Up-to-date: /home/predator/ros2_ws/install/myrobot_interfaces/lib/python3.10/site-packages/myrobot_interfaces/srv/__init__.py
[0.903s] -- Up-to-date: /home/predator/ros2_ws/install/myrobot_interfaces/lib/python3.10/site-packages/myrobot_interfaces/srv/_cal_rectangle_s.c
[0.903s] -- Up-to-date: /home/predator/ros2_ws/install/myrobot_interfaces/lib/python3.10/site-packages/myrobot_interfaces/myrobot_interfaces_s__rosidl_typesupport_fastrtps_c.cpython-310-x86_64-linux-gnu.so
[0.932s] Listing '/home/predator/ros2_ws/install/myrobot_interfaces/lib/python3.10/site-packages/myrobot_interfaces'...
[0.933s] Listing '/home/predator/ros2_ws/install/myrobot_interfaces/lib/python3.10/site-packages/myrobot_interfaces/msg'...
[0.933s] Listing '/home/predator/ros2_ws/install/myrobot_interfaces/lib/python3.10/site-packages/myrobot_interfaces/srv'...
[0.937s] -- Up-to-date: /home/predator/ros2_ws/install/myrobot_interfaces/lib/python3.10/site-packages/myrobot_interfaces/myrobot_interfaces_s__rosidl_typesupport_fastrtps_c.cpython-310-x86_64-linux-gnu.so
[0.939s] -- Up-to-date: /home/predator/ros2_ws/install/myrobot_interfaces/lib/python3.10/site-packages/myrobot_interfaces/myrobot_interfaces_s__rosidl_typesupport_introspection_c.cpython-310-x86_64-linux-gnu.so
[0.940s] -- Up-to-date: /home/predator/ros2_ws/install/myrobot_interfaces/lib/python3.10/site-packages/myrobot_interfaces/myrobot_interfaces_s__rosidl_typesupport_c.cpython-310-x86_64-linux-gnu.so
[0.942s] -- Up-to-date: /home/predator/ros2_ws/install/myrobot_interfaces/lib/libmyrobot_interfaces__rosidl_generator_py.so
[0.942s] -- Up-to-date: /home/predator/ros2_ws/install/myrobot_interfaces/share/myrobot_interfaces/msg/HWstatus.idl
[0.942s] -- Up-to-date: /home/predator/ros2_ws/install/myrobot_interfaces/share/myrobot_interfaces/srv/CalRectangle.idl
[0.942s] -- Up-to-date: /home/predator/ros2_ws/install/myrobot_interfaces/share/myrobot_interfaces/msg/HWstatus.msg
[0.942s] -- Up-to-date: /home/predator/ros2_ws/install/myrobot_interfaces/share/myrobot_interfaces/srv/CalRectangle.srv
[0.942s] -- Up-to-date: /home/predator/ros2_ws/install/myrobot_interfaces/share/myrobot_interfaces/srv/CalRectangle_Request.msg
[0.942s] -- Up-to-date: /home/predator/ros2_ws/install/myrobot_interfaces/share/myrobot_interfaces/srv/CalRectangle_Response.msg
[0.942s] -- Up-to-date: /home/predator/ros2_ws/install/myrobot_interfaces/share/ament_index/resource_index/package_run_dependencies/myrobot_interfaces
[0.943s] -- Up-to-date: /home/predator/ros2_ws/install/myrobot_interfaces/share/ament_index/resource_index/parent_prefix_path/myrobot_interfaces
[0.943s] -- Up-to-date: /home/predator/ros2_ws/install/myrobot_interfaces/share/myrobot_interfaces/environment/ament_prefix_path.sh
[0.943s] -- Up-to-date: /home/predator/ros2_ws/install/myrobot_interfaces/share/myrobot_interfaces/environment/ament_prefix_path.dsv
[0.943s] -- Up-to-date: /home/predator/ros2_ws/install/myrobot_interfaces/share/myrobot_interfaces/environment/path.sh
[0.943s] -- Up-to-date: /home/predator/ros2_ws/install/myrobot_interfaces/share/myrobot_interfaces/environment/path.dsv
[0.943s] -- Up-to-date: /home/predator/ros2_ws/install/myrobot_interfaces/share/myrobot_interfaces/local_setup.bash
[0.943s] -- Up-to-date: /home/predator/ros2_ws/install/myrobot_interfaces/share/myrobot_interfaces/local_setup.sh
[0.943s] -- Up-to-date: /home/predator/ros2_ws/install/myrobot_interfaces/share/myrobot_interfaces/local_setup.zsh
[0.943s] -- Up-to-date: /home/predator/ros2_ws/install/myrobot_interfaces/share/myrobot_interfaces/local_setup.dsv
[0.943s] -- Installing: /home/predator/ros2_ws/install/myrobot_interfaces/share/myrobot_interfaces/package.dsv
[0.944s] -- Up-to-date: /home/predator/ros2_ws/install/myrobot_interfaces/share/ament_index/resource_index/packages/myrobot_interfaces
[0.946s] -- Up-to-date: /home/predator/ros2_ws/install/myrobot_interfaces/share/myrobot_interfaces/cmake/export_myrobot_interfaces__rosidl_generator_cExport.cmake
[0.947s] -- Up-to-date: /home/predator/ros2_ws/install/myrobot_interfaces/share/myrobot_interfaces/cmake/export_myrobot_interfaces__rosidl_generator_cExport-noconfig.cmake
[0.947s] -- Up-to-date: /home/predator/ros2_ws/install/myrobot_interfaces/share/myrobot_interfaces/cmake/export_myrobot_interfaces__rosidl_typesupport_fastrtps_cExport.cmake
[0.948s] -- Up-to-date: /home/predator/ros2_ws/install/myrobot_interfaces/share/myrobot_interfaces/cmake/export_myrobot_interfaces__rosidl_typesupport_fastrtps_cExport-noconfig.cmake
[0.949s] -- Up-to-date: /home/predator/ros2_ws/install/myrobot_interfaces/share/myrobot_interfaces/cmake/myrobot_interfaces__rosidl_typesupport_introspection_cExport.cmake
[0.949s] -- Up-to-date: /home/predator/ros2_ws/install/myrobot_interfaces/share/myrobot_interfaces/cmake/myrobot_interfaces__rosidl_typesupport_introspection_cExport-noconfig.cmake
[0.950s] -- Up-to-date: /home/predator/ros2_ws/install/myrobot_interfaces/share/myrobot_interfaces/cmake/myrobot_interfaces__rosidl_typesupport_cExport.cmake
[0.950s] -- Up-to-date: /home/predator/ros2_ws/install/myrobot_interfaces/share/myrobot_interfaces/cmake/myrobot_interfaces__rosidl_typesupport_cExport-noconfig.cmake
[0.951s] -- Up-to-date: /home/predator/ros2_ws/install/myrobot_interfaces/share/myrobot_interfaces/cmake/export_myrobot_interfaces__rosidl_generator_cppExport.cmake
[0.951s] -- Up-to-date: /home/predator/ros2_ws/install/myrobot_interfaces/share/myrobot_interfaces/cmake/export_myrobot_interfaces__rosidl_typesupport_fastrtps_cppExport.cmake
[0.951s] -- Up-to-date: /home/predator/ros2_ws/install/myrobot_interfaces/share/myrobot_interfaces/cmake/export_myrobot_interfaces__rosidl_typesupport_fastrtps_cppExport-noconfig.cmake
[0.952s] -- Up-to-date: /home/predator/ros2_ws/install/myrobot_interfaces/share/myrobot_interfaces/cmake/myrobot_interfaces__rosidl_typesupport_introspection_cppExport.cmake
[0.952s] -- Up-to-date: /home/predator/ros2_ws/install/myrobot_interfaces/share/myrobot_interfaces/cmake/myrobot_interfaces__rosidl_typesupport_introspection_cppExport-noconfig.cmake
[0.953s] -- Up-to-date: /home/predator/ros2_ws/install/myrobot_interfaces/share/myrobot_interfaces/cmake/myrobot_interfaces__rosidl_typesupport_cppExport.cmake
[0.953s] -- Up-to-date: /home/predator/ros2_ws/install/myrobot_interfaces/share/myrobot_interfaces/cmake/myrobot_interfaces__rosidl_typesupport_cppExport-noconfig.cmake
[0.954s] -- Up-to-date: /home/predator/ros2_ws/install/myrobot_interfaces/share/myrobot_interfaces/cmake/export_myrobot_interfaces__rosidl_generator_pyExport.cmake
[0.954s] -- Up-to-date: /home/predator/ros2_ws/install/myrobot_interfaces/share/myrobot_interfaces/cmake/export_myrobot_interfaces__rosidl_generator_pyExport-noconfig.cmake
[0.954s] -- Up-to-date: /home/predator/ros2_ws/install/myrobot_interfaces/share/myrobot_interfaces/cmake/rosidl_cmake-extras.cmake
[0.954s] -- Up-to-date: /home/predator/ros2_ws/install/myrobot_interfaces/share/myrobot_interfaces/cmake/ament_cmake_export_dependencies-extras.cmake
[0.954s] -- Up-to-date: /home/predator/ros2_ws/install/myrobot_interfaces/share/myrobot_interfaces/cmake/ament_cmake_export_include_directories-extras.cmake
[0.954s] -- Up-to-date: /home/predator/ros2_ws/install/myrobot_interfaces/share/myrobot_interfaces/cmake/ament_cmake_export_libraries-extras.cmake
[0.954s] -- Up-to-date: /home/predator/ros2_ws/install/myrobot_interfaces/share/myrobot_interfaces/cmake/ament_cmake_export_targets-extras.cmake
[0.954s] -- Up-to-date: /home/predator/ros2_ws/install/myrobot_interfaces/share/myrobot_interfaces/cmake/rosidl_cmake_export_typesupport_targets-extras.cmake
[0.954s] -- Up-to-date: /home/predator/ros2_ws/install/myrobot_interfaces/share/myrobot_interfaces/cmake/rosidl_cmake_export_typesupport_libraries-extras.cmake
[0.954s] -- Up-to-date: /home/predator/ros2_ws/install/myrobot_interfaces/share/myrobot_interfaces/cmake/myrobot_interfacesConfig.cmake
[0.954s] -- Up-to-date: /home/predator/ros2_ws/install/myrobot_interfaces/share/myrobot_interfaces/cmake/myrobot_interfacesConfig-version.cmake
[0.954s] -- Up-to-date: /home/predator/ros2_ws/install/myrobot_interfaces/share/myrobot_interfaces/package.xml
[0.957s] Invoked command in '/home/predator/ros2_ws/build/myrobot_interfaces' returned '0': CMAKE_PREFIX_PATH=${CMAKE_PREFIX_PATH}:/home/predator/ros2_ws/install/robot_1:/home/predator/ros2_ws/install/my_robot:/opt/ros/iron /usr/bin/cmake --install /home/predator/ros2_ws/build/myrobot_interfaces
