[0.931s] Invoking command in '/home/supakorn/ros2_ws/src/my_robot': PYTHONPATH=/home/supakorn/ros2_ws/build/my_robot/prefix_override:/home/supakorn/ros2_ws/install/my_robot/lib/python3.10/site-packages:${PYTHONPATH} /usr/bin/python3 setup.py egg_info --egg-base ../../build/my_robot build --build-base /home/supakorn/ros2_ws/build/my_robot/build install --record /home/supakorn/ros2_ws/build/my_robot/install.log --single-version-externally-managed
[1.187s] running egg_info
[1.188s] writing ../../build/my_robot/my_robot.egg-info/PKG-INFO
[1.188s] writing dependency_links to ../../build/my_robot/my_robot.egg-info/dependency_links.txt
[1.189s] writing entry points to ../../build/my_robot/my_robot.egg-info/entry_points.txt
[1.189s] writing requirements to ../../build/my_robot/my_robot.egg-info/requires.txt
[1.189s] writing top-level names to ../../build/my_robot/my_robot.egg-info/top_level.txt
[1.191s] reading manifest file '../../build/my_robot/my_robot.egg-info/SOURCES.txt'
[1.201s] writing manifest file '../../build/my_robot/my_robot.egg-info/SOURCES.txt'
[1.201s] running build
[1.202s] running build_py
[1.202s] copying my_robot/my_first_node.py -> /home/supakorn/ros2_ws/build/my_robot/build/lib/my_robot
[1.203s] running install
[1.203s] /usr/lib/python3/dist-packages/setuptools/command/install.py:34: SetuptoolsDeprecationWarning: setup.py install is deprecated. Use build and pip and other standards-based tools.
[1.203s]   warnings.warn(
[1.203s] running install_lib
[1.205s] copying /home/supakorn/ros2_ws/build/my_robot/build/lib/my_robot/my_first_node.py -> /home/supakorn/ros2_ws/install/my_robot/lib/python3.10/site-packages/my_robot
[1.206s] byte-compiling /home/supakorn/ros2_ws/install/my_robot/lib/python3.10/site-packages/my_robot/my_first_node.py to my_first_node.cpython-310.pyc
[1.206s] running install_data
[1.207s] running install_egg_info
[1.210s] removing '/home/supakorn/ros2_ws/install/my_robot/lib/python3.10/site-packages/my_robot-0.0.0-py3.10.egg-info' (and everything under it)
[1.210s] Copying ../../build/my_robot/my_robot.egg-info to /home/supakorn/ros2_ws/install/my_robot/lib/python3.10/site-packages/my_robot-0.0.0-py3.10.egg-info
[1.212s] running install_scripts
[1.232s] Installing first_node script to /home/supakorn/ros2_ws/install/my_robot/lib/my_robot
[1.232s] writing list of installed files to '/home/supakorn/ros2_ws/build/my_robot/install.log'
[1.257s] Invoked command in '/home/supakorn/ros2_ws/src/my_robot' returned '0': PYTHONPATH=/home/supakorn/ros2_ws/build/my_robot/prefix_override:/home/supakorn/ros2_ws/install/my_robot/lib/python3.10/site-packages:${PYTHONPATH} /usr/bin/python3 setup.py egg_info --egg-base ../../build/my_robot build --build-base /home/supakorn/ros2_ws/build/my_robot/build install --record /home/supakorn/ros2_ws/build/my_robot/install.log --single-version-externally-managed
