[4.248s] DEBUG:colcon:Command line arguments: ['/usr/bin/colcon', 'build']
[4.248s] DEBUG:colcon:Parsed command line arguments: Namespace(log_base=None, log_level=None, verb_name='build', build_base='build', install_base='install', merge_install=False, symlink_install=False, test_result_base=None, continue_on_error=False, executor='parallel', parallel_workers=4, event_handlers=None, ignore_user_meta=False, metas=['./colcon.meta'], base_paths=['.'], packages_ignore=None, packages_ignore_regex=None, paths=None, packages_up_to=None, packages_up_to_regex=None, packages_above=None, packages_above_and_dependencies=None, packages_above_depth=None, packages_select_by_dep=None, packages_skip_by_dep=None, packages_skip_up_to=None, packages_select_build_failed=False, packages_skip_build_finished=False, packages_select_test_failures=False, packages_skip_test_passed=False, packages_select=None, packages_skip=None, packages_select_regex=None, packages_skip_regex=None, packages_start=None, packages_end=None, allow_overriding=[], cmake_args=None, cmake_target=None, cmake_target_skip_unavailable=False, cmake_clean_cache=False, cmake_clean_first=False, cmake_force_configure=False, ament_cmake_args=None, catkin_cmake_args=None, catkin_skip_building_tests=False, verb_parser=<colcon_defaults.argument_parser.defaults.DefaultArgumentsDecorator object at 0x7fbd60806bf0>, verb_extension=<colcon_core.verb.build.BuildVerb object at 0x7fbd60cd3fd0>, main=<bound method BuildVerb.main of <colcon_core.verb.build.BuildVerb object at 0x7fbd60cd3fd0>>)
[4.454s] Level 1:colcon.colcon_core.package_discovery:discover_packages(colcon_meta) check parameters
[4.455s] Level 1:colcon.colcon_core.package_discovery:discover_packages(recursive) check parameters
[4.455s] Level 1:colcon.colcon_core.package_discovery:discover_packages(ignore) check parameters
[4.455s] Level 1:colcon.colcon_core.package_discovery:discover_packages(path) check parameters
[4.455s] Level 1:colcon.colcon_core.package_discovery:discover_packages(colcon_meta) discover
[4.455s] Level 1:colcon.colcon_core.package_discovery:discover_packages(recursive) discover
[4.455s] INFO:colcon.colcon_core.package_discovery:Crawling recursively for packages in '/home/supakorn/ros2_ws'
[4.455s] Level 1:colcon.colcon_core.package_identification:_identify(.) by extensions ['ignore', 'ignore_ament_install']
[4.456s] Level 1:colcon.colcon_core.package_identification:_identify(.) by extension 'ignore'
[4.456s] Level 1:colcon.colcon_core.package_identification:_identify(.) by extension 'ignore_ament_install'
[4.456s] Level 1:colcon.colcon_core.package_identification:_identify(.) by extensions ['colcon_pkg']
[4.456s] Level 1:colcon.colcon_core.package_identification:_identify(.) by extension 'colcon_pkg'
[4.456s] Level 1:colcon.colcon_core.package_identification:_identify(.) by extensions ['colcon_meta']
[4.456s] Level 1:colcon.colcon_core.package_identification:_identify(.) by extension 'colcon_meta'
[4.456s] Level 1:colcon.colcon_core.package_identification:_identify(.) by extensions ['ros']
[4.456s] Level 1:colcon.colcon_core.package_identification:_identify(.) by extension 'ros'
[4.468s] Level 1:colcon.colcon_core.package_identification:_identify(.) by extensions ['cmake', 'python']
[4.468s] Level 1:colcon.colcon_core.package_identification:_identify(.) by extension 'cmake'
[4.468s] Level 1:colcon.colcon_core.package_identification:_identify(.) by extension 'python'
[4.468s] Level 1:colcon.colcon_core.package_identification:_identify(.) by extensions ['python_setup_py']
[4.468s] Level 1:colcon.colcon_core.package_identification:_identify(.) by extension 'python_setup_py'
[4.468s] Level 1:colcon.colcon_core.package_identification:_identify(build) by extensions ['ignore', 'ignore_ament_install']
[4.468s] Level 1:colcon.colcon_core.package_identification:_identify(build) by extension 'ignore'
[4.469s] Level 1:colcon.colcon_core.package_identification:_identify(build) ignored
[4.469s] Level 1:colcon.colcon_core.package_identification:_identify(install) by extensions ['ignore', 'ignore_ament_install']
[4.469s] Level 1:colcon.colcon_core.package_identification:_identify(install) by extension 'ignore'
[4.469s] Level 1:colcon.colcon_core.package_identification:_identify(install) ignored
[4.469s] Level 1:colcon.colcon_core.package_identification:_identify(log) by extensions ['ignore', 'ignore_ament_install']
[4.469s] Level 1:colcon.colcon_core.package_identification:_identify(log) by extension 'ignore'
[4.469s] Level 1:colcon.colcon_core.package_identification:_identify(log) ignored
[4.469s] Level 1:colcon.colcon_core.package_identification:_identify(src) by extensions ['ignore', 'ignore_ament_install']
[4.469s] Level 1:colcon.colcon_core.package_identification:_identify(src) by extension 'ignore'
[4.469s] Level 1:colcon.colcon_core.package_identification:_identify(src) by extension 'ignore_ament_install'
[4.469s] Level 1:colcon.colcon_core.package_identification:_identify(src) by extensions ['colcon_pkg']
[4.469s] Level 1:colcon.colcon_core.package_identification:_identify(src) by extension 'colcon_pkg'
[4.469s] Level 1:colcon.colcon_core.package_identification:_identify(src) by extensions ['colcon_meta']
[4.469s] Level 1:colcon.colcon_core.package_identification:_identify(src) by extension 'colcon_meta'
[4.469s] Level 1:colcon.colcon_core.package_identification:_identify(src) by extensions ['ros']
[4.469s] Level 1:colcon.colcon_core.package_identification:_identify(src) by extension 'ros'
[4.470s] Level 1:colcon.colcon_core.package_identification:_identify(src) by extensions ['cmake', 'python']
[4.470s] Level 1:colcon.colcon_core.package_identification:_identify(src) by extension 'cmake'
[4.470s] Level 1:colcon.colcon_core.package_identification:_identify(src) by extension 'python'
[4.470s] Level 1:colcon.colcon_core.package_identification:_identify(src) by extensions ['python_setup_py']
[4.470s] Level 1:colcon.colcon_core.package_identification:_identify(src) by extension 'python_setup_py'
[4.470s] Level 1:colcon.colcon_core.package_identification:_identify(src/my_robot) by extensions ['ignore', 'ignore_ament_install']
[4.470s] Level 1:colcon.colcon_core.package_identification:_identify(src/my_robot) by extension 'ignore'
[4.470s] Level 1:colcon.colcon_core.package_identification:_identify(src/my_robot) by extension 'ignore_ament_install'
[4.470s] Level 1:colcon.colcon_core.package_identification:_identify(src/my_robot) by extensions ['colcon_pkg']
[4.470s] Level 1:colcon.colcon_core.package_identification:_identify(src/my_robot) by extension 'colcon_pkg'
[4.470s] Level 1:colcon.colcon_core.package_identification:_identify(src/my_robot) by extensions ['colcon_meta']
[4.470s] Level 1:colcon.colcon_core.package_identification:_identify(src/my_robot) by extension 'colcon_meta'
[4.470s] Level 1:colcon.colcon_core.package_identification:_identify(src/my_robot) by extensions ['ros']
[4.470s] Level 1:colcon.colcon_core.package_identification:_identify(src/my_robot) by extension 'ros'
[4.480s] DEBUG:colcon.colcon_core.package_identification:Package 'src/my_robot' with type 'ros.ament_python' and name 'my_robot'
[4.480s] Level 1:colcon.colcon_core.package_discovery:discover_packages(recursive) using defaults
[4.480s] Level 1:colcon.colcon_core.package_discovery:discover_packages(ignore) discover
[4.480s] Level 1:colcon.colcon_core.package_discovery:discover_packages(ignore) using defaults
[4.480s] Level 1:colcon.colcon_core.package_discovery:discover_packages(path) discover
[4.480s] Level 1:colcon.colcon_core.package_discovery:discover_packages(path) using defaults
[4.659s] Level 1:colcon.colcon_core.package_discovery:discover_packages(prefix_path) check parameters
[4.659s] Level 1:colcon.colcon_core.package_discovery:discover_packages(prefix_path) discover
[4.733s] DEBUG:colcon.colcon_installed_package_information.package_discovery:Found 1 installed packages in /home/supakorn/ros2_ws/install
[4.757s] DEBUG:colcon.colcon_installed_package_information.package_discovery:Found 281 installed packages in /opt/ros/iron
[4.759s] Level 1:colcon.colcon_core.package_discovery:discover_packages(prefix_path) using defaults
[6.283s] Level 5:colcon.colcon_core.verb:set package 'my_robot' build argument 'cmake_args' from command line to 'None'
[6.283s] Level 5:colcon.colcon_core.verb:set package 'my_robot' build argument 'cmake_target' from command line to 'None'
[6.283s] Level 5:colcon.colcon_core.verb:set package 'my_robot' build argument 'cmake_target_skip_unavailable' from command line to 'False'
[6.283s] Level 5:colcon.colcon_core.verb:set package 'my_robot' build argument 'cmake_clean_cache' from command line to 'False'
[6.283s] Level 5:colcon.colcon_core.verb:set package 'my_robot' build argument 'cmake_clean_first' from command line to 'False'
[6.283s] Level 5:colcon.colcon_core.verb:set package 'my_robot' build argument 'cmake_force_configure' from command line to 'False'
[6.283s] Level 5:colcon.colcon_core.verb:set package 'my_robot' build argument 'ament_cmake_args' from command line to 'None'
[6.283s] Level 5:colcon.colcon_core.verb:set package 'my_robot' build argument 'catkin_cmake_args' from command line to 'None'
[6.283s] Level 5:colcon.colcon_core.verb:set package 'my_robot' build argument 'catkin_skip_building_tests' from command line to 'False'
[6.283s] DEBUG:colcon.colcon_core.verb:Building package 'my_robot' with the following arguments: {'ament_cmake_args': None, 'build_base': '/home/supakorn/ros2_ws/build/my_robot', 'catkin_cmake_args': None, 'catkin_skip_building_tests': False, 'cmake_args': None, 'cmake_clean_cache': False, 'cmake_clean_first': False, 'cmake_force_configure': False, 'cmake_target': None, 'cmake_target_skip_unavailable': False, 'install_base': '/home/supakorn/ros2_ws/install/my_robot', 'merge_install': False, 'path': '/home/supakorn/ros2_ws/src/my_robot', 'symlink_install': False, 'test_result_base': None}
[6.297s] INFO:colcon.colcon_core.executor:Executing jobs using 'parallel' executor
[6.312s] DEBUG:colcon.colcon_parallel_executor.executor.parallel:run_until_complete
[6.312s] INFO:colcon.colcon_ros.task.ament_python.build:Building ROS package in '/home/supakorn/ros2_ws/src/my_robot' with build type 'ament_python'
[6.313s] Level 1:colcon.colcon_core.shell:create_environment_hook('my_robot', 'ament_prefix_path')
[6.374s] INFO:colcon.colcon_core.plugin_system:Skipping extension 'colcon_core.shell.bat': Not used on non-Windows systems
[6.374s] INFO:colcon.colcon_core.shell:Creating environment hook '/home/supakorn/ros2_ws/install/my_robot/share/my_robot/hook/ament_prefix_path.ps1'
[6.400s] INFO:colcon.colcon_core.shell:Creating environment descriptor '/home/supakorn/ros2_ws/install/my_robot/share/my_robot/hook/ament_prefix_path.dsv'
[6.401s] INFO:colcon.colcon_core.shell:Creating environment hook '/home/supakorn/ros2_ws/install/my_robot/share/my_robot/hook/ament_prefix_path.sh'
[6.417s] INFO:colcon.colcon_core.shell:Skip shell extension 'powershell' for command environment: Not usable outside of PowerShell
[6.417s] DEBUG:colcon.colcon_core.shell:Skip shell extension 'dsv' for command environment
[6.747s] INFO:colcon.colcon_core.task.python.build:Building Python package in '/home/supakorn/ros2_ws/src/my_robot'
[6.765s] INFO:colcon.colcon_core.shell:Skip shell extension 'powershell' for command environment: Not usable outside of PowerShell
[6.765s] DEBUG:colcon.colcon_core.shell:Skip shell extension 'dsv' for command environment
[7.378s] DEBUG:colcon.colcon_core.event_handler.log_command:Invoking command in '/home/supakorn/ros2_ws/src/my_robot': PYTHONPATH=/home/supakorn/ros2_ws/build/my_robot/prefix_override:/home/supakorn/ros2_ws/install/my_robot/lib/python3.10/site-packages:${PYTHONPATH} /usr/bin/python3 setup.py egg_info --egg-base ../../build/my_robot build --build-base /home/supakorn/ros2_ws/build/my_robot/build install --record /home/supakorn/ros2_ws/build/my_robot/install.log --single-version-externally-managed
[7.738s] DEBUG:colcon.colcon_core.event_handler.log_command:Invoked command in '/home/supakorn/ros2_ws/src/my_robot' returned '0': PYTHONPATH=/home/supakorn/ros2_ws/build/my_robot/prefix_override:/home/supakorn/ros2_ws/install/my_robot/lib/python3.10/site-packages:${PYTHONPATH} /usr/bin/python3 setup.py egg_info --egg-base ../../build/my_robot build --build-base /home/supakorn/ros2_ws/build/my_robot/build install --record /home/supakorn/ros2_ws/build/my_robot/install.log --single-version-externally-managed
[7.805s] Level 1:colcon.colcon_core.environment:checking '/home/supakorn/ros2_ws/install/my_robot' for CMake module files
[7.817s] Level 1:colcon.colcon_core.environment:checking '/home/supakorn/ros2_ws/install/my_robot' for CMake config files
[7.821s] Level 1:colcon.colcon_core.environment:checking '/home/supakorn/ros2_ws/install/my_robot/lib'
[7.821s] Level 1:colcon.colcon_core.environment:checking '/home/supakorn/ros2_ws/install/my_robot/bin'
[7.821s] Level 1:colcon.colcon_core.environment:checking '/home/supakorn/ros2_ws/install/my_robot/lib/pkgconfig/my_robot.pc'
[7.821s] Level 1:colcon.colcon_core.environment:checking '/home/supakorn/ros2_ws/install/my_robot/lib/python3.10/site-packages'
[7.821s] Level 1:colcon.colcon_core.shell:create_environment_hook('my_robot', 'pythonpath')
[7.837s] INFO:colcon.colcon_core.shell:Creating environment hook '/home/supakorn/ros2_ws/install/my_robot/share/my_robot/hook/pythonpath.ps1'
[7.837s] INFO:colcon.colcon_core.shell:Creating environment descriptor '/home/supakorn/ros2_ws/install/my_robot/share/my_robot/hook/pythonpath.dsv'
[7.838s] INFO:colcon.colcon_core.shell:Creating environment hook '/home/supakorn/ros2_ws/install/my_robot/share/my_robot/hook/pythonpath.sh'
[7.839s] Level 1:colcon.colcon_core.environment:checking '/home/supakorn/ros2_ws/install/my_robot/bin'
[7.839s] Level 1:colcon.colcon_core.environment:create_environment_scripts_only(my_robot)
[7.854s] INFO:colcon.colcon_core.shell:Creating package script '/home/supakorn/ros2_ws/install/my_robot/share/my_robot/package.ps1'
[7.862s] INFO:colcon.colcon_core.shell:Creating package descriptor '/home/supakorn/ros2_ws/install/my_robot/share/my_robot/package.dsv'
[7.876s] INFO:colcon.colcon_core.shell:Creating package script '/home/supakorn/ros2_ws/install/my_robot/share/my_robot/package.sh'
[7.879s] INFO:colcon.colcon_core.shell:Creating package script '/home/supakorn/ros2_ws/install/my_robot/share/my_robot/package.bash'
[7.880s] INFO:colcon.colcon_core.shell:Creating package script '/home/supakorn/ros2_ws/install/my_robot/share/my_robot/package.zsh'
[7.883s] Level 1:colcon.colcon_core.environment:create_file_with_runtime_dependencies(/home/supakorn/ros2_ws/install/my_robot/share/colcon-core/packages/my_robot)
[7.883s] DEBUG:colcon.colcon_parallel_executor.executor.parallel:closing loop
[7.884s] DEBUG:colcon.colcon_parallel_executor.executor.parallel:loop closed
[7.884s] DEBUG:colcon.colcon_parallel_executor.executor.parallel:run_until_complete finished with '0'
[7.884s] DEBUG:colcon.colcon_core.event_reactor:joining thread
[7.932s] INFO:colcon.colcon_core.plugin_system:Skipping extension 'colcon_notification.desktop_notification.terminal_notifier': Not used on non-Darwin systems
[7.932s] INFO:colcon.colcon_core.plugin_system:Skipping extension 'colcon_notification.desktop_notification.win32': Not used on non-Windows systems
[7.932s] INFO:colcon.colcon_notification.desktop_notification:Sending desktop notification using 'notify2'
[7.946s] DEBUG:colcon.colcon_core.event_reactor:joined thread
[7.963s] INFO:colcon.colcon_core.shell:Creating prefix script '/home/supakorn/ros2_ws/install/local_setup.ps1'
[7.968s] INFO:colcon.colcon_core.shell:Creating prefix util module '/home/supakorn/ros2_ws/install/_local_setup_util_ps1.py'
[7.970s] INFO:colcon.colcon_core.shell:Creating prefix chain script '/home/supakorn/ros2_ws/install/setup.ps1'
[7.988s] INFO:colcon.colcon_core.shell:Creating prefix script '/home/supakorn/ros2_ws/install/local_setup.sh'
[7.990s] INFO:colcon.colcon_core.shell:Creating prefix util module '/home/supakorn/ros2_ws/install/_local_setup_util_sh.py'
[7.990s] INFO:colcon.colcon_core.shell:Creating prefix chain script '/home/supakorn/ros2_ws/install/setup.sh'
[8.008s] INFO:colcon.colcon_core.shell:Creating prefix script '/home/supakorn/ros2_ws/install/local_setup.bash'
[8.010s] INFO:colcon.colcon_core.shell:Creating prefix chain script '/home/supakorn/ros2_ws/install/setup.bash'
[8.027s] INFO:colcon.colcon_core.shell:Creating prefix script '/home/supakorn/ros2_ws/install/local_setup.zsh'
[8.029s] INFO:colcon.colcon_core.shell:Creating prefix chain script '/home/supakorn/ros2_ws/install/setup.zsh'
