[0.858s] Invoking command in '/home/supakorn/ros2_ws/src/my_robot': PYTHONPATH=/home/supakorn/ros2_ws/build/my_robot/prefix_override:/home/supakorn/ros2_ws/install/my_robot/lib/python3.10/site-packages:${PYTHONPATH} /usr/bin/python3 setup.py egg_info --egg-base ../../build/my_robot build --build-base /home/supakorn/ros2_ws/build/my_robot/build install --record /home/supakorn/ros2_ws/build/my_robot/install.log --single-version-externally-managed
[1.095s] running egg_info
[1.096s] creating ../../build/my_robot/my_robot.egg-info
[1.096s] writing ../../build/my_robot/my_robot.egg-info/PKG-INFO
[1.096s] writing dependency_links to ../../build/my_robot/my_robot.egg-info/dependency_links.txt
[1.097s] writing entry points to ../../build/my_robot/my_robot.egg-info/entry_points.txt
[1.097s] writing requirements to ../../build/my_robot/my_robot.egg-info/requires.txt
[1.097s] writing top-level names to ../../build/my_robot/my_robot.egg-info/top_level.txt
[1.097s] writing manifest file '../../build/my_robot/my_robot.egg-info/SOURCES.txt'
[1.099s] reading manifest file '../../build/my_robot/my_robot.egg-info/SOURCES.txt'
[1.099s] writing manifest file '../../build/my_robot/my_robot.egg-info/SOURCES.txt'
[1.100s] running build
[1.100s] running build_py
[1.100s] creating /home/supakorn/ros2_ws/build/my_robot/build
[1.100s] creating /home/supakorn/ros2_ws/build/my_robot/build/lib
[1.100s] creating /home/supakorn/ros2_ws/build/my_robot/build/lib/my_robot
[1.100s] copying my_robot/my_first_node.py -> /home/supakorn/ros2_ws/build/my_robot/build/lib/my_robot
[1.100s] copying my_robot/__init__.py -> /home/supakorn/ros2_ws/build/my_robot/build/lib/my_robot
[1.100s] running install
[1.101s] /usr/lib/python3/dist-packages/setuptools/command/install.py:34: SetuptoolsDeprecationWarning: setup.py install is deprecated. Use build and pip and other standards-based tools.
[1.101s]   warnings.warn(
[1.102s] running install_lib
[1.103s] running install_data
[1.103s] running install_egg_info
[1.105s] removing '/home/supakorn/ros2_ws/install/my_robot/lib/python3.10/site-packages/my_robot-0.0.0-py3.10.egg-info' (and everything under it)
[1.105s] Copying ../../build/my_robot/my_robot.egg-info to /home/supakorn/ros2_ws/install/my_robot/lib/python3.10/site-packages/my_robot-0.0.0-py3.10.egg-info
[1.107s] running install_scripts
[1.128s] Installing first_node script to /home/supakorn/ros2_ws/install/my_robot/lib/my_robot
[1.128s] writing list of installed files to '/home/supakorn/ros2_ws/build/my_robot/install.log'
[1.154s] Invoked command in '/home/supakorn/ros2_ws/src/my_robot' returned '0': PYTHONPATH=/home/supakorn/ros2_ws/build/my_robot/prefix_override:/home/supakorn/ros2_ws/install/my_robot/lib/python3.10/site-packages:${PYTHONPATH} /usr/bin/python3 setup.py egg_info --egg-base ../../build/my_robot build --build-base /home/supakorn/ros2_ws/build/my_robot/build install --record /home/supakorn/ros2_ws/build/my_robot/install.log --single-version-externally-managed
