[0.763s] DEBUG:colcon:Command line arguments: ['/usr/bin/colcon', 'build', '--packages-select', 'ce_robot_bootup', '--symlink-install']
[0.763s] DEBUG:colcon:Parsed command line arguments: Namespace(log_base=None, log_level=None, verb_name='build', build_base='build', install_base='install', merge_install=False, symlink_install=True, test_result_base=None, continue_on_error=False, executor='parallel', parallel_workers=4, event_handlers=None, ignore_user_meta=False, metas=['./colcon.meta'], base_paths=['.'], packages_ignore=None, packages_ignore_regex=None, paths=None, packages_up_to=None, packages_up_to_regex=None, packages_above=None, packages_above_and_dependencies=None, packages_above_depth=None, packages_select_by_dep=None, packages_skip_by_dep=None, packages_skip_up_to=None, packages_select_build_failed=False, packages_skip_build_finished=False, packages_select_test_failures=False, packages_skip_test_passed=False, packages_select=['ce_robot_bootup'], packages_skip=None, packages_select_regex=None, packages_skip_regex=None, packages_start=None, packages_end=None, allow_overriding=[], cmake_args=None, cmake_target=None, cmake_target_skip_unavailable=False, cmake_clean_cache=False, cmake_clean_first=False, cmake_force_configure=False, ament_cmake_args=None, catkin_cmake_args=None, catkin_skip_building_tests=False, verb_parser=<colcon_defaults.argument_parser.defaults.DefaultArgumentsDecorator object at 0x7ff8d7a97130>, verb_extension=<colcon_core.verb.build.BuildVerb object at 0x7ff8d7ed7f10>, main=<bound method BuildVerb.main of <colcon_core.verb.build.BuildVerb object at 0x7ff8d7ed7f10>>)
[0.798s] Level 1:colcon.colcon_core.package_discovery:discover_packages(colcon_meta) check parameters
[0.798s] Level 1:colcon.colcon_core.package_discovery:discover_packages(recursive) check parameters
[0.798s] Level 1:colcon.colcon_core.package_discovery:discover_packages(ignore) check parameters
[0.798s] Level 1:colcon.colcon_core.package_discovery:discover_packages(path) check parameters
[0.798s] Level 1:colcon.colcon_core.package_discovery:discover_packages(colcon_meta) discover
[0.798s] Level 1:colcon.colcon_core.package_discovery:discover_packages(recursive) discover
[0.798s] INFO:colcon.colcon_core.package_discovery:Crawling recursively for packages in '/home/predator/ros2_ws'
[0.798s] Level 1:colcon.colcon_core.package_identification:_identify(.) by extensions ['ignore', 'ignore_ament_install']
[0.798s] Level 1:colcon.colcon_core.package_identification:_identify(.) by extension 'ignore'
[0.798s] Level 1:colcon.colcon_core.package_identification:_identify(.) by extension 'ignore_ament_install'
[0.798s] Level 1:colcon.colcon_core.package_identification:_identify(.) by extensions ['colcon_pkg']
[0.798s] Level 1:colcon.colcon_core.package_identification:_identify(.) by extension 'colcon_pkg'
[0.798s] Level 1:colcon.colcon_core.package_identification:_identify(.) by extensions ['colcon_meta']
[0.798s] Level 1:colcon.colcon_core.package_identification:_identify(.) by extension 'colcon_meta'
[0.798s] Level 1:colcon.colcon_core.package_identification:_identify(.) by extensions ['ros']
[0.798s] Level 1:colcon.colcon_core.package_identification:_identify(.) by extension 'ros'
[0.807s] Level 1:colcon.colcon_core.package_identification:_identify(.) by extensions ['cmake', 'python']
[0.807s] Level 1:colcon.colcon_core.package_identification:_identify(.) by extension 'cmake'
[0.807s] Level 1:colcon.colcon_core.package_identification:_identify(.) by extension 'python'
[0.807s] Level 1:colcon.colcon_core.package_identification:_identify(.) by extensions ['python_setup_py']
[0.807s] Level 1:colcon.colcon_core.package_identification:_identify(.) by extension 'python_setup_py'
[0.808s] Level 1:colcon.colcon_core.package_identification:_identify(build) by extensions ['ignore', 'ignore_ament_install']
[0.808s] Level 1:colcon.colcon_core.package_identification:_identify(build) by extension 'ignore'
[0.808s] Level 1:colcon.colcon_core.package_identification:_identify(build) ignored
[0.808s] Level 1:colcon.colcon_core.package_identification:_identify(install) by extensions ['ignore', 'ignore_ament_install']
[0.808s] Level 1:colcon.colcon_core.package_identification:_identify(install) by extension 'ignore'
[0.808s] Level 1:colcon.colcon_core.package_identification:_identify(install) ignored
[0.808s] Level 1:colcon.colcon_core.package_identification:_identify(log) by extensions ['ignore', 'ignore_ament_install']
[0.808s] Level 1:colcon.colcon_core.package_identification:_identify(log) by extension 'ignore'
[0.808s] Level 1:colcon.colcon_core.package_identification:_identify(log) ignored
[0.808s] Level 1:colcon.colcon_core.package_identification:_identify(src) by extensions ['ignore', 'ignore_ament_install']
[0.808s] Level 1:colcon.colcon_core.package_identification:_identify(src) by extension 'ignore'
[0.808s] Level 1:colcon.colcon_core.package_identification:_identify(src) by extension 'ignore_ament_install'
[0.808s] Level 1:colcon.colcon_core.package_identification:_identify(src) by extensions ['colcon_pkg']
[0.808s] Level 1:colcon.colcon_core.package_identification:_identify(src) by extension 'colcon_pkg'
[0.808s] Level 1:colcon.colcon_core.package_identification:_identify(src) by extensions ['colcon_meta']
[0.808s] Level 1:colcon.colcon_core.package_identification:_identify(src) by extension 'colcon_meta'
[0.808s] Level 1:colcon.colcon_core.package_identification:_identify(src) by extensions ['ros']
[0.808s] Level 1:colcon.colcon_core.package_identification:_identify(src) by extension 'ros'
[0.808s] Level 1:colcon.colcon_core.package_identification:_identify(src) by extensions ['cmake', 'python']
[0.808s] Level 1:colcon.colcon_core.package_identification:_identify(src) by extension 'cmake'
[0.809s] Level 1:colcon.colcon_core.package_identification:_identify(src) by extension 'python'
[0.809s] Level 1:colcon.colcon_core.package_identification:_identify(src) by extensions ['python_setup_py']
[0.809s] Level 1:colcon.colcon_core.package_identification:_identify(src) by extension 'python_setup_py'
[0.809s] Level 1:colcon.colcon_core.package_identification:_identify(src/build) by extensions ['ignore', 'ignore_ament_install']
[0.809s] Level 1:colcon.colcon_core.package_identification:_identify(src/build) by extension 'ignore'
[0.809s] Level 1:colcon.colcon_core.package_identification:_identify(src/build) ignored
[0.809s] Level 1:colcon.colcon_core.package_identification:_identify(src/ce_robot_bootup) by extensions ['ignore', 'ignore_ament_install']
[0.809s] Level 1:colcon.colcon_core.package_identification:_identify(src/ce_robot_bootup) by extension 'ignore'
[0.809s] Level 1:colcon.colcon_core.package_identification:_identify(src/ce_robot_bootup) by extension 'ignore_ament_install'
[0.809s] Level 1:colcon.colcon_core.package_identification:_identify(src/ce_robot_bootup) by extensions ['colcon_pkg']
[0.809s] Level 1:colcon.colcon_core.package_identification:_identify(src/ce_robot_bootup) by extension 'colcon_pkg'
[0.809s] Level 1:colcon.colcon_core.package_identification:_identify(src/ce_robot_bootup) by extensions ['colcon_meta']
[0.809s] Level 1:colcon.colcon_core.package_identification:_identify(src/ce_robot_bootup) by extension 'colcon_meta'
[0.809s] Level 1:colcon.colcon_core.package_identification:_identify(src/ce_robot_bootup) by extensions ['ros']
[0.809s] Level 1:colcon.colcon_core.package_identification:_identify(src/ce_robot_bootup) by extension 'ros'
[0.811s] DEBUG:colcon.colcon_core.package_identification:Package 'src/ce_robot_bootup' with type 'ros.ament_cmake' and name 'ce_robot_bootup'
[0.811s] Level 1:colcon.colcon_core.package_identification:_identify(src/install) by extensions ['ignore', 'ignore_ament_install']
[0.811s] Level 1:colcon.colcon_core.package_identification:_identify(src/install) by extension 'ignore'
[0.811s] Level 1:colcon.colcon_core.package_identification:_identify(src/install) ignored
[0.811s] Level 1:colcon.colcon_core.package_identification:_identify(src/log) by extensions ['ignore', 'ignore_ament_install']
[0.811s] Level 1:colcon.colcon_core.package_identification:_identify(src/log) by extension 'ignore'
[0.811s] Level 1:colcon.colcon_core.package_identification:_identify(src/log) ignored
[0.811s] Level 1:colcon.colcon_core.package_identification:_identify(src/my_robot) by extensions ['ignore', 'ignore_ament_install']
[0.812s] Level 1:colcon.colcon_core.package_identification:_identify(src/my_robot) by extension 'ignore'
[0.812s] Level 1:colcon.colcon_core.package_identification:_identify(src/my_robot) by extension 'ignore_ament_install'
[0.812s] Level 1:colcon.colcon_core.package_identification:_identify(src/my_robot) by extensions ['colcon_pkg']
[0.812s] Level 1:colcon.colcon_core.package_identification:_identify(src/my_robot) by extension 'colcon_pkg'
[0.812s] Level 1:colcon.colcon_core.package_identification:_identify(src/my_robot) by extensions ['colcon_meta']
[0.812s] Level 1:colcon.colcon_core.package_identification:_identify(src/my_robot) by extension 'colcon_meta'
[0.812s] Level 1:colcon.colcon_core.package_identification:_identify(src/my_robot) by extensions ['ros']
[0.812s] Level 1:colcon.colcon_core.package_identification:_identify(src/my_robot) by extension 'ros'
[0.812s] DEBUG:colcon.colcon_core.package_identification:Package 'src/my_robot' with type 'ros.ament_python' and name 'my_robot'
[0.812s] Level 1:colcon.colcon_core.package_identification:_identify(src/myrobot_interfaces) by extensions ['ignore', 'ignore_ament_install']
[0.812s] Level 1:colcon.colcon_core.package_identification:_identify(src/myrobot_interfaces) by extension 'ignore'
[0.812s] Level 1:colcon.colcon_core.package_identification:_identify(src/myrobot_interfaces) by extension 'ignore_ament_install'
[0.812s] Level 1:colcon.colcon_core.package_identification:_identify(src/myrobot_interfaces) by extensions ['colcon_pkg']
[0.813s] Level 1:colcon.colcon_core.package_identification:_identify(src/myrobot_interfaces) by extension 'colcon_pkg'
[0.813s] Level 1:colcon.colcon_core.package_identification:_identify(src/myrobot_interfaces) by extensions ['colcon_meta']
[0.813s] Level 1:colcon.colcon_core.package_identification:_identify(src/myrobot_interfaces) by extension 'colcon_meta'
[0.813s] Level 1:colcon.colcon_core.package_identification:_identify(src/myrobot_interfaces) by extensions ['ros']
[0.813s] Level 1:colcon.colcon_core.package_identification:_identify(src/myrobot_interfaces) by extension 'ros'
[0.813s] DEBUG:colcon.colcon_core.package_identification:Package 'src/myrobot_interfaces' with type 'ros.ament_cmake' and name 'myrobot_interfaces'
[0.813s] Level 1:colcon.colcon_core.package_identification:_identify(src/robot_1) by extensions ['ignore', 'ignore_ament_install']
[0.813s] Level 1:colcon.colcon_core.package_identification:_identify(src/robot_1) by extension 'ignore'
[0.813s] Level 1:colcon.colcon_core.package_identification:_identify(src/robot_1) by extension 'ignore_ament_install'
[0.813s] Level 1:colcon.colcon_core.package_identification:_identify(src/robot_1) by extensions ['colcon_pkg']
[0.813s] Level 1:colcon.colcon_core.package_identification:_identify(src/robot_1) by extension 'colcon_pkg'
[0.813s] Level 1:colcon.colcon_core.package_identification:_identify(src/robot_1) by extensions ['colcon_meta']
[0.813s] Level 1:colcon.colcon_core.package_identification:_identify(src/robot_1) by extension 'colcon_meta'
[0.813s] Level 1:colcon.colcon_core.package_identification:_identify(src/robot_1) by extensions ['ros']
[0.813s] Level 1:colcon.colcon_core.package_identification:_identify(src/robot_1) by extension 'ros'
[0.814s] DEBUG:colcon.colcon_core.package_identification:Package 'src/robot_1' with type 'ros.ament_python' and name 'robot_1'
[0.814s] Level 1:colcon.colcon_core.package_discovery:discover_packages(recursive) using defaults
[0.814s] Level 1:colcon.colcon_core.package_discovery:discover_packages(ignore) discover
[0.814s] Level 1:colcon.colcon_core.package_discovery:discover_packages(ignore) using defaults
[0.814s] Level 1:colcon.colcon_core.package_discovery:discover_packages(path) discover
[0.814s] Level 1:colcon.colcon_core.package_discovery:discover_packages(path) using defaults
[0.861s] INFO:colcon.colcon_core.package_selection:Skipping not selected package 'my_robot' in 'src/my_robot'
[0.861s] INFO:colcon.colcon_core.package_selection:Skipping not selected package 'myrobot_interfaces' in 'src/myrobot_interfaces'
[0.861s] INFO:colcon.colcon_core.package_selection:Skipping not selected package 'robot_1' in 'src/robot_1'
[0.883s] Level 1:colcon.colcon_core.package_discovery:discover_packages(prefix_path) check parameters
[0.883s] Level 1:colcon.colcon_core.package_discovery:discover_packages(prefix_path) discover
[0.906s] DEBUG:colcon.colcon_installed_package_information.package_discovery:Found 4 installed packages in /home/predator/ros2_ws/install
[0.917s] DEBUG:colcon.colcon_installed_package_information.package_discovery:Found 281 installed packages in /opt/ros/iron
[0.918s] Level 1:colcon.colcon_core.package_discovery:discover_packages(prefix_path) using defaults
[0.994s] Level 5:colcon.colcon_core.verb:set package 'ce_robot_bootup' build argument 'cmake_args' from command line to 'None'
[0.994s] Level 5:colcon.colcon_core.verb:set package 'ce_robot_bootup' build argument 'cmake_target' from command line to 'None'
[0.994s] Level 5:colcon.colcon_core.verb:set package 'ce_robot_bootup' build argument 'cmake_target_skip_unavailable' from command line to 'False'
[0.994s] Level 5:colcon.colcon_core.verb:set package 'ce_robot_bootup' build argument 'cmake_clean_cache' from command line to 'False'
[0.994s] Level 5:colcon.colcon_core.verb:set package 'ce_robot_bootup' build argument 'cmake_clean_first' from command line to 'False'
[0.994s] Level 5:colcon.colcon_core.verb:set package 'ce_robot_bootup' build argument 'cmake_force_configure' from command line to 'False'
[0.994s] Level 5:colcon.colcon_core.verb:set package 'ce_robot_bootup' build argument 'ament_cmake_args' from command line to 'None'
[0.994s] Level 5:colcon.colcon_core.verb:set package 'ce_robot_bootup' build argument 'catkin_cmake_args' from command line to 'None'
[0.994s] Level 5:colcon.colcon_core.verb:set package 'ce_robot_bootup' build argument 'catkin_skip_building_tests' from command line to 'False'
[0.994s] DEBUG:colcon.colcon_core.verb:Building package 'ce_robot_bootup' with the following arguments: {'ament_cmake_args': None, 'build_base': '/home/predator/ros2_ws/build/ce_robot_bootup', 'catkin_cmake_args': None, 'catkin_skip_building_tests': False, 'cmake_args': None, 'cmake_clean_cache': False, 'cmake_clean_first': False, 'cmake_force_configure': False, 'cmake_target': None, 'cmake_target_skip_unavailable': False, 'install_base': '/home/predator/ros2_ws/install/ce_robot_bootup', 'merge_install': False, 'path': '/home/predator/ros2_ws/src/ce_robot_bootup', 'symlink_install': True, 'test_result_base': None}
[1.005s] INFO:colcon.colcon_core.executor:Executing jobs using 'parallel' executor
[1.017s] DEBUG:colcon.colcon_parallel_executor.executor.parallel:run_until_complete
[1.018s] INFO:colcon.colcon_ros.task.ament_cmake.build:Building ROS package in '/home/predator/ros2_ws/src/ce_robot_bootup' with build type 'ament_cmake'
[1.018s] INFO:colcon.colcon_cmake.task.cmake.build:Building CMake package in '/home/predator/ros2_ws/src/ce_robot_bootup'
[1.031s] INFO:colcon.colcon_core.plugin_system:Skipping extension 'colcon_core.shell.bat': Not used on non-Windows systems
[1.031s] INFO:colcon.colcon_core.shell:Skip shell extension 'powershell' for command environment: Not usable outside of PowerShell
[1.031s] DEBUG:colcon.colcon_core.shell:Skip shell extension 'dsv' for command environment
[1.079s] DEBUG:colcon.colcon_core.event_handler.log_command:Invoking command in '/home/predator/ros2_ws/build/ce_robot_bootup': AMENT_PREFIX_PATH=/home/predator/ros2_ws/install/my_robot:/home/predator/ros2_ws/install/ce_robot_bootup:/home/predator/ros2_ws/install/robot_1:/home/predator/ros2_ws/install/myrobot_interfaces:/opt/ros/iron CMAKE_PREFIX_PATH=${CMAKE_PREFIX_PATH}:/home/predator/ros2_ws/install/robot_1:/home/predator/ros2_ws/install/my_robot:/opt/ros/iron PYTHONPATH=/home/predator/ros2_ws/install/my_robot/lib/python3.10/site-packages:/home/predator/ros2_ws/install/robot_1/lib/python3.10/site-packages:/home/predator/ros2_ws/install/myrobot_interfaces/lib/python3.10/site-packages:/opt/ros/iron/lib/python3.10/site-packages /usr/bin/cmake --build /home/predator/ros2_ws/build/ce_robot_bootup -- -j4 -l4
[1.131s] DEBUG:colcon.colcon_core.event_handler.log_command:Invoked command in '/home/predator/ros2_ws/build/ce_robot_bootup' returned '0': AMENT_PREFIX_PATH=/home/predator/ros2_ws/install/my_robot:/home/predator/ros2_ws/install/ce_robot_bootup:/home/predator/ros2_ws/install/robot_1:/home/predator/ros2_ws/install/myrobot_interfaces:/opt/ros/iron CMAKE_PREFIX_PATH=${CMAKE_PREFIX_PATH}:/home/predator/ros2_ws/install/robot_1:/home/predator/ros2_ws/install/my_robot:/opt/ros/iron PYTHONPATH=/home/predator/ros2_ws/install/my_robot/lib/python3.10/site-packages:/home/predator/ros2_ws/install/robot_1/lib/python3.10/site-packages:/home/predator/ros2_ws/install/myrobot_interfaces/lib/python3.10/site-packages:/opt/ros/iron/lib/python3.10/site-packages /usr/bin/cmake --build /home/predator/ros2_ws/build/ce_robot_bootup -- -j4 -l4
[1.187s] DEBUG:colcon.colcon_core.event_handler.log_command:Invoking command in '/home/predator/ros2_ws/build/ce_robot_bootup': AMENT_PREFIX_PATH=/home/predator/ros2_ws/install/my_robot:/home/predator/ros2_ws/install/ce_robot_bootup:/home/predator/ros2_ws/install/robot_1:/home/predator/ros2_ws/install/myrobot_interfaces:/opt/ros/iron CMAKE_PREFIX_PATH=${CMAKE_PREFIX_PATH}:/home/predator/ros2_ws/install/robot_1:/home/predator/ros2_ws/install/my_robot:/opt/ros/iron PYTHONPATH=/home/predator/ros2_ws/install/my_robot/lib/python3.10/site-packages:/home/predator/ros2_ws/install/robot_1/lib/python3.10/site-packages:/home/predator/ros2_ws/install/myrobot_interfaces/lib/python3.10/site-packages:/opt/ros/iron/lib/python3.10/site-packages /usr/bin/cmake --install /home/predator/ros2_ws/build/ce_robot_bootup
[1.211s] Level 1:colcon.colcon_core.environment:create_environment_scripts_only(ce_robot_bootup)
[1.211s] DEBUG:colcon.colcon_core.event_handler.log_command:Invoked command in '/home/predator/ros2_ws/build/ce_robot_bootup' returned '0': AMENT_PREFIX_PATH=/home/predator/ros2_ws/install/my_robot:/home/predator/ros2_ws/install/ce_robot_bootup:/home/predator/ros2_ws/install/robot_1:/home/predator/ros2_ws/install/myrobot_interfaces:/opt/ros/iron CMAKE_PREFIX_PATH=${CMAKE_PREFIX_PATH}:/home/predator/ros2_ws/install/robot_1:/home/predator/ros2_ws/install/my_robot:/opt/ros/iron PYTHONPATH=/home/predator/ros2_ws/install/my_robot/lib/python3.10/site-packages:/home/predator/ros2_ws/install/robot_1/lib/python3.10/site-packages:/home/predator/ros2_ws/install/myrobot_interfaces/lib/python3.10/site-packages:/opt/ros/iron/lib/python3.10/site-packages /usr/bin/cmake --install /home/predator/ros2_ws/build/ce_robot_bootup
[1.226s] Level 1:colcon.colcon_core.environment:checking '/home/predator/ros2_ws/install/ce_robot_bootup' for CMake module files
[1.227s] Level 1:colcon.colcon_core.environment:checking '/home/predator/ros2_ws/install/ce_robot_bootup' for CMake config files
[1.227s] Level 1:colcon.colcon_core.shell:create_environment_hook('ce_robot_bootup', 'cmake_prefix_path')
[1.239s] INFO:colcon.colcon_core.shell:Creating environment hook '/home/predator/ros2_ws/install/ce_robot_bootup/share/ce_robot_bootup/hook/cmake_prefix_path.ps1'
[1.239s] INFO:colcon.colcon_core.shell:Creating environment descriptor '/home/predator/ros2_ws/install/ce_robot_bootup/share/ce_robot_bootup/hook/cmake_prefix_path.dsv'
[1.240s] INFO:colcon.colcon_core.shell:Creating environment hook '/home/predator/ros2_ws/install/ce_robot_bootup/share/ce_robot_bootup/hook/cmake_prefix_path.sh'
[1.241s] Level 1:colcon.colcon_core.environment:checking '/home/predator/ros2_ws/install/ce_robot_bootup/bin'
[1.241s] Level 1:colcon.colcon_core.environment:checking '/home/predator/ros2_ws/install/ce_robot_bootup/lib/pkgconfig/ce_robot_bootup.pc'
[1.241s] Level 1:colcon.colcon_core.environment:checking '/home/predator/ros2_ws/install/ce_robot_bootup/lib/python3.10/site-packages'
[1.241s] Level 1:colcon.colcon_core.environment:checking '/home/predator/ros2_ws/install/ce_robot_bootup/bin'
[1.253s] INFO:colcon.colcon_core.shell:Creating package script '/home/predator/ros2_ws/install/ce_robot_bootup/share/ce_robot_bootup/package.ps1'
[1.254s] INFO:colcon.colcon_core.shell:Creating package descriptor '/home/predator/ros2_ws/install/ce_robot_bootup/share/ce_robot_bootup/package.dsv'
[1.255s] INFO:colcon.colcon_core.shell:Creating package script '/home/predator/ros2_ws/install/ce_robot_bootup/share/ce_robot_bootup/package.sh'
[1.255s] INFO:colcon.colcon_core.shell:Creating package script '/home/predator/ros2_ws/install/ce_robot_bootup/share/ce_robot_bootup/package.bash'
[1.256s] INFO:colcon.colcon_core.shell:Creating package script '/home/predator/ros2_ws/install/ce_robot_bootup/share/ce_robot_bootup/package.zsh'
[1.257s] Level 1:colcon.colcon_core.environment:create_file_with_runtime_dependencies(/home/predator/ros2_ws/install/ce_robot_bootup/share/colcon-core/packages/ce_robot_bootup)
[1.308s] Level 1:colcon.colcon_core.environment:create_environment_scripts_only(ce_robot_bootup)
[1.319s] Level 1:colcon.colcon_core.environment:checking '/home/predator/ros2_ws/install/ce_robot_bootup' for CMake module files
[1.320s] Level 1:colcon.colcon_core.environment:checking '/home/predator/ros2_ws/install/ce_robot_bootup' for CMake config files
[1.320s] Level 1:colcon.colcon_core.shell:create_environment_hook('ce_robot_bootup', 'cmake_prefix_path')
[1.331s] INFO:colcon.colcon_core.shell:Creating environment hook '/home/predator/ros2_ws/install/ce_robot_bootup/share/ce_robot_bootup/hook/cmake_prefix_path.ps1'
[1.332s] INFO:colcon.colcon_core.shell:Creating environment descriptor '/home/predator/ros2_ws/install/ce_robot_bootup/share/ce_robot_bootup/hook/cmake_prefix_path.dsv'
[1.332s] INFO:colcon.colcon_core.shell:Creating environment hook '/home/predator/ros2_ws/install/ce_robot_bootup/share/ce_robot_bootup/hook/cmake_prefix_path.sh'
[1.333s] Level 1:colcon.colcon_core.environment:checking '/home/predator/ros2_ws/install/ce_robot_bootup/bin'
[1.333s] Level 1:colcon.colcon_core.environment:checking '/home/predator/ros2_ws/install/ce_robot_bootup/lib/pkgconfig/ce_robot_bootup.pc'
[1.333s] Level 1:colcon.colcon_core.environment:checking '/home/predator/ros2_ws/install/ce_robot_bootup/lib/python3.10/site-packages'
[1.333s] Level 1:colcon.colcon_core.environment:checking '/home/predator/ros2_ws/install/ce_robot_bootup/bin'
[1.344s] INFO:colcon.colcon_core.shell:Creating package script '/home/predator/ros2_ws/install/ce_robot_bootup/share/ce_robot_bootup/package.ps1'
[1.345s] INFO:colcon.colcon_core.shell:Creating package descriptor '/home/predator/ros2_ws/install/ce_robot_bootup/share/ce_robot_bootup/package.dsv'
[1.345s] INFO:colcon.colcon_core.shell:Creating package script '/home/predator/ros2_ws/install/ce_robot_bootup/share/ce_robot_bootup/package.sh'
[1.346s] INFO:colcon.colcon_core.shell:Creating package script '/home/predator/ros2_ws/install/ce_robot_bootup/share/ce_robot_bootup/package.bash'
[1.346s] INFO:colcon.colcon_core.shell:Creating package script '/home/predator/ros2_ws/install/ce_robot_bootup/share/ce_robot_bootup/package.zsh'
[1.347s] Level 1:colcon.colcon_core.environment:create_file_with_runtime_dependencies(/home/predator/ros2_ws/install/ce_robot_bootup/share/colcon-core/packages/ce_robot_bootup)
[1.347s] DEBUG:colcon.colcon_parallel_executor.executor.parallel:closing loop
[1.348s] DEBUG:colcon.colcon_parallel_executor.executor.parallel:loop closed
[1.348s] DEBUG:colcon.colcon_parallel_executor.executor.parallel:run_until_complete finished with '0'
[1.348s] DEBUG:colcon.colcon_core.event_reactor:joining thread
[1.365s] INFO:colcon.colcon_core.plugin_system:Skipping extension 'colcon_notification.desktop_notification.terminal_notifier': Not used on non-Darwin systems
[1.365s] INFO:colcon.colcon_core.plugin_system:Skipping extension 'colcon_notification.desktop_notification.win32': Not used on non-Windows systems
[1.365s] INFO:colcon.colcon_notification.desktop_notification:Sending desktop notification using 'notify2'
[1.381s] DEBUG:colcon.colcon_core.event_reactor:joined thread
[1.394s] INFO:colcon.colcon_core.shell:Creating prefix script '/home/predator/ros2_ws/install/local_setup.ps1'
[1.395s] INFO:colcon.colcon_core.shell:Creating prefix util module '/home/predator/ros2_ws/install/_local_setup_util_ps1.py'
[1.397s] INFO:colcon.colcon_core.shell:Creating prefix chain script '/home/predator/ros2_ws/install/setup.ps1'
[1.416s] INFO:colcon.colcon_core.shell:Creating prefix script '/home/predator/ros2_ws/install/local_setup.sh'
[1.417s] INFO:colcon.colcon_core.shell:Creating prefix util module '/home/predator/ros2_ws/install/_local_setup_util_sh.py'
[1.418s] INFO:colcon.colcon_core.shell:Creating prefix chain script '/home/predator/ros2_ws/install/setup.sh'
[1.433s] INFO:colcon.colcon_core.shell:Creating prefix script '/home/predator/ros2_ws/install/local_setup.bash'
[1.433s] INFO:colcon.colcon_core.shell:Creating prefix chain script '/home/predator/ros2_ws/install/setup.bash'
[1.446s] INFO:colcon.colcon_core.shell:Creating prefix script '/home/predator/ros2_ws/install/local_setup.zsh'
[1.447s] INFO:colcon.colcon_core.shell:Creating prefix chain script '/home/predator/ros2_ws/install/setup.zsh'
