[0.652s] Invoking command in '/home/predator/ros2_ws/src/my_robot/build/my_robot': PYTHONPATH=/home/predator/ros2_ws/src/my_robot/build/my_robot/prefix_override:/home/predator/ros2_ws/src/my_robot/install/my_robot/lib/python3.10/site-packages:${PYTHONPATH} /usr/bin/python3 setup.py develop --editable --build-directory /home/predator/ros2_ws/src/my_robot/build/my_robot/build --no-deps install_data
[0.880s] running develop
[0.881s] /usr/lib/python3/dist-packages/setuptools/command/easy_install.py:158: EasyInstallDeprecationWarning: easy_install command is deprecated. Use build and pip and other standards-based tools.
[0.881s]   warnings.warn(
[0.882s] /usr/lib/python3/dist-packages/setuptools/command/install.py:34: SetuptoolsDeprecationWarning: setup.py install is deprecated. Use build and pip and other standards-based tools.
[0.882s]   warnings.warn(
[1.031s] running egg_info
[1.031s] creating my_robot.egg-info
[1.031s] writing my_robot.egg-info/PKG-INFO
[1.034s] writing dependency_links to my_robot.egg-info/dependency_links.txt
[1.034s] writing entry points to my_robot.egg-info/entry_points.txt
[1.034s] writing requirements to my_robot.egg-info/requires.txt
[1.034s] writing top-level names to my_robot.egg-info/top_level.txt
[1.034s] writing manifest file 'my_robot.egg-info/SOURCES.txt'
[1.035s] reading manifest file 'my_robot.egg-info/SOURCES.txt'
[1.035s] writing manifest file 'my_robot.egg-info/SOURCES.txt'
[1.037s] running build_ext
[1.037s] Creating /home/predator/ros2_ws/src/my_robot/install/my_robot/lib/python3.10/site-packages/my-robot.egg-link (link to .)
[1.038s] Installing cal_rect script to /home/predator/ros2_ws/src/my_robot/install/my_robot/lib/my_robot
[1.038s] Installing cal_rect_c script to /home/predator/ros2_ws/src/my_robot/install/my_robot/lib/my_robot
[1.038s] Installing first_node script to /home/predator/ros2_ws/src/my_robot/install/my_robot/lib/my_robot
[1.038s] Installing hw_para script to /home/predator/ros2_ws/src/my_robot/install/my_robot/lib/my_robot
[1.039s] 
[1.039s] Installed /home/predator/ros2_ws/src/my_robot/build/my_robot
[1.039s] running install_data
[1.039s] creating /home/predator/ros2_ws/src/my_robot/install/my_robot/share/ament_index
[1.039s] creating /home/predator/ros2_ws/src/my_robot/install/my_robot/share/ament_index/resource_index
[1.040s] creating /home/predator/ros2_ws/src/my_robot/install/my_robot/share/ament_index/resource_index/packages
[1.040s] copying resource/my_robot -> /home/predator/ros2_ws/src/my_robot/install/my_robot/share/ament_index/resource_index/packages
[1.040s] copying package.xml -> /home/predator/ros2_ws/src/my_robot/install/my_robot/share/my_robot
[1.074s] Invoked command in '/home/predator/ros2_ws/src/my_robot/build/my_robot' returned '0': PYTHONPATH=/home/predator/ros2_ws/src/my_robot/build/my_robot/prefix_override:/home/predator/ros2_ws/src/my_robot/install/my_robot/lib/python3.10/site-packages:${PYTHONPATH} /usr/bin/python3 setup.py develop --editable --build-directory /home/predator/ros2_ws/src/my_robot/build/my_robot/build --no-deps install_data
