[1.152s] Invoking command in '/home/supakorn/ros2_ws/src/my_robot': PYTHONPATH=/home/supakorn/ros2_ws/build/my_robot/prefix_override:/home/supakorn/ros2_ws/install/my_robot/lib/python3.10/site-packages:${PYTHONPATH} /usr/bin/python3 setup.py egg_info --egg-base ../../build/my_robot build --build-base /home/supakorn/ros2_ws/build/my_robot/build install --record /home/supakorn/ros2_ws/build/my_robot/install.log --single-version-externally-managed
[1.393s] running egg_info
[1.394s] creating ../../build/my_robot/my_robot.egg-info
[1.394s] writing ../../build/my_robot/my_robot.egg-info/PKG-INFO
[1.394s] writing dependency_links to ../../build/my_robot/my_robot.egg-info/dependency_links.txt
[1.394s] writing entry points to ../../build/my_robot/my_robot.egg-info/entry_points.txt
[1.395s] writing requirements to ../../build/my_robot/my_robot.egg-info/requires.txt
[1.395s] writing top-level names to ../../build/my_robot/my_robot.egg-info/top_level.txt
[1.395s] writing manifest file '../../build/my_robot/my_robot.egg-info/SOURCES.txt'
[1.396s] reading manifest file '../../build/my_robot/my_robot.egg-info/SOURCES.txt'
[1.397s] writing manifest file '../../build/my_robot/my_robot.egg-info/SOURCES.txt'
[1.397s] running build
[1.397s] running build_py
[1.397s] creating /home/supakorn/ros2_ws/build/my_robot/build
[1.398s] creating /home/supakorn/ros2_ws/build/my_robot/build/lib
[1.398s] creating /home/supakorn/ros2_ws/build/my_robot/build/lib/my_robot
[1.398s] copying my_robot/__init__.py -> /home/supakorn/ros2_ws/build/my_robot/build/lib/my_robot
[1.398s] running install
[1.409s] /usr/lib/python3/dist-packages/setuptools/command/install.py:34: SetuptoolsDeprecationWarning: setup.py install is deprecated. Use build and pip and other standards-based tools.
[1.409s]   warnings.warn(
[1.409s] running install_lib
[1.410s] creating /home/supakorn/ros2_ws/install/my_robot/lib/python3.10/site-packages/my_robot
[1.410s] copying /home/supakorn/ros2_ws/build/my_robot/build/lib/my_robot/__init__.py -> /home/supakorn/ros2_ws/install/my_robot/lib/python3.10/site-packages/my_robot
[1.411s] byte-compiling /home/supakorn/ros2_ws/install/my_robot/lib/python3.10/site-packages/my_robot/__init__.py to __init__.cpython-310.pyc
[1.411s] running install_data
[1.411s] creating /home/supakorn/ros2_ws/install/my_robot/share/ament_index
[1.412s] creating /home/supakorn/ros2_ws/install/my_robot/share/ament_index/resource_index
[1.412s] creating /home/supakorn/ros2_ws/install/my_robot/share/ament_index/resource_index/packages
[1.412s] copying resource/my_robot -> /home/supakorn/ros2_ws/install/my_robot/share/ament_index/resource_index/packages
[1.412s] copying package.xml -> /home/supakorn/ros2_ws/install/my_robot/share/my_robot
[1.412s] running install_egg_info
[1.414s] Copying ../../build/my_robot/my_robot.egg-info to /home/supakorn/ros2_ws/install/my_robot/lib/python3.10/site-packages/my_robot-0.0.0-py3.10.egg-info
[1.415s] running install_scripts
[1.436s] Installing first_node script to /home/supakorn/ros2_ws/install/my_robot/lib/my_robot
[1.436s] writing list of installed files to '/home/supakorn/ros2_ws/build/my_robot/install.log'
[1.462s] Invoked command in '/home/supakorn/ros2_ws/src/my_robot' returned '0': PYTHONPATH=/home/supakorn/ros2_ws/build/my_robot/prefix_override:/home/supakorn/ros2_ws/install/my_robot/lib/python3.10/site-packages:${PYTHONPATH} /usr/bin/python3 setup.py egg_info --egg-base ../../build/my_robot build --build-base /home/supakorn/ros2_ws/build/my_robot/build install --record /home/supakorn/ros2_ws/build/my_robot/install.log --single-version-externally-managed
