[0.670s] Invoking command in '/home/predator/ros2_ws/src/build/my_robot': PYTHONPATH=/home/predator/ros2_ws/src/build/my_robot/prefix_override:/home/predator/ros2_ws/src/install/my_robot/lib/python3.10/site-packages:${PYTHONPATH} /usr/bin/python3 setup.py develop --editable --build-directory /home/predator/ros2_ws/src/build/my_robot/build --no-deps install_data
[0.878s] running develop
[0.879s] /usr/lib/python3/dist-packages/setuptools/command/easy_install.py:158: EasyInstallDeprecationWarning: easy_install command is deprecated. Use build and pip and other standards-based tools.
[0.879s]   warnings.warn(
[0.880s] /usr/lib/python3/dist-packages/setuptools/command/install.py:34: SetuptoolsDeprecationWarning: setup.py install is deprecated. Use build and pip and other standards-based tools.
[0.880s]   warnings.warn(
[1.006s] running egg_info
[1.007s] writing my_robot.egg-info/PKG-INFO
[1.008s] writing dependency_links to my_robot.egg-info/dependency_links.txt
[1.008s] writing entry points to my_robot.egg-info/entry_points.txt
[1.009s] writing requirements to my_robot.egg-info/requires.txt
[1.009s] writing top-level names to my_robot.egg-info/top_level.txt
[1.010s] reading manifest file 'my_robot.egg-info/SOURCES.txt'
[1.010s] writing manifest file 'my_robot.egg-info/SOURCES.txt'
[1.012s] running build_ext
[1.012s] Creating /home/predator/ros2_ws/src/install/my_robot/lib/python3.10/site-packages/my-robot.egg-link (link to .)
[1.014s] Installing cal_rect script to /home/predator/ros2_ws/src/install/my_robot/lib/my_robot
[1.014s] Installing cal_rect_c script to /home/predator/ros2_ws/src/install/my_robot/lib/my_robot
[1.014s] Installing first_node script to /home/predator/ros2_ws/src/install/my_robot/lib/my_robot
[1.014s] Installing hw_para script to /home/predator/ros2_ws/src/install/my_robot/lib/my_robot
[1.015s] 
[1.015s] Installed /home/predator/ros2_ws/src/build/my_robot
[1.015s] running install_data
[1.038s] Invoked command in '/home/predator/ros2_ws/src/build/my_robot' returned '0': PYTHONPATH=/home/predator/ros2_ws/src/build/my_robot/prefix_override:/home/predator/ros2_ws/src/install/my_robot/lib/python3.10/site-packages:${PYTHONPATH} /usr/bin/python3 setup.py develop --editable --build-directory /home/predator/ros2_ws/src/build/my_robot/build --no-deps install_data
